ComputerName  : FRANK-ADC-01
EventID       : 5136
Title         : ADObject Modified
TimeGenerated : 6/29/2021 3:03:39 PM
Content       : A directory service object was modified.
                	
                Subject:
                	Security ID:		S-1-5-21-2956518221-444034542-2043350422-87999
                	Account Name:		KSE
                	Account Domain:		ROAYA
                	Logon ID:		0x75D5EE28
                
                Directory Service:
                	Name:	Roaya.loc
                	Type:	Active Directory Domain Services
                	
                Object:
                	DN:	CN=ILicensingDataSubset,CN=WorldPostad07c8cfe-be45-46bd-9b5f-9588d4d71e08,CN=KSEProfiles,CN=KSE8.0
                ,CN=KasperskyLab,CN=Services,CN=Configuration,DC=Roaya,DC=loc
                	GUID:	{727DB931-D436-4A86-B6FC-19AA817B2CD5}
                	Class:	msDS-App-Configuration
                	
                Attribute:
                	LDAP Display Name:	msDS-ByteArray
                	Syntax (OID):	2.5.5.10
                	Value:	<Binary>
                	
                Operation:
                	Type:	Value Deleted
                	Correlation ID:	{BD6F92D1-03BD-4713-9208-2868305A03B8}
                	Application Correlation ID:	-

ComputerName  : FRANK-ADC-04
EventID       : 5136
Title         : ADObject Modified
TimeGenerated : 6/29/2021 3:03:35 PM
Content       : A directory service object was modified.
                	
                Subject:
                	Security ID:		S-1-5-21-2956518221-444034542-2043350422-88723
                	Account Name:		EU1MB9902$
                	Account Domain:		ROAYA
                	Logon ID:		0x179BBEFA0
                
                Directory Service:
                	Name:	Roaya.loc
                	Type:	Active Directory Domain Services
                	
                Object:
                	DN:	CN=Diana.Moha_dorra.com,OU=dorra.com,OU=Mail,DC=Roaya,DC=loc
                	GUID:	{1AA925CC-2337-464A-8AD1-64A32968A8EC}
                	Class:	user
                	
                Attribute:
                	LDAP Display Name:	msExchMailboxAuditLastDelegateAccess
                	Syntax (OID):	2.5.5.11
                	Value:	20210629130326.0Z
                	
                Operation:
                	Type:	Value Added
                	Correlation ID:	{4CD819FD-5215-4180-96E9-489FE630EC1F}
                	Application Correlation ID:	-

ComputerName  : FRANK-ADC-04
EventID       : 5136
Title         : ADObject Modified
TimeGenerated : 6/29/2021 3:03:35 PM
Content       : A directory service object was modified.
                	
                Subject:
                	Security ID:		S-1-5-21-2956518221-444034542-2043350422-88723
                	Account Name:		EU1MB9902$
                	Account Domain:		ROAYA
                	Logon ID:		0x179BBEFA0
                
                Directory Service:
                	Name:	Roaya.loc
                	Type:	Active Directory Domain Services
                	
                Object:
                	DN:	CN=Diana.Moha_dorra.com,OU=dorra.com,OU=Mail,DC=Roaya,DC=loc
                	GUID:	{1AA925CC-2337-464A-8AD1-64A32968A8EC}
                	Class:	user
                	
                Attribute:
                	LDAP Display Name:	msExchMailboxAuditLastDelegateAccess
                	Syntax (OID):	2.5.5.11
                	Value:	20210506093421.0Z
                	
                Operation:
                	Type:	Value Deleted
                	Correlation ID:	{4CD819FD-5215-4180-96E9-489FE630EC1F}
                	Application Correlation ID:	-

ComputerName  : FRANK-ADC-03
EventID       : 5136
Title         : ADObject Modified
TimeGenerated : 6/29/2021 3:03:28 PM
Content       : A directory service object was modified.
                	
                Subject:
                	Security ID:		S-1-5-21-2956518221-444034542-2043350422-88723
                	Account Name:		EU1MB9902$
                	Account Domain:		ROAYA
                	Logon ID:		0xAB3F35C1
                
                Directory Service:
                	Name:	Roaya.loc
                	Type:	Active Directory Domain Services
                	
                Object:
                	DN:	CN=emad_egyptbestproper,OU=egyptbestproperties.com,OU=Mail,DC=Roaya,DC=loc
                	GUID:	{B0A04DA9-F770-41A2-AFAB-5A77DE1B7EB9}
                	Class:	user
                	
                Attribute:
                	LDAP Display Name:	msExchUserCulture
                	Syntax (OID):	2.5.5.12
                	Value:	en-CA
                	
                Operation:
                	Type:	Value Added
                	Correlation ID:	{969CBA8E-68B1-4258-9084-34EC6FB333A8}
                	Application Correlation ID:	-

ComputerName  : FRANK-ADC-02
EventID       : 5136
Title         : ADObject Modified
TimeGenerated : 6/29/2021 3:03:21 PM
Content       : A directory service object was modified.
                	
                Subject:
                	Security ID:		S-1-5-21-2956518221-444034542-2043350422-88705
                	Account Name:		EU1MB9901$
                	Account Domain:		ROAYA
                	Logon ID:		0x8638F071
                
                Directory Service:
                	Name:	Roaya.loc
                	Type:	Active Directory Domain Services
                	
                Object:
                	DN:	CN=HR1_happysweet.org,OU=happysweet.org,OU=Mail,DC=Roaya,DC=loc
                	GUID:	{57376653-7B07-4C4F-9D97-548ADA1D42A6}
                	Class:	user
                	
                Attribute:
                	LDAP Display Name:	msExchUserCulture
                	Syntax (OID):	2.5.5.12
                	Value:	en-US
                	
                Operation:
                	Type:	Value Added
                	Correlation ID:	{3A7336B4-8A49-43EE-98AE-A46C03EE353D}
                	Application Correlation ID:	-

ComputerName  : FRANK-PDC
EventID       : 4740
Title         : User locked out
TimeGenerated : 6/29/2021 3:02:27 PM
Content       : A user account was locked out.
                
                Subject:
                	Security ID:		S-1-5-18
                	Account Name:		FRANK-PDC$
                	Account Domain:		ROAYA
                	Logon ID:		0x3E7
                
                Account That Was Locked Out:
                	Security ID:		S-1-5-21-2956518221-444034542-2043350422-25433
                	Account Name:		customer.service
                
                Additional Information:
                	Caller Computer Name:	ECC-BO2

ComputerName  : FRANK-ADC-04
EventID       : 5136
Title         : ADObject Modified
TimeGenerated : 6/29/2021 3:02:25 PM
Content       : A directory service object was modified.
                	
                Subject:
                	Security ID:		S-1-5-21-2956518221-444034542-2043350422-88705
                	Account Name:		EU1MB9901$
                	Account Domain:		ROAYA
                	Logon ID:		0x17E252D5D
                
                Directory Service:
                	Name:	Roaya.loc
                	Type:	Active Directory Domain Services
                	
                Object:
                	DN:	CN=Mohamed.Ra_ferrometa,OU=ferrometalco.com,OU=Mail,DC=Roaya,DC=loc
                	GUID:	{9BD66871-B97F-4134-88C2-522A47271F8E}
                	Class:	user
                	
                Attribute:
                	LDAP Display Name:	msExchMailboxAuditLastDelegateAccess
                	Syntax (OID):	2.5.5.11
                	Value:	20210629130219.0Z
                	
                Operation:
                	Type:	Value Added
                	Correlation ID:	{D222B7B3-6C79-4CF7-87AF-98CBB977D00C}
                	Application Correlation ID:	-

ComputerName  : FRANK-ADC-04
EventID       : 5136
Title         : ADObject Modified
TimeGenerated : 6/29/2021 3:02:25 PM
Content       : A directory service object was modified.
                	
                Subject:
                	Security ID:		S-1-5-21-2956518221-444034542-2043350422-88705
                	Account Name:		EU1MB9901$
                	Account Domain:		ROAYA
                	Logon ID:		0x17E252D5D
                
                Directory Service:
                	Name:	Roaya.loc
                	Type:	Active Directory Domain Services
                	
                Object:
                	DN:	CN=Mohamed.Ra_ferrometa,OU=ferrometalco.com,OU=Mail,DC=Roaya,DC=loc
                	GUID:	{9BD66871-B97F-4134-88C2-522A47271F8E}
                	Class:	user
                	
                Attribute:
                	LDAP Display Name:	msExchMailboxAuditLastDelegateAccess
                	Syntax (OID):	2.5.5.11
                	Value:	20210603105411.0Z
                	
                Operation:
                	Type:	Value Deleted
                	Correlation ID:	{D222B7B3-6C79-4CF7-87AF-98CBB977D00C}
                	Application Correlation ID:	-

ComputerName  : FRANK-PDC
EventID       : 4740
Title         : User locked out
TimeGenerated : 6/29/2021 3:02:19 PM
Content       : A user account was locked out.
                
                Subject:
                	Security ID:		S-1-5-18
                	Account Name:		FRANK-PDC$
                	Account Domain:		ROAYA
                	Logon ID:		0x3E7
                
                Account That Was Locked Out:
                	Security ID:		S-1-5-21-2956518221-444034542-2043350422-39585
                	Account Name:		hydepark_redconcon.c
                
                Additional Information:
                	Caller Computer Name:	AHMED-IBRAHEM

ComputerName  : FRANK-ADC-04
EventID       : 4740
Title         : User locked out
TimeGenerated : 6/29/2021 3:02:19 PM
Content       : A user account was locked out.
                
                Subject:
                	Security ID:		S-1-5-18
                	Account Name:		FRANK-ADC-04$
                	Account Domain:		ROAYA
                	Logon ID:		0x3E7
                
                Account That Was Locked Out:
                	Security ID:		S-1-5-21-2956518221-444034542-2043350422-39585
                	Account Name:		hydepark_redconcon.c
                
                Additional Information:
                	Caller Computer Name:	AHMED-IBRAHEM

ComputerName  : FRANK-PDC
EventID       : 4740
Title         : User locked out
TimeGenerated : 6/29/2021 3:01:55 PM
Content       : A user account was locked out.
                
                Subject:
                	Security ID:		S-1-5-18
                	Account Name:		FRANK-PDC$
                	Account Domain:		ROAYA
                	Logon ID:		0x3E7
                
                Account That Was Locked Out:
                	Security ID:		S-1-5-21-2956518221-444034542-2043350422-39031
                	Account Name:		aya.fouad_eg.fcm.tra
                
                Additional Information:
                	Caller Computer Name:	DESKTOP-JCFUFIE

ComputerName  : FRANK-ADC-04
EventID       : 4740
Title         : User locked out
TimeGenerated : 6/29/2021 3:01:55 PM
Content       : A user account was locked out.
                
                Subject:
                	Security ID:		S-1-5-18
                	Account Name:		FRANK-ADC-04$
                	Account Domain:		ROAYA
                	Logon ID:		0x3E7
                
                Account That Was Locked Out:
                	Security ID:		S-1-5-21-2956518221-444034542-2043350422-39031
                	Account Name:		aya.fouad_eg.fcm.tra
                
                Additional Information:
                	Caller Computer Name:	DESKTOP-JCFUFIE

ComputerName  : POWEREYE
EventID       : 4735
Title         : Local security group changed
TimeGenerated : 6/29/2021 3:01:26 PM
Content       : A security-enabled local group was changed.
                
                Subject:
                	Security ID:		S-1-5-18
                	Account Name:		POWEREYE$
                	Account Domain:		ROAYA
                	Logon ID:		0x3E7
                
                Group:
                	Security ID:		S-1-5-32-556
                	Group Name:		Network Configuration Operators
                	Group Domain:		Builtin
                
                Changed Attributes:
                	SAM Account Name:	-
                	SID History:		-
                
                Additional Information:
                	Privileges:		-

ComputerName  : POWEREYE
EventID       : 4735
Title         : Local security group changed
TimeGenerated : 6/29/2021 3:01:26 PM
Content       : A security-enabled local group was changed.
                
                Subject:
                	Security ID:		S-1-5-18
                	Account Name:		POWEREYE$
                	Account Domain:		ROAYA
                	Logon ID:		0x3E7
                
                Group:
                	Security ID:		S-1-5-32-544
                	Group Name:		Administrators
                	Group Domain:		Builtin
                
                Changed Attributes:
                	SAM Account Name:	-
                	SID History:		-
                
                Additional Information:
                	Privileges:		-

ComputerName  : POWEREYE
EventID       : 4735
Title         : Local security group changed
TimeGenerated : 6/29/2021 3:01:26 PM
Content       : A security-enabled local group was changed.
                
                Subject:
                	Security ID:		S-1-5-18
                	Account Name:		POWEREYE$
                	Account Domain:		ROAYA
                	Logon ID:		0x3E7
                
                Group:
                	Security ID:		S-1-5-32-547
                	Group Name:		Power Users
                	Group Domain:		Builtin
                
                Changed Attributes:
                	SAM Account Name:	-
                	SID History:		-
                
                Additional Information:
                	Privileges:		-

ComputerName  : POWEREYE
EventID       : 4735
Title         : Local security group changed
TimeGenerated : 6/29/2021 3:01:26 PM
Content       : A security-enabled local group was changed.
                
                Subject:
                	Security ID:		S-1-5-18
                	Account Name:		POWEREYE$
                	Account Domain:		ROAYA
                	Logon ID:		0x3E7
                
                Group:
                	Security ID:		S-1-5-32-555
                	Group Name:		Remote Desktop Users
                	Group Domain:		Builtin
                
                Changed Attributes:
                	SAM Account Name:	-
                	SID History:		-
                
                Additional Information:
                	Privileges:		-

ComputerName  : POWEREYE
EventID       : 4735
Title         : Local security group changed
TimeGenerated : 6/29/2021 3:01:26 PM
Content       : A security-enabled local group was changed.
                
                Subject:
                	Security ID:		S-1-5-18
                	Account Name:		POWEREYE$
                	Account Domain:		ROAYA
                	Logon ID:		0x3E7
                
                Group:
                	Security ID:		S-1-5-32-544
                	Group Name:		Administrators
                	Group Domain:		Builtin
                
                Changed Attributes:
                	SAM Account Name:	-
                	SID History:		-
                
                Additional Information:
                	Privileges:		-

ComputerName  : PST-SERVER1
EventID       : 4735
Title         : Local security group changed
TimeGenerated : 6/29/2021 3:01:25 PM
Content       : A security-enabled local group was changed.
                
                Subject:
                	Security ID:		S-1-5-18
                	Account Name:		PST-SERVER1$
                	Account Domain:		ROAYA
                	Logon ID:		0x3E7
                
                Group:
                	Security ID:		S-1-5-32-555
                	Group Name:		Remote Desktop Users
                	Group Domain:		Builtin
                
                Changed Attributes:
                	SAM Account Name:	-
                	SID History:		-
                
                Additional Information:
                	Privileges:		-

ComputerName  : PST-SERVER1
EventID       : 4735
Title         : Local security group changed
TimeGenerated : 6/29/2021 3:01:25 PM
Content       : A security-enabled local group was changed.
                
                Subject:
                	Security ID:		S-1-5-18
                	Account Name:		PST-SERVER1$
                	Account Domain:		ROAYA
                	Logon ID:		0x3E7
                
                Group:
                	Security ID:		S-1-5-32-544
                	Group Name:		Administrators
                	Group Domain:		Builtin
                
                Changed Attributes:
                	SAM Account Name:	-
                	SID History:		-
                
                Additional Information:
                	Privileges:		-

ComputerName  : PST-SERVER1
EventID       : 4735
Title         : Local security group changed
TimeGenerated : 6/29/2021 3:01:25 PM
Content       : A security-enabled local group was changed.
                
                Subject:
                	Security ID:		S-1-5-18
                	Account Name:		PST-SERVER1$
                	Account Domain:		ROAYA
                	Logon ID:		0x3E7
                
                Group:
                	Security ID:		S-1-5-32-556
                	Group Name:		Network Configuration Operators
                	Group Domain:		Builtin
                
                Changed Attributes:
                	SAM Account Name:	-
                	SID History:		-
                
                Additional Information:
                	Privileges:		-

ComputerName  : PST-SERVER1
EventID       : 4735
Title         : Local security group changed
TimeGenerated : 6/29/2021 3:01:25 PM
Content       : A security-enabled local group was changed.
                
                Subject:
                	Security ID:		S-1-5-18
                	Account Name:		PST-SERVER1$
                	Account Domain:		ROAYA
                	Logon ID:		0x3E7
                
                Group:
                	Security ID:		S-1-5-32-544
                	Group Name:		Administrators
                	Group Domain:		Builtin
                
                Changed Attributes:
                	SAM Account Name:	-
                	SID History:		-
                
                Additional Information:
                	Privileges:		-

ComputerName  : PST-SERVER1
EventID       : 4735
Title         : Local security group changed
TimeGenerated : 6/29/2021 3:01:25 PM
Content       : A security-enabled local group was changed.
                
                Subject:
                	Security ID:		S-1-5-18
                	Account Name:		PST-SERVER1$
                	Account Domain:		ROAYA
                	Logon ID:		0x3E7
                
                Group:
                	Security ID:		S-1-5-32-547
                	Group Name:		Power Users
                	Group Domain:		Builtin
                
                Changed Attributes:
                	SAM Account Name:	-
                	SID History:		-
                
                Additional Information:
                	Privileges:		-

ComputerName  : PST-SERVER1
EventID       : 4735
Title         : Local security group changed
TimeGenerated : 6/29/2021 3:01:25 PM
Content       : A security-enabled local group was changed.
                
                Subject:
                	Security ID:		S-1-5-18
                	Account Name:		PST-SERVER1$
                	Account Domain:		ROAYA
                	Logon ID:		0x3E7
                
                Group:
                	Security ID:		S-1-5-32-555
                	Group Name:		Remote Desktop Users
                	Group Domain:		Builtin
                
                Changed Attributes:
                	SAM Account Name:	-
                	SID History:		-
                
                Additional Information:
                	Privileges:		-

ComputerName  : PST-SERVER1
EventID       : 4735
Title         : Local security group changed
TimeGenerated : 6/29/2021 3:01:25 PM
Content       : A security-enabled local group was changed.
                
                Subject:
                	Security ID:		S-1-5-18
                	Account Name:		PST-SERVER1$
                	Account Domain:		ROAYA
                	Logon ID:		0x3E7
                
                Group:
                	Security ID:		S-1-5-32-544
                	Group Name:		Administrators
                	Group Domain:		Builtin
                
                Changed Attributes:
                	SAM Account Name:	-
                	SID History:		-
                
                Additional Information:
                	Privileges:		-

ComputerName  : FRANK-ADC-03
EventID       : 4740
Title         : User locked out
TimeGenerated : 6/29/2021 3:01:06 PM
Content       : A user account was locked out.
                
                Subject:
                	Security ID:		S-1-5-18
                	Account Name:		FRANK-ADC-03$
                	Account Domain:		ROAYA
                	Logon ID:		0x3E7
                
                Account That Was Locked Out:
                	Security ID:		S-1-5-21-2956518221-444034542-2043350422-52691
                	Account Name:		acc_propertystreet.o
                
                Additional Information:
                	Caller Computer Name:	MICHAEL-PC

ComputerName  : FRANK-PDC
EventID       : 4740
Title         : User locked out
TimeGenerated : 6/29/2021 3:00:53 PM
Content       : A user account was locked out.
                
                Subject:
                	Security ID:		S-1-5-18
                	Account Name:		FRANK-PDC$
                	Account Domain:		ROAYA
                	Logon ID:		0x3E7
                
                Account That Was Locked Out:
                	Security ID:		S-1-5-21-2956518221-444034542-2043350422-29772
                	Account Name:		rec.mina_aswaqfathal
                
                Additional Information:
                	Caller Computer Name:	BY5PR20MB3092

ComputerName  : FRANK-ADC-02
EventID       : 5136
Title         : ADObject Modified
TimeGenerated : 6/29/2021 3:00:51 PM
Content       : A directory service object was modified.
                	
                Subject:
                	Security ID:		S-1-5-21-2956518221-444034542-2043350422-88705
                	Account Name:		EU1MB9901$
                	Account Domain:		ROAYA
                	Logon ID:		0x8826E2FF
                
                Directory Service:
                	Name:	Roaya.loc
                	Type:	Active Directory Domain Services
                	
                Object:
                	DN:	CN=info_livingin,OU=livingin,OU=Mail,DC=Roaya,DC=loc
                	GUID:	{71EBB2D8-61E7-46CE-9E11-F05FDBD96798}
                	Class:	user
                	
                Attribute:
                	LDAP Display Name:	msExchMailboxAuditLastDelegateAccess
                	Syntax (OID):	2.5.5.11
                	Value:	20210629130046.0Z
                	
                Operation:
                	Type:	Value Added
                	Correlation ID:	{A9FFBE2D-B6CF-4B75-A9EA-09EBE1CBEC72}
                	Application Correlation ID:	-

ComputerName  : FRANK-ADC-02
EventID       : 5136
Title         : ADObject Modified
TimeGenerated : 6/29/2021 3:00:51 PM
Content       : A directory service object was modified.
                	
                Subject:
                	Security ID:		S-1-5-21-2956518221-444034542-2043350422-88705
                	Account Name:		EU1MB9901$
                	Account Domain:		ROAYA
                	Logon ID:		0x8826E2FF
                
                Directory Service:
                	Name:	Roaya.loc
                	Type:	Active Directory Domain Services
                	
                Object:
                	DN:	CN=info_livingin,OU=livingin,OU=Mail,DC=Roaya,DC=loc
                	GUID:	{71EBB2D8-61E7-46CE-9E11-F05FDBD96798}
                	Class:	user
                	
                Attribute:
                	LDAP Display Name:	msExchMailboxAuditLastDelegateAccess
                	Syntax (OID):	2.5.5.11
                	Value:	20210629130028.0Z
                	
                Operation:
                	Type:	Value Deleted
                	Correlation ID:	{A9FFBE2D-B6CF-4B75-A9EA-09EBE1CBEC72}
                	Application Correlation ID:	-

ComputerName  : FRANK-FEM-F03
EventID       : 4735
Title         : Local security group changed
TimeGenerated : 6/29/2021 3:00:02 PM
Content       : A security-enabled local group was changed.
                
                Subject:
                	Security ID:		S-1-5-18
                	Account Name:		FRANK-FEM-F03$
                	Account Domain:		ROAYA
                	Logon ID:		0x3E7
                
                Group:
                	Security ID:		S-1-5-32-555
                	Group Name:		Remote Desktop Users
                	Group Domain:		Builtin
                
                Changed Attributes:
                	SAM Account Name:	-
                	SID History:		-
                
                Additional Information:
                	Privileges:		-

ComputerName  : FRANK-FEM-F03
EventID       : 4735
Title         : Local security group changed
TimeGenerated : 6/29/2021 3:00:02 PM
Content       : A security-enabled local group was changed.
                
                Subject:
                	Security ID:		S-1-5-18
                	Account Name:		FRANK-FEM-F03$
                	Account Domain:		ROAYA
                	Logon ID:		0x3E7
                
                Group:
                	Security ID:		S-1-5-32-544
                	Group Name:		Administrators
                	Group Domain:		Builtin
                
                Changed Attributes:
                	SAM Account Name:	-
                	SID History:		-
                
                Additional Information:
                	Privileges:		-

ComputerName  : FRANK-FEM-F03
EventID       : 4735
Title         : Local security group changed
TimeGenerated : 6/29/2021 3:00:02 PM
Content       : A security-enabled local group was changed.
                
                Subject:
                	Security ID:		S-1-5-18
                	Account Name:		FRANK-FEM-F03$
                	Account Domain:		ROAYA
                	Logon ID:		0x3E7
                
                Group:
                	Security ID:		S-1-5-32-544
                	Group Name:		Administrators
                	Group Domain:		Builtin
                
                Changed Attributes:
                	SAM Account Name:	-
                	SID History:		-
                
                Additional Information:
                	Privileges:		-

ComputerName  : FRANK-FEM-F03
EventID       : 4735
Title         : Local security group changed
TimeGenerated : 6/29/2021 3:00:02 PM
Content       : A security-enabled local group was changed.
                
                Subject:
                	Security ID:		S-1-5-18
                	Account Name:		FRANK-FEM-F03$
                	Account Domain:		ROAYA
                	Logon ID:		0x3E7
                
                Group:
                	Security ID:		S-1-5-32-547
                	Group Name:		Power Users
                	Group Domain:		Builtin
                
                Changed Attributes:
                	SAM Account Name:	-
                	SID History:		-
                
                Additional Information:
                	Privileges:		-

ComputerName  : FRANK-FEM-F03
EventID       : 4735
Title         : Local security group changed
TimeGenerated : 6/29/2021 3:00:02 PM
Content       : A security-enabled local group was changed.
                
                Subject:
                	Security ID:		S-1-5-18
                	Account Name:		FRANK-FEM-F03$
                	Account Domain:		ROAYA
                	Logon ID:		0x3E7
                
                Group:
                	Security ID:		S-1-5-32-555
                	Group Name:		Remote Desktop Users
                	Group Domain:		Builtin
                
                Changed Attributes:
                	SAM Account Name:	-
                	SID History:		-
                
                Additional Information:
                	Privileges:		-

ComputerName  : FRANK-FEM-F03
EventID       : 4735
Title         : Local security group changed
TimeGenerated : 6/29/2021 3:00:02 PM
Content       : A security-enabled local group was changed.
                
                Subject:
                	Security ID:		S-1-5-18
                	Account Name:		FRANK-FEM-F03$
                	Account Domain:		ROAYA
                	Logon ID:		0x3E7
                
                Group:
                	Security ID:		S-1-5-32-544
                	Group Name:		Administrators
                	Group Domain:		Builtin
                
                Changed Attributes:
                	SAM Account Name:	-
                	SID History:		-
                
                Additional Information:
                	Privileges:		-



