ComputerName  : FRANK-PDC
EventID       : 5136
Title         : ADObject Modified
TimeGenerated : 8/5/2021 1:54:03 PM
Content       : A directory service object was modified.
                	
                Subject:
                	Security ID:		S-1-5-21-2956518221-444034542-2043350422-87305
                	Account Name:		EU1MB9903$
                	Account Domain:		ROAYA
                	Logon ID:		0x2CF7F215F
                
                Directory Service:
                	Name:	Roaya.loc
                	Type:	Active Directory Domain Services
                	
                Object:
                	DN:	CN=sara.hotmail Offline Address Book,CN=Offline Address Lists,CN=Address Lists 
                Container,CN=roaya,CN=Microsoft Exchange,CN=Services,CN=Configuration,DC=Roaya,DC=loc
                	GUID:	{078F9C31-4970-495B-A18F-DCC02AA5F287}
                	Class:	msExchOAB
                	
                Attribute:
                	LDAP Display Name:	msExchConfigurationXML
                	Syntax (OID):	2.5.5.12
                	Value:	<OfflineAddressBookConfigXML><ManifestVersion><AddressLists 
                AddressListId="4746073e-6686-4fd7-9be5-12c4d6f8a1f1" Sequence="430" 
                /></ManifestVersion><LastFailedTime p2:nil="true" xmlns:p2="http://www.w3.org/2001/XMLSchema-instance" 
                /><LastGeneratingData><MailboxGuid>feea8dd2-5615-42ce-a176-1f29ddbca752</MailboxGuid><DatabaseGuid>77c5
                ed34-31bb-4d80-988c-932fec22ef7e</DatabaseGuid><ServerFqdn>EU1MB9903.Roaya.loc</ServerFqdn></LastGenera
                tingData><HttpHomeMdbLastProcessedBucket>0</HttpHomeMdbLastProcessedBucket><FullOabDownloadPreventionTh
                reshold>0</FullOabDownloadPreventionThreshold><ZipOabFilesBeforeUploading>false</ZipOabFilesBeforeUploa
                ding></OfflineAddressBookConfigXML>
                	
                Operation:
                	Type:	Value Added
                	Correlation ID:	{7B488D68-4212-4F8C-973D-41AD1BEA7A7C}
                	Application Correlation ID:	-

ComputerName  : FRANK-PDC
EventID       : 5136
Title         : ADObject Modified
TimeGenerated : 8/5/2021 1:54:03 PM
Content       : A directory service object was modified.
                	
                Subject:
                	Security ID:		S-1-5-21-2956518221-444034542-2043350422-87305
                	Account Name:		EU1MB9903$
                	Account Domain:		ROAYA
                	Logon ID:		0x2CF7F215F
                
                Directory Service:
                	Name:	Roaya.loc
                	Type:	Active Directory Domain Services
                	
                Object:
                	DN:	CN=sara.hotmail Offline Address Book,CN=Offline Address Lists,CN=Address Lists 
                Container,CN=roaya,CN=Microsoft Exchange,CN=Services,CN=Configuration,DC=Roaya,DC=loc
                	GUID:	{078F9C31-4970-495B-A18F-DCC02AA5F287}
                	Class:	msExchOAB
                	
                Attribute:
                	LDAP Display Name:	msExchConfigurationXML
                	Syntax (OID):	2.5.5.12
                	Value:	<OfflineAddressBookConfigXML><ManifestVersion><AddressLists 
                AddressListId="4746073e-6686-4fd7-9be5-12c4d6f8a1f1" Sequence="429" 
                /></ManifestVersion><LastFailedTime p2:nil="true" xmlns:p2="http://www.w3.org/2001/XMLSchema-instance" 
                /><LastGeneratingData><MailboxGuid>feea8dd2-5615-42ce-a176-1f29ddbca752</MailboxGuid><DatabaseGuid>77c5
                ed34-31bb-4d80-988c-932fec22ef7e</DatabaseGuid><ServerFqdn>EU1MB9903.Roaya.loc</ServerFqdn></LastGenera
                tingData><HttpHomeMdbLastProcessedBucket>0</HttpHomeMdbLastProcessedBucket><FullOabDownloadPreventionTh
                reshold>0</FullOabDownloadPreventionThreshold><ZipOabFilesBeforeUploading>false</ZipOabFilesBeforeUploa
                ding></OfflineAddressBookConfigXML>
                	
                Operation:
                	Type:	Value Deleted
                	Correlation ID:	{7B488D68-4212-4F8C-973D-41AD1BEA7A7C}
                	Application Correlation ID:	-

ComputerName  : FRANK-PDC
EventID       : 5136
Title         : ADObject Modified
TimeGenerated : 8/5/2021 1:54:03 PM
Content       : A directory service object was modified.
                	
                Subject:
                	Security ID:		S-1-5-21-2956518221-444034542-2043350422-87305
                	Account Name:		EU1MB9903$
                	Account Domain:		ROAYA
                	Logon ID:		0x2CF7F215F
                
                Directory Service:
                	Name:	Roaya.loc
                	Type:	Active Directory Domain Services
                	
                Object:
                	DN:	CN=sara.hotmail Offline Address Book,CN=Offline Address Lists,CN=Address Lists 
                Container,CN=roaya,CN=Microsoft Exchange,CN=Services,CN=Configuration,DC=Roaya,DC=loc
                	GUID:	{078F9C31-4970-495B-A18F-DCC02AA5F287}
                	Class:	msExchOAB
                	
                Attribute:
                	LDAP Display Name:	msExchOABLastTouchedTime
                	Syntax (OID):	2.5.5.11
                	Value:	20210805115406.0Z
                	
                Operation:
                	Type:	Value Added
                	Correlation ID:	{7B488D68-4212-4F8C-973D-41AD1BEA7A7C}
                	Application Correlation ID:	-

ComputerName  : FRANK-PDC
EventID       : 5136
Title         : ADObject Modified
TimeGenerated : 8/5/2021 1:54:03 PM
Content       : A directory service object was modified.
                	
                Subject:
                	Security ID:		S-1-5-21-2956518221-444034542-2043350422-87305
                	Account Name:		EU1MB9903$
                	Account Domain:		ROAYA
                	Logon ID:		0x2CF7F215F
                
                Directory Service:
                	Name:	Roaya.loc
                	Type:	Active Directory Domain Services
                	
                Object:
                	DN:	CN=sara.hotmail Offline Address Book,CN=Offline Address Lists,CN=Address Lists 
                Container,CN=roaya,CN=Microsoft Exchange,CN=Services,CN=Configuration,DC=Roaya,DC=loc
                	GUID:	{078F9C31-4970-495B-A18F-DCC02AA5F287}
                	Class:	msExchOAB
                	
                Attribute:
                	LDAP Display Name:	msExchOABLastTouchedTime
                	Syntax (OID):	2.5.5.11
                	Value:	20210805053053.0Z
                	
                Operation:
                	Type:	Value Deleted
                	Correlation ID:	{7B488D68-4212-4F8C-973D-41AD1BEA7A7C}
                	Application Correlation ID:	-

ComputerName  : FRANK-PDC
EventID       : 5136
Title         : ADObject Modified
TimeGenerated : 8/5/2021 1:53:53 PM
Content       : A directory service object was modified.
                	
                Subject:
                	Security ID:		S-1-5-21-2956518221-444034542-2043350422-87305
                	Account Name:		EU1MB9903$
                	Account Domain:		ROAYA
                	Logon ID:		0x2CF7F215F
                
                Directory Service:
                	Name:	Roaya.loc
                	Type:	Active Directory Domain Services
                	
                Object:
                	DN:	CN=astestdomain.co Offline Address Book,CN=Offline Address Lists,CN=Address Lists 
                Container,CN=roaya,CN=Microsoft Exchange,CN=Services,CN=Configuration,DC=Roaya,DC=loc
                	GUID:	{907FAC81-474F-4676-A41A-AB070BCD35A6}
                	Class:	msExchOAB
                	
                Attribute:
                	LDAP Display Name:	msExchConfigurationXML
                	Syntax (OID):	2.5.5.12
                	Value:	<OfflineAddressBookConfigXML><ManifestVersion><AddressLists 
                AddressListId="c72c58f6-13c2-4c7e-896e-5c9111976e40" Sequence="395" 
                /></ManifestVersion><LastFailedTime p2:nil="true" xmlns:p2="http://www.w3.org/2001/XMLSchema-instance" 
                /><LastGeneratingData><MailboxGuid>feea8dd2-5615-42ce-a176-1f29ddbca752</MailboxGuid><DatabaseGuid>77c5
                ed34-31bb-4d80-988c-932fec22ef7e</DatabaseGuid><ServerFqdn>EU1MB9903.Roaya.loc</ServerFqdn></LastGenera
                tingData><HttpHomeMdbLastProcessedBucket>0</HttpHomeMdbLastProcessedBucket><FullOabDownloadPreventionTh
                reshold>0</FullOabDownloadPreventionThreshold><ZipOabFilesBeforeUploading>false</ZipOabFilesBeforeUploa
                ding></OfflineAddressBookConfigXML>
                	
                Operation:
                	Type:	Value Added
                	Correlation ID:	{AAEEFE57-72EA-4107-B3B1-2BD195B6E3AF}
                	Application Correlation ID:	-

ComputerName  : FRANK-PDC
EventID       : 5136
Title         : ADObject Modified
TimeGenerated : 8/5/2021 1:53:53 PM
Content       : A directory service object was modified.
                	
                Subject:
                	Security ID:		S-1-5-21-2956518221-444034542-2043350422-87305
                	Account Name:		EU1MB9903$
                	Account Domain:		ROAYA
                	Logon ID:		0x2CF7F215F
                
                Directory Service:
                	Name:	Roaya.loc
                	Type:	Active Directory Domain Services
                	
                Object:
                	DN:	CN=astestdomain.co Offline Address Book,CN=Offline Address Lists,CN=Address Lists 
                Container,CN=roaya,CN=Microsoft Exchange,CN=Services,CN=Configuration,DC=Roaya,DC=loc
                	GUID:	{907FAC81-474F-4676-A41A-AB070BCD35A6}
                	Class:	msExchOAB
                	
                Attribute:
                	LDAP Display Name:	msExchConfigurationXML
                	Syntax (OID):	2.5.5.12
                	Value:	<OfflineAddressBookConfigXML><ManifestVersion><AddressLists 
                AddressListId="c72c58f6-13c2-4c7e-896e-5c9111976e40" Sequence="394" 
                /></ManifestVersion><LastFailedTime p2:nil="true" xmlns:p2="http://www.w3.org/2001/XMLSchema-instance" 
                /><LastGeneratingData><MailboxGuid>feea8dd2-5615-42ce-a176-1f29ddbca752</MailboxGuid><DatabaseGuid>77c5
                ed34-31bb-4d80-988c-932fec22ef7e</DatabaseGuid><ServerFqdn>EU1MB9903.Roaya.loc</ServerFqdn></LastGenera
                tingData><HttpHomeMdbLastProcessedBucket>0</HttpHomeMdbLastProcessedBucket><FullOabDownloadPreventionTh
                reshold>0</FullOabDownloadPreventionThreshold><ZipOabFilesBeforeUploading>false</ZipOabFilesBeforeUploa
                ding></OfflineAddressBookConfigXML>
                	
                Operation:
                	Type:	Value Deleted
                	Correlation ID:	{AAEEFE57-72EA-4107-B3B1-2BD195B6E3AF}
                	Application Correlation ID:	-

ComputerName  : FRANK-PDC
EventID       : 5136
Title         : ADObject Modified
TimeGenerated : 8/5/2021 1:53:53 PM
Content       : A directory service object was modified.
                	
                Subject:
                	Security ID:		S-1-5-21-2956518221-444034542-2043350422-87305
                	Account Name:		EU1MB9903$
                	Account Domain:		ROAYA
                	Logon ID:		0x2CF7F215F
                
                Directory Service:
                	Name:	Roaya.loc
                	Type:	Active Directory Domain Services
                	
                Object:
                	DN:	CN=astestdomain.co Offline Address Book,CN=Offline Address Lists,CN=Address Lists 
                Container,CN=roaya,CN=Microsoft Exchange,CN=Services,CN=Configuration,DC=Roaya,DC=loc
                	GUID:	{907FAC81-474F-4676-A41A-AB070BCD35A6}
                	Class:	msExchOAB
                	
                Attribute:
                	LDAP Display Name:	msExchOABLastTouchedTime
                	Syntax (OID):	2.5.5.11
                	Value:	20210805115356.0Z
                	
                Operation:
                	Type:	Value Added
                	Correlation ID:	{AAEEFE57-72EA-4107-B3B1-2BD195B6E3AF}
                	Application Correlation ID:	-

ComputerName  : FRANK-PDC
EventID       : 5136
Title         : ADObject Modified
TimeGenerated : 8/5/2021 1:53:53 PM
Content       : A directory service object was modified.
                	
                Subject:
                	Security ID:		S-1-5-21-2956518221-444034542-2043350422-87305
                	Account Name:		EU1MB9903$
                	Account Domain:		ROAYA
                	Logon ID:		0x2CF7F215F
                
                Directory Service:
                	Name:	Roaya.loc
                	Type:	Active Directory Domain Services
                	
                Object:
                	DN:	CN=astestdomain.co Offline Address Book,CN=Offline Address Lists,CN=Address Lists 
                Container,CN=roaya,CN=Microsoft Exchange,CN=Services,CN=Configuration,DC=Roaya,DC=loc
                	GUID:	{907FAC81-474F-4676-A41A-AB070BCD35A6}
                	Class:	msExchOAB
                	
                Attribute:
                	LDAP Display Name:	msExchOABLastTouchedTime
                	Syntax (OID):	2.5.5.11
                	Value:	20210805053045.0Z
                	
                Operation:
                	Type:	Value Deleted
                	Correlation ID:	{AAEEFE57-72EA-4107-B3B1-2BD195B6E3AF}
                	Application Correlation ID:	-

ComputerName  : FRANK-PDC
EventID       : 5136
Title         : ADObject Modified
TimeGenerated : 8/5/2021 1:53:43 PM
Content       : A directory service object was modified.
                	
                Subject:
                	Security ID:		S-1-5-21-2956518221-444034542-2043350422-87305
                	Account Name:		EU1MB9903$
                	Account Domain:		ROAYA
                	Logon ID:		0x2CF7F215F
                
                Directory Service:
                	Name:	Roaya.loc
                	Type:	Active Directory Domain Services
                	
                Object:
                	DN:	CN=abcd.abcd Offline Address Book,CN=Offline Address Lists,CN=Address Lists 
                Container,CN=roaya,CN=Microsoft Exchange,CN=Services,CN=Configuration,DC=Roaya,DC=loc
                	GUID:	{A93AB18F-D6AA-45A1-898A-D591E2C06EDD}
                	Class:	msExchOAB
                	
                Attribute:
                	LDAP Display Name:	msExchConfigurationXML
                	Syntax (OID):	2.5.5.12
                	Value:	<OfflineAddressBookConfigXML><ManifestVersion><AddressLists 
                AddressListId="763bcbf3-61fe-45d2-8d30-639565eb0ecf" Sequence="397" 
                /></ManifestVersion><LastFailedTime p2:nil="true" xmlns:p2="http://www.w3.org/2001/XMLSchema-instance" 
                /><LastGeneratingData><MailboxGuid>feea8dd2-5615-42ce-a176-1f29ddbca752</MailboxGuid><DatabaseGuid>77c5
                ed34-31bb-4d80-988c-932fec22ef7e</DatabaseGuid><ServerFqdn>EU1MB9903.Roaya.loc</ServerFqdn></LastGenera
                tingData><HttpHomeMdbLastProcessedBucket>0</HttpHomeMdbLastProcessedBucket><FullOabDownloadPreventionTh
                reshold>0</FullOabDownloadPreventionThreshold><ZipOabFilesBeforeUploading>false</ZipOabFilesBeforeUploa
                ding></OfflineAddressBookConfigXML>
                	
                Operation:
                	Type:	Value Added
                	Correlation ID:	{A9A2E50C-80D3-4A88-B3DC-27266A0281DE}
                	Application Correlation ID:	-

ComputerName  : FRANK-PDC
EventID       : 5136
Title         : ADObject Modified
TimeGenerated : 8/5/2021 1:53:43 PM
Content       : A directory service object was modified.
                	
                Subject:
                	Security ID:		S-1-5-21-2956518221-444034542-2043350422-87305
                	Account Name:		EU1MB9903$
                	Account Domain:		ROAYA
                	Logon ID:		0x2CF7F215F
                
                Directory Service:
                	Name:	Roaya.loc
                	Type:	Active Directory Domain Services
                	
                Object:
                	DN:	CN=abcd.abcd Offline Address Book,CN=Offline Address Lists,CN=Address Lists 
                Container,CN=roaya,CN=Microsoft Exchange,CN=Services,CN=Configuration,DC=Roaya,DC=loc
                	GUID:	{A93AB18F-D6AA-45A1-898A-D591E2C06EDD}
                	Class:	msExchOAB
                	
                Attribute:
                	LDAP Display Name:	msExchConfigurationXML
                	Syntax (OID):	2.5.5.12
                	Value:	<OfflineAddressBookConfigXML><ManifestVersion><AddressLists 
                AddressListId="763bcbf3-61fe-45d2-8d30-639565eb0ecf" Sequence="396" 
                /></ManifestVersion><LastFailedTime p2:nil="true" xmlns:p2="http://www.w3.org/2001/XMLSchema-instance" 
                /><LastGeneratingData><MailboxGuid>feea8dd2-5615-42ce-a176-1f29ddbca752</MailboxGuid><DatabaseGuid>77c5
                ed34-31bb-4d80-988c-932fec22ef7e</DatabaseGuid><ServerFqdn>EU1MB9903.Roaya.loc</ServerFqdn></LastGenera
                tingData><HttpHomeMdbLastProcessedBucket>0</HttpHomeMdbLastProcessedBucket><FullOabDownloadPreventionTh
                reshold>0</FullOabDownloadPreventionThreshold><ZipOabFilesBeforeUploading>false</ZipOabFilesBeforeUploa
                ding></OfflineAddressBookConfigXML>
                	
                Operation:
                	Type:	Value Deleted
                	Correlation ID:	{A9A2E50C-80D3-4A88-B3DC-27266A0281DE}
                	Application Correlation ID:	-

ComputerName  : FRANK-PDC
EventID       : 5136
Title         : ADObject Modified
TimeGenerated : 8/5/2021 1:53:43 PM
Content       : A directory service object was modified.
                	
                Subject:
                	Security ID:		S-1-5-21-2956518221-444034542-2043350422-87305
                	Account Name:		EU1MB9903$
                	Account Domain:		ROAYA
                	Logon ID:		0x2CF7F215F
                
                Directory Service:
                	Name:	Roaya.loc
                	Type:	Active Directory Domain Services
                	
                Object:
                	DN:	CN=abcd.abcd Offline Address Book,CN=Offline Address Lists,CN=Address Lists 
                Container,CN=roaya,CN=Microsoft Exchange,CN=Services,CN=Configuration,DC=Roaya,DC=loc
                	GUID:	{A93AB18F-D6AA-45A1-898A-D591E2C06EDD}
                	Class:	msExchOAB
                	
                Attribute:
                	LDAP Display Name:	msExchOABLastTouchedTime
                	Syntax (OID):	2.5.5.11
                	Value:	20210805115350.0Z
                	
                Operation:
                	Type:	Value Added
                	Correlation ID:	{A9A2E50C-80D3-4A88-B3DC-27266A0281DE}
                	Application Correlation ID:	-

ComputerName  : FRANK-PDC
EventID       : 5136
Title         : ADObject Modified
TimeGenerated : 8/5/2021 1:53:43 PM
Content       : A directory service object was modified.
                	
                Subject:
                	Security ID:		S-1-5-21-2956518221-444034542-2043350422-87305
                	Account Name:		EU1MB9903$
                	Account Domain:		ROAYA
                	Logon ID:		0x2CF7F215F
                
                Directory Service:
                	Name:	Roaya.loc
                	Type:	Active Directory Domain Services
                	
                Object:
                	DN:	CN=abcd.abcd Offline Address Book,CN=Offline Address Lists,CN=Address Lists 
                Container,CN=roaya,CN=Microsoft Exchange,CN=Services,CN=Configuration,DC=Roaya,DC=loc
                	GUID:	{A93AB18F-D6AA-45A1-898A-D591E2C06EDD}
                	Class:	msExchOAB
                	
                Attribute:
                	LDAP Display Name:	msExchOABLastTouchedTime
                	Syntax (OID):	2.5.5.11
                	Value:	20210805053038.0Z
                	
                Operation:
                	Type:	Value Deleted
                	Correlation ID:	{A9A2E50C-80D3-4A88-B3DC-27266A0281DE}
                	Application Correlation ID:	-

ComputerName  : FRANK-ADC-04
EventID       : 4740
Title         : User locked out
TimeGenerated : 8/5/2021 1:53:40 PM
Content       : A user account was locked out.
                
                Subject:
                	Security ID:		S-1-5-18
                	Account Name:		FRANK-ADC-04$
                	Account Domain:		ROAYA
                	Logon ID:		0x3E7
                
                Account That Was Locked Out:
                	Security ID:		S-1-5-21-2956518221-444034542-2043350422-30698
                	Account Name:		bassem.aly
                
                Additional Information:
                	Caller Computer Name:	HUSSIEN

ComputerName  : FRANK-PDC
EventID       : 5136
Title         : ADObject Modified
TimeGenerated : 8/5/2021 1:53:34 PM
Content       : A directory service object was modified.
                	
                Subject:
                	Security ID:		S-1-5-21-2956518221-444034542-2043350422-87305
                	Account Name:		EU1MB9903$
                	Account Domain:		ROAYA
                	Logon ID:		0x2CF7F215F
                
                Directory Service:
                	Name:	Roaya.loc
                	Type:	Active Directory Domain Services
                	
                Object:
                	DN:	CN=safezoneinternational.org Offline Address Book,CN=Offline Address Lists,CN=Address Lists 
                Container,CN=roaya,CN=Microsoft Exchange,CN=Services,CN=Configuration,DC=Roaya,DC=loc
                	GUID:	{E448EC4D-6E42-4B1E-90D5-6B6DE670B374}
                	Class:	msExchOAB
                	
                Attribute:
                	LDAP Display Name:	msExchOABLastTouchedTime
                	Syntax (OID):	2.5.5.11
                	Value:	20210805115334.0Z
                	
                Operation:
                	Type:	Value Added
                	Correlation ID:	{96450BB9-4054-4BB5-97B5-7DCC8C8A8E29}
                	Application Correlation ID:	-

ComputerName  : FRANK-PDC
EventID       : 5136
Title         : ADObject Modified
TimeGenerated : 8/5/2021 1:53:34 PM
Content       : A directory service object was modified.
                	
                Subject:
                	Security ID:		S-1-5-21-2956518221-444034542-2043350422-87305
                	Account Name:		EU1MB9903$
                	Account Domain:		ROAYA
                	Logon ID:		0x2CF7F215F
                
                Directory Service:
                	Name:	Roaya.loc
                	Type:	Active Directory Domain Services
                	
                Object:
                	DN:	CN=safezoneinternational.org Offline Address Book,CN=Offline Address Lists,CN=Address Lists 
                Container,CN=roaya,CN=Microsoft Exchange,CN=Services,CN=Configuration,DC=Roaya,DC=loc
                	GUID:	{E448EC4D-6E42-4B1E-90D5-6B6DE670B374}
                	Class:	msExchOAB
                	
                Attribute:
                	LDAP Display Name:	msExchOABLastTouchedTime
                	Syntax (OID):	2.5.5.11
                	Value:	20210805053029.0Z
                	
                Operation:
                	Type:	Value Deleted
                	Correlation ID:	{96450BB9-4054-4BB5-97B5-7DCC8C8A8E29}
                	Application Correlation ID:	-

ComputerName  : FRANK-PDC
EventID       : 5136
Title         : ADObject Modified
TimeGenerated : 8/5/2021 1:53:34 PM
Content       : A directory service object was modified.
                	
                Subject:
                	Security ID:		S-1-5-21-2956518221-444034542-2043350422-87305
                	Account Name:		EU1MB9903$
                	Account Domain:		ROAYA
                	Logon ID:		0x2CF7F215F
                
                Directory Service:
                	Name:	Roaya.loc
                	Type:	Active Directory Domain Services
                	
                Object:
                	DN:	CN=lcmbrokers.com Offline Address Book,CN=Offline Address Lists,CN=Address Lists 
                Container,CN=roaya,CN=Microsoft Exchange,CN=Services,CN=Configuration,DC=Roaya,DC=loc
                	GUID:	{8BA2E422-46CF-4E3B-B635-8C8D7C7063D8}
                	Class:	msExchOAB
                	
                Attribute:
                	LDAP Display Name:	msExchConfigurationXML
                	Syntax (OID):	2.5.5.12
                	Value:	<OfflineAddressBookConfigXML><ManifestVersion><AddressLists 
                AddressListId="bd5ee7ca-d8ee-4870-a19f-2634f2fbd792" Sequence="550" 
                /></ManifestVersion><LastFailedTime p2:nil="true" xmlns:p2="http://www.w3.org/2001/XMLSchema-instance" 
                /><LastGeneratingData><MailboxGuid>feea8dd2-5615-42ce-a176-1f29ddbca752</MailboxGuid><DatabaseGuid>77c5
                ed34-31bb-4d80-988c-932fec22ef7e</DatabaseGuid><ServerFqdn>EU1MB9903.Roaya.loc</ServerFqdn></LastGenera
                tingData><HttpHomeMdbLastProcessedBucket>0</HttpHomeMdbLastProcessedBucket><FullOabDownloadPreventionTh
                reshold>0</FullOabDownloadPreventionThreshold><ZipOabFilesBeforeUploading>false</ZipOabFilesBeforeUploa
                ding></OfflineAddressBookConfigXML>
                	
                Operation:
                	Type:	Value Added
                	Correlation ID:	{4A23BEEE-7BC7-4751-B550-F2C2DE83A929}
                	Application Correlation ID:	-

ComputerName  : FRANK-PDC
EventID       : 5136
Title         : ADObject Modified
TimeGenerated : 8/5/2021 1:53:34 PM
Content       : A directory service object was modified.
                	
                Subject:
                	Security ID:		S-1-5-21-2956518221-444034542-2043350422-87305
                	Account Name:		EU1MB9903$
                	Account Domain:		ROAYA
                	Logon ID:		0x2CF7F215F
                
                Directory Service:
                	Name:	Roaya.loc
                	Type:	Active Directory Domain Services
                	
                Object:
                	DN:	CN=lcmbrokers.com Offline Address Book,CN=Offline Address Lists,CN=Address Lists 
                Container,CN=roaya,CN=Microsoft Exchange,CN=Services,CN=Configuration,DC=Roaya,DC=loc
                	GUID:	{8BA2E422-46CF-4E3B-B635-8C8D7C7063D8}
                	Class:	msExchOAB
                	
                Attribute:
                	LDAP Display Name:	msExchConfigurationXML
                	Syntax (OID):	2.5.5.12
                	Value:	<OfflineAddressBookConfigXML><ManifestVersion><AddressLists 
                AddressListId="bd5ee7ca-d8ee-4870-a19f-2634f2fbd792" Sequence="549" 
                /></ManifestVersion><LastFailedTime p2:nil="true" xmlns:p2="http://www.w3.org/2001/XMLSchema-instance" 
                /><LastGeneratingData><MailboxGuid>feea8dd2-5615-42ce-a176-1f29ddbca752</MailboxGuid><DatabaseGuid>77c5
                ed34-31bb-4d80-988c-932fec22ef7e</DatabaseGuid><ServerFqdn>EU1MB9903.Roaya.loc</ServerFqdn></LastGenera
                tingData><HttpHomeMdbLastProcessedBucket>0</HttpHomeMdbLastProcessedBucket><FullOabDownloadPreventionTh
                reshold>0</FullOabDownloadPreventionThreshold><ZipOabFilesBeforeUploading>false</ZipOabFilesBeforeUploa
                ding></OfflineAddressBookConfigXML>
                	
                Operation:
                	Type:	Value Deleted
                	Correlation ID:	{4A23BEEE-7BC7-4751-B550-F2C2DE83A929}
                	Application Correlation ID:	-

ComputerName  : FRANK-PDC
EventID       : 5136
Title         : ADObject Modified
TimeGenerated : 8/5/2021 1:53:34 PM
Content       : A directory service object was modified.
                	
                Subject:
                	Security ID:		S-1-5-21-2956518221-444034542-2043350422-87305
                	Account Name:		EU1MB9903$
                	Account Domain:		ROAYA
                	Logon ID:		0x2CF7F215F
                
                Directory Service:
                	Name:	Roaya.loc
                	Type:	Active Directory Domain Services
                	
                Object:
                	DN:	CN=lcmbrokers.com Offline Address Book,CN=Offline Address Lists,CN=Address Lists 
                Container,CN=roaya,CN=Microsoft Exchange,CN=Services,CN=Configuration,DC=Roaya,DC=loc
                	GUID:	{8BA2E422-46CF-4E3B-B635-8C8D7C7063D8}
                	Class:	msExchOAB
                	
                Attribute:
                	LDAP Display Name:	msExchOABLastTouchedTime
                	Syntax (OID):	2.5.5.11
                	Value:	20210805115337.0Z
                	
                Operation:
                	Type:	Value Added
                	Correlation ID:	{4A23BEEE-7BC7-4751-B550-F2C2DE83A929}
                	Application Correlation ID:	-

ComputerName  : FRANK-PDC
EventID       : 5136
Title         : ADObject Modified
TimeGenerated : 8/5/2021 1:53:34 PM
Content       : A directory service object was modified.
                	
                Subject:
                	Security ID:		S-1-5-21-2956518221-444034542-2043350422-87305
                	Account Name:		EU1MB9903$
                	Account Domain:		ROAYA
                	Logon ID:		0x2CF7F215F
                
                Directory Service:
                	Name:	Roaya.loc
                	Type:	Active Directory Domain Services
                	
                Object:
                	DN:	CN=lcmbrokers.com Offline Address Book,CN=Offline Address Lists,CN=Address Lists 
                Container,CN=roaya,CN=Microsoft Exchange,CN=Services,CN=Configuration,DC=Roaya,DC=loc
                	GUID:	{8BA2E422-46CF-4E3B-B635-8C8D7C7063D8}
                	Class:	msExchOAB
                	
                Attribute:
                	LDAP Display Name:	msExchOABLastTouchedTime
                	Syntax (OID):	2.5.5.11
                	Value:	20210805053032.0Z
                	
                Operation:
                	Type:	Value Deleted
                	Correlation ID:	{4A23BEEE-7BC7-4751-B550-F2C2DE83A929}
                	Application Correlation ID:	-

ComputerName  : FRANK-PDC
EventID       : 5136
Title         : ADObject Modified
TimeGenerated : 8/5/2021 1:53:33 PM
Content       : A directory service object was modified.
                	
                Subject:
                	Security ID:		S-1-5-21-2956518221-444034542-2043350422-87305
                	Account Name:		EU1MB9903$
                	Account Domain:		ROAYA
                	Logon ID:		0x2CF7F215F
                
                Directory Service:
                	Name:	Roaya.loc
                	Type:	Active Directory Domain Services
                	
                Object:
                	DN:	CN=www.seer.com Offline Address Book,CN=Offline Address Lists,CN=Address Lists 
                Container,CN=roaya,CN=Microsoft Exchange,CN=Services,CN=Configuration,DC=Roaya,DC=loc
                	GUID:	{456BA46E-65CC-41B6-A3C2-B1950B4DEDE3}
                	Class:	msExchOAB
                	
                Attribute:
                	LDAP Display Name:	msExchOABLastTouchedTime
                	Syntax (OID):	2.5.5.11
                	Value:	20210805115331.0Z
                	
                Operation:
                	Type:	Value Added
                	Correlation ID:	{CCC8A12F-D6C4-482F-A1BF-E1C4BB424670}
                	Application Correlation ID:	-

ComputerName  : FRANK-PDC
EventID       : 5136
Title         : ADObject Modified
TimeGenerated : 8/5/2021 1:53:33 PM
Content       : A directory service object was modified.
                	
                Subject:
                	Security ID:		S-1-5-21-2956518221-444034542-2043350422-87305
                	Account Name:		EU1MB9903$
                	Account Domain:		ROAYA
                	Logon ID:		0x2CF7F215F
                
                Directory Service:
                	Name:	Roaya.loc
                	Type:	Active Directory Domain Services
                	
                Object:
                	DN:	CN=www.seer.com Offline Address Book,CN=Offline Address Lists,CN=Address Lists 
                Container,CN=roaya,CN=Microsoft Exchange,CN=Services,CN=Configuration,DC=Roaya,DC=loc
                	GUID:	{456BA46E-65CC-41B6-A3C2-B1950B4DEDE3}
                	Class:	msExchOAB
                	
                Attribute:
                	LDAP Display Name:	msExchOABLastTouchedTime
                	Syntax (OID):	2.5.5.11
                	Value:	20210805053027.0Z
                	
                Operation:
                	Type:	Value Deleted
                	Correlation ID:	{CCC8A12F-D6C4-482F-A1BF-E1C4BB424670}
                	Application Correlation ID:	-

ComputerName  : FRANK-PDC
EventID       : 5136
Title         : ADObject Modified
TimeGenerated : 8/5/2021 1:53:24 PM
Content       : A directory service object was modified.
                	
                Subject:
                	Security ID:		S-1-5-21-2956518221-444034542-2043350422-87305
                	Account Name:		EU1MB9903$
                	Account Domain:		ROAYA
                	Logon ID:		0x2CF7F215F
                
                Directory Service:
                	Name:	Roaya.loc
                	Type:	Active Directory Domain Services
                	
                Object:
                	DN:	CN=elbannagroup.com Offline Address Book,CN=Offline Address Lists,CN=Address Lists 
                Container,CN=roaya,CN=Microsoft Exchange,CN=Services,CN=Configuration,DC=Roaya,DC=loc
                	GUID:	{33F9AAF7-EEE1-4536-A55C-503CA2532AE6}
                	Class:	msExchOAB
                	
                Attribute:
                	LDAP Display Name:	msExchConfigurationXML
                	Syntax (OID):	2.5.5.12
                	Value:	<OfflineAddressBookConfigXML><ManifestVersion><AddressLists 
                AddressListId="137620ed-0dbc-4a41-87b4-6303d567d1f1" Sequence="554" 
                /></ManifestVersion><LastFailedTime p2:nil="true" xmlns:p2="http://www.w3.org/2001/XMLSchema-instance" 
                /><LastGeneratingData><MailboxGuid>feea8dd2-5615-42ce-a176-1f29ddbca752</MailboxGuid><DatabaseGuid>77c5
                ed34-31bb-4d80-988c-932fec22ef7e</DatabaseGuid><ServerFqdn>EU1MB9903.Roaya.loc</ServerFqdn></LastGenera
                tingData><HttpHomeMdbLastProcessedBucket>0</HttpHomeMdbLastProcessedBucket><FullOabDownloadPreventionTh
                reshold>0</FullOabDownloadPreventionThreshold><ZipOabFilesBeforeUploading>false</ZipOabFilesBeforeUploa
                ding></OfflineAddressBookConfigXML>
                	
                Operation:
                	Type:	Value Added
                	Correlation ID:	{B0CF40CC-9C9F-4556-AC5D-2F66C487739A}
                	Application Correlation ID:	-

ComputerName  : FRANK-PDC
EventID       : 5136
Title         : ADObject Modified
TimeGenerated : 8/5/2021 1:53:24 PM
Content       : A directory service object was modified.
                	
                Subject:
                	Security ID:		S-1-5-21-2956518221-444034542-2043350422-87305
                	Account Name:		EU1MB9903$
                	Account Domain:		ROAYA
                	Logon ID:		0x2CF7F215F
                
                Directory Service:
                	Name:	Roaya.loc
                	Type:	Active Directory Domain Services
                	
                Object:
                	DN:	CN=elbannagroup.com Offline Address Book,CN=Offline Address Lists,CN=Address Lists 
                Container,CN=roaya,CN=Microsoft Exchange,CN=Services,CN=Configuration,DC=Roaya,DC=loc
                	GUID:	{33F9AAF7-EEE1-4536-A55C-503CA2532AE6}
                	Class:	msExchOAB
                	
                Attribute:
                	LDAP Display Name:	msExchConfigurationXML
                	Syntax (OID):	2.5.5.12
                	Value:	<OfflineAddressBookConfigXML><ManifestVersion><AddressLists 
                AddressListId="137620ed-0dbc-4a41-87b4-6303d567d1f1" Sequence="553" 
                /></ManifestVersion><LastFailedTime p2:nil="true" xmlns:p2="http://www.w3.org/2001/XMLSchema-instance" 
                /><LastGeneratingData><MailboxGuid>feea8dd2-5615-42ce-a176-1f29ddbca752</MailboxGuid><DatabaseGuid>77c5
                ed34-31bb-4d80-988c-932fec22ef7e</DatabaseGuid><ServerFqdn>EU1MB9903.Roaya.loc</ServerFqdn></LastGenera
                tingData><HttpHomeMdbLastProcessedBucket>0</HttpHomeMdbLastProcessedBucket><FullOabDownloadPreventionTh
                reshold>0</FullOabDownloadPreventionThreshold><ZipOabFilesBeforeUploading>false</ZipOabFilesBeforeUploa
                ding></OfflineAddressBookConfigXML>
                	
                Operation:
                	Type:	Value Deleted
                	Correlation ID:	{B0CF40CC-9C9F-4556-AC5D-2F66C487739A}
                	Application Correlation ID:	-

ComputerName  : FRANK-PDC
EventID       : 5136
Title         : ADObject Modified
TimeGenerated : 8/5/2021 1:53:24 PM
Content       : A directory service object was modified.
                	
                Subject:
                	Security ID:		S-1-5-21-2956518221-444034542-2043350422-87305
                	Account Name:		EU1MB9903$
                	Account Domain:		ROAYA
                	Logon ID:		0x2CF7F215F
                
                Directory Service:
                	Name:	Roaya.loc
                	Type:	Active Directory Domain Services
                	
                Object:
                	DN:	CN=elbannagroup.com Offline Address Book,CN=Offline Address Lists,CN=Address Lists 
                Container,CN=roaya,CN=Microsoft Exchange,CN=Services,CN=Configuration,DC=Roaya,DC=loc
                	GUID:	{33F9AAF7-EEE1-4536-A55C-503CA2532AE6}
                	Class:	msExchOAB
                	
                Attribute:
                	LDAP Display Name:	msExchOABLastTouchedTime
                	Syntax (OID):	2.5.5.11
                	Value:	20210805115324.0Z
                	
                Operation:
                	Type:	Value Added
                	Correlation ID:	{B0CF40CC-9C9F-4556-AC5D-2F66C487739A}
                	Application Correlation ID:	-

ComputerName  : FRANK-PDC
EventID       : 5136
Title         : ADObject Modified
TimeGenerated : 8/5/2021 1:53:24 PM
Content       : A directory service object was modified.
                	
                Subject:
                	Security ID:		S-1-5-21-2956518221-444034542-2043350422-87305
                	Account Name:		EU1MB9903$
                	Account Domain:		ROAYA
                	Logon ID:		0x2CF7F215F
                
                Directory Service:
                	Name:	Roaya.loc
                	Type:	Active Directory Domain Services
                	
                Object:
                	DN:	CN=elbannagroup.com Offline Address Book,CN=Offline Address Lists,CN=Address Lists 
                Container,CN=roaya,CN=Microsoft Exchange,CN=Services,CN=Configuration,DC=Roaya,DC=loc
                	GUID:	{33F9AAF7-EEE1-4536-A55C-503CA2532AE6}
                	Class:	msExchOAB
                	
                Attribute:
                	LDAP Display Name:	msExchOABLastTouchedTime
                	Syntax (OID):	2.5.5.11
                	Value:	20210805053020.0Z
                	
                Operation:
                	Type:	Value Deleted
                	Correlation ID:	{B0CF40CC-9C9F-4556-AC5D-2F66C487739A}
                	Application Correlation ID:	-

ComputerName  : FRANK-PDC
EventID       : 5136
Title         : ADObject Modified
TimeGenerated : 8/5/2021 1:53:14 PM
Content       : A directory service object was modified.
                	
                Subject:
                	Security ID:		S-1-5-21-2956518221-444034542-2043350422-87305
                	Account Name:		EU1MB9903$
                	Account Domain:		ROAYA
                	Logon ID:		0x2CF7F215F
                
                Directory Service:
                	Name:	Roaya.loc
                	Type:	Active Directory Domain Services
                	
                Object:
                	DN:	CN=sarafinaltwo.co Offline Address Book,CN=Offline Address Lists,CN=Address Lists 
                Container,CN=roaya,CN=Microsoft Exchange,CN=Services,CN=Configuration,DC=Roaya,DC=loc
                	GUID:	{8FF8C0F0-B6C8-4A01-B1DB-D71E7F1EEF25}
                	Class:	msExchOAB
                	
                Attribute:
                	LDAP Display Name:	msExchOABLastTouchedTime
                	Syntax (OID):	2.5.5.11
                	Value:	20210805115312.0Z
                	
                Operation:
                	Type:	Value Added
                	Correlation ID:	{8FCB2B93-3A85-4B52-8CE2-8BE41CA016A7}
                	Application Correlation ID:	-

ComputerName  : FRANK-PDC
EventID       : 5136
Title         : ADObject Modified
TimeGenerated : 8/5/2021 1:53:14 PM
Content       : A directory service object was modified.
                	
                Subject:
                	Security ID:		S-1-5-21-2956518221-444034542-2043350422-87305
                	Account Name:		EU1MB9903$
                	Account Domain:		ROAYA
                	Logon ID:		0x2CF7F215F
                
                Directory Service:
                	Name:	Roaya.loc
                	Type:	Active Directory Domain Services
                	
                Object:
                	DN:	CN=sarafinaltwo.co Offline Address Book,CN=Offline Address Lists,CN=Address Lists 
                Container,CN=roaya,CN=Microsoft Exchange,CN=Services,CN=Configuration,DC=Roaya,DC=loc
                	GUID:	{8FF8C0F0-B6C8-4A01-B1DB-D71E7F1EEF25}
                	Class:	msExchOAB
                	
                Attribute:
                	LDAP Display Name:	msExchOABLastTouchedTime
                	Syntax (OID):	2.5.5.11
                	Value:	20210805053008.0Z
                	
                Operation:
                	Type:	Value Deleted
                	Correlation ID:	{8FCB2B93-3A85-4B52-8CE2-8BE41CA016A7}
                	Application Correlation ID:	-

ComputerName  : FRANK-PDC
EventID       : 5136
Title         : ADObject Modified
TimeGenerated : 8/5/2021 1:53:14 PM
Content       : A directory service object was modified.
                	
                Subject:
                	Security ID:		S-1-5-21-2956518221-444034542-2043350422-87305
                	Account Name:		EU1MB9903$
                	Account Domain:		ROAYA
                	Logon ID:		0x2CF7F215F
                
                Directory Service:
                	Name:	Roaya.loc
                	Type:	Active Directory Domain Services
                	
                Object:
                	DN:	CN=uaealnuaimi.com Offline Address Book,CN=Offline Address Lists,CN=Address Lists 
                Container,CN=roaya,CN=Microsoft Exchange,CN=Services,CN=Configuration,DC=Roaya,DC=loc
                	GUID:	{AA1B9000-ACA2-4885-84B5-9C70B8069314}
                	Class:	msExchOAB
                	
                Attribute:
                	LDAP Display Name:	msExchConfigurationXML
                	Syntax (OID):	2.5.5.12
                	Value:	<OfflineAddressBookConfigXML><ManifestVersion><AddressLists 
                AddressListId="3ffd8aa5-ed03-4140-8354-55b12a4890d1" Sequence="473" 
                /></ManifestVersion><LastFailedTime p2:nil="true" xmlns:p2="http://www.w3.org/2001/XMLSchema-instance" 
                /><LastGeneratingData><MailboxGuid>feea8dd2-5615-42ce-a176-1f29ddbca752</MailboxGuid><DatabaseGuid>77c5
                ed34-31bb-4d80-988c-932fec22ef7e</DatabaseGuid><ServerFqdn>EU1MB9903.Roaya.loc</ServerFqdn></LastGenera
                tingData><HttpHomeMdbLastProcessedBucket>0</HttpHomeMdbLastProcessedBucket><FullOabDownloadPreventionTh
                reshold>0</FullOabDownloadPreventionThreshold><ZipOabFilesBeforeUploading>false</ZipOabFilesBeforeUploa
                ding></OfflineAddressBookConfigXML>
                	
                Operation:
                	Type:	Value Added
                	Correlation ID:	{E972EF22-7AB4-48E3-96D8-691DA8AD24DF}
                	Application Correlation ID:	-

ComputerName  : FRANK-PDC
EventID       : 5136
Title         : ADObject Modified
TimeGenerated : 8/5/2021 1:53:14 PM
Content       : A directory service object was modified.
                	
                Subject:
                	Security ID:		S-1-5-21-2956518221-444034542-2043350422-87305
                	Account Name:		EU1MB9903$
                	Account Domain:		ROAYA
                	Logon ID:		0x2CF7F215F
                
                Directory Service:
                	Name:	Roaya.loc
                	Type:	Active Directory Domain Services
                	
                Object:
                	DN:	CN=uaealnuaimi.com Offline Address Book,CN=Offline Address Lists,CN=Address Lists 
                Container,CN=roaya,CN=Microsoft Exchange,CN=Services,CN=Configuration,DC=Roaya,DC=loc
                	GUID:	{AA1B9000-ACA2-4885-84B5-9C70B8069314}
                	Class:	msExchOAB
                	
                Attribute:
                	LDAP Display Name:	msExchConfigurationXML
                	Syntax (OID):	2.5.5.12
                	Value:	<OfflineAddressBookConfigXML><ManifestVersion><AddressLists 
                AddressListId="3ffd8aa5-ed03-4140-8354-55b12a4890d1" Sequence="472" 
                /></ManifestVersion><LastFailedTime p2:nil="true" xmlns:p2="http://www.w3.org/2001/XMLSchema-instance" 
                /><LastGeneratingData><MailboxGuid>feea8dd2-5615-42ce-a176-1f29ddbca752</MailboxGuid><DatabaseGuid>77c5
                ed34-31bb-4d80-988c-932fec22ef7e</DatabaseGuid><ServerFqdn>EU1MB9903.Roaya.loc</ServerFqdn></LastGenera
                tingData><HttpHomeMdbLastProcessedBucket>0</HttpHomeMdbLastProcessedBucket><FullOabDownloadPreventionTh
                reshold>0</FullOabDownloadPreventionThreshold><ZipOabFilesBeforeUploading>false</ZipOabFilesBeforeUploa
                ding></OfflineAddressBookConfigXML>
                	
                Operation:
                	Type:	Value Deleted
                	Correlation ID:	{E972EF22-7AB4-48E3-96D8-691DA8AD24DF}
                	Application Correlation ID:	-

ComputerName  : FRANK-PDC
EventID       : 5136
Title         : ADObject Modified
TimeGenerated : 8/5/2021 1:53:14 PM
Content       : A directory service object was modified.
                	
                Subject:
                	Security ID:		S-1-5-21-2956518221-444034542-2043350422-87305
                	Account Name:		EU1MB9903$
                	Account Domain:		ROAYA
                	Logon ID:		0x2CF7F215F
                
                Directory Service:
                	Name:	Roaya.loc
                	Type:	Active Directory Domain Services
                	
                Object:
                	DN:	CN=uaealnuaimi.com Offline Address Book,CN=Offline Address Lists,CN=Address Lists 
                Container,CN=roaya,CN=Microsoft Exchange,CN=Services,CN=Configuration,DC=Roaya,DC=loc
                	GUID:	{AA1B9000-ACA2-4885-84B5-9C70B8069314}
                	Class:	msExchOAB
                	
                Attribute:
                	LDAP Display Name:	msExchOABLastTouchedTime
                	Syntax (OID):	2.5.5.11
                	Value:	20210805115317.0Z
                	
                Operation:
                	Type:	Value Added
                	Correlation ID:	{E972EF22-7AB4-48E3-96D8-691DA8AD24DF}
                	Application Correlation ID:	-

ComputerName  : FRANK-PDC
EventID       : 5136
Title         : ADObject Modified
TimeGenerated : 8/5/2021 1:53:14 PM
Content       : A directory service object was modified.
                	
                Subject:
                	Security ID:		S-1-5-21-2956518221-444034542-2043350422-87305
                	Account Name:		EU1MB9903$
                	Account Domain:		ROAYA
                	Logon ID:		0x2CF7F215F
                
                Directory Service:
                	Name:	Roaya.loc
                	Type:	Active Directory Domain Services
                	
                Object:
                	DN:	CN=uaealnuaimi.com Offline Address Book,CN=Offline Address Lists,CN=Address Lists 
                Container,CN=roaya,CN=Microsoft Exchange,CN=Services,CN=Configuration,DC=Roaya,DC=loc
                	GUID:	{AA1B9000-ACA2-4885-84B5-9C70B8069314}
                	Class:	msExchOAB
                	
                Attribute:
                	LDAP Display Name:	msExchOABLastTouchedTime
                	Syntax (OID):	2.5.5.11
                	Value:	20210805053014.0Z
                	
                Operation:
                	Type:	Value Deleted
                	Correlation ID:	{E972EF22-7AB4-48E3-96D8-691DA8AD24DF}
                	Application Correlation ID:	-

