ComputerName  : FRANK-ADC-04
EventID       : 5136
Title         : ADObject Modified
TimeGenerated : 9/29/2021 10:54:19 AM
Content       : A directory service object was modified.
                	
                Subject:
                	Security ID:		S-1-5-21-2956518221-444034542-2043350422-87305
                	Account Name:		EU1MB9903$
                	Account Domain:		ROAYA
                	Logon ID:		0xA38EDAFA
                
                Directory Service:
                	Name:	Roaya.loc
                	Type:	Active Directory Domain Services
                	
                Object:
                	DN:	CN=ghhgh.hghgh Offline Address Book,CN=Offline Address Lists,CN=Address Lists 
                Container,CN=roaya,CN=Microsoft 
                Exchange,CN=Services,CN=Configuration,DC=Roaya,DC=loc
                	GUID:	{5716A796-9445-4A22-938B-A4A7EFECFA99}
                	Class:	msExchOAB
                	
                Attribute:
                	LDAP Display Name:	msExchOABLastTouchedTime
                	Syntax (OID):	2.5.5.11
                	Value:	20210929041311.0Z
                	
                Operation:
                	Type:	Value Deleted
                	Correlation ID:	{9E4006B6-8843-4831-8F10-4D290C1082D7}
                	Application Correlation ID:	-

ComputerName  : FRANK-ADC-04
EventID       : 5136
Title         : ADObject Modified
TimeGenerated : 9/29/2021 10:54:19 AM
Content       : A directory service object was modified.
                	
                Subject:
                	Security ID:		S-1-5-21-2956518221-444034542-2043350422-87305
                	Account Name:		EU1MB9903$
                	Account Domain:		ROAYA
                	Logon ID:		0xA38EDAFA
                
                Directory Service:
                	Name:	Roaya.loc
                	Type:	Active Directory Domain Services
                	
                Object:
                	DN:	CN=support-icloud.support Offline Address Book,CN=Offline Address 
                Lists,CN=Address Lists Container,CN=roaya,CN=Microsoft 
                Exchange,CN=Services,CN=Configuration,DC=Roaya,DC=loc
                	GUID:	{947B965E-2233-4D87-A759-C83410214312}
                	Class:	msExchOAB
                	
                Attribute:
                	LDAP Display Name:	msExchOABLastTouchedTime
                	Syntax (OID):	2.5.5.11
                	Value:	20210929085413.0Z
                	
                Operation:
                	Type:	Value Added
                	Correlation ID:	{10F04720-3C32-428B-8F19-C8903E8C5738}
                	Application Correlation ID:	-

ComputerName  : FRANK-ADC-04
EventID       : 5136
Title         : ADObject Modified
TimeGenerated : 9/29/2021 10:54:19 AM
Content       : A directory service object was modified.
                	
                Subject:
                	Security ID:		S-1-5-21-2956518221-444034542-2043350422-87305
                	Account Name:		EU1MB9903$
                	Account Domain:		ROAYA
                	Logon ID:		0xA38EDAFA
                
                Directory Service:
                	Name:	Roaya.loc
                	Type:	Active Directory Domain Services
                	
                Object:
                	DN:	CN=support-icloud.support Offline Address Book,CN=Offline Address 
                Lists,CN=Address Lists Container,CN=roaya,CN=Microsoft 
                Exchange,CN=Services,CN=Configuration,DC=Roaya,DC=loc
                	GUID:	{947B965E-2233-4D87-A759-C83410214312}
                	Class:	msExchOAB
                	
                Attribute:
                	LDAP Display Name:	msExchOABLastTouchedTime
                	Syntax (OID):	2.5.5.11
                	Value:	20210929041309.0Z
                	
                Operation:
                	Type:	Value Deleted
                	Correlation ID:	{10F04720-3C32-428B-8F19-C8903E8C5738}
                	Application Correlation ID:	-

ComputerName  : FRANK-ADC-04
EventID       : 5136
Title         : ADObject Modified
TimeGenerated : 9/29/2021 10:54:19 AM
Content       : A directory service object was modified.
                	
                Subject:
                	Security ID:		S-1-5-21-2956518221-444034542-2043350422-87305
                	Account Name:		EU1MB9903$
                	Account Domain:		ROAYA
                	Logon ID:		0xA38EDAFA
                
                Directory Service:
                	Name:	Roaya.loc
                	Type:	Active Directory Domain Services
                	
                Object:
                	DN:	CN=robenho.com Offline Address Book,CN=Offline Address Lists,CN=Address Lists 
                Container,CN=roaya,CN=Microsoft 
                Exchange,CN=Services,CN=Configuration,DC=Roaya,DC=loc
                	GUID:	{1B80DD8D-F1F2-417F-B216-33DAC958E6BB}
                	Class:	msExchOAB
                	
                Attribute:
                	LDAP Display Name:	msExchOABLastTouchedTime
                	Syntax (OID):	2.5.5.11
                	Value:	20210929085410.0Z
                	
                Operation:
                	Type:	Value Added
                	Correlation ID:	{089B09E3-A1A2-48E8-BBC7-414B2A1F16FB}
                	Application Correlation ID:	-

ComputerName  : FRANK-ADC-04
EventID       : 5136
Title         : ADObject Modified
TimeGenerated : 9/29/2021 10:54:19 AM
Content       : A directory service object was modified.
                	
                Subject:
                	Security ID:		S-1-5-21-2956518221-444034542-2043350422-87305
                	Account Name:		EU1MB9903$
                	Account Domain:		ROAYA
                	Logon ID:		0xA38EDAFA
                
                Directory Service:
                	Name:	Roaya.loc
                	Type:	Active Directory Domain Services
                	
                Object:
                	DN:	CN=robenho.com Offline Address Book,CN=Offline Address Lists,CN=Address Lists 
                Container,CN=roaya,CN=Microsoft 
                Exchange,CN=Services,CN=Configuration,DC=Roaya,DC=loc
                	GUID:	{1B80DD8D-F1F2-417F-B216-33DAC958E6BB}
                	Class:	msExchOAB
                	
                Attribute:
                	LDAP Display Name:	msExchOABLastTouchedTime
                	Syntax (OID):	2.5.5.11
                	Value:	20210929041306.0Z
                	
                Operation:
                	Type:	Value Deleted
                	Correlation ID:	{089B09E3-A1A2-48E8-BBC7-414B2A1F16FB}
                	Application Correlation ID:	-

ComputerName  : FRANK-PDC
EventID       : 4740
Title         : User locked out
TimeGenerated : 9/29/2021 10:54:12 AM
Content       : A user account was locked out.
                
                Subject:
                	Security ID:		S-1-5-18
                	Account Name:		FRANK-PDC$
                	Account Domain:		ROAYA
                	Logon ID:		0x3E7
                
                Account That Was Locked Out:
                	Security ID:		S-1-5-21-2956518221-444034542-2043350422-30768
                	Account Name:		a_helmy_aswaqfathall
                
                Additional Information:
                	Caller Computer Name:	A-HELMY

ComputerName  : FRANK-ADC-04
EventID       : 5136
Title         : ADObject Modified
TimeGenerated : 9/29/2021 10:54:09 AM
Content       : A directory service object was modified.
                	
                Subject:
                	Security ID:		S-1-5-21-2956518221-444034542-2043350422-87305
                	Account Name:		EU1MB9903$
                	Account Domain:		ROAYA
                	Logon ID:		0xA38EDAFA
                
                Directory Service:
                	Name:	Roaya.loc
                	Type:	Active Directory Domain Services
                	
                Object:
                	DN:	CN=lab7tech.com Offline Address Book,CN=Offline Address Lists,CN=Address 
                Lists Container,CN=roaya,CN=Microsoft 
                Exchange,CN=Services,CN=Configuration,DC=Roaya,DC=loc
                	GUID:	{DD81C0E4-C9BB-41D5-87BC-E20A0425457D}
                	Class:	msExchOAB
                	
                Attribute:
                	LDAP Display Name:	msExchConfigurationXML
                	Syntax (OID):	2.5.5.12
                	Value:	<OfflineAddressBookConfigXML><ManifestVersion><AddressLists 
                AddressListId="c1e72bbe-2d3e-4783-8d9a-230672157d34" Sequence="490" 
                /></ManifestVersion><LastFailedTime p2:nil="true" 
                xmlns:p2="http://www.w3.org/2001/XMLSchema-instance" /><LastGeneratingData><Mailbox
                Guid>feea8dd2-5615-42ce-a176-1f29ddbca752</MailboxGuid><DatabaseGuid>77c5ed34-31bb-
                4d80-988c-932fec22ef7e</DatabaseGuid><ServerFqdn>EU1MB9903.Roaya.loc</ServerFqdn></
                LastGeneratingData><HttpHomeMdbLastProcessedBucket>0</HttpHomeMdbLastProcessedBucke
                t><FullOabDownloadPreventionThreshold>0</FullOabDownloadPreventionThreshold><ZipOab
                FilesBeforeUploading>false</ZipOabFilesBeforeUploading></OfflineAddressBookConfigXM
                L>
                	
                Operation:
                	Type:	Value Added
                	Correlation ID:	{6C88E3D3-20C3-45D0-AAF0-1C1F7BDB4B3B}
                	Application Correlation ID:	-

ComputerName  : FRANK-ADC-04
EventID       : 5136
Title         : ADObject Modified
TimeGenerated : 9/29/2021 10:54:09 AM
Content       : A directory service object was modified.
                	
                Subject:
                	Security ID:		S-1-5-21-2956518221-444034542-2043350422-87305
                	Account Name:		EU1MB9903$
                	Account Domain:		ROAYA
                	Logon ID:		0xA38EDAFA
                
                Directory Service:
                	Name:	Roaya.loc
                	Type:	Active Directory Domain Services
                	
                Object:
                	DN:	CN=lab7tech.com Offline Address Book,CN=Offline Address Lists,CN=Address 
                Lists Container,CN=roaya,CN=Microsoft 
                Exchange,CN=Services,CN=Configuration,DC=Roaya,DC=loc
                	GUID:	{DD81C0E4-C9BB-41D5-87BC-E20A0425457D}
                	Class:	msExchOAB
                	
                Attribute:
                	LDAP Display Name:	msExchConfigurationXML
                	Syntax (OID):	2.5.5.12
                	Value:	<OfflineAddressBookConfigXML><ManifestVersion><AddressLists 
                AddressListId="c1e72bbe-2d3e-4783-8d9a-230672157d34" Sequence="489" 
                /></ManifestVersion><LastFailedTime p2:nil="true" 
                xmlns:p2="http://www.w3.org/2001/XMLSchema-instance" /><LastGeneratingData><Mailbox
                Guid>feea8dd2-5615-42ce-a176-1f29ddbca752</MailboxGuid><DatabaseGuid>77c5ed34-31bb-
                4d80-988c-932fec22ef7e</DatabaseGuid><ServerFqdn>EU1MB9903.Roaya.loc</ServerFqdn></
                LastGeneratingData><HttpHomeMdbLastProcessedBucket>0</HttpHomeMdbLastProcessedBucke
                t><FullOabDownloadPreventionThreshold>0</FullOabDownloadPreventionThreshold><ZipOab
                FilesBeforeUploading>false</ZipOabFilesBeforeUploading></OfflineAddressBookConfigXM
                L>
                	
                Operation:
                	Type:	Value Deleted
                	Correlation ID:	{6C88E3D3-20C3-45D0-AAF0-1C1F7BDB4B3B}
                	Application Correlation ID:	-

ComputerName  : FRANK-ADC-04
EventID       : 5136
Title         : ADObject Modified
TimeGenerated : 9/29/2021 10:54:09 AM
Content       : A directory service object was modified.
                	
                Subject:
                	Security ID:		S-1-5-21-2956518221-444034542-2043350422-87305
                	Account Name:		EU1MB9903$
                	Account Domain:		ROAYA
                	Logon ID:		0xA38EDAFA
                
                Directory Service:
                	Name:	Roaya.loc
                	Type:	Active Directory Domain Services
                	
                Object:
                	DN:	CN=lab7tech.com Offline Address Book,CN=Offline Address Lists,CN=Address 
                Lists Container,CN=roaya,CN=Microsoft 
                Exchange,CN=Services,CN=Configuration,DC=Roaya,DC=loc
                	GUID:	{DD81C0E4-C9BB-41D5-87BC-E20A0425457D}
                	Class:	msExchOAB
                	
                Attribute:
                	LDAP Display Name:	msExchOABLastTouchedTime
                	Syntax (OID):	2.5.5.11
                	Value:	20210929085403.0Z
                	
                Operation:
                	Type:	Value Added
                	Correlation ID:	{6C88E3D3-20C3-45D0-AAF0-1C1F7BDB4B3B}
                	Application Correlation ID:	-

ComputerName  : FRANK-ADC-04
EventID       : 5136
Title         : ADObject Modified
TimeGenerated : 9/29/2021 10:54:09 AM
Content       : A directory service object was modified.
                	
                Subject:
                	Security ID:		S-1-5-21-2956518221-444034542-2043350422-87305
                	Account Name:		EU1MB9903$
                	Account Domain:		ROAYA
                	Logon ID:		0xA38EDAFA
                
                Directory Service:
                	Name:	Roaya.loc
                	Type:	Active Directory Domain Services
                	
                Object:
                	DN:	CN=lab7tech.com Offline Address Book,CN=Offline Address Lists,CN=Address 
                Lists Container,CN=roaya,CN=Microsoft 
                Exchange,CN=Services,CN=Configuration,DC=Roaya,DC=loc
                	GUID:	{DD81C0E4-C9BB-41D5-87BC-E20A0425457D}
                	Class:	msExchOAB
                	
                Attribute:
                	LDAP Display Name:	msExchOABLastTouchedTime
                	Syntax (OID):	2.5.5.11
                	Value:	20210929041300.0Z
                	
                Operation:
                	Type:	Value Deleted
                	Correlation ID:	{6C88E3D3-20C3-45D0-AAF0-1C1F7BDB4B3B}
                	Application Correlation ID:	-

ComputerName  : FRANK-ADC-04
EventID       : 5136
Title         : ADObject Modified
TimeGenerated : 9/29/2021 10:54:09 AM
Content       : A directory service object was modified.
                	
                Subject:
                	Security ID:		S-1-5-21-2956518221-444034542-2043350422-87305
                	Account Name:		EU1MB9903$
                	Account Domain:		ROAYA
                	Logon ID:		0xA38EDAFA
                
                Directory Service:
                	Name:	Roaya.loc
                	Type:	Active Directory Domain Services
                	
                Object:
                	DN:	CN=comegy.com Offline Address Book,CN=Offline Address Lists,CN=Address Lists 
                Container,CN=roaya,CN=Microsoft 
                Exchange,CN=Services,CN=Configuration,DC=Roaya,DC=loc
                	GUID:	{B084CE40-0A37-45B3-883D-1C9232B663B0}
                	Class:	msExchOAB
                	
                Attribute:
                	LDAP Display Name:	msExchOABLastTouchedTime
                	Syntax (OID):	2.5.5.11
                	Value:	20210929085400.0Z
                	
                Operation:
                	Type:	Value Added
                	Correlation ID:	{BA954556-EA04-4D9E-BD19-9327118DEF84}
                	Application Correlation ID:	-

ComputerName  : FRANK-ADC-04
EventID       : 5136
Title         : ADObject Modified
TimeGenerated : 9/29/2021 10:54:09 AM
Content       : A directory service object was modified.
                	
                Subject:
                	Security ID:		S-1-5-21-2956518221-444034542-2043350422-87305
                	Account Name:		EU1MB9903$
                	Account Domain:		ROAYA
                	Logon ID:		0xA38EDAFA
                
                Directory Service:
                	Name:	Roaya.loc
                	Type:	Active Directory Domain Services
                	
                Object:
                	DN:	CN=comegy.com Offline Address Book,CN=Offline Address Lists,CN=Address Lists 
                Container,CN=roaya,CN=Microsoft 
                Exchange,CN=Services,CN=Configuration,DC=Roaya,DC=loc
                	GUID:	{B084CE40-0A37-45B3-883D-1C9232B663B0}
                	Class:	msExchOAB
                	
                Attribute:
                	LDAP Display Name:	msExchOABLastTouchedTime
                	Syntax (OID):	2.5.5.11
                	Value:	20210929041257.0Z
                	
                Operation:
                	Type:	Value Deleted
                	Correlation ID:	{BA954556-EA04-4D9E-BD19-9327118DEF84}
                	Application Correlation ID:	-

ComputerName  : FRANK-ADC-04
EventID       : 5136
Title         : ADObject Modified
TimeGenerated : 9/29/2021 10:53:59 AM
Content       : A directory service object was modified.
                	
                Subject:
                	Security ID:		S-1-5-21-2956518221-444034542-2043350422-87305
                	Account Name:		EU1MB9903$
                	Account Domain:		ROAYA
                	Logon ID:		0xA38EDAFA
                
                Directory Service:
                	Name:	Roaya.loc
                	Type:	Active Directory Domain Services
                	
                Object:
                	DN:	CN=razmerniki.com Offline Address Book,CN=Offline Address Lists,CN=Address 
                Lists Container,CN=roaya,CN=Microsoft 
                Exchange,CN=Services,CN=Configuration,DC=Roaya,DC=loc
                	GUID:	{115EA092-F3C1-4AC0-A16C-78976E37DDD9}
                	Class:	msExchOAB
                	
                Attribute:
                	LDAP Display Name:	msExchOABLastTouchedTime
                	Syntax (OID):	2.5.5.11
                	Value:	20210929085355.0Z
                	
                Operation:
                	Type:	Value Added
                	Correlation ID:	{A1963A2D-88EF-4351-8751-DE139042B7A8}
                	Application Correlation ID:	-

ComputerName  : FRANK-ADC-04
EventID       : 5136
Title         : ADObject Modified
TimeGenerated : 9/29/2021 10:53:59 AM
Content       : A directory service object was modified.
                	
                Subject:
                	Security ID:		S-1-5-21-2956518221-444034542-2043350422-87305
                	Account Name:		EU1MB9903$
                	Account Domain:		ROAYA
                	Logon ID:		0xA38EDAFA
                
                Directory Service:
                	Name:	Roaya.loc
                	Type:	Active Directory Domain Services
                	
                Object:
                	DN:	CN=razmerniki.com Offline Address Book,CN=Offline Address Lists,CN=Address 
                Lists Container,CN=roaya,CN=Microsoft 
                Exchange,CN=Services,CN=Configuration,DC=Roaya,DC=loc
                	GUID:	{115EA092-F3C1-4AC0-A16C-78976E37DDD9}
                	Class:	msExchOAB
                	
                Attribute:
                	LDAP Display Name:	msExchOABLastTouchedTime
                	Syntax (OID):	2.5.5.11
                	Value:	20210929041253.0Z
                	
                Operation:
                	Type:	Value Deleted
                	Correlation ID:	{A1963A2D-88EF-4351-8751-DE139042B7A8}
                	Application Correlation ID:	-

ComputerName  : FRANK-ADC-04
EventID       : 5136
Title         : ADObject Modified
TimeGenerated : 9/29/2021 10:53:59 AM
Content       : A directory service object was modified.
                	
                Subject:
                	Security ID:		S-1-5-21-2956518221-444034542-2043350422-87305
                	Account Name:		EU1MB9903$
                	Account Domain:		ROAYA
                	Logon ID:		0xA38EDAFA
                
                Directory Service:
                	Name:	Roaya.loc
                	Type:	Active Directory Domain Services
                	
                Object:
                	DN:	CN=gygyg.gugug Offline Address Book,CN=Offline Address Lists,CN=Address Lists 
                Container,CN=roaya,CN=Microsoft 
                Exchange,CN=Services,CN=Configuration,DC=Roaya,DC=loc
                	GUID:	{2682BB8A-0DB2-4838-ACF6-D7BFFC37F2E4}
                	Class:	msExchOAB
                	
                Attribute:
                	LDAP Display Name:	msExchOABLastTouchedTime
                	Syntax (OID):	2.5.5.11
                	Value:	20210929085357.0Z
                	
                Operation:
                	Type:	Value Added
                	Correlation ID:	{7305B07B-299B-45B7-ACE0-1CF4980EC5A9}
                	Application Correlation ID:	-

ComputerName  : FRANK-ADC-04
EventID       : 5136
Title         : ADObject Modified
TimeGenerated : 9/29/2021 10:53:59 AM
Content       : A directory service object was modified.
                	
                Subject:
                	Security ID:		S-1-5-21-2956518221-444034542-2043350422-87305
                	Account Name:		EU1MB9903$
                	Account Domain:		ROAYA
                	Logon ID:		0xA38EDAFA
                
                Directory Service:
                	Name:	Roaya.loc
                	Type:	Active Directory Domain Services
                	
                Object:
                	DN:	CN=gygyg.gugug Offline Address Book,CN=Offline Address Lists,CN=Address Lists 
                Container,CN=roaya,CN=Microsoft 
                Exchange,CN=Services,CN=Configuration,DC=Roaya,DC=loc
                	GUID:	{2682BB8A-0DB2-4838-ACF6-D7BFFC37F2E4}
                	Class:	msExchOAB
                	
                Attribute:
                	LDAP Display Name:	msExchOABLastTouchedTime
                	Syntax (OID):	2.5.5.11
                	Value:	20210929041255.0Z
                	
                Operation:
                	Type:	Value Deleted
                	Correlation ID:	{7305B07B-299B-45B7-ACE0-1CF4980EC5A9}
                	Application Correlation ID:	-

ComputerName  : FRANK-ADC-04
EventID       : 5136
Title         : ADObject Modified
TimeGenerated : 9/29/2021 10:53:59 AM
Content       : A directory service object was modified.
                	
                Subject:
                	Security ID:		S-1-5-21-2956518221-444034542-2043350422-87305
                	Account Name:		EU1MB9903$
                	Account Domain:		ROAYA
                	Logon ID:		0xA38EDAFA
                
                Directory Service:
                	Name:	Roaya.loc
                	Type:	Active Directory Domain Services
                	
                Object:
                	DN:	CN=bbb.com Offline Address Book,CN=Offline Address Lists,CN=Address Lists 
                Container,CN=roaya,CN=Microsoft 
                Exchange,CN=Services,CN=Configuration,DC=Roaya,DC=loc
                	GUID:	{C764B63A-6913-437B-8AAB-CD65A76DD98C}
                	Class:	msExchOAB
                	
                Attribute:
                	LDAP Display Name:	msExchOABLastTouchedTime
                	Syntax (OID):	2.5.5.11
                	Value:	20210929085352.0Z
                	
                Operation:
                	Type:	Value Added
                	Correlation ID:	{2C9073B4-E0BB-4C1F-AE11-D076FACFE2B3}
                	Application Correlation ID:	-

ComputerName  : FRANK-ADC-04
EventID       : 5136
Title         : ADObject Modified
TimeGenerated : 9/29/2021 10:53:59 AM
Content       : A directory service object was modified.
                	
                Subject:
                	Security ID:		S-1-5-21-2956518221-444034542-2043350422-87305
                	Account Name:		EU1MB9903$
                	Account Domain:		ROAYA
                	Logon ID:		0xA38EDAFA
                
                Directory Service:
                	Name:	Roaya.loc
                	Type:	Active Directory Domain Services
                	
                Object:
                	DN:	CN=bbb.com Offline Address Book,CN=Offline Address Lists,CN=Address Lists 
                Container,CN=roaya,CN=Microsoft 
                Exchange,CN=Services,CN=Configuration,DC=Roaya,DC=loc
                	GUID:	{C764B63A-6913-437B-8AAB-CD65A76DD98C}
                	Class:	msExchOAB
                	
                Attribute:
                	LDAP Display Name:	msExchOABLastTouchedTime
                	Syntax (OID):	2.5.5.11
                	Value:	20210929041251.0Z
                	
                Operation:
                	Type:	Value Deleted
                	Correlation ID:	{2C9073B4-E0BB-4C1F-AE11-D076FACFE2B3}
                	Application Correlation ID:	-

ComputerName  : FRANK-ADC-04
EventID       : 5136
Title         : ADObject Modified
TimeGenerated : 9/29/2021 10:53:49 AM
Content       : A directory service object was modified.
                	
                Subject:
                	Security ID:		S-1-5-21-2956518221-444034542-2043350422-87305
                	Account Name:		EU1MB9903$
                	Account Domain:		ROAYA
                	Logon ID:		0xA38EDAFA
                
                Directory Service:
                	Name:	Roaya.loc
                	Type:	Active Directory Domain Services
                	
                Object:
                	DN:	CN=abc Offline Address Book,CN=Offline Address Lists,CN=Address Lists 
                Container,CN=roaya,CN=Microsoft 
                Exchange,CN=Services,CN=Configuration,DC=Roaya,DC=loc
                	GUID:	{19B75041-5790-4453-B243-22390CFAFB83}
                	Class:	msExchOAB
                	
                Attribute:
                	LDAP Display Name:	msExchConfigurationXML
                	Syntax (OID):	2.5.5.12
                	Value:	<OfflineAddressBookConfigXML><ManifestVersion><AddressLists 
                AddressListId="90fe669c-52ed-4221-8af4-89ddb9f64eb5" Sequence="505" 
                /></ManifestVersion><LastFailedTime p2:nil="true" 
                xmlns:p2="http://www.w3.org/2001/XMLSchema-instance" /><LastGeneratingData><Mailbox
                Guid>feea8dd2-5615-42ce-a176-1f29ddbca752</MailboxGuid><DatabaseGuid>77c5ed34-31bb-
                4d80-988c-932fec22ef7e</DatabaseGuid><ServerFqdn>EU1MB9903.Roaya.loc</ServerFqdn></
                LastGeneratingData><HttpHomeMdbLastProcessedBucket>0</HttpHomeMdbLastProcessedBucke
                t><FullOabDownloadPreventionThreshold>0</FullOabDownloadPreventionThreshold><ZipOab
                FilesBeforeUploading>false</ZipOabFilesBeforeUploading></OfflineAddressBookConfigXM
                L>
                	
                Operation:
                	Type:	Value Added
                	Correlation ID:	{D0A7E555-2ECE-4DEB-BC80-16638266BBEC}
                	Application Correlation ID:	-

ComputerName  : FRANK-ADC-04
EventID       : 5136
Title         : ADObject Modified
TimeGenerated : 9/29/2021 10:53:49 AM
Content       : A directory service object was modified.
                	
                Subject:
                	Security ID:		S-1-5-21-2956518221-444034542-2043350422-87305
                	Account Name:		EU1MB9903$
                	Account Domain:		ROAYA
                	Logon ID:		0xA38EDAFA
                
                Directory Service:
                	Name:	Roaya.loc
                	Type:	Active Directory Domain Services
                	
                Object:
                	DN:	CN=abc Offline Address Book,CN=Offline Address Lists,CN=Address Lists 
                Container,CN=roaya,CN=Microsoft 
                Exchange,CN=Services,CN=Configuration,DC=Roaya,DC=loc
                	GUID:	{19B75041-5790-4453-B243-22390CFAFB83}
                	Class:	msExchOAB
                	
                Attribute:
                	LDAP Display Name:	msExchConfigurationXML
                	Syntax (OID):	2.5.5.12
                	Value:	<OfflineAddressBookConfigXML><ManifestVersion><AddressLists 
                AddressListId="90fe669c-52ed-4221-8af4-89ddb9f64eb5" Sequence="504" 
                /></ManifestVersion><LastFailedTime p2:nil="true" 
                xmlns:p2="http://www.w3.org/2001/XMLSchema-instance" /><LastGeneratingData><Mailbox
                Guid>feea8dd2-5615-42ce-a176-1f29ddbca752</MailboxGuid><DatabaseGuid>77c5ed34-31bb-
                4d80-988c-932fec22ef7e</DatabaseGuid><ServerFqdn>EU1MB9903.Roaya.loc</ServerFqdn></
                LastGeneratingData><HttpHomeMdbLastProcessedBucket>0</HttpHomeMdbLastProcessedBucke
                t><FullOabDownloadPreventionThreshold>0</FullOabDownloadPreventionThreshold><ZipOab
                FilesBeforeUploading>false</ZipOabFilesBeforeUploading></OfflineAddressBookConfigXM
                L>
                	
                Operation:
                	Type:	Value Deleted
                	Correlation ID:	{D0A7E555-2ECE-4DEB-BC80-16638266BBEC}
                	Application Correlation ID:	-

ComputerName  : FRANK-ADC-04
EventID       : 5136
Title         : ADObject Modified
TimeGenerated : 9/29/2021 10:53:49 AM
Content       : A directory service object was modified.
                	
                Subject:
                	Security ID:		S-1-5-21-2956518221-444034542-2043350422-87305
                	Account Name:		EU1MB9903$
                	Account Domain:		ROAYA
                	Logon ID:		0xA38EDAFA
                
                Directory Service:
                	Name:	Roaya.loc
                	Type:	Active Directory Domain Services
                	
                Object:
                	DN:	CN=abc Offline Address Book,CN=Offline Address Lists,CN=Address Lists 
                Container,CN=roaya,CN=Microsoft 
                Exchange,CN=Services,CN=Configuration,DC=Roaya,DC=loc
                	GUID:	{19B75041-5790-4453-B243-22390CFAFB83}
                	Class:	msExchOAB
                	
                Attribute:
                	LDAP Display Name:	msExchOABLastTouchedTime
                	Syntax (OID):	2.5.5.11
                	Value:	20210929085344.0Z
                	
                Operation:
                	Type:	Value Added
                	Correlation ID:	{D0A7E555-2ECE-4DEB-BC80-16638266BBEC}
                	Application Correlation ID:	-

ComputerName  : FRANK-ADC-04
EventID       : 5136
Title         : ADObject Modified
TimeGenerated : 9/29/2021 10:53:49 AM
Content       : A directory service object was modified.
                	
                Subject:
                	Security ID:		S-1-5-21-2956518221-444034542-2043350422-87305
                	Account Name:		EU1MB9903$
                	Account Domain:		ROAYA
                	Logon ID:		0xA38EDAFA
                
                Directory Service:
                	Name:	Roaya.loc
                	Type:	Active Directory Domain Services
                	
                Object:
                	DN:	CN=abc Offline Address Book,CN=Offline Address Lists,CN=Address Lists 
                Container,CN=roaya,CN=Microsoft 
                Exchange,CN=Services,CN=Configuration,DC=Roaya,DC=loc
                	GUID:	{19B75041-5790-4453-B243-22390CFAFB83}
                	Class:	msExchOAB
                	
                Attribute:
                	LDAP Display Name:	msExchOABLastTouchedTime
                	Syntax (OID):	2.5.5.11
                	Value:	20210929041244.0Z
                	
                Operation:
                	Type:	Value Deleted
                	Correlation ID:	{D0A7E555-2ECE-4DEB-BC80-16638266BBEC}
                	Application Correlation ID:	-

ComputerName  : FRANK-ADC-04
EventID       : 5136
Title         : ADObject Modified
TimeGenerated : 9/29/2021 10:53:49 AM
Content       : A directory service object was modified.
                	
                Subject:
                	Security ID:		S-1-5-21-2956518221-444034542-2043350422-87305
                	Account Name:		EU1MB9903$
                	Account Domain:		ROAYA
                	Logon ID:		0xA38EDAFA
                
                Directory Service:
                	Name:	Roaya.loc
                	Type:	Active Directory Domain Services
                	
                Object:
                	DN:	CN=www.mnsjapan.co Offline Address Book,CN=Offline Address Lists,CN=Address 
                Lists Container,CN=roaya,CN=Microsoft 
                Exchange,CN=Services,CN=Configuration,DC=Roaya,DC=loc
                	GUID:	{3C715AC5-2B08-4E05-95A4-97217950E4B6}
                	Class:	msExchOAB
                	
                Attribute:
                	LDAP Display Name:	msExchOABLastTouchedTime
                	Syntax (OID):	2.5.5.11
                	Value:	20210929085341.0Z
                	
                Operation:
                	Type:	Value Added
                	Correlation ID:	{0AE6DD47-F769-485B-825A-BB6731463D39}
                	Application Correlation ID:	-

ComputerName  : FRANK-ADC-04
EventID       : 5136
Title         : ADObject Modified
TimeGenerated : 9/29/2021 10:53:49 AM
Content       : A directory service object was modified.
                	
                Subject:
                	Security ID:		S-1-5-21-2956518221-444034542-2043350422-87305
                	Account Name:		EU1MB9903$
                	Account Domain:		ROAYA
                	Logon ID:		0xA38EDAFA
                
                Directory Service:
                	Name:	Roaya.loc
                	Type:	Active Directory Domain Services
                	
                Object:
                	DN:	CN=www.mnsjapan.co Offline Address Book,CN=Offline Address Lists,CN=Address 
                Lists Container,CN=roaya,CN=Microsoft 
                Exchange,CN=Services,CN=Configuration,DC=Roaya,DC=loc
                	GUID:	{3C715AC5-2B08-4E05-95A4-97217950E4B6}
                	Class:	msExchOAB
                	
                Attribute:
                	LDAP Display Name:	msExchOABLastTouchedTime
                	Syntax (OID):	2.5.5.11
                	Value:	20210929041242.0Z
                	
                Operation:
                	Type:	Value Deleted
                	Correlation ID:	{0AE6DD47-F769-485B-825A-BB6731463D39}
                	Application Correlation ID:	-

ComputerName  : FRANK-ADC-04
EventID       : 5136
Title         : ADObject Modified
TimeGenerated : 9/29/2021 10:53:49 AM
Content       : A directory service object was modified.
                	
                Subject:
                	Security ID:		S-1-5-21-2956518221-444034542-2043350422-87305
                	Account Name:		EU1MB9903$
                	Account Domain:		ROAYA
                	Logon ID:		0xA38EDAFA
                
                Directory Service:
                	Name:	Roaya.loc
                	Type:	Active Directory Domain Services
                	
                Object:
                	DN:	CN=ranatech.com Offline Address Book,CN=Offline Address Lists,CN=Address 
                Lists Container,CN=roaya,CN=Microsoft 
                Exchange,CN=Services,CN=Configuration,DC=Roaya,DC=loc
                	GUID:	{A7FD2E88-A1EF-4936-9515-F3C54D0638F1}
                	Class:	msExchOAB
                	
                Attribute:
                	LDAP Display Name:	msExchOABLastTouchedTime
                	Syntax (OID):	2.5.5.11
                	Value:	20210929085339.0Z
                	
                Operation:
                	Type:	Value Added
                	Correlation ID:	{47904DD9-09D0-47E9-B4E9-C9392319386B}
                	Application Correlation ID:	-

ComputerName  : FRANK-ADC-04
EventID       : 5136
Title         : ADObject Modified
TimeGenerated : 9/29/2021 10:53:49 AM
Content       : A directory service object was modified.
                	
                Subject:
                	Security ID:		S-1-5-21-2956518221-444034542-2043350422-87305
                	Account Name:		EU1MB9903$
                	Account Domain:		ROAYA
                	Logon ID:		0xA38EDAFA
                
                Directory Service:
                	Name:	Roaya.loc
                	Type:	Active Directory Domain Services
                	
                Object:
                	DN:	CN=ranatech.com Offline Address Book,CN=Offline Address Lists,CN=Address 
                Lists Container,CN=roaya,CN=Microsoft 
                Exchange,CN=Services,CN=Configuration,DC=Roaya,DC=loc
                	GUID:	{A7FD2E88-A1EF-4936-9515-F3C54D0638F1}
                	Class:	msExchOAB
                	
                Attribute:
                	LDAP Display Name:	msExchOABLastTouchedTime
                	Syntax (OID):	2.5.5.11
                	Value:	20210929041239.0Z
                	
                Operation:
                	Type:	Value Deleted
                	Correlation ID:	{47904DD9-09D0-47E9-B4E9-C9392319386B}
                	Application Correlation ID:	-

ComputerName  : FRANK-ADC-04
EventID       : 5136
Title         : ADObject Modified
TimeGenerated : 9/29/2021 10:53:39 AM
Content       : A directory service object was modified.
                	
                Subject:
                	Security ID:		S-1-5-21-2956518221-444034542-2043350422-87305
                	Account Name:		EU1MB9903$
                	Account Domain:		ROAYA
                	Logon ID:		0xA38EDAFA
                
                Directory Service:
                	Name:	Roaya.loc
                	Type:	Active Directory Domain Services
                	
                Object:
                	DN:	CN=cairocontract.com Offline Address Book,CN=Offline Address Lists,CN=Address 
                Lists Container,CN=roaya,CN=Microsoft 
                Exchange,CN=Services,CN=Configuration,DC=Roaya,DC=loc
                	GUID:	{8BF121CC-E483-45CA-8D4A-416244480E82}
                	Class:	msExchOAB
                	
                Attribute:
                	LDAP Display Name:	msExchOABLastTouchedTime
                	Syntax (OID):	2.5.5.11
                	Value:	20210929085334.0Z
                	
                Operation:
                	Type:	Value Added
                	Correlation ID:	{4C56AEDF-0B67-4F49-81B1-67687D4CD883}
                	Application Correlation ID:	-

ComputerName  : FRANK-ADC-04
EventID       : 5136
Title         : ADObject Modified
TimeGenerated : 9/29/2021 10:53:39 AM
Content       : A directory service object was modified.
                	
                Subject:
                	Security ID:		S-1-5-21-2956518221-444034542-2043350422-87305
                	Account Name:		EU1MB9903$
                	Account Domain:		ROAYA
                	Logon ID:		0xA38EDAFA
                
                Directory Service:
                	Name:	Roaya.loc
                	Type:	Active Directory Domain Services
                	
                Object:
                	DN:	CN=cairocontract.com Offline Address Book,CN=Offline Address Lists,CN=Address 
                Lists Container,CN=roaya,CN=Microsoft 
                Exchange,CN=Services,CN=Configuration,DC=Roaya,DC=loc
                	GUID:	{8BF121CC-E483-45CA-8D4A-416244480E82}
                	Class:	msExchOAB
                	
                Attribute:
                	LDAP Display Name:	msExchOABLastTouchedTime
                	Syntax (OID):	2.5.5.11
                	Value:	20210929041236.0Z
                	
                Operation:
                	Type:	Value Deleted
                	Correlation ID:	{4C56AEDF-0B67-4F49-81B1-67687D4CD883}
                	Application Correlation ID:	-

ComputerName  : FRANK-ADC-04
EventID       : 5136
Title         : ADObject Modified
TimeGenerated : 9/29/2021 10:53:39 AM
Content       : A directory service object was modified.
                	
                Subject:
                	Security ID:		S-1-5-21-2956518221-444034542-2043350422-87305
                	Account Name:		EU1MB9903$
                	Account Domain:		ROAYA
                	Logon ID:		0xA38EDAFA
                
                Directory Service:
                	Name:	Roaya.loc
                	Type:	Active Directory Domain Services
                	
                Object:
                	DN:	CN=bugtest.bugtest Offline Address Book,CN=Offline Address Lists,CN=Address 
                Lists Container,CN=roaya,CN=Microsoft 
                Exchange,CN=Services,CN=Configuration,DC=Roaya,DC=loc
                	GUID:	{BD721A9F-769C-4491-B3EB-0797918FBDD7}
                	Class:	msExchOAB
                	
                Attribute:
                	LDAP Display Name:	msExchOABLastTouchedTime
                	Syntax (OID):	2.5.5.11
                	Value:	20210929085331.0Z
                	
                Operation:
                	Type:	Value Added
                	Correlation ID:	{C9C9332D-1D09-45B1-B512-C81543975E68}
                	Application Correlation ID:	-

ComputerName  : FRANK-ADC-04
EventID       : 5136
Title         : ADObject Modified
TimeGenerated : 9/29/2021 10:53:39 AM
Content       : A directory service object was modified.
                	
                Subject:
                	Security ID:		S-1-5-21-2956518221-444034542-2043350422-87305
                	Account Name:		EU1MB9903$
                	Account Domain:		ROAYA
                	Logon ID:		0xA38EDAFA
                
                Directory Service:
                	Name:	Roaya.loc
                	Type:	Active Directory Domain Services
                	
                Object:
                	DN:	CN=bugtest.bugtest Offline Address Book,CN=Offline Address Lists,CN=Address 
                Lists Container,CN=roaya,CN=Microsoft 
                Exchange,CN=Services,CN=Configuration,DC=Roaya,DC=loc
                	GUID:	{BD721A9F-769C-4491-B3EB-0797918FBDD7}
                	Class:	msExchOAB
                	
                Attribute:
                	LDAP Display Name:	msExchOABLastTouchedTime
                	Syntax (OID):	2.5.5.11
                	Value:	20210929041234.0Z
                	
                Operation:
                	Type:	Value Deleted
                	Correlation ID:	{C9C9332D-1D09-45B1-B512-C81543975E68}
                	Application Correlation ID:	-

ComputerName  : FRANK-ADC-04
EventID       : 5136
Title         : ADObject Modified
TimeGenerated : 9/29/2021 10:53:39 AM
Content       : A directory service object was modified.
                	
                Subject:
                	Security ID:		S-1-5-21-2956518221-444034542-2043350422-87305
                	Account Name:		EU1MB9903$
                	Account Domain:		ROAYA
                	Logon ID:		0xA38EDAFA
                
                Directory Service:
                	Name:	Roaya.loc
                	Type:	Active Directory Domain Services
                	
                Object:
                	DN:	CN=xmarthost.store Offline Address Book,CN=Offline Address Lists,CN=Address 
                Lists Container,CN=roaya,CN=Microsoft 
                Exchange,CN=Services,CN=Configuration,DC=Roaya,DC=loc
                	GUID:	{8ED0DDD4-B570-4E39-B4EA-FC014036A7B2}
                	Class:	msExchOAB
                	
                Attribute:
                	LDAP Display Name:	msExchOABLastTouchedTime
                	Syntax (OID):	2.5.5.11
                	Value:	20210929085336.0Z
                	
                Operation:
                	Type:	Value Added
                	Correlation ID:	{D58300E5-AE5B-4E00-B6C3-F5A571EB5AE1}
                	Application Correlation ID:	-

ComputerName  : FRANK-ADC-04
EventID       : 5136
Title         : ADObject Modified
TimeGenerated : 9/29/2021 10:53:39 AM
Content       : A directory service object was modified.
                	
                Subject:
                	Security ID:		S-1-5-21-2956518221-444034542-2043350422-87305
                	Account Name:		EU1MB9903$
                	Account Domain:		ROAYA
                	Logon ID:		0xA38EDAFA
                
                Directory Service:
                	Name:	Roaya.loc
                	Type:	Active Directory Domain Services
                	
                Object:
                	DN:	CN=xmarthost.store Offline Address Book,CN=Offline Address Lists,CN=Address 
                Lists Container,CN=roaya,CN=Microsoft 
                Exchange,CN=Services,CN=Configuration,DC=Roaya,DC=loc
                	GUID:	{8ED0DDD4-B570-4E39-B4EA-FC014036A7B2}
                	Class:	msExchOAB
                	
                Attribute:
                	LDAP Display Name:	msExchOABLastTouchedTime
                	Syntax (OID):	2.5.5.11
                	Value:	20210929041238.0Z
                	
                Operation:
                	Type:	Value Deleted
                	Correlation ID:	{D58300E5-AE5B-4E00-B6C3-F5A571EB5AE1}
                	Application Correlation ID:	-

ComputerName  : FRANK-ADC-05
EventID       : 5136
Title         : ADObject Modified
TimeGenerated : 9/29/2021 10:53:29 AM
Content       : A directory service object was modified.
                	
                Subject:
                	Security ID:		S-1-5-21-2956518221-444034542-2043350422-87999
                	Account Name:		KSE
                	Account Domain:		ROAYA
                	Logon ID:		0x1A8B80B5
                
                Directory Service:
                	Name:	Roaya.loc
                	Type:	Active Directory Domain Services
                	
                Object:
                	DN:	CN=ILicensingDataSubset,CN=2019,CN=KSE8.0,CN=KasperskyLab,CN=Services,CN=Confi
                guration,DC=Roaya,DC=loc
                	GUID:	{99FCAE27-652F-4749-A2DC-C0AC59D99F77}
                	Class:	msDS-App-Configuration
                	
                Attribute:
                	LDAP Display Name:	msDS-ByteArray
                	Syntax (OID):	2.5.5.10
                	Value:	<Binary>
                	
                Operation:
                	Type:	Value Added
                	Correlation ID:	{1D2A06A8-1AE4-423C-83B4-1E827DA2653E}
                	Application Correlation ID:	-

ComputerName  : FRANK-ADC-05
EventID       : 5136
Title         : ADObject Modified
TimeGenerated : 9/29/2021 10:53:29 AM
Content       : A directory service object was modified.
                	
                Subject:
                	Security ID:		S-1-5-21-2956518221-444034542-2043350422-87999
                	Account Name:		KSE
                	Account Domain:		ROAYA
                	Logon ID:		0x1A8B80B5
                
                Directory Service:
                	Name:	Roaya.loc
                	Type:	Active Directory Domain Services
                	
                Object:
                	DN:	CN=ILicensingDataSubset,CN=2019,CN=KSE8.0,CN=KasperskyLab,CN=Services,CN=Confi
                guration,DC=Roaya,DC=loc
                	GUID:	{99FCAE27-652F-4749-A2DC-C0AC59D99F77}
                	Class:	msDS-App-Configuration
                	
                Attribute:
                	LDAP Display Name:	msDS-ByteArray
                	Syntax (OID):	2.5.5.10
                	Value:	<Binary>
                	
                Operation:
                	Type:	Value Deleted
                	Correlation ID:	{1D2A06A8-1AE4-423C-83B4-1E827DA2653E}
                	Application Correlation ID:	-

ComputerName  : FRANK-ADC-04
EventID       : 5136
Title         : ADObject Modified
TimeGenerated : 9/29/2021 10:53:28 AM
Content       : A directory service object was modified.
                	
                Subject:
                	Security ID:		S-1-5-21-2956518221-444034542-2043350422-87305
                	Account Name:		EU1MB9903$
                	Account Domain:		ROAYA
                	Logon ID:		0xA38EDAFA
                
                Directory Service:
                	Name:	Roaya.loc
                	Type:	Active Directory Domain Services
                	
                Object:
                	DN:	CN=asa-aoa.com Offline Address Book,CN=Offline Address Lists,CN=Address Lists 
                Container,CN=roaya,CN=Microsoft 
                Exchange,CN=Services,CN=Configuration,DC=Roaya,DC=loc
                	GUID:	{83D0CB9C-06CB-4241-8496-C0BC47F8EE87}
                	Class:	msExchOAB
                	
                Attribute:
                	LDAP Display Name:	msExchConfigurationXML
                	Syntax (OID):	2.5.5.12
                	Value:	<OfflineAddressBookConfigXML><ManifestVersion><AddressLists 
                AddressListId="82b18554-1657-454f-ba75-902069d18c74" Sequence="495" 
                /></ManifestVersion><LastFailedTime p2:nil="true" 
                xmlns:p2="http://www.w3.org/2001/XMLSchema-instance" /><LastGeneratingData><Mailbox
                Guid>feea8dd2-5615-42ce-a176-1f29ddbca752</MailboxGuid><DatabaseGuid>77c5ed34-31bb-
                4d80-988c-932fec22ef7e</DatabaseGuid><ServerFqdn>EU1MB9903.Roaya.loc</ServerFqdn></
                LastGeneratingData><HttpHomeMdbLastProcessedBucket>0</HttpHomeMdbLastProcessedBucke
                t><FullOabDownloadPreventionThreshold>0</FullOabDownloadPreventionThreshold><ZipOab
                FilesBeforeUploading>false</ZipOabFilesBeforeUploading></OfflineAddressBookConfigXM
                L>
                	
                Operation:
                	Type:	Value Added
                	Correlation ID:	{E22DC0E1-7046-4877-BB22-5952A18B39C5}
                	Application Correlation ID:	-

