ComputerName  : FRANK-PDC
EventID       : 5136
Title         : ADObject Modified
TimeGenerated : 8/5/2021 2:03:15 PM
Content       : A directory service object was modified.
                	
                Subject:
                	Security ID:		S-1-5-21-2956518221-444034542-2043350422-97789
                	Account Name:		LPC-SolidAdmin
                	Account Domain:		ROAYA
                	Logon ID:		0x2CF7DF93A
                
                Directory Service:
                	Name:	Roaya.loc
                	Type:	Active Directory Domain Services
                	
                Object:
                	DN:	CN=aeid_almottahedon-ph,OU=almottahedon-pharma.com,OU=Mail,DC=Roaya,DC=loc
                	GUID:	{0AB9683E-8FA3-4FFA-9E23-D64A0766AF58}
                	Class:	user
                	
                Attribute:
                	LDAP Display Name:	msExchMobileMailboxPolicyLink
                	Syntax (OID):	2.5.5.1
                	Value:	CN=almottahedon-pharma.com,CN=Mobile Mailbox Policies,CN=roaya,CN=Microsoft 
                Exchange,CN=Services,CN=Configuration,DC=Roaya,DC=loc
                	
                Operation:
                	Type:	Value Added
                	Correlation ID:	{C22FEAC3-3CD8-46D6-8897-A391CB01EE3F}
                	Application Correlation ID:	-

ComputerName  : FRANK-PDC
EventID       : 5136
Title         : ADObject Modified
TimeGenerated : 8/5/2021 2:03:15 PM
Content       : A directory service object was modified.
                	
                Subject:
                	Security ID:		S-1-5-21-2956518221-444034542-2043350422-97789
                	Account Name:		LPC-SolidAdmin
                	Account Domain:		ROAYA
                	Logon ID:		0x2CF7DF93A
                
                Directory Service:
                	Name:	Roaya.loc
                	Type:	Active Directory Domain Services
                	
                Object:
                	DN:	CN=aeid_almottahedon-ph,OU=almottahedon-pharma.com,OU=Mail,DC=Roaya,DC=loc
                	GUID:	{0AB9683E-8FA3-4FFA-9E23-D64A0766AF58}
                	Class:	user
                	
                Attribute:
                	LDAP Display Name:	protocolSettings
                	Syntax (OID):	2.5.5.12
                	Value:	IMAP41
                	
                Operation:
                	Type:	Value Added
                	Correlation ID:	{C22FEAC3-3CD8-46D6-8897-A391CB01EE3F}
                	Application Correlation ID:	-

ComputerName  : FRANK-PDC
EventID       : 5136
Title         : ADObject Modified
TimeGenerated : 8/5/2021 2:03:15 PM
Content       : A directory service object was modified.
                	
                Subject:
                	Security ID:		S-1-5-21-2956518221-444034542-2043350422-97789
                	Account Name:		LPC-SolidAdmin
                	Account Domain:		ROAYA
                	Logon ID:		0x2CF7DF93A
                
                Directory Service:
                	Name:	Roaya.loc
                	Type:	Active Directory Domain Services
                	
                Object:
                	DN:	CN=aeid_almottahedon-ph,OU=almottahedon-pharma.com,OU=Mail,DC=Roaya,DC=loc
                	GUID:	{0AB9683E-8FA3-4FFA-9E23-D64A0766AF58}
                	Class:	user
                	
                Attribute:
                	LDAP Display Name:	protocolSettings
                	Syntax (OID):	2.5.5.12
                	Value:	POP30
                	
                Operation:
                	Type:	Value Added
                	Correlation ID:	{C22FEAC3-3CD8-46D6-8897-A391CB01EE3F}
                	Application Correlation ID:	-

ComputerName  : FRANK-PDC
EventID       : 5136
Title         : ADObject Modified
TimeGenerated : 8/5/2021 2:03:15 PM
Content       : A directory service object was modified.
                	
                Subject:
                	Security ID:		S-1-5-21-2956518221-444034542-2043350422-97789
                	Account Name:		LPC-SolidAdmin
                	Account Domain:		ROAYA
                	Logon ID:		0x2CF7DF93A
                
                Directory Service:
                	Name:	Roaya.loc
                	Type:	Active Directory Domain Services
                	
                Object:
                	DN:	CN=aeid_almottahedon-ph,OU=almottahedon-pharma.com,OU=Mail,DC=Roaya,DC=loc
                	GUID:	{0AB9683E-8FA3-4FFA-9E23-D64A0766AF58}
                	Class:	user
                	
                Attribute:
                	LDAP Display Name:	protocolSettings
                	Syntax (OID):	2.5.5.12
                	Value:	MAPI1
                	
                Operation:
                	Type:	Value Added
                	Correlation ID:	{C22FEAC3-3CD8-46D6-8897-A391CB01EE3F}
                	Application Correlation ID:	-

ComputerName  : FRANK-PDC
EventID       : 5136
Title         : ADObject Modified
TimeGenerated : 8/5/2021 2:03:15 PM
Content       : A directory service object was modified.
                	
                Subject:
                	Security ID:		S-1-5-21-2956518221-444034542-2043350422-97789
                	Account Name:		LPC-SolidAdmin
                	Account Domain:		ROAYA
                	Logon ID:		0x2CF7DF93A
                
                Directory Service:
                	Name:	Roaya.loc
                	Type:	Active Directory Domain Services
                	
                Object:
                	DN:	CN=aeid_almottahedon-ph,OU=almottahedon-pharma.com,OU=Mail,DC=Roaya,DC=loc
                	GUID:	{0AB9683E-8FA3-4FFA-9E23-D64A0766AF58}
                	Class:	user
                	
                Attribute:
                	LDAP Display Name:	protocolSettings
                	Syntax (OID):	2.5.5.12
                	Value:	HTTP11
                	
                Operation:
                	Type:	Value Added
                	Correlation ID:	{C22FEAC3-3CD8-46D6-8897-A391CB01EE3F}
                	Application Correlation ID:	-

ComputerName  : FRANK-PDC
EventID       : 5136
Title         : ADObject Modified
TimeGenerated : 8/5/2021 2:03:15 PM
Content       : A directory service object was modified.
                	
                Subject:
                	Security ID:		S-1-5-21-2956518221-444034542-2043350422-97789
                	Account Name:		LPC-SolidAdmin
                	Account Domain:		ROAYA
                	Logon ID:		0x2CF7DF93A
                
                Directory Service:
                	Name:	Roaya.loc
                	Type:	Active Directory Domain Services
                	
                Object:
                	DN:	CN=aeid_almottahedon-ph,OU=almottahedon-pharma.com,OU=Mail,DC=Roaya,DC=loc
                	GUID:	{0AB9683E-8FA3-4FFA-9E23-D64A0766AF58}
                	Class:	user
                	
                Attribute:
                	LDAP Display Name:	protocolSettings
                	Syntax (OID):	2.5.5.12
                	Value:	OWA1
                	
                Operation:
                	Type:	Value Added
                	Correlation ID:	{C22FEAC3-3CD8-46D6-8897-A391CB01EE3F}
                	Application Correlation ID:	-

ComputerName  : FRANK-PDC
EventID       : 5136
Title         : ADObject Modified
TimeGenerated : 8/5/2021 2:03:15 PM
Content       : A directory service object was modified.
                	
                Subject:
                	Security ID:		S-1-5-21-2956518221-444034542-2043350422-97789
                	Account Name:		LPC-SolidAdmin
                	Account Domain:		ROAYA
                	Logon ID:		0x2CF7DF93A
                
                Directory Service:
                	Name:	Roaya.loc
                	Type:	Active Directory Domain Services
                	
                Object:
                	DN:	CN=aeid_almottahedon-ph,OU=almottahedon-pharma.com,OU=Mail,DC=Roaya,DC=loc
                	GUID:	{0AB9683E-8FA3-4FFA-9E23-D64A0766AF58}
                	Class:	user
                	
                Attribute:
                	LDAP Display Name:	msExchMailboxTemplateLink
                	Syntax (OID):	2.5.5.1
                	Value:	CN=SCPPolicy7591_StandardPlan,CN=Retention Policies Container,CN=roaya,CN=Microsoft 
                Exchange,CN=Services,CN=Configuration,DC=Roaya,DC=loc
                	
                Operation:
                	Type:	Value Added
                	Correlation ID:	{01298F6F-8079-4280-B814-AF8DEE00FFC2}
                	Application Correlation ID:	-

ComputerName  : FRANK-PDC
EventID       : 5136
Title         : ADObject Modified
TimeGenerated : 8/5/2021 2:03:15 PM
Content       : A directory service object was modified.
                	
                Subject:
                	Security ID:		S-1-5-21-2956518221-444034542-2043350422-97789
                	Account Name:		LPC-SolidAdmin
                	Account Domain:		ROAYA
                	Logon ID:		0x2CF7DF93A
                
                Directory Service:
                	Name:	Roaya.loc
                	Type:	Active Directory Domain Services
                	
                Object:
                	DN:	CN=aeid_almottahedon-ph,OU=almottahedon-pharma.com,OU=Mail,DC=Roaya,DC=loc
                	GUID:	{0AB9683E-8FA3-4FFA-9E23-D64A0766AF58}
                	Class:	user
                	
                Attribute:
                	LDAP Display Name:	msExchELCMailboxFlags
                	Syntax (OID):	2.5.5.9
                	Value:	18
                	
                Operation:
                	Type:	Value Added
                	Correlation ID:	{01298F6F-8079-4280-B814-AF8DEE00FFC2}
                	Application Correlation ID:	-

ComputerName  : FRANK-PDC
EventID       : 5136
Title         : ADObject Modified
TimeGenerated : 8/5/2021 2:03:15 PM
Content       : A directory service object was modified.
                	
                Subject:
                	Security ID:		S-1-5-21-2956518221-444034542-2043350422-97789
                	Account Name:		LPC-SolidAdmin
                	Account Domain:		ROAYA
                	Logon ID:		0x2CF7DF93A
                
                Directory Service:
                	Name:	Roaya.loc
                	Type:	Active Directory Domain Services
                	
                Object:
                	DN:	CN=aeid_almottahedon-ph,OU=almottahedon-pharma.com,OU=Mail,DC=Roaya,DC=loc
                	GUID:	{0AB9683E-8FA3-4FFA-9E23-D64A0766AF58}
                	Class:	user
                	
                Attribute:
                	LDAP Display Name:	msExchELCMailboxFlags
                	Syntax (OID):	2.5.5.9
                	Value:	146
                	
                Operation:
                	Type:	Value Deleted
                	Correlation ID:	{01298F6F-8079-4280-B814-AF8DEE00FFC2}
                	Application Correlation ID:	-

ComputerName  : FRANK-ADC-04
EventID       : 4740
Title         : User locked out
TimeGenerated : 8/5/2021 2:03:12 PM
Content       : A user account was locked out.
                
                Subject:
                	Security ID:		S-1-5-18
                	Account Name:		FRANK-ADC-04$
                	Account Domain:		ROAYA
                	Logon ID:		0x3E7
                
                Account That Was Locked Out:
                	Security ID:		S-1-5-21-2956518221-444034542-2043350422-60841
                	Account Name:		ahmed.magd_eg.fcm.tr
                
                Additional Information:
                	Caller Computer Name:	ACC-AHMEDMAGDY

ComputerName  : FRANK-PDC
EventID       : 5136
Title         : ADObject Modified
TimeGenerated : 8/5/2021 2:03:05 PM
Content       : A directory service object was modified.
                	
                Subject:
                	Security ID:		S-1-5-21-2956518221-444034542-2043350422-97789
                	Account Name:		LPC-SolidAdmin
                	Account Domain:		ROAYA
                	Logon ID:		0x2CF7DF93A
                
                Directory Service:
                	Name:	Roaya.loc
                	Type:	Active Directory Domain Services
                	
                Object:
                	DN:	CN=aeid_almottahedon-ph,OU=almottahedon-pharma.com,OU=Mail,DC=Roaya,DC=loc
                	GUID:	{0AB9683E-8FA3-4FFA-9E23-D64A0766AF58}
                	Class:	user
                	
                Attribute:
                	LDAP Display Name:	msExchArchiveWarnQuota
                	Syntax (OID):	2.5.5.16
                	Value:	94371840
                	
                Operation:
                	Type:	Value Added
                	Correlation ID:	{B08A35F2-688F-4149-B887-AAD964FAC637}
                	Application Correlation ID:	-

ComputerName  : FRANK-PDC
EventID       : 5136
Title         : ADObject Modified
TimeGenerated : 8/5/2021 2:03:05 PM
Content       : A directory service object was modified.
                	
                Subject:
                	Security ID:		S-1-5-21-2956518221-444034542-2043350422-97789
                	Account Name:		LPC-SolidAdmin
                	Account Domain:		ROAYA
                	Logon ID:		0x2CF7DF93A
                
                Directory Service:
                	Name:	Roaya.loc
                	Type:	Active Directory Domain Services
                	
                Object:
                	DN:	CN=aeid_almottahedon-ph,OU=almottahedon-pharma.com,OU=Mail,DC=Roaya,DC=loc
                	GUID:	{0AB9683E-8FA3-4FFA-9E23-D64A0766AF58}
                	Class:	user
                	
                Attribute:
                	LDAP Display Name:	msExchArchiveQuota
                	Syntax (OID):	2.5.5.16
                	Value:	104857600
                	
                Operation:
                	Type:	Value Added
                	Correlation ID:	{B08A35F2-688F-4149-B887-AAD964FAC637}
                	Application Correlation ID:	-

ComputerName  : FRANK-PDC
EventID       : 5136
Title         : ADObject Modified
TimeGenerated : 8/5/2021 2:03:05 PM
Content       : A directory service object was modified.
                	
                Subject:
                	Security ID:		S-1-5-21-2956518221-444034542-2043350422-97789
                	Account Name:		LPC-SolidAdmin
                	Account Domain:		ROAYA
                	Logon ID:		0x2CF7DF93A
                
                Directory Service:
                	Name:	Roaya.loc
                	Type:	Active Directory Domain Services
                	
                Object:
                	DN:	CN=aeid_almottahedon-ph,OU=almottahedon-pharma.com,OU=Mail,DC=Roaya,DC=loc
                	GUID:	{0AB9683E-8FA3-4FFA-9E23-D64A0766AF58}
                	Class:	user
                	
                Attribute:
                	LDAP Display Name:	msExchCalendarLoggingQuota
                	Syntax (OID):	2.5.5.9
                	Value:	6291456
                	
                Operation:
                	Type:	Value Added
                	Correlation ID:	{B08A35F2-688F-4149-B887-AAD964FAC637}
                	Application Correlation ID:	-

ComputerName  : FRANK-PDC
EventID       : 5136
Title         : ADObject Modified
TimeGenerated : 8/5/2021 2:03:05 PM
Content       : A directory service object was modified.
                	
                Subject:
                	Security ID:		S-1-5-21-2956518221-444034542-2043350422-97789
                	Account Name:		LPC-SolidAdmin
                	Account Domain:		ROAYA
                	Logon ID:		0x2CF7DF93A
                
                Directory Service:
                	Name:	Roaya.loc
                	Type:	Active Directory Domain Services
                	
                Object:
                	DN:	CN=aeid_almottahedon-ph,OU=almottahedon-pharma.com,OU=Mail,DC=Roaya,DC=loc
                	GUID:	{0AB9683E-8FA3-4FFA-9E23-D64A0766AF58}
                	Class:	user
                	
                Attribute:
                	LDAP Display Name:	msExchDumpsterWarningQuota
                	Syntax (OID):	2.5.5.9
                	Value:	20971520
                	
                Operation:
                	Type:	Value Added
                	Correlation ID:	{B08A35F2-688F-4149-B887-AAD964FAC637}
                	Application Correlation ID:	-

ComputerName  : FRANK-PDC
EventID       : 5136
Title         : ADObject Modified
TimeGenerated : 8/5/2021 2:03:05 PM
Content       : A directory service object was modified.
                	
                Subject:
                	Security ID:		S-1-5-21-2956518221-444034542-2043350422-97789
                	Account Name:		LPC-SolidAdmin
                	Account Domain:		ROAYA
                	Logon ID:		0x2CF7DF93A
                
                Directory Service:
                	Name:	Roaya.loc
                	Type:	Active Directory Domain Services
                	
                Object:
                	DN:	CN=aeid_almottahedon-ph,OU=almottahedon-pharma.com,OU=Mail,DC=Roaya,DC=loc
                	GUID:	{0AB9683E-8FA3-4FFA-9E23-D64A0766AF58}
                	Class:	user
                	
                Attribute:
                	LDAP Display Name:	msExchDumpsterQuota
                	Syntax (OID):	2.5.5.9
                	Value:	31457280
                	
                Operation:
                	Type:	Value Added
                	Correlation ID:	{B08A35F2-688F-4149-B887-AAD964FAC637}
                	Application Correlation ID:	-

ComputerName  : FRANK-PDC
EventID       : 5136
Title         : ADObject Modified
TimeGenerated : 8/5/2021 2:03:05 PM
Content       : A directory service object was modified.
                	
                Subject:
                	Security ID:		S-1-5-21-2956518221-444034542-2043350422-97789
                	Account Name:		LPC-SolidAdmin
                	Account Domain:		ROAYA
                	Logon ID:		0x2CF7DF93A
                
                Directory Service:
                	Name:	Roaya.loc
                	Type:	Active Directory Domain Services
                	
                Object:
                	DN:	CN=aeid_almottahedon-ph,OU=almottahedon-pharma.com,OU=Mail,DC=Roaya,DC=loc
                	GUID:	{0AB9683E-8FA3-4FFA-9E23-D64A0766AF58}
                	Class:	user
                	
                Attribute:
                	LDAP Display Name:	msExchUserAccountControl
                	Syntax (OID):	2.5.5.9
                	Value:	0
                	
                Operation:
                	Type:	Value Added
                	Correlation ID:	{B08A35F2-688F-4149-B887-AAD964FAC637}
                	Application Correlation ID:	-

ComputerName  : FRANK-PDC
EventID       : 5136
Title         : ADObject Modified
TimeGenerated : 8/5/2021 2:03:05 PM
Content       : A directory service object was modified.
                	
                Subject:
                	Security ID:		S-1-5-21-2956518221-444034542-2043350422-97789
                	Account Name:		LPC-SolidAdmin
                	Account Domain:		ROAYA
                	Logon ID:		0x2CF7DF93A
                
                Directory Service:
                	Name:	Roaya.loc
                	Type:	Active Directory Domain Services
                	
                Object:
                	DN:	CN=aeid_almottahedon-ph,OU=almottahedon-pharma.com,OU=Mail,DC=Roaya,DC=loc
                	GUID:	{0AB9683E-8FA3-4FFA-9E23-D64A0766AF58}
                	Class:	user
                	
                Attribute:
                	LDAP Display Name:	msExchWhenMailboxCreated
                	Syntax (OID):	2.5.5.11
                	Value:	20210805120243.0Z
                	
                Operation:
                	Type:	Value Added
                	Correlation ID:	{B08A35F2-688F-4149-B887-AAD964FAC637}
                	Application Correlation ID:	-

ComputerName  : FRANK-PDC
EventID       : 5136
Title         : ADObject Modified
TimeGenerated : 8/5/2021 2:03:05 PM
Content       : A directory service object was modified.
                	
                Subject:
                	Security ID:		S-1-5-21-2956518221-444034542-2043350422-97789
                	Account Name:		LPC-SolidAdmin
                	Account Domain:		ROAYA
                	Logon ID:		0x2CF7DF93A
                
                Directory Service:
                	Name:	Roaya.loc
                	Type:	Active Directory Domain Services
                	
                Object:
                	DN:	CN=aeid_almottahedon-ph,OU=almottahedon-pharma.com,OU=Mail,DC=Roaya,DC=loc
                	GUID:	{0AB9683E-8FA3-4FFA-9E23-D64A0766AF58}
                	Class:	user
                	
                Attribute:
                	LDAP Display Name:	mDBUseDefaults
                	Syntax (OID):	2.5.5.8
                	Value:	TRUE
                	
                Operation:
                	Type:	Value Added
                	Correlation ID:	{B08A35F2-688F-4149-B887-AAD964FAC637}
                	Application Correlation ID:	-

ComputerName  : FRANK-PDC
EventID       : 5136
Title         : ADObject Modified
TimeGenerated : 8/5/2021 2:03:05 PM
Content       : A directory service object was modified.
                	
                Subject:
                	Security ID:		S-1-5-21-2956518221-444034542-2043350422-97789
                	Account Name:		LPC-SolidAdmin
                	Account Domain:		ROAYA
                	Logon ID:		0x2CF7DF93A
                
                Directory Service:
                	Name:	Roaya.loc
                	Type:	Active Directory Domain Services
                	
                Object:
                	DN:	CN=aeid_almottahedon-ph,OU=almottahedon-pharma.com,OU=Mail,DC=Roaya,DC=loc
                	GUID:	{0AB9683E-8FA3-4FFA-9E23-D64A0766AF58}
                	Class:	user
                	
                Attribute:
                	LDAP Display Name:	msExchMailboxSecurityDescriptor
                	Syntax (OID):	2.5.5.15
                	Value:	O:PSG:PSD:(A;CI;CCRC;;;PS)
                	
                Operation:
                	Type:	Value Added
                	Correlation ID:	{B08A35F2-688F-4149-B887-AAD964FAC637}
                	Application Correlation ID:	-

ComputerName  : FRANK-PDC
EventID       : 5136
Title         : ADObject Modified
TimeGenerated : 8/5/2021 2:03:05 PM
Content       : A directory service object was modified.
                	
                Subject:
                	Security ID:		S-1-5-21-2956518221-444034542-2043350422-97789
                	Account Name:		LPC-SolidAdmin
                	Account Domain:		ROAYA
                	Logon ID:		0x2CF7DF93A
                
                Directory Service:
                	Name:	Roaya.loc
                	Type:	Active Directory Domain Services
                	
                Object:
                	DN:	CN=aeid_almottahedon-ph,OU=almottahedon-pharma.com,OU=Mail,DC=Roaya,DC=loc
                	GUID:	{0AB9683E-8FA3-4FFA-9E23-D64A0766AF58}
                	Class:	user
                	
                Attribute:
                	LDAP Display Name:	msExchHomeServerName
                	Syntax (OID):	2.5.5.12
                	Value:	/o=roaya/ou=Exchange Administrative Group 
                (FYDIBOHF23SPDLT)/cn=Configuration/cn=Servers/cn=EU1MB9903
                	
                Operation:
                	Type:	Value Added
                	Correlation ID:	{B08A35F2-688F-4149-B887-AAD964FAC637}
                	Application Correlation ID:	-

ComputerName  : FRANK-PDC
EventID       : 5136
Title         : ADObject Modified
TimeGenerated : 8/5/2021 2:03:05 PM
Content       : A directory service object was modified.
                	
                Subject:
                	Security ID:		S-1-5-21-2956518221-444034542-2043350422-97789
                	Account Name:		LPC-SolidAdmin
                	Account Domain:		ROAYA
                	Logon ID:		0x2CF7DF93A
                
                Directory Service:
                	Name:	Roaya.loc
                	Type:	Active Directory Domain Services
                	
                Object:
                	DN:	CN=aeid_almottahedon-ph,OU=almottahedon-pharma.com,OU=Mail,DC=Roaya,DC=loc
                	GUID:	{0AB9683E-8FA3-4FFA-9E23-D64A0766AF58}
                	Class:	user
                	
                Attribute:
                	LDAP Display Name:	msExchRBACPolicyLink
                	Syntax (OID):	2.5.5.1
                	Value:	CN=Default Role Assignment Policy,CN=Policies,CN=RBAC,CN=roaya,CN=Microsoft 
                Exchange,CN=Services,CN=Configuration,DC=Roaya,DC=loc
                	
                Operation:
                	Type:	Value Added
                	Correlation ID:	{B08A35F2-688F-4149-B887-AAD964FAC637}
                	Application Correlation ID:	-

ComputerName  : FRANK-PDC
EventID       : 5136
Title         : ADObject Modified
TimeGenerated : 8/5/2021 2:03:05 PM
Content       : A directory service object was modified.
                	
                Subject:
                	Security ID:		S-1-5-21-2956518221-444034542-2043350422-97789
                	Account Name:		LPC-SolidAdmin
                	Account Domain:		ROAYA
                	Logon ID:		0x2CF7DF93A
                
                Directory Service:
                	Name:	Roaya.loc
                	Type:	Active Directory Domain Services
                	
                Object:
                	DN:	CN=aeid_almottahedon-ph,OU=almottahedon-pharma.com,OU=Mail,DC=Roaya,DC=loc
                	GUID:	{0AB9683E-8FA3-4FFA-9E23-D64A0766AF58}
                	Class:	user
                	
                Attribute:
                	LDAP Display Name:	homeMDB
                	Syntax (OID):	2.5.5.1
                	Value:	CN=001-UDB110-U,CN=Databases,CN=Exchange Administrative Group 
                (FYDIBOHF23SPDLT),CN=Administrative Groups,CN=roaya,CN=Microsoft 
                Exchange,CN=Services,CN=Configuration,DC=Roaya,DC=loc
                	
                Operation:
                	Type:	Value Added
                	Correlation ID:	{B08A35F2-688F-4149-B887-AAD964FAC637}
                	Application Correlation ID:	-

ComputerName  : FRANK-PDC
EventID       : 5136
Title         : ADObject Modified
TimeGenerated : 8/5/2021 2:03:05 PM
Content       : A directory service object was modified.
                	
                Subject:
                	Security ID:		S-1-5-21-2956518221-444034542-2043350422-97789
                	Account Name:		LPC-SolidAdmin
                	Account Domain:		ROAYA
                	Logon ID:		0x2CF7DF93A
                
                Directory Service:
                	Name:	Roaya.loc
                	Type:	Active Directory Domain Services
                	
                Object:
                	DN:	CN=aeid_almottahedon-ph,OU=almottahedon-pharma.com,OU=Mail,DC=Roaya,DC=loc
                	GUID:	{0AB9683E-8FA3-4FFA-9E23-D64A0766AF58}
                	Class:	user
                	
                Attribute:
                	LDAP Display Name:	msExchMailboxGuid
                	Syntax (OID):	2.5.5.10
                	Value:	<Binary>
                	
                Operation:
                	Type:	Value Added
                	Correlation ID:	{B08A35F2-688F-4149-B887-AAD964FAC637}
                	Application Correlation ID:	-

ComputerName  : FRANK-PDC
EventID       : 5136
Title         : ADObject Modified
TimeGenerated : 8/5/2021 2:03:05 PM
Content       : A directory service object was modified.
                	
                Subject:
                	Security ID:		S-1-5-21-2956518221-444034542-2043350422-97789
                	Account Name:		LPC-SolidAdmin
                	Account Domain:		ROAYA
                	Logon ID:		0x2CF7DF93A
                
                Directory Service:
                	Name:	Roaya.loc
                	Type:	Active Directory Domain Services
                	
                Object:
                	DN:	CN=aeid_almottahedon-ph,OU=almottahedon-pharma.com,OU=Mail,DC=Roaya,DC=loc
                	GUID:	{0AB9683E-8FA3-4FFA-9E23-D64A0766AF58}
                	Class:	user
                	
                Attribute:
                	LDAP Display Name:	msExchELCMailboxFlags
                	Syntax (OID):	2.5.5.9
                	Value:	130
                	
                Operation:
                	Type:	Value Added
                	Correlation ID:	{B08A35F2-688F-4149-B887-AAD964FAC637}
                	Application Correlation ID:	-

ComputerName  : FRANK-PDC
EventID       : 5136
Title         : ADObject Modified
TimeGenerated : 8/5/2021 2:03:05 PM
Content       : A directory service object was modified.
                	
                Subject:
                	Security ID:		S-1-5-21-2956518221-444034542-2043350422-97789
                	Account Name:		LPC-SolidAdmin
                	Account Domain:		ROAYA
                	Logon ID:		0x2CF7DF93A
                
                Directory Service:
                	Name:	Roaya.loc
                	Type:	Active Directory Domain Services
                	
                Object:
                	DN:	CN=aeid_almottahedon-ph,OU=almottahedon-pharma.com,OU=Mail,DC=Roaya,DC=loc
                	GUID:	{0AB9683E-8FA3-4FFA-9E23-D64A0766AF58}
                	Class:	user
                	
                Attribute:
                	LDAP Display Name:	msExchRecipientTypeDetails
                	Syntax (OID):	2.5.5.16
                	Value:	1
                	
                Operation:
                	Type:	Value Added
                	Correlation ID:	{B08A35F2-688F-4149-B887-AAD964FAC637}
                	Application Correlation ID:	-

ComputerName  : FRANK-PDC
EventID       : 5136
Title         : ADObject Modified
TimeGenerated : 8/5/2021 2:03:05 PM
Content       : A directory service object was modified.
                	
                Subject:
                	Security ID:		S-1-5-21-2956518221-444034542-2043350422-97789
                	Account Name:		LPC-SolidAdmin
                	Account Domain:		ROAYA
                	Logon ID:		0x2CF7DF93A
                
                Directory Service:
                	Name:	Roaya.loc
                	Type:	Active Directory Domain Services
                	
                Object:
                	DN:	CN=aeid_almottahedon-ph,OU=almottahedon-pharma.com,OU=Mail,DC=Roaya,DC=loc
                	GUID:	{0AB9683E-8FA3-4FFA-9E23-D64A0766AF58}
                	Class:	user
                	
                Attribute:
                	LDAP Display Name:	msExchRecipientDisplayType
                	Syntax (OID):	2.5.5.9
                	Value:	1073741824
                	
                Operation:
                	Type:	Value Added
                	Correlation ID:	{B08A35F2-688F-4149-B887-AAD964FAC637}
                	Application Correlation ID:	-

ComputerName  : FRANK-PDC
EventID       : 5136
Title         : ADObject Modified
TimeGenerated : 8/5/2021 2:03:05 PM
Content       : A directory service object was modified.
                	
                Subject:
                	Security ID:		S-1-5-21-2956518221-444034542-2043350422-97789
                	Account Name:		LPC-SolidAdmin
                	Account Domain:		ROAYA
                	Logon ID:		0x2CF7DF93A
                
                Directory Service:
                	Name:	Roaya.loc
                	Type:	Active Directory Domain Services
                	
                Object:
                	DN:	CN=aeid_almottahedon-ph,OU=almottahedon-pharma.com,OU=Mail,DC=Roaya,DC=loc
                	GUID:	{0AB9683E-8FA3-4FFA-9E23-D64A0766AF58}
                	Class:	user
                	
                Attribute:
                	LDAP Display Name:	mail
                	Syntax (OID):	2.5.5.12
                	Value:	aeid_almottahedon-ph@worldposta.cloud
                	
                Operation:
                	Type:	Value Added
                	Correlation ID:	{B08A35F2-688F-4149-B887-AAD964FAC637}
                	Application Correlation ID:	-

ComputerName  : FRANK-PDC
EventID       : 5136
Title         : ADObject Modified
TimeGenerated : 8/5/2021 2:03:05 PM
Content       : A directory service object was modified.
                	
                Subject:
                	Security ID:		S-1-5-21-2956518221-444034542-2043350422-97789
                	Account Name:		LPC-SolidAdmin
                	Account Domain:		ROAYA
                	Logon ID:		0x2CF7DF93A
                
                Directory Service:
                	Name:	Roaya.loc
                	Type:	Active Directory Domain Services
                	
                Object:
                	DN:	CN=aeid_almottahedon-ph,OU=almottahedon-pharma.com,OU=Mail,DC=Roaya,DC=loc
                	GUID:	{0AB9683E-8FA3-4FFA-9E23-D64A0766AF58}
                	Class:	user
                	
                Attribute:
                	LDAP Display Name:	msExchUMDtmfMap
                	Syntax (OID):	2.5.5.12
                	Value:	emailAddress:234325668824336674
                	
                Operation:
                	Type:	Value Added
                	Correlation ID:	{B08A35F2-688F-4149-B887-AAD964FAC637}
                	Application Correlation ID:	-

ComputerName  : FRANK-PDC
EventID       : 5136
Title         : ADObject Modified
TimeGenerated : 8/5/2021 2:03:05 PM
Content       : A directory service object was modified.
                	
                Subject:
                	Security ID:		S-1-5-21-2956518221-444034542-2043350422-97789
                	Account Name:		LPC-SolidAdmin
                	Account Domain:		ROAYA
                	Logon ID:		0x2CF7DF93A
                
                Directory Service:
                	Name:	Roaya.loc
                	Type:	Active Directory Domain Services
                	
                Object:
                	DN:	CN=aeid_almottahedon-ph,OU=almottahedon-pharma.com,OU=Mail,DC=Roaya,DC=loc
                	GUID:	{0AB9683E-8FA3-4FFA-9E23-D64A0766AF58}
                	Class:	user
                	
                Attribute:
                	LDAP Display Name:	msExchUMDtmfMap
                	Syntax (OID):	2.5.5.12
                	Value:	lastNameFirstName:2343
                	
                Operation:
                	Type:	Value Added
                	Correlation ID:	{B08A35F2-688F-4149-B887-AAD964FAC637}
                	Application Correlation ID:	-

ComputerName  : FRANK-PDC
EventID       : 5136
Title         : ADObject Modified
TimeGenerated : 8/5/2021 2:03:05 PM
Content       : A directory service object was modified.
                	
                Subject:
                	Security ID:		S-1-5-21-2956518221-444034542-2043350422-97789
                	Account Name:		LPC-SolidAdmin
                	Account Domain:		ROAYA
                	Logon ID:		0x2CF7DF93A
                
                Directory Service:
                	Name:	Roaya.loc
                	Type:	Active Directory Domain Services
                	
                Object:
                	DN:	CN=aeid_almottahedon-ph,OU=almottahedon-pharma.com,OU=Mail,DC=Roaya,DC=loc
                	GUID:	{0AB9683E-8FA3-4FFA-9E23-D64A0766AF58}
                	Class:	user
                	
                Attribute:
                	LDAP Display Name:	msExchUMDtmfMap
                	Syntax (OID):	2.5.5.12
                	Value:	firstNameLastName:2343
                	
                Operation:
                	Type:	Value Added
                	Correlation ID:	{B08A35F2-688F-4149-B887-AAD964FAC637}
                	Application Correlation ID:	-

ComputerName  : FRANK-PDC
EventID       : 5136
Title         : ADObject Modified
TimeGenerated : 8/5/2021 2:03:05 PM
Content       : A directory service object was modified.
                	
                Subject:
                	Security ID:		S-1-5-21-2956518221-444034542-2043350422-97789
                	Account Name:		LPC-SolidAdmin
                	Account Domain:		ROAYA
                	Logon ID:		0x2CF7DF93A
                
                Directory Service:
                	Name:	Roaya.loc
                	Type:	Active Directory Domain Services
                	
                Object:
                	DN:	CN=aeid_almottahedon-ph,OU=almottahedon-pharma.com,OU=Mail,DC=Roaya,DC=loc
                	GUID:	{0AB9683E-8FA3-4FFA-9E23-D64A0766AF58}
                	Class:	user
                	
                Attribute:
                	LDAP Display Name:	msExchPoliciesIncluded
                	Syntax (OID):	2.5.5.12
                	Value:	9ce9209e-862a-44ec-a788-f63f6d7d35f1
                	
                Operation:
                	Type:	Value Added
                	Correlation ID:	{B08A35F2-688F-4149-B887-AAD964FAC637}
                	Application Correlation ID:	-

ComputerName  : FRANK-PDC
EventID       : 5136
Title         : ADObject Modified
TimeGenerated : 8/5/2021 2:03:05 PM
Content       : A directory service object was modified.
                	
                Subject:
                	Security ID:		S-1-5-21-2956518221-444034542-2043350422-97789
                	Account Name:		LPC-SolidAdmin
                	Account Domain:		ROAYA
                	Logon ID:		0x2CF7DF93A
                
                Directory Service:
                	Name:	Roaya.loc
                	Type:	Active Directory Domain Services
                	
                Object:
                	DN:	CN=aeid_almottahedon-ph,OU=almottahedon-pharma.com,OU=Mail,DC=Roaya,DC=loc
                	GUID:	{0AB9683E-8FA3-4FFA-9E23-D64A0766AF58}
                	Class:	user
                	
                Attribute:
                	LDAP Display Name:	msExchPoliciesIncluded
                	Syntax (OID):	2.5.5.12
                	Value:	{26491cfc-9e50-4857-861b-0cb8df22b5d7}
                	
                Operation:
                	Type:	Value Added
                	Correlation ID:	{B08A35F2-688F-4149-B887-AAD964FAC637}
                	Application Correlation ID:	-

ComputerName  : FRANK-PDC
EventID       : 5136
Title         : ADObject Modified
TimeGenerated : 8/5/2021 2:03:05 PM
Content       : A directory service object was modified.
                	
                Subject:
                	Security ID:		S-1-5-21-2956518221-444034542-2043350422-97789
                	Account Name:		LPC-SolidAdmin
                	Account Domain:		ROAYA
                	Logon ID:		0x2CF7DF93A
                
                Directory Service:
                	Name:	Roaya.loc
                	Type:	Active Directory Domain Services
                	
                Object:
                	DN:	CN=aeid_almottahedon-ph,OU=almottahedon-pharma.com,OU=Mail,DC=Roaya,DC=loc
                	GUID:	{0AB9683E-8FA3-4FFA-9E23-D64A0766AF58}
                	Class:	user
                	
                Attribute:
                	LDAP Display Name:	legacyExchangeDN
                	Syntax (OID):	2.5.5.4
                	Value:	/o=roaya/ou=Exchange Administrative Group 
                (FYDIBOHF23SPDLT)/cn=Recipients/cn=8370f16c3b1240a1a47212bfa0e341c5-aeid_almottahedon-
                	
                Operation:
                	Type:	Value Added
                	Correlation ID:	{B08A35F2-688F-4149-B887-AAD964FAC637}
                	Application Correlation ID:	-

ComputerName  : FRANK-PDC
EventID       : 5136
Title         : ADObject Modified
TimeGenerated : 8/5/2021 2:03:05 PM
Content       : A directory service object was modified.
                	
                Subject:
                	Security ID:		S-1-5-21-2956518221-444034542-2043350422-97789
                	Account Name:		LPC-SolidAdmin
                	Account Domain:		ROAYA
                	Logon ID:		0x2CF7DF93A
                
                Directory Service:
                	Name:	Roaya.loc
                	Type:	Active Directory Domain Services
                	
                Object:
                	DN:	CN=aeid_almottahedon-ph,OU=almottahedon-pharma.com,OU=Mail,DC=Roaya,DC=loc
                	GUID:	{0AB9683E-8FA3-4FFA-9E23-D64A0766AF58}
                	Class:	user
                	
                Attribute:
                	LDAP Display Name:	proxyAddresses
                	Syntax (OID):	2.5.5.12
                	Value:	SMTP:aeid_almottahedon-ph@worldposta.cloud
                	
                Operation:
                	Type:	Value Added
                	Correlation ID:	{B08A35F2-688F-4149-B887-AAD964FAC637}
                	Application Correlation ID:	-

ComputerName  : FRANK-PDC
EventID       : 5136
Title         : ADObject Modified
TimeGenerated : 8/5/2021 2:03:05 PM
Content       : A directory service object was modified.
                	
                Subject:
                	Security ID:		S-1-5-21-2956518221-444034542-2043350422-97789
                	Account Name:		LPC-SolidAdmin
                	Account Domain:		ROAYA
                	Logon ID:		0x2CF7DF93A
                
                Directory Service:
                	Name:	Roaya.loc
                	Type:	Active Directory Domain Services
                	
                Object:
                	DN:	CN=aeid_almottahedon-ph,OU=almottahedon-pharma.com,OU=Mail,DC=Roaya,DC=loc
                	GUID:	{0AB9683E-8FA3-4FFA-9E23-D64A0766AF58}
                	Class:	user
                	
                Attribute:
                	LDAP Display Name:	mailNickname
                	Syntax (OID):	2.5.5.12
                	Value:	aeid_almottahedon-ph
                	
                Operation:
                	Type:	Value Added
                	Correlation ID:	{B08A35F2-688F-4149-B887-AAD964FAC637}
                	Application Correlation ID:	-

ComputerName  : FRANK-PDC
EventID       : 5136
Title         : ADObject Modified
TimeGenerated : 8/5/2021 2:03:05 PM
Content       : A directory service object was modified.
                	
                Subject:
                	Security ID:		S-1-5-21-2956518221-444034542-2043350422-97789
                	Account Name:		LPC-SolidAdmin
                	Account Domain:		ROAYA
                	Logon ID:		0x2CF7DF93A
                
                Directory Service:
                	Name:	Roaya.loc
                	Type:	Active Directory Domain Services
                	
                Object:
                	DN:	CN=aeid_almottahedon-ph,OU=almottahedon-pharma.com,OU=Mail,DC=Roaya,DC=loc
                	GUID:	{0AB9683E-8FA3-4FFA-9E23-D64A0766AF58}
                	Class:	user
                	
                Attribute:
                	LDAP Display Name:	showInAddressBook
                	Syntax (OID):	2.5.5.1
                	Value:	CN=All Users,CN=All Address Lists,CN=Address Lists Container,CN=roaya,CN=Microsoft 
                Exchange,CN=Services,CN=Configuration,DC=Roaya,DC=loc
                	
                Operation:
                	Type:	Value Added
                	Correlation ID:	{B08A35F2-688F-4149-B887-AAD964FAC637}
                	Application Correlation ID:	-

ComputerName  : FRANK-PDC
EventID       : 5136
Title         : ADObject Modified
TimeGenerated : 8/5/2021 2:03:05 PM
Content       : A directory service object was modified.
                	
                Subject:
                	Security ID:		S-1-5-21-2956518221-444034542-2043350422-97789
                	Account Name:		LPC-SolidAdmin
                	Account Domain:		ROAYA
                	Logon ID:		0x2CF7DF93A
                
                Directory Service:
                	Name:	Roaya.loc
                	Type:	Active Directory Domain Services
                	
                Object:
                	DN:	CN=aeid_almottahedon-ph,OU=almottahedon-pharma.com,OU=Mail,DC=Roaya,DC=loc
                	GUID:	{0AB9683E-8FA3-4FFA-9E23-D64A0766AF58}
                	Class:	user
                	
                Attribute:
                	LDAP Display Name:	showInAddressBook
                	Syntax (OID):	2.5.5.1
                	Value:	CN=Mailboxes(VLV),CN=All System Address Lists,CN=Address Lists Container,CN=roaya,CN=Microsoft 
                Exchange,CN=Services,CN=Configuration,DC=Roaya,DC=loc
                	
                Operation:
                	Type:	Value Added
                	Correlation ID:	{B08A35F2-688F-4149-B887-AAD964FAC637}
                	Application Correlation ID:	-

ComputerName  : FRANK-PDC
EventID       : 5136
Title         : ADObject Modified
TimeGenerated : 8/5/2021 2:03:05 PM
Content       : A directory service object was modified.
                	
                Subject:
                	Security ID:		S-1-5-21-2956518221-444034542-2043350422-97789
                	Account Name:		LPC-SolidAdmin
                	Account Domain:		ROAYA
                	Logon ID:		0x2CF7DF93A
                
                Directory Service:
                	Name:	Roaya.loc
                	Type:	Active Directory Domain Services
                	
                Object:
                	DN:	CN=aeid_almottahedon-ph,OU=almottahedon-pharma.com,OU=Mail,DC=Roaya,DC=loc
                	GUID:	{0AB9683E-8FA3-4FFA-9E23-D64A0766AF58}
                	Class:	user
                	
                Attribute:
                	LDAP Display Name:	showInAddressBook
                	Syntax (OID):	2.5.5.1
                	Value:	CN=All Mailboxes(VLV),CN=All System Address Lists,CN=Address Lists 
                Container,CN=roaya,CN=Microsoft Exchange,CN=Services,CN=Configuration,DC=Roaya,DC=loc
                	
                Operation:
                	Type:	Value Added
                	Correlation ID:	{B08A35F2-688F-4149-B887-AAD964FAC637}
                	Application Correlation ID:	-

ComputerName  : FRANK-PDC
EventID       : 5136
Title         : ADObject Modified
TimeGenerated : 8/5/2021 2:03:05 PM
Content       : A directory service object was modified.
                	
                Subject:
                	Security ID:		S-1-5-21-2956518221-444034542-2043350422-97789
                	Account Name:		LPC-SolidAdmin
                	Account Domain:		ROAYA
                	Logon ID:		0x2CF7DF93A
                
                Directory Service:
                	Name:	Roaya.loc
                	Type:	Active Directory Domain Services
                	
                Object:
                	DN:	CN=aeid_almottahedon-ph,OU=almottahedon-pharma.com,OU=Mail,DC=Roaya,DC=loc
                	GUID:	{0AB9683E-8FA3-4FFA-9E23-D64A0766AF58}
                	Class:	user
                	
                Attribute:
                	LDAP Display Name:	showInAddressBook
                	Syntax (OID):	2.5.5.1
                	Value:	CN=All Recipients(VLV),CN=All System Address Lists,CN=Address Lists 
                Container,CN=roaya,CN=Microsoft Exchange,CN=Services,CN=Configuration,DC=Roaya,DC=loc
                	
                Operation:
                	Type:	Value Added
                	Correlation ID:	{B08A35F2-688F-4149-B887-AAD964FAC637}
                	Application Correlation ID:	-

ComputerName  : FRANK-PDC
EventID       : 5136
Title         : ADObject Modified
TimeGenerated : 8/5/2021 2:03:05 PM
Content       : A directory service object was modified.
                	
                Subject:
                	Security ID:		S-1-5-21-2956518221-444034542-2043350422-97789
                	Account Name:		LPC-SolidAdmin
                	Account Domain:		ROAYA
                	Logon ID:		0x2CF7DF93A
                
                Directory Service:
                	Name:	Roaya.loc
                	Type:	Active Directory Domain Services
                	
                Object:
                	DN:	CN=aeid_almottahedon-ph,OU=almottahedon-pharma.com,OU=Mail,DC=Roaya,DC=loc
                	GUID:	{0AB9683E-8FA3-4FFA-9E23-D64A0766AF58}
                	Class:	user
                	
                Attribute:
                	LDAP Display Name:	showInAddressBook
                	Syntax (OID):	2.5.5.1
                	Value:	CN=Default Global Address List,CN=All Global Address Lists,CN=Address Lists 
                Container,CN=roaya,CN=Microsoft Exchange,CN=Services,CN=Configuration,DC=Roaya,DC=loc
                	
                Operation:
                	Type:	Value Added
                	Correlation ID:	{B08A35F2-688F-4149-B887-AAD964FAC637}
                	Application Correlation ID:	-

