ComputerName  : FRANK-ADC-04
EventID       : 5136
Title         : ADObject Modified
TimeGenerated : 9/29/2021 10:46:47 AM
Content       : A directory service object was modified.
                	
                Subject:
                	Security ID:		S-1-5-21-2956518221-444034542-2043350422-87305
                	Account Name:		EU1MB9903$
                	Account Domain:		ROAYA
                	Logon ID:		0xA38EDAFA
                
                Directory Service:
                	Name:	Roaya.loc
                	Type:	Active Directory Domain Services
                	
                Object:
                	DN:	CN=minlo.com Offline Address Book,CN=Offline Address Lists,CN=Address Lists 
                Container,CN=roaya,CN=Microsoft 
                Exchange,CN=Services,CN=Configuration,DC=Roaya,DC=loc
                	GUID:	{00352F42-9A66-4784-A56F-EA5FE7339BD8}
                	Class:	msExchOAB
                	
                Attribute:
                	LDAP Display Name:	msExchConfigurationXML
                	Syntax (OID):	2.5.5.12
                	Value:	<OfflineAddressBookConfigXML><ManifestVersion><AddressLists 
                AddressListId="5a6f6730-c7bb-4605-abc6-9a3f7427bd7d" Sequence="1026" 
                /></ManifestVersion><LastFailedTime p2:nil="true" 
                xmlns:p2="http://www.w3.org/2001/XMLSchema-instance" /><LastGeneratingData><Mailbox
                Guid>feea8dd2-5615-42ce-a176-1f29ddbca752</MailboxGuid><DatabaseGuid>77c5ed34-31bb-
                4d80-988c-932fec22ef7e</DatabaseGuid><ServerFqdn>EU1MB9903.Roaya.loc</ServerFqdn></
                LastGeneratingData><HttpHomeMdbLastProcessedBucket>0</HttpHomeMdbLastProcessedBucke
                t><FullOabDownloadPreventionThreshold>0</FullOabDownloadPreventionThreshold><ZipOab
                FilesBeforeUploading>false</ZipOabFilesBeforeUploading></OfflineAddressBookConfigXM
                L>
                	
                Operation:
                	Type:	Value Added
                	Correlation ID:	{A74CE82A-A7AE-43F4-A67A-131529FC3FA6}
                	Application Correlation ID:	-

ComputerName  : FRANK-ADC-04
EventID       : 5136
Title         : ADObject Modified
TimeGenerated : 9/29/2021 10:46:47 AM
Content       : A directory service object was modified.
                	
                Subject:
                	Security ID:		S-1-5-21-2956518221-444034542-2043350422-87305
                	Account Name:		EU1MB9903$
                	Account Domain:		ROAYA
                	Logon ID:		0xA38EDAFA
                
                Directory Service:
                	Name:	Roaya.loc
                	Type:	Active Directory Domain Services
                	
                Object:
                	DN:	CN=minlo.com Offline Address Book,CN=Offline Address Lists,CN=Address Lists 
                Container,CN=roaya,CN=Microsoft 
                Exchange,CN=Services,CN=Configuration,DC=Roaya,DC=loc
                	GUID:	{00352F42-9A66-4784-A56F-EA5FE7339BD8}
                	Class:	msExchOAB
                	
                Attribute:
                	LDAP Display Name:	msExchConfigurationXML
                	Syntax (OID):	2.5.5.12
                	Value:	<OfflineAddressBookConfigXML><ManifestVersion><AddressLists 
                AddressListId="5a6f6730-c7bb-4605-abc6-9a3f7427bd7d" Sequence="1025" 
                /></ManifestVersion><LastFailedTime p2:nil="true" 
                xmlns:p2="http://www.w3.org/2001/XMLSchema-instance" /><LastGeneratingData><Mailbox
                Guid>feea8dd2-5615-42ce-a176-1f29ddbca752</MailboxGuid><DatabaseGuid>77c5ed34-31bb-
                4d80-988c-932fec22ef7e</DatabaseGuid><ServerFqdn>EU1MB9903.Roaya.loc</ServerFqdn></
                LastGeneratingData><HttpHomeMdbLastProcessedBucket>0</HttpHomeMdbLastProcessedBucke
                t><FullOabDownloadPreventionThreshold>0</FullOabDownloadPreventionThreshold><ZipOab
                FilesBeforeUploading>false</ZipOabFilesBeforeUploading></OfflineAddressBookConfigXM
                L>
                	
                Operation:
                	Type:	Value Deleted
                	Correlation ID:	{A74CE82A-A7AE-43F4-A67A-131529FC3FA6}
                	Application Correlation ID:	-

ComputerName  : FRANK-ADC-04
EventID       : 5136
Title         : ADObject Modified
TimeGenerated : 9/29/2021 10:46:47 AM
Content       : A directory service object was modified.
                	
                Subject:
                	Security ID:		S-1-5-21-2956518221-444034542-2043350422-87305
                	Account Name:		EU1MB9903$
                	Account Domain:		ROAYA
                	Logon ID:		0xA38EDAFA
                
                Directory Service:
                	Name:	Roaya.loc
                	Type:	Active Directory Domain Services
                	
                Object:
                	DN:	CN=minlo.com Offline Address Book,CN=Offline Address Lists,CN=Address Lists 
                Container,CN=roaya,CN=Microsoft 
                Exchange,CN=Services,CN=Configuration,DC=Roaya,DC=loc
                	GUID:	{00352F42-9A66-4784-A56F-EA5FE7339BD8}
                	Class:	msExchOAB
                	
                Attribute:
                	LDAP Display Name:	msExchOABLastTouchedTime
                	Syntax (OID):	2.5.5.11
                	Value:	20210929084640.0Z
                	
                Operation:
                	Type:	Value Added
                	Correlation ID:	{A74CE82A-A7AE-43F4-A67A-131529FC3FA6}
                	Application Correlation ID:	-

ComputerName  : FRANK-ADC-04
EventID       : 5136
Title         : ADObject Modified
TimeGenerated : 9/29/2021 10:46:47 AM
Content       : A directory service object was modified.
                	
                Subject:
                	Security ID:		S-1-5-21-2956518221-444034542-2043350422-87305
                	Account Name:		EU1MB9903$
                	Account Domain:		ROAYA
                	Logon ID:		0xA38EDAFA
                
                Directory Service:
                	Name:	Roaya.loc
                	Type:	Active Directory Domain Services
                	
                Object:
                	DN:	CN=minlo.com Offline Address Book,CN=Offline Address Lists,CN=Address Lists 
                Container,CN=roaya,CN=Microsoft 
                Exchange,CN=Services,CN=Configuration,DC=Roaya,DC=loc
                	GUID:	{00352F42-9A66-4784-A56F-EA5FE7339BD8}
                	Class:	msExchOAB
                	
                Attribute:
                	LDAP Display Name:	msExchOABLastTouchedTime
                	Syntax (OID):	2.5.5.11
                	Value:	20210929040707.0Z
                	
                Operation:
                	Type:	Value Deleted
                	Correlation ID:	{A74CE82A-A7AE-43F4-A67A-131529FC3FA6}
                	Application Correlation ID:	-

ComputerName  : FRANK-ADC-04
EventID       : 5136
Title         : ADObject Modified
TimeGenerated : 9/29/2021 10:46:37 AM
Content       : A directory service object was modified.
                	
                Subject:
                	Security ID:		S-1-5-21-2956518221-444034542-2043350422-87305
                	Account Name:		EU1MB9903$
                	Account Domain:		ROAYA
                	Logon ID:		0xA38EDAFA
                
                Directory Service:
                	Name:	Roaya.loc
                	Type:	Active Directory Domain Services
                	
                Object:
                	DN:	CN=www.seer.com Offline Address Book,CN=Offline Address Lists,CN=Address 
                Lists Container,CN=roaya,CN=Microsoft 
                Exchange,CN=Services,CN=Configuration,DC=Roaya,DC=loc
                	GUID:	{456BA46E-65CC-41B6-A3C2-B1950B4DEDE3}
                	Class:	msExchOAB
                	
                Attribute:
                	LDAP Display Name:	msExchOABLastTouchedTime
                	Syntax (OID):	2.5.5.11
                	Value:	20210929084633.0Z
                	
                Operation:
                	Type:	Value Added
                	Correlation ID:	{A3EE4CFF-DE97-4899-A603-A06C0F1D9912}
                	Application Correlation ID:	-

ComputerName  : FRANK-ADC-04
EventID       : 5136
Title         : ADObject Modified
TimeGenerated : 9/29/2021 10:46:37 AM
Content       : A directory service object was modified.
                	
                Subject:
                	Security ID:		S-1-5-21-2956518221-444034542-2043350422-87305
                	Account Name:		EU1MB9903$
                	Account Domain:		ROAYA
                	Logon ID:		0xA38EDAFA
                
                Directory Service:
                	Name:	Roaya.loc
                	Type:	Active Directory Domain Services
                	
                Object:
                	DN:	CN=www.seer.com Offline Address Book,CN=Offline Address Lists,CN=Address 
                Lists Container,CN=roaya,CN=Microsoft 
                Exchange,CN=Services,CN=Configuration,DC=Roaya,DC=loc
                	GUID:	{456BA46E-65CC-41B6-A3C2-B1950B4DEDE3}
                	Class:	msExchOAB
                	
                Attribute:
                	LDAP Display Name:	msExchOABLastTouchedTime
                	Syntax (OID):	2.5.5.11
                	Value:	20210929040702.0Z
                	
                Operation:
                	Type:	Value Deleted
                	Correlation ID:	{A3EE4CFF-DE97-4899-A603-A06C0F1D9912}
                	Application Correlation ID:	-

ComputerName  : FRANK-ADC-04
EventID       : 5136
Title         : ADObject Modified
TimeGenerated : 9/29/2021 10:46:37 AM
Content       : A directory service object was modified.
                	
                Subject:
                	Security ID:		S-1-5-21-2956518221-444034542-2043350422-87305
                	Account Name:		EU1MB9903$
                	Account Domain:		ROAYA
                	Logon ID:		0xA38EDAFA
                
                Directory Service:
                	Name:	Roaya.loc
                	Type:	Active Directory Domain Services
                	
                Object:
                	DN:	CN=safezoneinternational.org Offline Address Book,CN=Offline Address 
                Lists,CN=Address Lists Container,CN=roaya,CN=Microsoft 
                Exchange,CN=Services,CN=Configuration,DC=Roaya,DC=loc
                	GUID:	{E448EC4D-6E42-4B1E-90D5-6B6DE670B374}
                	Class:	msExchOAB
                	
                Attribute:
                	LDAP Display Name:	msExchOABLastTouchedTime
                	Syntax (OID):	2.5.5.11
                	Value:	20210929084636.0Z
                	
                Operation:
                	Type:	Value Added
                	Correlation ID:	{6FCA7770-2A3C-4D1D-988A-975EE2DBAAC2}
                	Application Correlation ID:	-

ComputerName  : FRANK-ADC-04
EventID       : 5136
Title         : ADObject Modified
TimeGenerated : 9/29/2021 10:46:37 AM
Content       : A directory service object was modified.
                	
                Subject:
                	Security ID:		S-1-5-21-2956518221-444034542-2043350422-87305
                	Account Name:		EU1MB9903$
                	Account Domain:		ROAYA
                	Logon ID:		0xA38EDAFA
                
                Directory Service:
                	Name:	Roaya.loc
                	Type:	Active Directory Domain Services
                	
                Object:
                	DN:	CN=safezoneinternational.org Offline Address Book,CN=Offline Address 
                Lists,CN=Address Lists Container,CN=roaya,CN=Microsoft 
                Exchange,CN=Services,CN=Configuration,DC=Roaya,DC=loc
                	GUID:	{E448EC4D-6E42-4B1E-90D5-6B6DE670B374}
                	Class:	msExchOAB
                	
                Attribute:
                	LDAP Display Name:	msExchOABLastTouchedTime
                	Syntax (OID):	2.5.5.11
                	Value:	20210929040704.0Z
                	
                Operation:
                	Type:	Value Deleted
                	Correlation ID:	{6FCA7770-2A3C-4D1D-988A-975EE2DBAAC2}
                	Application Correlation ID:	-

ComputerName  : FRANK-PDC
EventID       : 5136
Title         : ADObject Modified
TimeGenerated : 9/29/2021 10:46:29 AM
Content       : A directory service object was modified.
                	
                Subject:
                	Security ID:		S-1-5-21-2956518221-444034542-2043350422-88723
                	Account Name:		EU1MB9902$
                	Account Domain:		ROAYA
                	Logon ID:		0x12E1D3DF
                
                Directory Service:
                	Name:	Roaya.loc
                	Type:	Active Directory Domain Services
                	
                Object:
                	DN:	CN=nesma.yous_betna.com,OU=betna.com.eg,OU=Mail,DC=Roaya,DC=loc
                	GUID:	{251EF164-580C-4746-A7E5-D2EDAC3BCE99}
                	Class:	user
                	
                Attribute:
                	LDAP Display Name:	msExchUserCulture
                	Syntax (OID):	2.5.5.12
                	Value:	ar-EG
                	
                Operation:
                	Type:	Value Added
                	Correlation ID:	{C5EF0345-7828-4413-A5C6-E6A47F42AE49}
                	Application Correlation ID:	-

ComputerName  : FRANK-ADC-04
EventID       : 5136
Title         : ADObject Modified
TimeGenerated : 9/29/2021 10:46:27 AM
Content       : A directory service object was modified.
                	
                Subject:
                	Security ID:		S-1-5-21-2956518221-444034542-2043350422-87305
                	Account Name:		EU1MB9903$
                	Account Domain:		ROAYA
                	Logon ID:		0xA38EDAFA
                
                Directory Service:
                	Name:	Roaya.loc
                	Type:	Active Directory Domain Services
                	
                Object:
                	DN:	CN=elbannagroup.com Offline Address Book,CN=Offline Address Lists,CN=Address 
                Lists Container,CN=roaya,CN=Microsoft 
                Exchange,CN=Services,CN=Configuration,DC=Roaya,DC=loc
                	GUID:	{33F9AAF7-EEE1-4536-A55C-503CA2532AE6}
                	Class:	msExchOAB
                	
                Attribute:
                	LDAP Display Name:	msExchConfigurationXML
                	Syntax (OID):	2.5.5.12
                	Value:	<OfflineAddressBookConfigXML><ManifestVersion><AddressLists 
                AddressListId="137620ed-0dbc-4a41-87b4-6303d567d1f1" Sequence="669" 
                /></ManifestVersion><LastFailedTime p2:nil="true" 
                xmlns:p2="http://www.w3.org/2001/XMLSchema-instance" /><LastGeneratingData><Mailbox
                Guid>feea8dd2-5615-42ce-a176-1f29ddbca752</MailboxGuid><DatabaseGuid>77c5ed34-31bb-
                4d80-988c-932fec22ef7e</DatabaseGuid><ServerFqdn>EU1MB9903.Roaya.loc</ServerFqdn></
                LastGeneratingData><HttpHomeMdbLastProcessedBucket>0</HttpHomeMdbLastProcessedBucke
                t><FullOabDownloadPreventionThreshold>0</FullOabDownloadPreventionThreshold><ZipOab
                FilesBeforeUploading>false</ZipOabFilesBeforeUploading></OfflineAddressBookConfigXM
                L>
                	
                Operation:
                	Type:	Value Added
                	Correlation ID:	{41546DF8-EDB8-450D-9A68-C7CFC74E6442}
                	Application Correlation ID:	-

ComputerName  : FRANK-ADC-04
EventID       : 5136
Title         : ADObject Modified
TimeGenerated : 9/29/2021 10:46:27 AM
Content       : A directory service object was modified.
                	
                Subject:
                	Security ID:		S-1-5-21-2956518221-444034542-2043350422-87305
                	Account Name:		EU1MB9903$
                	Account Domain:		ROAYA
                	Logon ID:		0xA38EDAFA
                
                Directory Service:
                	Name:	Roaya.loc
                	Type:	Active Directory Domain Services
                	
                Object:
                	DN:	CN=elbannagroup.com Offline Address Book,CN=Offline Address Lists,CN=Address 
                Lists Container,CN=roaya,CN=Microsoft 
                Exchange,CN=Services,CN=Configuration,DC=Roaya,DC=loc
                	GUID:	{33F9AAF7-EEE1-4536-A55C-503CA2532AE6}
                	Class:	msExchOAB
                	
                Attribute:
                	LDAP Display Name:	msExchConfigurationXML
                	Syntax (OID):	2.5.5.12
                	Value:	<OfflineAddressBookConfigXML><ManifestVersion><AddressLists 
                AddressListId="137620ed-0dbc-4a41-87b4-6303d567d1f1" Sequence="668" 
                /></ManifestVersion><LastFailedTime p2:nil="true" 
                xmlns:p2="http://www.w3.org/2001/XMLSchema-instance" /><LastGeneratingData><Mailbox
                Guid>feea8dd2-5615-42ce-a176-1f29ddbca752</MailboxGuid><DatabaseGuid>77c5ed34-31bb-
                4d80-988c-932fec22ef7e</DatabaseGuid><ServerFqdn>EU1MB9903.Roaya.loc</ServerFqdn></
                LastGeneratingData><HttpHomeMdbLastProcessedBucket>0</HttpHomeMdbLastProcessedBucke
                t><FullOabDownloadPreventionThreshold>0</FullOabDownloadPreventionThreshold><ZipOab
                FilesBeforeUploading>false</ZipOabFilesBeforeUploading></OfflineAddressBookConfigXM
                L>
                	
                Operation:
                	Type:	Value Deleted
                	Correlation ID:	{41546DF8-EDB8-450D-9A68-C7CFC74E6442}
                	Application Correlation ID:	-

ComputerName  : FRANK-ADC-04
EventID       : 5136
Title         : ADObject Modified
TimeGenerated : 9/29/2021 10:46:27 AM
Content       : A directory service object was modified.
                	
                Subject:
                	Security ID:		S-1-5-21-2956518221-444034542-2043350422-87305
                	Account Name:		EU1MB9903$
                	Account Domain:		ROAYA
                	Logon ID:		0xA38EDAFA
                
                Directory Service:
                	Name:	Roaya.loc
                	Type:	Active Directory Domain Services
                	
                Object:
                	DN:	CN=elbannagroup.com Offline Address Book,CN=Offline Address Lists,CN=Address 
                Lists Container,CN=roaya,CN=Microsoft 
                Exchange,CN=Services,CN=Configuration,DC=Roaya,DC=loc
                	GUID:	{33F9AAF7-EEE1-4536-A55C-503CA2532AE6}
                	Class:	msExchOAB
                	
                Attribute:
                	LDAP Display Name:	msExchOABLastTouchedTime
                	Syntax (OID):	2.5.5.11
                	Value:	20210929084624.0Z
                	
                Operation:
                	Type:	Value Added
                	Correlation ID:	{41546DF8-EDB8-450D-9A68-C7CFC74E6442}
                	Application Correlation ID:	-

ComputerName  : FRANK-ADC-04
EventID       : 5136
Title         : ADObject Modified
TimeGenerated : 9/29/2021 10:46:27 AM
Content       : A directory service object was modified.
                	
                Subject:
                	Security ID:		S-1-5-21-2956518221-444034542-2043350422-87305
                	Account Name:		EU1MB9903$
                	Account Domain:		ROAYA
                	Logon ID:		0xA38EDAFA
                
                Directory Service:
                	Name:	Roaya.loc
                	Type:	Active Directory Domain Services
                	
                Object:
                	DN:	CN=elbannagroup.com Offline Address Book,CN=Offline Address Lists,CN=Address 
                Lists Container,CN=roaya,CN=Microsoft 
                Exchange,CN=Services,CN=Configuration,DC=Roaya,DC=loc
                	GUID:	{33F9AAF7-EEE1-4536-A55C-503CA2532AE6}
                	Class:	msExchOAB
                	
                Attribute:
                	LDAP Display Name:	msExchOABLastTouchedTime
                	Syntax (OID):	2.5.5.11
                	Value:	20210929040653.0Z
                	
                Operation:
                	Type:	Value Deleted
                	Correlation ID:	{41546DF8-EDB8-450D-9A68-C7CFC74E6442}
                	Application Correlation ID:	-

ComputerName  : FRANK-ADC-04
EventID       : 5136
Title         : ADObject Modified
TimeGenerated : 9/29/2021 10:46:17 AM
Content       : A directory service object was modified.
                	
                Subject:
                	Security ID:		S-1-5-21-2956518221-444034542-2043350422-87305
                	Account Name:		EU1MB9903$
                	Account Domain:		ROAYA
                	Logon ID:		0xA38EDAFA
                
                Directory Service:
                	Name:	Roaya.loc
                	Type:	Active Directory Domain Services
                	
                Object:
                	DN:	CN=uaealnuaimi.com Offline Address Book,CN=Offline Address Lists,CN=Address 
                Lists Container,CN=roaya,CN=Microsoft 
                Exchange,CN=Services,CN=Configuration,DC=Roaya,DC=loc
                	GUID:	{AA1B9000-ACA2-4885-84B5-9C70B8069314}
                	Class:	msExchOAB
                	
                Attribute:
                	LDAP Display Name:	msExchConfigurationXML
                	Syntax (OID):	2.5.5.12
                	Value:	<OfflineAddressBookConfigXML><ManifestVersion><AddressLists 
                AddressListId="3ffd8aa5-ed03-4140-8354-55b12a4890d1" Sequence="590" 
                /></ManifestVersion><LastFailedTime p2:nil="true" 
                xmlns:p2="http://www.w3.org/2001/XMLSchema-instance" /><LastGeneratingData><Mailbox
                Guid>feea8dd2-5615-42ce-a176-1f29ddbca752</MailboxGuid><DatabaseGuid>77c5ed34-31bb-
                4d80-988c-932fec22ef7e</DatabaseGuid><ServerFqdn>EU1MB9903.Roaya.loc</ServerFqdn></
                LastGeneratingData><HttpHomeMdbLastProcessedBucket>0</HttpHomeMdbLastProcessedBucke
                t><FullOabDownloadPreventionThreshold>0</FullOabDownloadPreventionThreshold><ZipOab
                FilesBeforeUploading>false</ZipOabFilesBeforeUploading></OfflineAddressBookConfigXM
                L>
                	
                Operation:
                	Type:	Value Added
                	Correlation ID:	{AF57CEEF-AFCA-4287-AE41-44E23E1440B7}
                	Application Correlation ID:	-

ComputerName  : FRANK-ADC-04
EventID       : 5136
Title         : ADObject Modified
TimeGenerated : 9/29/2021 10:46:17 AM
Content       : A directory service object was modified.
                	
                Subject:
                	Security ID:		S-1-5-21-2956518221-444034542-2043350422-87305
                	Account Name:		EU1MB9903$
                	Account Domain:		ROAYA
                	Logon ID:		0xA38EDAFA
                
                Directory Service:
                	Name:	Roaya.loc
                	Type:	Active Directory Domain Services
                	
                Object:
                	DN:	CN=uaealnuaimi.com Offline Address Book,CN=Offline Address Lists,CN=Address 
                Lists Container,CN=roaya,CN=Microsoft 
                Exchange,CN=Services,CN=Configuration,DC=Roaya,DC=loc
                	GUID:	{AA1B9000-ACA2-4885-84B5-9C70B8069314}
                	Class:	msExchOAB
                	
                Attribute:
                	LDAP Display Name:	msExchConfigurationXML
                	Syntax (OID):	2.5.5.12
                	Value:	<OfflineAddressBookConfigXML><ManifestVersion><AddressLists 
                AddressListId="3ffd8aa5-ed03-4140-8354-55b12a4890d1" Sequence="589" 
                /></ManifestVersion><LastFailedTime p2:nil="true" 
                xmlns:p2="http://www.w3.org/2001/XMLSchema-instance" /><LastGeneratingData><Mailbox
                Guid>feea8dd2-5615-42ce-a176-1f29ddbca752</MailboxGuid><DatabaseGuid>77c5ed34-31bb-
                4d80-988c-932fec22ef7e</DatabaseGuid><ServerFqdn>EU1MB9903.Roaya.loc</ServerFqdn></
                LastGeneratingData><HttpHomeMdbLastProcessedBucket>0</HttpHomeMdbLastProcessedBucke
                t><FullOabDownloadPreventionThreshold>0</FullOabDownloadPreventionThreshold><ZipOab
                FilesBeforeUploading>false</ZipOabFilesBeforeUploading></OfflineAddressBookConfigXM
                L>
                	
                Operation:
                	Type:	Value Deleted
                	Correlation ID:	{AF57CEEF-AFCA-4287-AE41-44E23E1440B7}
                	Application Correlation ID:	-

ComputerName  : FRANK-ADC-04
EventID       : 5136
Title         : ADObject Modified
TimeGenerated : 9/29/2021 10:46:17 AM
Content       : A directory service object was modified.
                	
                Subject:
                	Security ID:		S-1-5-21-2956518221-444034542-2043350422-87305
                	Account Name:		EU1MB9903$
                	Account Domain:		ROAYA
                	Logon ID:		0xA38EDAFA
                
                Directory Service:
                	Name:	Roaya.loc
                	Type:	Active Directory Domain Services
                	
                Object:
                	DN:	CN=uaealnuaimi.com Offline Address Book,CN=Offline Address Lists,CN=Address 
                Lists Container,CN=roaya,CN=Microsoft 
                Exchange,CN=Services,CN=Configuration,DC=Roaya,DC=loc
                	GUID:	{AA1B9000-ACA2-4885-84B5-9C70B8069314}
                	Class:	msExchOAB
                	
                Attribute:
                	LDAP Display Name:	msExchOABLastTouchedTime
                	Syntax (OID):	2.5.5.11
                	Value:	20210929084614.0Z
                	
                Operation:
                	Type:	Value Added
                	Correlation ID:	{AF57CEEF-AFCA-4287-AE41-44E23E1440B7}
                	Application Correlation ID:	-

ComputerName  : FRANK-ADC-04
EventID       : 5136
Title         : ADObject Modified
TimeGenerated : 9/29/2021 10:46:17 AM
Content       : A directory service object was modified.
                	
                Subject:
                	Security ID:		S-1-5-21-2956518221-444034542-2043350422-87305
                	Account Name:		EU1MB9903$
                	Account Domain:		ROAYA
                	Logon ID:		0xA38EDAFA
                
                Directory Service:
                	Name:	Roaya.loc
                	Type:	Active Directory Domain Services
                	
                Object:
                	DN:	CN=uaealnuaimi.com Offline Address Book,CN=Offline Address Lists,CN=Address 
                Lists Container,CN=roaya,CN=Microsoft 
                Exchange,CN=Services,CN=Configuration,DC=Roaya,DC=loc
                	GUID:	{AA1B9000-ACA2-4885-84B5-9C70B8069314}
                	Class:	msExchOAB
                	
                Attribute:
                	LDAP Display Name:	msExchOABLastTouchedTime
                	Syntax (OID):	2.5.5.11
                	Value:	20210929040645.0Z
                	
                Operation:
                	Type:	Value Deleted
                	Correlation ID:	{AF57CEEF-AFCA-4287-AE41-44E23E1440B7}
                	Application Correlation ID:	-

ComputerName  : FRANK-ADC-04
EventID       : 5136
Title         : ADObject Modified
TimeGenerated : 9/29/2021 10:46:17 AM
Content       : A directory service object was modified.
                	
                Subject:
                	Security ID:		S-1-5-21-2956518221-444034542-2043350422-87305
                	Account Name:		EU1MB9903$
                	Account Domain:		ROAYA
                	Logon ID:		0xA38EDAFA
                
                Directory Service:
                	Name:	Roaya.loc
                	Type:	Active Directory Domain Services
                	
                Object:
                	DN:	CN=sarafinaltwo.co Offline Address Book,CN=Offline Address Lists,CN=Address 
                Lists Container,CN=roaya,CN=Microsoft 
                Exchange,CN=Services,CN=Configuration,DC=Roaya,DC=loc
                	GUID:	{8FF8C0F0-B6C8-4A01-B1DB-D71E7F1EEF25}
                	Class:	msExchOAB
                	
                Attribute:
                	LDAP Display Name:	msExchOABLastTouchedTime
                	Syntax (OID):	2.5.5.11
                	Value:	20210929084608.0Z
                	
                Operation:
                	Type:	Value Added
                	Correlation ID:	{B1FA9281-C552-4AB9-8785-2F2CBA65E6A1}
                	Application Correlation ID:	-

ComputerName  : FRANK-ADC-04
EventID       : 5136
Title         : ADObject Modified
TimeGenerated : 9/29/2021 10:46:17 AM
Content       : A directory service object was modified.
                	
                Subject:
                	Security ID:		S-1-5-21-2956518221-444034542-2043350422-87305
                	Account Name:		EU1MB9903$
                	Account Domain:		ROAYA
                	Logon ID:		0xA38EDAFA
                
                Directory Service:
                	Name:	Roaya.loc
                	Type:	Active Directory Domain Services
                	
                Object:
                	DN:	CN=sarafinaltwo.co Offline Address Book,CN=Offline Address Lists,CN=Address 
                Lists Container,CN=roaya,CN=Microsoft 
                Exchange,CN=Services,CN=Configuration,DC=Roaya,DC=loc
                	GUID:	{8FF8C0F0-B6C8-4A01-B1DB-D71E7F1EEF25}
                	Class:	msExchOAB
                	
                Attribute:
                	LDAP Display Name:	msExchOABLastTouchedTime
                	Syntax (OID):	2.5.5.11
                	Value:	20210929040640.0Z
                	
                Operation:
                	Type:	Value Deleted
                	Correlation ID:	{B1FA9281-C552-4AB9-8785-2F2CBA65E6A1}
                	Application Correlation ID:	-

ComputerName  : FRANK-ADC-04
EventID       : 5136
Title         : ADObject Modified
TimeGenerated : 9/29/2021 10:46:17 AM
Content       : A directory service object was modified.
                	
                Subject:
                	Security ID:		S-1-5-21-2956518221-444034542-2043350422-87305
                	Account Name:		EU1MB9903$
                	Account Domain:		ROAYA
                	Logon ID:		0xA38EDAFA
                
                Directory Service:
                	Name:	Roaya.loc
                	Type:	Active Directory Domain Services
                	
                Object:
                	DN:	CN=yourworkplace.com Offline Address Book,CN=Offline Address Lists,CN=Address 
                Lists Container,CN=roaya,CN=Microsoft 
                Exchange,CN=Services,CN=Configuration,DC=Roaya,DC=loc
                	GUID:	{7A4ADB46-E25F-4675-8C8A-BB84BDB6FD61}
                	Class:	msExchOAB
                	
                Attribute:
                	LDAP Display Name:	msExchOABLastTouchedTime
                	Syntax (OID):	2.5.5.11
                	Value:	20210929084611.0Z
                	
                Operation:
                	Type:	Value Added
                	Correlation ID:	{EE8C60EB-3FD6-4978-96C3-130435BA8C00}
                	Application Correlation ID:	-

ComputerName  : FRANK-ADC-04
EventID       : 5136
Title         : ADObject Modified
TimeGenerated : 9/29/2021 10:46:17 AM
Content       : A directory service object was modified.
                	
                Subject:
                	Security ID:		S-1-5-21-2956518221-444034542-2043350422-87305
                	Account Name:		EU1MB9903$
                	Account Domain:		ROAYA
                	Logon ID:		0xA38EDAFA
                
                Directory Service:
                	Name:	Roaya.loc
                	Type:	Active Directory Domain Services
                	
                Object:
                	DN:	CN=yourworkplace.com Offline Address Book,CN=Offline Address Lists,CN=Address 
                Lists Container,CN=roaya,CN=Microsoft 
                Exchange,CN=Services,CN=Configuration,DC=Roaya,DC=loc
                	GUID:	{7A4ADB46-E25F-4675-8C8A-BB84BDB6FD61}
                	Class:	msExchOAB
                	
                Attribute:
                	LDAP Display Name:	msExchOABLastTouchedTime
                	Syntax (OID):	2.5.5.11
                	Value:	20210929040642.0Z
                	
                Operation:
                	Type:	Value Deleted
                	Correlation ID:	{EE8C60EB-3FD6-4978-96C3-130435BA8C00}
                	Application Correlation ID:	-

ComputerName  : FRANK-ADC-04
EventID       : 5136
Title         : ADObject Modified
TimeGenerated : 9/29/2021 10:46:07 AM
Content       : A directory service object was modified.
                	
                Subject:
                	Security ID:		S-1-5-21-2956518221-444034542-2043350422-87305
                	Account Name:		EU1MB9903$
                	Account Domain:		ROAYA
                	Logon ID:		0xA38EDAFA
                
                Directory Service:
                	Name:	Roaya.loc
                	Type:	Active Directory Domain Services
                	
                Object:
                	DN:	CN=jetouregypt.com Offline Address Book,CN=Offline Address Lists,CN=Address 
                Lists Container,CN=roaya,CN=Microsoft 
                Exchange,CN=Services,CN=Configuration,DC=Roaya,DC=loc
                	GUID:	{9D6F4A87-50A6-4464-ADC0-D482EF807093}
                	Class:	msExchOAB
                	
                Attribute:
                	LDAP Display Name:	msExchConfigurationXML
                	Syntax (OID):	2.5.5.12
                	Value:	<OfflineAddressBookConfigXML><ManifestVersion><AddressLists 
                AddressListId="0cf4691c-8add-4e0d-bfd1-abece1c72709" Sequence="653" 
                /></ManifestVersion><LastFailedTime p2:nil="true" 
                xmlns:p2="http://www.w3.org/2001/XMLSchema-instance" /><LastGeneratingData><Mailbox
                Guid>feea8dd2-5615-42ce-a176-1f29ddbca752</MailboxGuid><DatabaseGuid>77c5ed34-31bb-
                4d80-988c-932fec22ef7e</DatabaseGuid><ServerFqdn>EU1MB9903.Roaya.loc</ServerFqdn></
                LastGeneratingData><HttpHomeMdbLastProcessedBucket>0</HttpHomeMdbLastProcessedBucke
                t><FullOabDownloadPreventionThreshold>0</FullOabDownloadPreventionThreshold><ZipOab
                FilesBeforeUploading>false</ZipOabFilesBeforeUploading></OfflineAddressBookConfigXM
                L>
                	
                Operation:
                	Type:	Value Added
                	Correlation ID:	{6B6444AC-AEFF-4DA5-A8C4-50B7470B6EFF}
                	Application Correlation ID:	-

ComputerName  : FRANK-ADC-04
EventID       : 5136
Title         : ADObject Modified
TimeGenerated : 9/29/2021 10:46:07 AM
Content       : A directory service object was modified.
                	
                Subject:
                	Security ID:		S-1-5-21-2956518221-444034542-2043350422-87305
                	Account Name:		EU1MB9903$
                	Account Domain:		ROAYA
                	Logon ID:		0xA38EDAFA
                
                Directory Service:
                	Name:	Roaya.loc
                	Type:	Active Directory Domain Services
                	
                Object:
                	DN:	CN=jetouregypt.com Offline Address Book,CN=Offline Address Lists,CN=Address 
                Lists Container,CN=roaya,CN=Microsoft 
                Exchange,CN=Services,CN=Configuration,DC=Roaya,DC=loc
                	GUID:	{9D6F4A87-50A6-4464-ADC0-D482EF807093}
                	Class:	msExchOAB
                	
                Attribute:
                	LDAP Display Name:	msExchConfigurationXML
                	Syntax (OID):	2.5.5.12
                	Value:	<OfflineAddressBookConfigXML><ManifestVersion><AddressLists 
                AddressListId="0cf4691c-8add-4e0d-bfd1-abece1c72709" Sequence="652" 
                /></ManifestVersion><LastFailedTime p2:nil="true" 
                xmlns:p2="http://www.w3.org/2001/XMLSchema-instance" /><LastGeneratingData><Mailbox
                Guid>feea8dd2-5615-42ce-a176-1f29ddbca752</MailboxGuid><DatabaseGuid>77c5ed34-31bb-
                4d80-988c-932fec22ef7e</DatabaseGuid><ServerFqdn>EU1MB9903.Roaya.loc</ServerFqdn></
                LastGeneratingData><HttpHomeMdbLastProcessedBucket>0</HttpHomeMdbLastProcessedBucke
                t><FullOabDownloadPreventionThreshold>0</FullOabDownloadPreventionThreshold><ZipOab
                FilesBeforeUploading>false</ZipOabFilesBeforeUploading></OfflineAddressBookConfigXM
                L>
                	
                Operation:
                	Type:	Value Deleted
                	Correlation ID:	{6B6444AC-AEFF-4DA5-A8C4-50B7470B6EFF}
                	Application Correlation ID:	-

ComputerName  : FRANK-ADC-04
EventID       : 5136
Title         : ADObject Modified
TimeGenerated : 9/29/2021 10:46:07 AM
Content       : A directory service object was modified.
                	
                Subject:
                	Security ID:		S-1-5-21-2956518221-444034542-2043350422-87305
                	Account Name:		EU1MB9903$
                	Account Domain:		ROAYA
                	Logon ID:		0xA38EDAFA
                
                Directory Service:
                	Name:	Roaya.loc
                	Type:	Active Directory Domain Services
                	
                Object:
                	DN:	CN=jetouregypt.com Offline Address Book,CN=Offline Address Lists,CN=Address 
                Lists Container,CN=roaya,CN=Microsoft 
                Exchange,CN=Services,CN=Configuration,DC=Roaya,DC=loc
                	GUID:	{9D6F4A87-50A6-4464-ADC0-D482EF807093}
                	Class:	msExchOAB
                	
                Attribute:
                	LDAP Display Name:	msExchOABLastTouchedTime
                	Syntax (OID):	2.5.5.11
                	Value:	20210929084559.0Z
                	
                Operation:
                	Type:	Value Added
                	Correlation ID:	{6B6444AC-AEFF-4DA5-A8C4-50B7470B6EFF}
                	Application Correlation ID:	-

ComputerName  : FRANK-ADC-04
EventID       : 5136
Title         : ADObject Modified
TimeGenerated : 9/29/2021 10:46:07 AM
Content       : A directory service object was modified.
                	
                Subject:
                	Security ID:		S-1-5-21-2956518221-444034542-2043350422-87305
                	Account Name:		EU1MB9903$
                	Account Domain:		ROAYA
                	Logon ID:		0xA38EDAFA
                
                Directory Service:
                	Name:	Roaya.loc
                	Type:	Active Directory Domain Services
                	
                Object:
                	DN:	CN=jetouregypt.com Offline Address Book,CN=Offline Address Lists,CN=Address 
                Lists Container,CN=roaya,CN=Microsoft 
                Exchange,CN=Services,CN=Configuration,DC=Roaya,DC=loc
                	GUID:	{9D6F4A87-50A6-4464-ADC0-D482EF807093}
                	Class:	msExchOAB
                	
                Attribute:
                	LDAP Display Name:	msExchOABLastTouchedTime
                	Syntax (OID):	2.5.5.11
                	Value:	20210929040632.0Z
                	
                Operation:
                	Type:	Value Deleted
                	Correlation ID:	{6B6444AC-AEFF-4DA5-A8C4-50B7470B6EFF}
                	Application Correlation ID:	-

ComputerName  : FRANK-ADC-04
EventID       : 5136
Title         : ADObject Modified
TimeGenerated : 9/29/2021 10:45:57 AM
Content       : A directory service object was modified.
                	
                Subject:
                	Security ID:		S-1-5-21-2956518221-444034542-2043350422-87305
                	Account Name:		EU1MB9903$
                	Account Domain:		ROAYA
                	Logon ID:		0xA38EDAFA
                
                Directory Service:
                	Name:	Roaya.loc
                	Type:	Active Directory Domain Services
                	
                Object:
                	DN:	CN=fdfdf.fdfdf Offline Address Book,CN=Offline Address Lists,CN=Address Lists 
                Container,CN=roaya,CN=Microsoft 
                Exchange,CN=Services,CN=Configuration,DC=Roaya,DC=loc
                	GUID:	{32688E41-E1B5-4CFC-86FE-CCECD5ACED9C}
                	Class:	msExchOAB
                	
                Attribute:
                	LDAP Display Name:	msExchOABLastTouchedTime
                	Syntax (OID):	2.5.5.11
                	Value:	20210929084553.0Z
                	
                Operation:
                	Type:	Value Added
                	Correlation ID:	{B085B02B-F08B-4D03-B9EE-719BE5162AB5}
                	Application Correlation ID:	-

ComputerName  : FRANK-ADC-04
EventID       : 5136
Title         : ADObject Modified
TimeGenerated : 9/29/2021 10:45:57 AM
Content       : A directory service object was modified.
                	
                Subject:
                	Security ID:		S-1-5-21-2956518221-444034542-2043350422-87305
                	Account Name:		EU1MB9903$
                	Account Domain:		ROAYA
                	Logon ID:		0xA38EDAFA
                
                Directory Service:
                	Name:	Roaya.loc
                	Type:	Active Directory Domain Services
                	
                Object:
                	DN:	CN=fdfdf.fdfdf Offline Address Book,CN=Offline Address Lists,CN=Address Lists 
                Container,CN=roaya,CN=Microsoft 
                Exchange,CN=Services,CN=Configuration,DC=Roaya,DC=loc
                	GUID:	{32688E41-E1B5-4CFC-86FE-CCECD5ACED9C}
                	Class:	msExchOAB
                	
                Attribute:
                	LDAP Display Name:	msExchOABLastTouchedTime
                	Syntax (OID):	2.5.5.11
                	Value:	20210929040628.0Z
                	
                Operation:
                	Type:	Value Deleted
                	Correlation ID:	{B085B02B-F08B-4D03-B9EE-719BE5162AB5}
                	Application Correlation ID:	-

ComputerName  : FRANK-ADC-04
EventID       : 5136
Title         : ADObject Modified
TimeGenerated : 9/29/2021 10:45:57 AM
Content       : A directory service object was modified.
                	
                Subject:
                	Security ID:		S-1-5-21-2956518221-444034542-2043350422-87305
                	Account Name:		EU1MB9903$
                	Account Domain:		ROAYA
                	Logon ID:		0xA38EDAFA
                
                Directory Service:
                	Name:	Roaya.loc
                	Type:	Active Directory Domain Services
                	
                Object:
                	DN:	CN=krsrecruitment.co.uk Offline Address Book,CN=Offline Address 
                Lists,CN=Address Lists Container,CN=roaya,CN=Microsoft 
                Exchange,CN=Services,CN=Configuration,DC=Roaya,DC=loc
                	GUID:	{470CC3C3-0757-4D74-BF19-81802B7F17A9}
                	Class:	msExchOAB
                	
                Attribute:
                	LDAP Display Name:	msExchOABLastTouchedTime
                	Syntax (OID):	2.5.5.11
                	Value:	20210929084550.0Z
                	
                Operation:
                	Type:	Value Added
                	Correlation ID:	{A79975C7-EE99-4FF2-8DB9-E0CA99890976}
                	Application Correlation ID:	-

ComputerName  : FRANK-ADC-04
EventID       : 5136
Title         : ADObject Modified
TimeGenerated : 9/29/2021 10:45:57 AM
Content       : A directory service object was modified.
                	
                Subject:
                	Security ID:		S-1-5-21-2956518221-444034542-2043350422-87305
                	Account Name:		EU1MB9903$
                	Account Domain:		ROAYA
                	Logon ID:		0xA38EDAFA
                
                Directory Service:
                	Name:	Roaya.loc
                	Type:	Active Directory Domain Services
                	
                Object:
                	DN:	CN=krsrecruitment.co.uk Offline Address Book,CN=Offline Address 
                Lists,CN=Address Lists Container,CN=roaya,CN=Microsoft 
                Exchange,CN=Services,CN=Configuration,DC=Roaya,DC=loc
                	GUID:	{470CC3C3-0757-4D74-BF19-81802B7F17A9}
                	Class:	msExchOAB
                	
                Attribute:
                	LDAP Display Name:	msExchOABLastTouchedTime
                	Syntax (OID):	2.5.5.11
                	Value:	20210929040625.0Z
                	
                Operation:
                	Type:	Value Deleted
                	Correlation ID:	{A79975C7-EE99-4FF2-8DB9-E0CA99890976}
                	Application Correlation ID:	-

ComputerName  : FRANK-ADC-04
EventID       : 5136
Title         : ADObject Modified
TimeGenerated : 9/29/2021 10:45:57 AM
Content       : A directory service object was modified.
                	
                Subject:
                	Security ID:		S-1-5-21-2956518221-444034542-2043350422-87305
                	Account Name:		EU1MB9903$
                	Account Domain:		ROAYA
                	Logon ID:		0xA38EDAFA
                
                Directory Service:
                	Name:	Roaya.loc
                	Type:	Active Directory Domain Services
                	
                Object:
                	DN:	CN=ra.ra Offline Address Book,CN=Offline Address Lists,CN=Address Lists 
                Container,CN=roaya,CN=Microsoft 
                Exchange,CN=Services,CN=Configuration,DC=Roaya,DC=loc
                	GUID:	{D01086AC-0315-434D-846C-37840E6FE802}
                	Class:	msExchOAB
                	
                Attribute:
                	LDAP Display Name:	msExchOABLastTouchedTime
                	Syntax (OID):	2.5.5.11
                	Value:	20210929084555.0Z
                	
                Operation:
                	Type:	Value Added
                	Correlation ID:	{3A806C30-8CB7-42DE-9901-DC627AA283F5}
                	Application Correlation ID:	-

ComputerName  : FRANK-ADC-04
EventID       : 5136
Title         : ADObject Modified
TimeGenerated : 9/29/2021 10:45:57 AM
Content       : A directory service object was modified.
                	
                Subject:
                	Security ID:		S-1-5-21-2956518221-444034542-2043350422-87305
                	Account Name:		EU1MB9903$
                	Account Domain:		ROAYA
                	Logon ID:		0xA38EDAFA
                
                Directory Service:
                	Name:	Roaya.loc
                	Type:	Active Directory Domain Services
                	
                Object:
                	DN:	CN=ra.ra Offline Address Book,CN=Offline Address Lists,CN=Address Lists 
                Container,CN=roaya,CN=Microsoft 
                Exchange,CN=Services,CN=Configuration,DC=Roaya,DC=loc
                	GUID:	{D01086AC-0315-434D-846C-37840E6FE802}
                	Class:	msExchOAB
                	
                Attribute:
                	LDAP Display Name:	msExchOABLastTouchedTime
                	Syntax (OID):	2.5.5.11
                	Value:	20210929040630.0Z
                	
                Operation:
                	Type:	Value Deleted
                	Correlation ID:	{3A806C30-8CB7-42DE-9901-DC627AA283F5}
                	Application Correlation ID:	-

ComputerName  : FRANK-PDC
EventID       : 4740
Title         : User locked out
TimeGenerated : 9/29/2021 10:45:50 AM
Content       : A user account was locked out.
                
                Subject:
                	Security ID:		S-1-5-18
                	Account Name:		FRANK-PDC$
                	Account Domain:		ROAYA
                	Logon ID:		0x3E7
                
                Account That Was Locked Out:
                	Security ID:		S-1-5-21-2956518221-444034542-2043350422-30858
                	Account Name:		it-support_surgitech
                
                Additional Information:
                	Caller Computer Name:	FILE-SERVER

ComputerName  : FRANK-ADC-04
EventID       : 5136
Title         : ADObject Modified
TimeGenerated : 9/29/2021 10:45:47 AM
Content       : A directory service object was modified.
                	
                Subject:
                	Security ID:		S-1-5-21-2956518221-444034542-2043350422-87305
                	Account Name:		EU1MB9903$
                	Account Domain:		ROAYA
                	Logon ID:		0xA38EDAFA
                
                Directory Service:
                	Name:	Roaya.loc
                	Type:	Active Directory Domain Services
                	
                Object:
                	DN:	CN=test.iss Offline Address Book,CN=Offline Address Lists,CN=Address Lists 
                Container,CN=roaya,CN=Microsoft 
                Exchange,CN=Services,CN=Configuration,DC=Roaya,DC=loc
                	GUID:	{72BDB790-238E-4E2F-9A40-546351BC292B}
                	Class:	msExchOAB
                	
                Attribute:
                	LDAP Display Name:	msExchConfigurationXML
                	Syntax (OID):	2.5.5.12
                	Value:	<OfflineAddressBookConfigXML><ManifestVersion><AddressLists 
                AddressListId="02a3f510-e95d-4be5-95c5-83060117a9c3" Sequence="534" 
                /></ManifestVersion><LastFailedTime p2:nil="true" 
                xmlns:p2="http://www.w3.org/2001/XMLSchema-instance" /><LastGeneratingData><Mailbox
                Guid>feea8dd2-5615-42ce-a176-1f29ddbca752</MailboxGuid><DatabaseGuid>77c5ed34-31bb-
                4d80-988c-932fec22ef7e</DatabaseGuid><ServerFqdn>EU1MB9903.Roaya.loc</ServerFqdn></
                LastGeneratingData><HttpHomeMdbLastProcessedBucket>0</HttpHomeMdbLastProcessedBucke
                t><FullOabDownloadPreventionThreshold>0</FullOabDownloadPreventionThreshold><ZipOab
                FilesBeforeUploading>false</ZipOabFilesBeforeUploading></OfflineAddressBookConfigXM
                L>
                	
                Operation:
                	Type:	Value Added
                	Correlation ID:	{8EA2CFDB-06CC-424A-86B6-9E312BAAD10A}
                	Application Correlation ID:	-

