ComputerName  : FRANK-PDC
EventID       : 5136
Title         : ADObject Modified
TimeGenerated : 8/5/2021 1:51:44 PM
Content       : A directory service object was modified.
                	
                Subject:
                	Security ID:		S-1-5-21-2956518221-444034542-2043350422-87305
                	Account Name:		EU1MB9903$
                	Account Domain:		ROAYA
                	Logon ID:		0x2CF7F215F
                
                Directory Service:
                	Name:	Roaya.loc
                	Type:	Active Directory Domain Services
                	
                Object:
                	DN:	CN=hjhh.jhhj Offline Address Book,CN=Offline Address Lists,CN=Address Lists 
                Container,CN=roaya,CN=Microsoft Exchange,CN=Services,CN=Configuration,DC=Roaya,DC=loc
                	GUID:	{43B63DB8-5CDE-481D-A8F9-EC1B27C17FA9}
                	Class:	msExchOAB
                	
                Attribute:
                	LDAP Display Name:	msExchOABLastTouchedTime
                	Syntax (OID):	2.5.5.11
                	Value:	20210805052847.0Z
                	
                Operation:
                	Type:	Value Deleted
                	Correlation ID:	{72FD7581-F02C-4656-8405-402589F9EADE}
                	Application Correlation ID:	-

ComputerName  : FRANK-PDC
EventID       : 5136
Title         : ADObject Modified
TimeGenerated : 8/5/2021 1:51:34 PM
Content       : A directory service object was modified.
                	
                Subject:
                	Security ID:		S-1-5-21-2956518221-444034542-2043350422-87305
                	Account Name:		EU1MB9903$
                	Account Domain:		ROAYA
                	Logon ID:		0x2CF7F215F
                
                Directory Service:
                	Name:	Roaya.loc
                	Type:	Active Directory Domain Services
                	
                Object:
                	DN:	CN=smartssoft.com Offline Address Book,CN=Offline Address Lists,CN=Address Lists 
                Container,CN=roaya,CN=Microsoft Exchange,CN=Services,CN=Configuration,DC=Roaya,DC=loc
                	GUID:	{2E701EEE-C37E-4536-A073-1DD19AEF201C}
                	Class:	msExchOAB
                	
                Attribute:
                	LDAP Display Name:	msExchOABLastTouchedTime
                	Syntax (OID):	2.5.5.11
                	Value:	20210805115137.0Z
                	
                Operation:
                	Type:	Value Added
                	Correlation ID:	{B322B550-C973-4B6B-94CE-BAE77809476F}
                	Application Correlation ID:	-

ComputerName  : FRANK-PDC
EventID       : 5136
Title         : ADObject Modified
TimeGenerated : 8/5/2021 1:51:34 PM
Content       : A directory service object was modified.
                	
                Subject:
                	Security ID:		S-1-5-21-2956518221-444034542-2043350422-87305
                	Account Name:		EU1MB9903$
                	Account Domain:		ROAYA
                	Logon ID:		0x2CF7F215F
                
                Directory Service:
                	Name:	Roaya.loc
                	Type:	Active Directory Domain Services
                	
                Object:
                	DN:	CN=smartssoft.com Offline Address Book,CN=Offline Address Lists,CN=Address Lists 
                Container,CN=roaya,CN=Microsoft Exchange,CN=Services,CN=Configuration,DC=Roaya,DC=loc
                	GUID:	{2E701EEE-C37E-4536-A073-1DD19AEF201C}
                	Class:	msExchOAB
                	
                Attribute:
                	LDAP Display Name:	msExchOABLastTouchedTime
                	Syntax (OID):	2.5.5.11
                	Value:	20210805052841.0Z
                	
                Operation:
                	Type:	Value Deleted
                	Correlation ID:	{B322B550-C973-4B6B-94CE-BAE77809476F}
                	Application Correlation ID:	-

ComputerName  : FRANK-PDC
EventID       : 5136
Title         : ADObject Modified
TimeGenerated : 8/5/2021 1:51:34 PM
Content       : A directory service object was modified.
                	
                Subject:
                	Security ID:		S-1-5-21-2956518221-444034542-2043350422-87305
                	Account Name:		EU1MB9903$
                	Account Domain:		ROAYA
                	Logon ID:		0x2CF7F215F
                
                Directory Service:
                	Name:	Roaya.loc
                	Type:	Active Directory Domain Services
                	
                Object:
                	DN:	CN=elamalsainai.com Offline Address Book,CN=Offline Address Lists,CN=Address Lists 
                Container,CN=roaya,CN=Microsoft Exchange,CN=Services,CN=Configuration,DC=Roaya,DC=loc
                	GUID:	{A01CEE31-7545-42DA-BCB4-9E81F794A1C8}
                	Class:	msExchOAB
                	
                Attribute:
                	LDAP Display Name:	msExchOABLastTouchedTime
                	Syntax (OID):	2.5.5.11
                	Value:	20210805115140.0Z
                	
                Operation:
                	Type:	Value Added
                	Correlation ID:	{3653FF92-3206-48F4-A27A-BA8CA6FE44EE}
                	Application Correlation ID:	-

ComputerName  : FRANK-PDC
EventID       : 5136
Title         : ADObject Modified
TimeGenerated : 8/5/2021 1:51:34 PM
Content       : A directory service object was modified.
                	
                Subject:
                	Security ID:		S-1-5-21-2956518221-444034542-2043350422-87305
                	Account Name:		EU1MB9903$
                	Account Domain:		ROAYA
                	Logon ID:		0x2CF7F215F
                
                Directory Service:
                	Name:	Roaya.loc
                	Type:	Active Directory Domain Services
                	
                Object:
                	DN:	CN=elamalsainai.com Offline Address Book,CN=Offline Address Lists,CN=Address Lists 
                Container,CN=roaya,CN=Microsoft Exchange,CN=Services,CN=Configuration,DC=Roaya,DC=loc
                	GUID:	{A01CEE31-7545-42DA-BCB4-9E81F794A1C8}
                	Class:	msExchOAB
                	
                Attribute:
                	LDAP Display Name:	msExchOABLastTouchedTime
                	Syntax (OID):	2.5.5.11
                	Value:	20210805052843.0Z
                	
                Operation:
                	Type:	Value Deleted
                	Correlation ID:	{3653FF92-3206-48F4-A27A-BA8CA6FE44EE}
                	Application Correlation ID:	-

ComputerName  : FRANK-PDC
EventID       : 5136
Title         : ADObject Modified
TimeGenerated : 8/5/2021 1:51:34 PM
Content       : A directory service object was modified.
                	
                Subject:
                	Security ID:		S-1-5-21-2956518221-444034542-2043350422-87305
                	Account Name:		EU1MB9903$
                	Account Domain:		ROAYA
                	Logon ID:		0x2CF7F215F
                
                Directory Service:
                	Name:	Roaya.loc
                	Type:	Active Directory Domain Services
                	
                Object:
                	DN:	CN=ba.baa Offline Address Book,CN=Offline Address Lists,CN=Address Lists 
                Container,CN=roaya,CN=Microsoft Exchange,CN=Services,CN=Configuration,DC=Roaya,DC=loc
                	GUID:	{653726E9-388C-4D8F-B804-DDF1030C5DF4}
                	Class:	msExchOAB
                	
                Attribute:
                	LDAP Display Name:	msExchOABLastTouchedTime
                	Syntax (OID):	2.5.5.11
                	Value:	20210805115135.0Z
                	
                Operation:
                	Type:	Value Added
                	Correlation ID:	{3A25750D-F3A1-4ADF-9F33-A4546E79994A}
                	Application Correlation ID:	-

ComputerName  : FRANK-PDC
EventID       : 5136
Title         : ADObject Modified
TimeGenerated : 8/5/2021 1:51:34 PM
Content       : A directory service object was modified.
                	
                Subject:
                	Security ID:		S-1-5-21-2956518221-444034542-2043350422-87305
                	Account Name:		EU1MB9903$
                	Account Domain:		ROAYA
                	Logon ID:		0x2CF7F215F
                
                Directory Service:
                	Name:	Roaya.loc
                	Type:	Active Directory Domain Services
                	
                Object:
                	DN:	CN=ba.baa Offline Address Book,CN=Offline Address Lists,CN=Address Lists 
                Container,CN=roaya,CN=Microsoft Exchange,CN=Services,CN=Configuration,DC=Roaya,DC=loc
                	GUID:	{653726E9-388C-4D8F-B804-DDF1030C5DF4}
                	Class:	msExchOAB
                	
                Attribute:
                	LDAP Display Name:	msExchOABLastTouchedTime
                	Syntax (OID):	2.5.5.11
                	Value:	20210805052838.0Z
                	
                Operation:
                	Type:	Value Deleted
                	Correlation ID:	{3A25750D-F3A1-4ADF-9F33-A4546E79994A}
                	Application Correlation ID:	-

ComputerName  : FRANK-PDC
EventID       : 5136
Title         : ADObject Modified
TimeGenerated : 8/5/2021 1:51:34 PM
Content       : A directory service object was modified.
                	
                Subject:
                	Security ID:		S-1-5-21-2956518221-444034542-2043350422-87305
                	Account Name:		EU1MB9903$
                	Account Domain:		ROAYA
                	Logon ID:		0x2CF7F215F
                
                Directory Service:
                	Name:	Roaya.loc
                	Type:	Active Directory Domain Services
                	
                Object:
                	DN:	CN=dadadadad.dadada Offline Address Book,CN=Offline Address Lists,CN=Address Lists 
                Container,CN=roaya,CN=Microsoft Exchange,CN=Services,CN=Configuration,DC=Roaya,DC=loc
                	GUID:	{17A3DB0B-C588-4EEE-8265-8581342A1A57}
                	Class:	msExchOAB
                	
                Attribute:
                	LDAP Display Name:	msExchOABLastTouchedTime
                	Syntax (OID):	2.5.5.11
                	Value:	20210805115133.0Z
                	
                Operation:
                	Type:	Value Added
                	Correlation ID:	{CDA9DE88-388C-4CA2-BC44-6EA26B3DE806}
                	Application Correlation ID:	-

ComputerName  : FRANK-PDC
EventID       : 5136
Title         : ADObject Modified
TimeGenerated : 8/5/2021 1:51:34 PM
Content       : A directory service object was modified.
                	
                Subject:
                	Security ID:		S-1-5-21-2956518221-444034542-2043350422-87305
                	Account Name:		EU1MB9903$
                	Account Domain:		ROAYA
                	Logon ID:		0x2CF7F215F
                
                Directory Service:
                	Name:	Roaya.loc
                	Type:	Active Directory Domain Services
                	
                Object:
                	DN:	CN=dadadadad.dadada Offline Address Book,CN=Offline Address Lists,CN=Address Lists 
                Container,CN=roaya,CN=Microsoft Exchange,CN=Services,CN=Configuration,DC=Roaya,DC=loc
                	GUID:	{17A3DB0B-C588-4EEE-8265-8581342A1A57}
                	Class:	msExchOAB
                	
                Attribute:
                	LDAP Display Name:	msExchOABLastTouchedTime
                	Syntax (OID):	2.5.5.11
                	Value:	20210805052836.0Z
                	
                Operation:
                	Type:	Value Deleted
                	Correlation ID:	{CDA9DE88-388C-4CA2-BC44-6EA26B3DE806}
                	Application Correlation ID:	-

ComputerName  : FRANK-PDC
EventID       : 5136
Title         : ADObject Modified
TimeGenerated : 8/5/2021 1:51:24 PM
Content       : A directory service object was modified.
                	
                Subject:
                	Security ID:		S-1-5-21-2956518221-444034542-2043350422-87305
                	Account Name:		EU1MB9903$
                	Account Domain:		ROAYA
                	Logon ID:		0x2CF7F215F
                
                Directory Service:
                	Name:	Roaya.loc
                	Type:	Active Directory Domain Services
                	
                Object:
                	DN:	CN=testbugh.testbugh Offline Address Book,CN=Offline Address Lists,CN=Address Lists 
                Container,CN=roaya,CN=Microsoft Exchange,CN=Services,CN=Configuration,DC=Roaya,DC=loc
                	GUID:	{CA84F55D-8356-4361-BC4F-0366B527FB8C}
                	Class:	msExchOAB
                	
                Attribute:
                	LDAP Display Name:	msExchConfigurationXML
                	Syntax (OID):	2.5.5.12
                	Value:	<OfflineAddressBookConfigXML><ManifestVersion><AddressLists 
                AddressListId="ab39fb4b-f232-4048-8e8c-764d6e38c121" Sequence="404" 
                /></ManifestVersion><LastFailedTime p2:nil="true" xmlns:p2="http://www.w3.org/2001/XMLSchema-instance" 
                /><LastGeneratingData><MailboxGuid>feea8dd2-5615-42ce-a176-1f29ddbca752</MailboxGuid><DatabaseGuid>77c5
                ed34-31bb-4d80-988c-932fec22ef7e</DatabaseGuid><ServerFqdn>EU1MB9903.Roaya.loc</ServerFqdn></LastGenera
                tingData><HttpHomeMdbLastProcessedBucket>0</HttpHomeMdbLastProcessedBucket><FullOabDownloadPreventionTh
                reshold>0</FullOabDownloadPreventionThreshold><ZipOabFilesBeforeUploading>false</ZipOabFilesBeforeUploa
                ding></OfflineAddressBookConfigXML>
                	
                Operation:
                	Type:	Value Added
                	Correlation ID:	{CC26D87B-60B8-4916-A776-8341046B93E6}
                	Application Correlation ID:	-

ComputerName  : FRANK-PDC
EventID       : 5136
Title         : ADObject Modified
TimeGenerated : 8/5/2021 1:51:24 PM
Content       : A directory service object was modified.
                	
                Subject:
                	Security ID:		S-1-5-21-2956518221-444034542-2043350422-87305
                	Account Name:		EU1MB9903$
                	Account Domain:		ROAYA
                	Logon ID:		0x2CF7F215F
                
                Directory Service:
                	Name:	Roaya.loc
                	Type:	Active Directory Domain Services
                	
                Object:
                	DN:	CN=testbugh.testbugh Offline Address Book,CN=Offline Address Lists,CN=Address Lists 
                Container,CN=roaya,CN=Microsoft Exchange,CN=Services,CN=Configuration,DC=Roaya,DC=loc
                	GUID:	{CA84F55D-8356-4361-BC4F-0366B527FB8C}
                	Class:	msExchOAB
                	
                Attribute:
                	LDAP Display Name:	msExchConfigurationXML
                	Syntax (OID):	2.5.5.12
                	Value:	<OfflineAddressBookConfigXML><ManifestVersion><AddressLists 
                AddressListId="ab39fb4b-f232-4048-8e8c-764d6e38c121" Sequence="403" 
                /></ManifestVersion><LastFailedTime p2:nil="true" xmlns:p2="http://www.w3.org/2001/XMLSchema-instance" 
                /><LastGeneratingData><MailboxGuid>feea8dd2-5615-42ce-a176-1f29ddbca752</MailboxGuid><DatabaseGuid>77c5
                ed34-31bb-4d80-988c-932fec22ef7e</DatabaseGuid><ServerFqdn>EU1MB9903.Roaya.loc</ServerFqdn></LastGenera
                tingData><HttpHomeMdbLastProcessedBucket>0</HttpHomeMdbLastProcessedBucket><FullOabDownloadPreventionTh
                reshold>0</FullOabDownloadPreventionThreshold><ZipOabFilesBeforeUploading>false</ZipOabFilesBeforeUploa
                ding></OfflineAddressBookConfigXML>
                	
                Operation:
                	Type:	Value Deleted
                	Correlation ID:	{CC26D87B-60B8-4916-A776-8341046B93E6}
                	Application Correlation ID:	-

ComputerName  : FRANK-PDC
EventID       : 5136
Title         : ADObject Modified
TimeGenerated : 8/5/2021 1:51:24 PM
Content       : A directory service object was modified.
                	
                Subject:
                	Security ID:		S-1-5-21-2956518221-444034542-2043350422-87305
                	Account Name:		EU1MB9903$
                	Account Domain:		ROAYA
                	Logon ID:		0x2CF7F215F
                
                Directory Service:
                	Name:	Roaya.loc
                	Type:	Active Directory Domain Services
                	
                Object:
                	DN:	CN=testbugh.testbugh Offline Address Book,CN=Offline Address Lists,CN=Address Lists 
                Container,CN=roaya,CN=Microsoft Exchange,CN=Services,CN=Configuration,DC=Roaya,DC=loc
                	GUID:	{CA84F55D-8356-4361-BC4F-0366B527FB8C}
                	Class:	msExchOAB
                	
                Attribute:
                	LDAP Display Name:	msExchOABLastTouchedTime
                	Syntax (OID):	2.5.5.11
                	Value:	20210805115127.0Z
                	
                Operation:
                	Type:	Value Added
                	Correlation ID:	{CC26D87B-60B8-4916-A776-8341046B93E6}
                	Application Correlation ID:	-

ComputerName  : FRANK-PDC
EventID       : 5136
Title         : ADObject Modified
TimeGenerated : 8/5/2021 1:51:24 PM
Content       : A directory service object was modified.
                	
                Subject:
                	Security ID:		S-1-5-21-2956518221-444034542-2043350422-87305
                	Account Name:		EU1MB9903$
                	Account Domain:		ROAYA
                	Logon ID:		0x2CF7F215F
                
                Directory Service:
                	Name:	Roaya.loc
                	Type:	Active Directory Domain Services
                	
                Object:
                	DN:	CN=testbugh.testbugh Offline Address Book,CN=Offline Address Lists,CN=Address Lists 
                Container,CN=roaya,CN=Microsoft Exchange,CN=Services,CN=Configuration,DC=Roaya,DC=loc
                	GUID:	{CA84F55D-8356-4361-BC4F-0366B527FB8C}
                	Class:	msExchOAB
                	
                Attribute:
                	LDAP Display Name:	msExchOABLastTouchedTime
                	Syntax (OID):	2.5.5.11
                	Value:	20210805052831.0Z
                	
                Operation:
                	Type:	Value Deleted
                	Correlation ID:	{CC26D87B-60B8-4916-A776-8341046B93E6}
                	Application Correlation ID:	-

ComputerName  : FRANK-PDC
EventID       : 5136
Title         : ADObject Modified
TimeGenerated : 8/5/2021 1:51:14 PM
Content       : A directory service object was modified.
                	
                Subject:
                	Security ID:		S-1-5-21-2956518221-444034542-2043350422-87305
                	Account Name:		EU1MB9903$
                	Account Domain:		ROAYA
                	Logon ID:		0x2CF7F215F
                
                Directory Service:
                	Name:	Roaya.loc
                	Type:	Active Directory Domain Services
                	
                Object:
                	DN:	CN=uwson.cloud Offline Address Book,CN=Offline Address Lists,CN=Address Lists 
                Container,CN=roaya,CN=Microsoft Exchange,CN=Services,CN=Configuration,DC=Roaya,DC=loc
                	GUID:	{305A0A65-2E29-445E-AE40-C8A63FCCDA90}
                	Class:	msExchOAB
                	
                Attribute:
                	LDAP Display Name:	msExchOABLastTouchedTime
                	Syntax (OID):	2.5.5.11
                	Value:	20210805115115.0Z
                	
                Operation:
                	Type:	Value Added
                	Correlation ID:	{12D61545-1AA6-4A78-AF24-77485270D102}
                	Application Correlation ID:	-

ComputerName  : FRANK-PDC
EventID       : 5136
Title         : ADObject Modified
TimeGenerated : 8/5/2021 1:51:14 PM
Content       : A directory service object was modified.
                	
                Subject:
                	Security ID:		S-1-5-21-2956518221-444034542-2043350422-87305
                	Account Name:		EU1MB9903$
                	Account Domain:		ROAYA
                	Logon ID:		0x2CF7F215F
                
                Directory Service:
                	Name:	Roaya.loc
                	Type:	Active Directory Domain Services
                	
                Object:
                	DN:	CN=uwson.cloud Offline Address Book,CN=Offline Address Lists,CN=Address Lists 
                Container,CN=roaya,CN=Microsoft Exchange,CN=Services,CN=Configuration,DC=Roaya,DC=loc
                	GUID:	{305A0A65-2E29-445E-AE40-C8A63FCCDA90}
                	Class:	msExchOAB
                	
                Attribute:
                	LDAP Display Name:	msExchOABLastTouchedTime
                	Syntax (OID):	2.5.5.11
                	Value:	20210805052821.0Z
                	
                Operation:
                	Type:	Value Deleted
                	Correlation ID:	{12D61545-1AA6-4A78-AF24-77485270D102}
                	Application Correlation ID:	-

ComputerName  : FRANK-PDC
EventID       : 5136
Title         : ADObject Modified
TimeGenerated : 8/5/2021 1:51:14 PM
Content       : A directory service object was modified.
                	
                Subject:
                	Security ID:		S-1-5-21-2956518221-444034542-2043350422-87305
                	Account Name:		EU1MB9903$
                	Account Domain:		ROAYA
                	Logon ID:		0x2CF7F215F
                
                Directory Service:
                	Name:	Roaya.loc
                	Type:	Active Directory Domain Services
                	
                Object:
                	DN:	CN=techwithrana.com Offline Address Book,CN=Offline Address Lists,CN=Address Lists 
                Container,CN=roaya,CN=Microsoft Exchange,CN=Services,CN=Configuration,DC=Roaya,DC=loc
                	GUID:	{A100B4E7-6157-4281-A578-C653E6A4E062}
                	Class:	msExchOAB
                	
                Attribute:
                	LDAP Display Name:	msExchOABLastTouchedTime
                	Syntax (OID):	2.5.5.11
                	Value:	20210805115112.0Z
                	
                Operation:
                	Type:	Value Added
                	Correlation ID:	{1DCF3201-C975-457E-B59A-CF6C4CF3AC35}
                	Application Correlation ID:	-

ComputerName  : FRANK-PDC
EventID       : 5136
Title         : ADObject Modified
TimeGenerated : 8/5/2021 1:51:14 PM
Content       : A directory service object was modified.
                	
                Subject:
                	Security ID:		S-1-5-21-2956518221-444034542-2043350422-87305
                	Account Name:		EU1MB9903$
                	Account Domain:		ROAYA
                	Logon ID:		0x2CF7F215F
                
                Directory Service:
                	Name:	Roaya.loc
                	Type:	Active Directory Domain Services
                	
                Object:
                	DN:	CN=techwithrana.com Offline Address Book,CN=Offline Address Lists,CN=Address Lists 
                Container,CN=roaya,CN=Microsoft Exchange,CN=Services,CN=Configuration,DC=Roaya,DC=loc
                	GUID:	{A100B4E7-6157-4281-A578-C653E6A4E062}
                	Class:	msExchOAB
                	
                Attribute:
                	LDAP Display Name:	msExchOABLastTouchedTime
                	Syntax (OID):	2.5.5.11
                	Value:	20210805052819.0Z
                	
                Operation:
                	Type:	Value Deleted
                	Correlation ID:	{1DCF3201-C975-457E-B59A-CF6C4CF3AC35}
                	Application Correlation ID:	-

ComputerName  : FRANK-PDC
EventID       : 5136
Title         : ADObject Modified
TimeGenerated : 8/5/2021 1:51:14 PM
Content       : A directory service object was modified.
                	
                Subject:
                	Security ID:		S-1-5-21-2956518221-444034542-2043350422-87305
                	Account Name:		EU1MB9903$
                	Account Domain:		ROAYA
                	Logon ID:		0x2CF7F215F
                
                Directory Service:
                	Name:	Roaya.loc
                	Type:	Active Directory Domain Services
                	
                Object:
                	DN:	CN=sara558888.roaya Offline Address Book,CN=Offline Address Lists,CN=Address Lists 
                Container,CN=roaya,CN=Microsoft Exchange,CN=Services,CN=Configuration,DC=Roaya,DC=loc
                	GUID:	{326B7457-8595-482D-9709-4E3B746CE5F5}
                	Class:	msExchOAB
                	
                Attribute:
                	LDAP Display Name:	msExchConfigurationXML
                	Syntax (OID):	2.5.5.12
                	Value:	<OfflineAddressBookConfigXML><ManifestVersion><AddressLists 
                AddressListId="6279ec61-fce6-416c-b7cd-71e159cd4030" Sequence="408" 
                /></ManifestVersion><LastFailedTime p2:nil="true" xmlns:p2="http://www.w3.org/2001/XMLSchema-instance" 
                /><LastGeneratingData><MailboxGuid>feea8dd2-5615-42ce-a176-1f29ddbca752</MailboxGuid><DatabaseGuid>77c5
                ed34-31bb-4d80-988c-932fec22ef7e</DatabaseGuid><ServerFqdn>EU1MB9903.Roaya.loc</ServerFqdn></LastGenera
                tingData><HttpHomeMdbLastProcessedBucket>0</HttpHomeMdbLastProcessedBucket><FullOabDownloadPreventionTh
                reshold>0</FullOabDownloadPreventionThreshold><ZipOabFilesBeforeUploading>false</ZipOabFilesBeforeUploa
                ding></OfflineAddressBookConfigXML>
                	
                Operation:
                	Type:	Value Added
                	Correlation ID:	{C804FFC6-6C97-4F33-B19E-DB08A7EB6E91}
                	Application Correlation ID:	-

ComputerName  : FRANK-PDC
EventID       : 5136
Title         : ADObject Modified
TimeGenerated : 8/5/2021 1:51:14 PM
Content       : A directory service object was modified.
                	
                Subject:
                	Security ID:		S-1-5-21-2956518221-444034542-2043350422-87305
                	Account Name:		EU1MB9903$
                	Account Domain:		ROAYA
                	Logon ID:		0x2CF7F215F
                
                Directory Service:
                	Name:	Roaya.loc
                	Type:	Active Directory Domain Services
                	
                Object:
                	DN:	CN=sara558888.roaya Offline Address Book,CN=Offline Address Lists,CN=Address Lists 
                Container,CN=roaya,CN=Microsoft Exchange,CN=Services,CN=Configuration,DC=Roaya,DC=loc
                	GUID:	{326B7457-8595-482D-9709-4E3B746CE5F5}
                	Class:	msExchOAB
                	
                Attribute:
                	LDAP Display Name:	msExchConfigurationXML
                	Syntax (OID):	2.5.5.12
                	Value:	<OfflineAddressBookConfigXML><ManifestVersion><AddressLists 
                AddressListId="6279ec61-fce6-416c-b7cd-71e159cd4030" Sequence="407" 
                /></ManifestVersion><LastFailedTime p2:nil="true" xmlns:p2="http://www.w3.org/2001/XMLSchema-instance" 
                /><LastGeneratingData><MailboxGuid>feea8dd2-5615-42ce-a176-1f29ddbca752</MailboxGuid><DatabaseGuid>77c5
                ed34-31bb-4d80-988c-932fec22ef7e</DatabaseGuid><ServerFqdn>EU1MB9903.Roaya.loc</ServerFqdn></LastGenera
                tingData><HttpHomeMdbLastProcessedBucket>0</HttpHomeMdbLastProcessedBucket><FullOabDownloadPreventionTh
                reshold>0</FullOabDownloadPreventionThreshold><ZipOabFilesBeforeUploading>false</ZipOabFilesBeforeUploa
                ding></OfflineAddressBookConfigXML>
                	
                Operation:
                	Type:	Value Deleted
                	Correlation ID:	{C804FFC6-6C97-4F33-B19E-DB08A7EB6E91}
                	Application Correlation ID:	-

ComputerName  : FRANK-PDC
EventID       : 5136
Title         : ADObject Modified
TimeGenerated : 8/5/2021 1:51:14 PM
Content       : A directory service object was modified.
                	
                Subject:
                	Security ID:		S-1-5-21-2956518221-444034542-2043350422-87305
                	Account Name:		EU1MB9903$
                	Account Domain:		ROAYA
                	Logon ID:		0x2CF7F215F
                
                Directory Service:
                	Name:	Roaya.loc
                	Type:	Active Directory Domain Services
                	
                Object:
                	DN:	CN=sara558888.roaya Offline Address Book,CN=Offline Address Lists,CN=Address Lists 
                Container,CN=roaya,CN=Microsoft Exchange,CN=Services,CN=Configuration,DC=Roaya,DC=loc
                	GUID:	{326B7457-8595-482D-9709-4E3B746CE5F5}
                	Class:	msExchOAB
                	
                Attribute:
                	LDAP Display Name:	msExchOABLastTouchedTime
                	Syntax (OID):	2.5.5.11
                	Value:	20210805115121.0Z
                	
                Operation:
                	Type:	Value Added
                	Correlation ID:	{C804FFC6-6C97-4F33-B19E-DB08A7EB6E91}
                	Application Correlation ID:	-

ComputerName  : FRANK-PDC
EventID       : 5136
Title         : ADObject Modified
TimeGenerated : 8/5/2021 1:51:14 PM
Content       : A directory service object was modified.
                	
                Subject:
                	Security ID:		S-1-5-21-2956518221-444034542-2043350422-87305
                	Account Name:		EU1MB9903$
                	Account Domain:		ROAYA
                	Logon ID:		0x2CF7F215F
                
                Directory Service:
                	Name:	Roaya.loc
                	Type:	Active Directory Domain Services
                	
                Object:
                	DN:	CN=sara558888.roaya Offline Address Book,CN=Offline Address Lists,CN=Address Lists 
                Container,CN=roaya,CN=Microsoft Exchange,CN=Services,CN=Configuration,DC=Roaya,DC=loc
                	GUID:	{326B7457-8595-482D-9709-4E3B746CE5F5}
                	Class:	msExchOAB
                	
                Attribute:
                	LDAP Display Name:	msExchOABLastTouchedTime
                	Syntax (OID):	2.5.5.11
                	Value:	20210805052825.0Z
                	
                Operation:
                	Type:	Value Deleted
                	Correlation ID:	{C804FFC6-6C97-4F33-B19E-DB08A7EB6E91}
                	Application Correlation ID:	-

ComputerName  : FRANK-PDC
EventID       : 5136
Title         : ADObject Modified
TimeGenerated : 8/5/2021 1:51:14 PM
Content       : A directory service object was modified.
                	
                Subject:
                	Security ID:		S-1-5-21-2956518221-444034542-2043350422-87305
                	Account Name:		EU1MB9903$
                	Account Domain:		ROAYA
                	Logon ID:		0x2CF7F215F
                
                Directory Service:
                	Name:	Roaya.loc
                	Type:	Active Directory Domain Services
                	
                Object:
                	DN:	CN=bvbvbv.bvbv Offline Address Book,CN=Offline Address Lists,CN=Address Lists 
                Container,CN=roaya,CN=Microsoft Exchange,CN=Services,CN=Configuration,DC=Roaya,DC=loc
                	GUID:	{7E6155B6-018B-498C-93E8-40FEFA5E7230}
                	Class:	msExchOAB
                	
                Attribute:
                	LDAP Display Name:	msExchOABLastTouchedTime
                	Syntax (OID):	2.5.5.11
                	Value:	20210805115118.0Z
                	
                Operation:
                	Type:	Value Added
                	Correlation ID:	{904DCC6C-C340-4771-8FE9-05A8CE93D742}
                	Application Correlation ID:	-

ComputerName  : FRANK-PDC
EventID       : 5136
Title         : ADObject Modified
TimeGenerated : 8/5/2021 1:51:14 PM
Content       : A directory service object was modified.
                	
                Subject:
                	Security ID:		S-1-5-21-2956518221-444034542-2043350422-87305
                	Account Name:		EU1MB9903$
                	Account Domain:		ROAYA
                	Logon ID:		0x2CF7F215F
                
                Directory Service:
                	Name:	Roaya.loc
                	Type:	Active Directory Domain Services
                	
                Object:
                	DN:	CN=bvbvbv.bvbv Offline Address Book,CN=Offline Address Lists,CN=Address Lists 
                Container,CN=roaya,CN=Microsoft Exchange,CN=Services,CN=Configuration,DC=Roaya,DC=loc
                	GUID:	{7E6155B6-018B-498C-93E8-40FEFA5E7230}
                	Class:	msExchOAB
                	
                Attribute:
                	LDAP Display Name:	msExchOABLastTouchedTime
                	Syntax (OID):	2.5.5.11
                	Value:	20210805052823.0Z
                	
                Operation:
                	Type:	Value Deleted
                	Correlation ID:	{904DCC6C-C340-4771-8FE9-05A8CE93D742}
                	Application Correlation ID:	-

ComputerName  : FRANK-PDC
EventID       : 4740
Title         : User locked out
TimeGenerated : 8/5/2021 1:51:12 PM
Content       : A user account was locked out.
                
                Subject:
                	Security ID:		S-1-5-18
                	Account Name:		FRANK-PDC$
                	Account Domain:		ROAYA
                	Logon ID:		0x3E7
                
                Account That Was Locked Out:
                	Security ID:		S-1-5-21-2956518221-444034542-2043350422-54062
                	Account Name:		sherif.moh_morshedy
                
                Additional Information:
                	Caller Computer Name:	EU1FE3113

ComputerName  : FRANK-PDC
EventID       : 5136
Title         : ADObject Modified
TimeGenerated : 8/5/2021 1:51:04 PM
Content       : A directory service object was modified.
                	
                Subject:
                	Security ID:		S-1-5-21-2956518221-444034542-2043350422-87305
                	Account Name:		EU1MB9903$
                	Account Domain:		ROAYA
                	Logon ID:		0x2CF7F215F
                
                Directory Service:
                	Name:	Roaya.loc
                	Type:	Active Directory Domain Services
                	
                Object:
                	DN:	CN=ooooo.by Offline Address Book,CN=Offline Address Lists,CN=Address Lists 
                Container,CN=roaya,CN=Microsoft Exchange,CN=Services,CN=Configuration,DC=Roaya,DC=loc
                	GUID:	{8C36936A-6D01-46DF-9075-41A8F6002518}
                	Class:	msExchOAB
                	
                Attribute:
                	LDAP Display Name:	msExchOABLastTouchedTime
                	Syntax (OID):	2.5.5.11
                	Value:	20210805115110.0Z
                	
                Operation:
                	Type:	Value Added
                	Correlation ID:	{8F515F6B-DE09-4D99-901A-C79A66FFD0B1}
                	Application Correlation ID:	-

ComputerName  : FRANK-PDC
EventID       : 5136
Title         : ADObject Modified
TimeGenerated : 8/5/2021 1:51:04 PM
Content       : A directory service object was modified.
                	
                Subject:
                	Security ID:		S-1-5-21-2956518221-444034542-2043350422-87305
                	Account Name:		EU1MB9903$
                	Account Domain:		ROAYA
                	Logon ID:		0x2CF7F215F
                
                Directory Service:
                	Name:	Roaya.loc
                	Type:	Active Directory Domain Services
                	
                Object:
                	DN:	CN=ooooo.by Offline Address Book,CN=Offline Address Lists,CN=Address Lists 
                Container,CN=roaya,CN=Microsoft Exchange,CN=Services,CN=Configuration,DC=Roaya,DC=loc
                	GUID:	{8C36936A-6D01-46DF-9075-41A8F6002518}
                	Class:	msExchOAB
                	
                Attribute:
                	LDAP Display Name:	msExchOABLastTouchedTime
                	Syntax (OID):	2.5.5.11
                	Value:	20210805052817.0Z
                	
                Operation:
                	Type:	Value Deleted
                	Correlation ID:	{8F515F6B-DE09-4D99-901A-C79A66FFD0B1}
                	Application Correlation ID:	-

ComputerName  : FRANK-PDC
EventID       : 5136
Title         : ADObject Modified
TimeGenerated : 8/5/2021 1:51:04 PM
Content       : A directory service object was modified.
                	
                Subject:
                	Security ID:		S-1-5-21-2956518221-444034542-2043350422-87305
                	Account Name:		EU1MB9903$
                	Account Domain:		ROAYA
                	Logon ID:		0x2CF7F215F
                
                Directory Service:
                	Name:	Roaya.loc
                	Type:	Active Directory Domain Services
                	
                Object:
                	DN:	CN=cosmotica.co Offline Address Book,CN=Offline Address Lists,CN=Address Lists 
                Container,CN=roaya,CN=Microsoft Exchange,CN=Services,CN=Configuration,DC=Roaya,DC=loc
                	GUID:	{E29314C9-2808-46E8-BD07-073B4AB5C5B0}
                	Class:	msExchOAB
                	
                Attribute:
                	LDAP Display Name:	msExchConfigurationXML
                	Syntax (OID):	2.5.5.12
                	Value:	<OfflineAddressBookConfigXML><ManifestVersion><AddressLists 
                AddressListId="f72ac2e9-b7b1-4353-b5f3-9117b54a485c" Sequence="451" 
                /></ManifestVersion><LastFailedTime p2:nil="true" xmlns:p2="http://www.w3.org/2001/XMLSchema-instance" 
                /><LastGeneratingData><MailboxGuid>feea8dd2-5615-42ce-a176-1f29ddbca752</MailboxGuid><DatabaseGuid>77c5
                ed34-31bb-4d80-988c-932fec22ef7e</DatabaseGuid><ServerFqdn>EU1MB9903.Roaya.loc</ServerFqdn></LastGenera
                tingData><HttpHomeMdbLastProcessedBucket>0</HttpHomeMdbLastProcessedBucket><FullOabDownloadPreventionTh
                reshold>0</FullOabDownloadPreventionThreshold><ZipOabFilesBeforeUploading>false</ZipOabFilesBeforeUploa
                ding></OfflineAddressBookConfigXML>
                	
                Operation:
                	Type:	Value Added
                	Correlation ID:	{CEEC28FF-5E93-4C31-8F92-120CA70BA9DB}
                	Application Correlation ID:	-

ComputerName  : FRANK-PDC
EventID       : 5136
Title         : ADObject Modified
TimeGenerated : 8/5/2021 1:51:04 PM
Content       : A directory service object was modified.
                	
                Subject:
                	Security ID:		S-1-5-21-2956518221-444034542-2043350422-87305
                	Account Name:		EU1MB9903$
                	Account Domain:		ROAYA
                	Logon ID:		0x2CF7F215F
                
                Directory Service:
                	Name:	Roaya.loc
                	Type:	Active Directory Domain Services
                	
                Object:
                	DN:	CN=cosmotica.co Offline Address Book,CN=Offline Address Lists,CN=Address Lists 
                Container,CN=roaya,CN=Microsoft Exchange,CN=Services,CN=Configuration,DC=Roaya,DC=loc
                	GUID:	{E29314C9-2808-46E8-BD07-073B4AB5C5B0}
                	Class:	msExchOAB
                	
                Attribute:
                	LDAP Display Name:	msExchConfigurationXML
                	Syntax (OID):	2.5.5.12
                	Value:	<OfflineAddressBookConfigXML><ManifestVersion><AddressLists 
                AddressListId="f72ac2e9-b7b1-4353-b5f3-9117b54a485c" Sequence="450" 
                /></ManifestVersion><LastFailedTime p2:nil="true" xmlns:p2="http://www.w3.org/2001/XMLSchema-instance" 
                /><LastGeneratingData><MailboxGuid>feea8dd2-5615-42ce-a176-1f29ddbca752</MailboxGuid><DatabaseGuid>77c5
                ed34-31bb-4d80-988c-932fec22ef7e</DatabaseGuid><ServerFqdn>EU1MB9903.Roaya.loc</ServerFqdn></LastGenera
                tingData><HttpHomeMdbLastProcessedBucket>0</HttpHomeMdbLastProcessedBucket><FullOabDownloadPreventionTh
                reshold>0</FullOabDownloadPreventionThreshold><ZipOabFilesBeforeUploading>false</ZipOabFilesBeforeUploa
                ding></OfflineAddressBookConfigXML>
                	
                Operation:
                	Type:	Value Deleted
                	Correlation ID:	{CEEC28FF-5E93-4C31-8F92-120CA70BA9DB}
                	Application Correlation ID:	-

ComputerName  : FRANK-PDC
EventID       : 5136
Title         : ADObject Modified
TimeGenerated : 8/5/2021 1:51:04 PM
Content       : A directory service object was modified.
                	
                Subject:
                	Security ID:		S-1-5-21-2956518221-444034542-2043350422-87305
                	Account Name:		EU1MB9903$
                	Account Domain:		ROAYA
                	Logon ID:		0x2CF7F215F
                
                Directory Service:
                	Name:	Roaya.loc
                	Type:	Active Directory Domain Services
                	
                Object:
                	DN:	CN=cosmotica.co Offline Address Book,CN=Offline Address Lists,CN=Address Lists 
                Container,CN=roaya,CN=Microsoft Exchange,CN=Services,CN=Configuration,DC=Roaya,DC=loc
                	GUID:	{E29314C9-2808-46E8-BD07-073B4AB5C5B0}
                	Class:	msExchOAB
                	
                Attribute:
                	LDAP Display Name:	msExchOABLastTouchedTime
                	Syntax (OID):	2.5.5.11
                	Value:	20210805115104.0Z
                	
                Operation:
                	Type:	Value Added
                	Correlation ID:	{CEEC28FF-5E93-4C31-8F92-120CA70BA9DB}
                	Application Correlation ID:	-

ComputerName  : FRANK-PDC
EventID       : 5136
Title         : ADObject Modified
TimeGenerated : 8/5/2021 1:51:04 PM
Content       : A directory service object was modified.
                	
                Subject:
                	Security ID:		S-1-5-21-2956518221-444034542-2043350422-87305
                	Account Name:		EU1MB9903$
                	Account Domain:		ROAYA
                	Logon ID:		0x2CF7F215F
                
                Directory Service:
                	Name:	Roaya.loc
                	Type:	Active Directory Domain Services
                	
                Object:
                	DN:	CN=cosmotica.co Offline Address Book,CN=Offline Address Lists,CN=Address Lists 
                Container,CN=roaya,CN=Microsoft Exchange,CN=Services,CN=Configuration,DC=Roaya,DC=loc
                	GUID:	{E29314C9-2808-46E8-BD07-073B4AB5C5B0}
                	Class:	msExchOAB
                	
                Attribute:
                	LDAP Display Name:	msExchOABLastTouchedTime
                	Syntax (OID):	2.5.5.11
                	Value:	20210805052811.0Z
                	
                Operation:
                	Type:	Value Deleted
                	Correlation ID:	{CEEC28FF-5E93-4C31-8F92-120CA70BA9DB}
                	Application Correlation ID:	-

ComputerName  : FRANK-PDC
EventID       : 5136
Title         : ADObject Modified
TimeGenerated : 8/5/2021 1:50:54 PM
Content       : A directory service object was modified.
                	
                Subject:
                	Security ID:		S-1-5-21-2956518221-444034542-2043350422-87305
                	Account Name:		EU1MB9903$
                	Account Domain:		ROAYA
                	Logon ID:		0x2CF7F215F
                
                Directory Service:
                	Name:	Roaya.loc
                	Type:	Active Directory Domain Services
                	
                Object:
                	DN:	CN=gsgsgsgs.gs Offline Address Book,CN=Offline Address Lists,CN=Address Lists 
                Container,CN=roaya,CN=Microsoft Exchange,CN=Services,CN=Configuration,DC=Roaya,DC=loc
                	GUID:	{44E0FF95-DE3C-4E77-B9B0-A22975128B13}
                	Class:	msExchOAB
                	
                Attribute:
                	LDAP Display Name:	msExchOABLastTouchedTime
                	Syntax (OID):	2.5.5.11
                	Value:	20210805115058.0Z
                	
                Operation:
                	Type:	Value Added
                	Correlation ID:	{84FFBF8A-E6EE-4799-9C94-6F481F5CA939}
                	Application Correlation ID:	-

ComputerName  : FRANK-PDC
EventID       : 5136
Title         : ADObject Modified
TimeGenerated : 8/5/2021 1:50:54 PM
Content       : A directory service object was modified.
                	
                Subject:
                	Security ID:		S-1-5-21-2956518221-444034542-2043350422-87305
                	Account Name:		EU1MB9903$
                	Account Domain:		ROAYA
                	Logon ID:		0x2CF7F215F
                
                Directory Service:
                	Name:	Roaya.loc
                	Type:	Active Directory Domain Services
                	
                Object:
                	DN:	CN=gsgsgsgs.gs Offline Address Book,CN=Offline Address Lists,CN=Address Lists 
                Container,CN=roaya,CN=Microsoft Exchange,CN=Services,CN=Configuration,DC=Roaya,DC=loc
                	GUID:	{44E0FF95-DE3C-4E77-B9B0-A22975128B13}
                	Class:	msExchOAB
                	
                Attribute:
                	LDAP Display Name:	msExchOABLastTouchedTime
                	Syntax (OID):	2.5.5.11
                	Value:	20210805052806.0Z
                	
                Operation:
                	Type:	Value Deleted
                	Correlation ID:	{84FFBF8A-E6EE-4799-9C94-6F481F5CA939}
                	Application Correlation ID:	-

ComputerName  : FRANK-PDC
EventID       : 5136
Title         : ADObject Modified
TimeGenerated : 8/5/2021 1:50:54 PM
Content       : A directory service object was modified.
                	
                Subject:
                	Security ID:		S-1-5-21-2956518221-444034542-2043350422-87305
                	Account Name:		EU1MB9903$
                	Account Domain:		ROAYA
                	Logon ID:		0x2CF7F215F
                
                Directory Service:
                	Name:	Roaya.loc
                	Type:	Active Directory Domain Services
                	
                Object:
                	DN:	CN=second22.com Offline Address Book,CN=Offline Address Lists,CN=Address Lists 
                Container,CN=roaya,CN=Microsoft Exchange,CN=Services,CN=Configuration,DC=Roaya,DC=loc
                	GUID:	{A62CD129-7FAF-4DBD-9770-034D8FE506F4}
                	Class:	msExchOAB
                	
                Attribute:
                	LDAP Display Name:	msExchConfigurationXML
                	Syntax (OID):	2.5.5.12
                	Value:	<OfflineAddressBookConfigXML><ManifestVersion><AddressLists 
                AddressListId="99818e10-50f8-4f71-bede-14d4c83f2942" Sequence="275" 
                /></ManifestVersion><LastFailedTime p2:nil="true" xmlns:p2="http://www.w3.org/2001/XMLSchema-instance" 
                /><LastGeneratingData><MailboxGuid>feea8dd2-5615-42ce-a176-1f29ddbca752</MailboxGuid><DatabaseGuid>77c5
                ed34-31bb-4d80-988c-932fec22ef7e</DatabaseGuid><ServerFqdn>EU1MB9903.Roaya.loc</ServerFqdn></LastGenera
                tingData><HttpHomeMdbLastProcessedBucket>0</HttpHomeMdbLastProcessedBucket><FullOabDownloadPreventionTh
                reshold>0</FullOabDownloadPreventionThreshold><ZipOabFilesBeforeUploading>false</ZipOabFilesBeforeUploa
                ding></OfflineAddressBookConfigXML>
                	
                Operation:
                	Type:	Value Added
                	Correlation ID:	{DE8979A0-866D-4825-B13D-FF43DE2E2210}
                	Application Correlation ID:	-

ComputerName  : FRANK-PDC
EventID       : 5136
Title         : ADObject Modified
TimeGenerated : 8/5/2021 1:50:54 PM
Content       : A directory service object was modified.
                	
                Subject:
                	Security ID:		S-1-5-21-2956518221-444034542-2043350422-87305
                	Account Name:		EU1MB9903$
                	Account Domain:		ROAYA
                	Logon ID:		0x2CF7F215F
                
                Directory Service:
                	Name:	Roaya.loc
                	Type:	Active Directory Domain Services
                	
                Object:
                	DN:	CN=second22.com Offline Address Book,CN=Offline Address Lists,CN=Address Lists 
                Container,CN=roaya,CN=Microsoft Exchange,CN=Services,CN=Configuration,DC=Roaya,DC=loc
                	GUID:	{A62CD129-7FAF-4DBD-9770-034D8FE506F4}
                	Class:	msExchOAB
                	
                Attribute:
                	LDAP Display Name:	msExchConfigurationXML
                	Syntax (OID):	2.5.5.12
                	Value:	<OfflineAddressBookConfigXML><ManifestVersion><AddressLists 
                AddressListId="99818e10-50f8-4f71-bede-14d4c83f2942" Sequence="274" 
                /></ManifestVersion><LastFailedTime p2:nil="true" xmlns:p2="http://www.w3.org/2001/XMLSchema-instance" 
                /><LastGeneratingData><MailboxGuid>feea8dd2-5615-42ce-a176-1f29ddbca752</MailboxGuid><DatabaseGuid>77c5
                ed34-31bb-4d80-988c-932fec22ef7e</DatabaseGuid><ServerFqdn>EU1MB9903.Roaya.loc</ServerFqdn></LastGenera
                tingData><HttpHomeMdbLastProcessedBucket>0</HttpHomeMdbLastProcessedBucket><FullOabDownloadPreventionTh
                reshold>0</FullOabDownloadPreventionThreshold><ZipOabFilesBeforeUploading>false</ZipOabFilesBeforeUploa
                ding></OfflineAddressBookConfigXML>
                	
                Operation:
                	Type:	Value Deleted
                	Correlation ID:	{DE8979A0-866D-4825-B13D-FF43DE2E2210}
                	Application Correlation ID:	-

