ComputerName  : FRANK-ADC-04
EventID       : 5136
Title         : ADObject Modified
TimeGenerated : 9/29/2021 10:56:09 AM
Content       : A directory service object was modified.
                	
                Subject:
                	Security ID:		S-1-5-21-2956518221-444034542-2043350422-87305
                	Account Name:		EU1MB9903$
                	Account Domain:		ROAYA
                	Logon ID:		0xA38EDAFA
                
                Directory Service:
                	Name:	Roaya.loc
                	Type:	Active Directory Domain Services
                	
                Object:
                	DN:	CN=jfghjfhg.uhuh Offline Address Book,CN=Offline Address Lists,CN=Address 
                Lists Container,CN=roaya,CN=Microsoft 
                Exchange,CN=Services,CN=Configuration,DC=Roaya,DC=loc
                	GUID:	{D9881D92-3576-45D6-A365-3BB5BD6657EA}
                	Class:	msExchOAB
                	
                Attribute:
                	LDAP Display Name:	msExchOABLastTouchedTime
                	Syntax (OID):	2.5.5.11
                	Value:	20210929041434.0Z
                	
                Operation:
                	Type:	Value Deleted
                	Correlation ID:	{430B4F53-9489-42CE-A8AB-E985A6134B26}
                	Application Correlation ID:	-

ComputerName  : FRANK-D02
EventID       : 4740
Title         : User locked out
TimeGenerated : 9/29/2021 10:56:07 AM
Content       : A user account was locked out.
                
                Subject:
                	Security ID:		S-1-5-18
                	Account Name:		FRANK-D02$
                	Account Domain:		ROAYA
                	Logon ID:		0x3E7
                
                Account That Was Locked Out:
                	Security ID:		S-1-5-21-2956518221-444034542-2043350422-61861
                	Account Name:		mmaged_citglobal.com
                
                Additional Information:
                	Caller Computer Name:	EU1FE9444

ComputerName  : FRANK-PDC
EventID       : 4740
Title         : User locked out
TimeGenerated : 9/29/2021 10:56:07 AM
Content       : A user account was locked out.
                
                Subject:
                	Security ID:		S-1-5-18
                	Account Name:		FRANK-PDC$
                	Account Domain:		ROAYA
                	Logon ID:		0x3E7
                
                Account That Was Locked Out:
                	Security ID:		S-1-5-21-2956518221-444034542-2043350422-61861
                	Account Name:		mmaged_citglobal.com
                
                Additional Information:
                	Caller Computer Name:	EU1FE9444

ComputerName  : FRANK-PDC
EventID       : 4740
Title         : User locked out
TimeGenerated : 9/29/2021 10:56:01 AM
Content       : A user account was locked out.
                
                Subject:
                	Security ID:		S-1-5-18
                	Account Name:		FRANK-PDC$
                	Account Domain:		ROAYA
                	Logon ID:		0x3E7
                
                Account That Was Locked Out:
                	Security ID:		S-1-5-21-2956518221-444034542-2043350422-98034
                	Account Name:		Ahmed.Teai_dorra.com
                
                Additional Information:
                	Caller Computer Name:	EU1FE9333

ComputerName  : FRANK-ADC-04
EventID       : 5136
Title         : ADObject Modified
TimeGenerated : 9/29/2021 10:55:59 AM
Content       : A directory service object was modified.
                	
                Subject:
                	Security ID:		S-1-5-21-2956518221-444034542-2043350422-87305
                	Account Name:		EU1MB9903$
                	Account Domain:		ROAYA
                	Logon ID:		0xA38EDAFA
                
                Directory Service:
                	Name:	Roaya.loc
                	Type:	Active Directory Domain Services
                	
                Object:
                	DN:	CN=bfc_jo.com Offline Address Book,CN=Offline Address Lists,CN=Address Lists 
                Container,CN=roaya,CN=Microsoft 
                Exchange,CN=Services,CN=Configuration,DC=Roaya,DC=loc
                	GUID:	{B2D4144B-898A-4927-8C40-9A8400DD73F7}
                	Class:	msExchOAB
                	
                Attribute:
                	LDAP Display Name:	msExchOABLastTouchedTime
                	Syntax (OID):	2.5.5.11
                	Value:	20210929085558.0Z
                	
                Operation:
                	Type:	Value Added
                	Correlation ID:	{BEA80C08-334D-420F-A73D-C96CE6B0D77E}
                	Application Correlation ID:	-

ComputerName  : FRANK-ADC-04
EventID       : 5136
Title         : ADObject Modified
TimeGenerated : 9/29/2021 10:55:59 AM
Content       : A directory service object was modified.
                	
                Subject:
                	Security ID:		S-1-5-21-2956518221-444034542-2043350422-87305
                	Account Name:		EU1MB9903$
                	Account Domain:		ROAYA
                	Logon ID:		0xA38EDAFA
                
                Directory Service:
                	Name:	Roaya.loc
                	Type:	Active Directory Domain Services
                	
                Object:
                	DN:	CN=bfc_jo.com Offline Address Book,CN=Offline Address Lists,CN=Address Lists 
                Container,CN=roaya,CN=Microsoft 
                Exchange,CN=Services,CN=Configuration,DC=Roaya,DC=loc
                	GUID:	{B2D4144B-898A-4927-8C40-9A8400DD73F7}
                	Class:	msExchOAB
                	
                Attribute:
                	LDAP Display Name:	msExchOABLastTouchedTime
                	Syntax (OID):	2.5.5.11
                	Value:	20210929041432.0Z
                	
                Operation:
                	Type:	Value Deleted
                	Correlation ID:	{BEA80C08-334D-420F-A73D-C96CE6B0D77E}
                	Application Correlation ID:	-

ComputerName  : FRANK-ADC-03
EventID       : 5136
Title         : ADObject Modified
TimeGenerated : 9/29/2021 10:55:55 AM
Content       : A directory service object was modified.
                	
                Subject:
                	Security ID:		S-1-5-21-2956518221-444034542-2043350422-87305
                	Account Name:		EU1MB9903$
                	Account Domain:		ROAYA
                	Logon ID:		0x8B8D4DAA
                
                Directory Service:
                	Name:	Roaya.loc
                	Type:	Active Directory Domain Services
                	
                Object:
                	DN:	
                CN=tamer.mahmoud@orient-paints.com,OU=orient-paints.com,OU=Mail,DC=Roaya,DC=loc
                	GUID:	{10753376-C22D-44EB-987C-18D1B01A7757}
                	Class:	user
                	
                Attribute:
                	LDAP Display Name:	msExchMailboxAuditLastDelegateAccess
                	Syntax (OID):	2.5.5.11
                	Value:	20210929085551.0Z
                	
                Operation:
                	Type:	Value Added
                	Correlation ID:	{7E1B671D-FB87-4692-9B80-8B42EA927BBE}
                	Application Correlation ID:	-

ComputerName  : FRANK-ADC-03
EventID       : 5136
Title         : ADObject Modified
TimeGenerated : 9/29/2021 10:55:55 AM
Content       : A directory service object was modified.
                	
                Subject:
                	Security ID:		S-1-5-21-2956518221-444034542-2043350422-87305
                	Account Name:		EU1MB9903$
                	Account Domain:		ROAYA
                	Logon ID:		0x8B8D4DAA
                
                Directory Service:
                	Name:	Roaya.loc
                	Type:	Active Directory Domain Services
                	
                Object:
                	DN:	
                CN=tamer.mahmoud@orient-paints.com,OU=orient-paints.com,OU=Mail,DC=Roaya,DC=loc
                	GUID:	{10753376-C22D-44EB-987C-18D1B01A7757}
                	Class:	user
                	
                Attribute:
                	LDAP Display Name:	msExchMailboxAuditLastDelegateAccess
                	Syntax (OID):	2.5.5.11
                	Value:	20210923073911.0Z
                	
                Operation:
                	Type:	Value Deleted
                	Correlation ID:	{7E1B671D-FB87-4692-9B80-8B42EA927BBE}
                	Application Correlation ID:	-

ComputerName  : FRANK-ADC-04
EventID       : 5136
Title         : ADObject Modified
TimeGenerated : 9/29/2021 10:55:49 AM
Content       : A directory service object was modified.
                	
                Subject:
                	Security ID:		S-1-5-21-2956518221-444034542-2043350422-87305
                	Account Name:		EU1MB9903$
                	Account Domain:		ROAYA
                	Logon ID:		0xA38EDAFA
                
                Directory Service:
                	Name:	Roaya.loc
                	Type:	Active Directory Domain Services
                	
                Object:
                	DN:	CN=sakdj.co Offline Address Book,CN=Offline Address Lists,CN=Address Lists 
                Container,CN=roaya,CN=Microsoft 
                Exchange,CN=Services,CN=Configuration,DC=Roaya,DC=loc
                	GUID:	{FD2CD658-B794-4904-A505-B5BF206318CE}
                	Class:	msExchOAB
                	
                Attribute:
                	LDAP Display Name:	msExchOABLastTouchedTime
                	Syntax (OID):	2.5.5.11
                	Value:	20210929085545.0Z
                	
                Operation:
                	Type:	Value Added
                	Correlation ID:	{5DF1A86C-FEB0-40C5-B92C-8D60E1D92B61}
                	Application Correlation ID:	-

ComputerName  : FRANK-ADC-04
EventID       : 5136
Title         : ADObject Modified
TimeGenerated : 9/29/2021 10:55:49 AM
Content       : A directory service object was modified.
                	
                Subject:
                	Security ID:		S-1-5-21-2956518221-444034542-2043350422-87305
                	Account Name:		EU1MB9903$
                	Account Domain:		ROAYA
                	Logon ID:		0xA38EDAFA
                
                Directory Service:
                	Name:	Roaya.loc
                	Type:	Active Directory Domain Services
                	
                Object:
                	DN:	CN=sakdj.co Offline Address Book,CN=Offline Address Lists,CN=Address Lists 
                Container,CN=roaya,CN=Microsoft 
                Exchange,CN=Services,CN=Configuration,DC=Roaya,DC=loc
                	GUID:	{FD2CD658-B794-4904-A505-B5BF206318CE}
                	Class:	msExchOAB
                	
                Attribute:
                	LDAP Display Name:	msExchOABLastTouchedTime
                	Syntax (OID):	2.5.5.11
                	Value:	20210929041422.0Z
                	
                Operation:
                	Type:	Value Deleted
                	Correlation ID:	{5DF1A86C-FEB0-40C5-B92C-8D60E1D92B61}
                	Application Correlation ID:	-

ComputerName  : FRANK-ADC-04
EventID       : 5136
Title         : ADObject Modified
TimeGenerated : 9/29/2021 10:55:49 AM
Content       : A directory service object was modified.
                	
                Subject:
                	Security ID:		S-1-5-21-2956518221-444034542-2043350422-87305
                	Account Name:		EU1MB9903$
                	Account Domain:		ROAYA
                	Logon ID:		0xA38EDAFA
                
                Directory Service:
                	Name:	Roaya.loc
                	Type:	Active Directory Domain Services
                	
                Object:
                	DN:	CN=avilith.com Offline Address Book,CN=Offline Address Lists,CN=Address Lists 
                Container,CN=roaya,CN=Microsoft 
                Exchange,CN=Services,CN=Configuration,DC=Roaya,DC=loc
                	GUID:	{1BD1EA75-158C-4546-AD10-721E7EB1977B}
                	Class:	msExchOAB
                	
                Attribute:
                	LDAP Display Name:	msExchOABLastTouchedTime
                	Syntax (OID):	2.5.5.11
                	Value:	20210929085542.0Z
                	
                Operation:
                	Type:	Value Added
                	Correlation ID:	{7171F571-1B65-4E76-BF72-EFAEC26A0E14}
                	Application Correlation ID:	-

ComputerName  : FRANK-ADC-04
EventID       : 5136
Title         : ADObject Modified
TimeGenerated : 9/29/2021 10:55:49 AM
Content       : A directory service object was modified.
                	
                Subject:
                	Security ID:		S-1-5-21-2956518221-444034542-2043350422-87305
                	Account Name:		EU1MB9903$
                	Account Domain:		ROAYA
                	Logon ID:		0xA38EDAFA
                
                Directory Service:
                	Name:	Roaya.loc
                	Type:	Active Directory Domain Services
                	
                Object:
                	DN:	CN=avilith.com Offline Address Book,CN=Offline Address Lists,CN=Address Lists 
                Container,CN=roaya,CN=Microsoft 
                Exchange,CN=Services,CN=Configuration,DC=Roaya,DC=loc
                	GUID:	{1BD1EA75-158C-4546-AD10-721E7EB1977B}
                	Class:	msExchOAB
                	
                Attribute:
                	LDAP Display Name:	msExchOABLastTouchedTime
                	Syntax (OID):	2.5.5.11
                	Value:	20210929041419.0Z
                	
                Operation:
                	Type:	Value Deleted
                	Correlation ID:	{7171F571-1B65-4E76-BF72-EFAEC26A0E14}
                	Application Correlation ID:	-

ComputerName  : FRANK-ADC-04
EventID       : 5136
Title         : ADObject Modified
TimeGenerated : 9/29/2021 10:55:49 AM
Content       : A directory service object was modified.
                	
                Subject:
                	Security ID:		S-1-5-21-2956518221-444034542-2043350422-87305
                	Account Name:		EU1MB9903$
                	Account Domain:		ROAYA
                	Logon ID:		0xA38EDAFA
                
                Directory Service:
                	Name:	Roaya.loc
                	Type:	Active Directory Domain Services
                	
                Object:
                	DN:	CN=evacoeg.com Offline Address Book,CN=Offline Address Lists,CN=Address Lists 
                Container,CN=roaya,CN=Microsoft 
                Exchange,CN=Services,CN=Configuration,DC=Roaya,DC=loc
                	GUID:	{8CA622F6-148C-47E0-A394-0F6FB0AC7A25}
                	Class:	msExchOAB
                	
                Attribute:
                	LDAP Display Name:	msExchConfigurationXML
                	Syntax (OID):	2.5.5.12
                	Value:	<OfflineAddressBookConfigXML><ManifestVersion><AddressLists 
                AddressListId="e580184a-36b0-43b7-a9e3-8c5c130314dc" Sequence="661" 
                /></ManifestVersion><LastFailedTime p2:nil="true" 
                xmlns:p2="http://www.w3.org/2001/XMLSchema-instance" /><LastGeneratingData><Mailbox
                Guid>feea8dd2-5615-42ce-a176-1f29ddbca752</MailboxGuid><DatabaseGuid>77c5ed34-31bb-
                4d80-988c-932fec22ef7e</DatabaseGuid><ServerFqdn>EU1MB9903.Roaya.loc</ServerFqdn></
                LastGeneratingData><HttpHomeMdbLastProcessedBucket>0</HttpHomeMdbLastProcessedBucke
                t><FullOabDownloadPreventionThreshold>0</FullOabDownloadPreventionThreshold><ZipOab
                FilesBeforeUploading>false</ZipOabFilesBeforeUploading></OfflineAddressBookConfigXM
                L>
                	
                Operation:
                	Type:	Value Added
                	Correlation ID:	{2CAAFB4F-B937-41F1-8A6D-757583A182EB}
                	Application Correlation ID:	-

ComputerName  : FRANK-ADC-04
EventID       : 5136
Title         : ADObject Modified
TimeGenerated : 9/29/2021 10:55:49 AM
Content       : A directory service object was modified.
                	
                Subject:
                	Security ID:		S-1-5-21-2956518221-444034542-2043350422-87305
                	Account Name:		EU1MB9903$
                	Account Domain:		ROAYA
                	Logon ID:		0xA38EDAFA
                
                Directory Service:
                	Name:	Roaya.loc
                	Type:	Active Directory Domain Services
                	
                Object:
                	DN:	CN=evacoeg.com Offline Address Book,CN=Offline Address Lists,CN=Address Lists 
                Container,CN=roaya,CN=Microsoft 
                Exchange,CN=Services,CN=Configuration,DC=Roaya,DC=loc
                	GUID:	{8CA622F6-148C-47E0-A394-0F6FB0AC7A25}
                	Class:	msExchOAB
                	
                Attribute:
                	LDAP Display Name:	msExchConfigurationXML
                	Syntax (OID):	2.5.5.12
                	Value:	<OfflineAddressBookConfigXML><ManifestVersion><AddressLists 
                AddressListId="e580184a-36b0-43b7-a9e3-8c5c130314dc" Sequence="660" 
                /></ManifestVersion><LastFailedTime p2:nil="true" 
                xmlns:p2="http://www.w3.org/2001/XMLSchema-instance" /><LastGeneratingData><Mailbox
                Guid>feea8dd2-5615-42ce-a176-1f29ddbca752</MailboxGuid><DatabaseGuid>77c5ed34-31bb-
                4d80-988c-932fec22ef7e</DatabaseGuid><ServerFqdn>EU1MB9903.Roaya.loc</ServerFqdn></
                LastGeneratingData><HttpHomeMdbLastProcessedBucket>0</HttpHomeMdbLastProcessedBucke
                t><FullOabDownloadPreventionThreshold>0</FullOabDownloadPreventionThreshold><ZipOab
                FilesBeforeUploading>false</ZipOabFilesBeforeUploading></OfflineAddressBookConfigXM
                L>
                	
                Operation:
                	Type:	Value Deleted
                	Correlation ID:	{2CAAFB4F-B937-41F1-8A6D-757583A182EB}
                	Application Correlation ID:	-

ComputerName  : FRANK-ADC-04
EventID       : 5136
Title         : ADObject Modified
TimeGenerated : 9/29/2021 10:55:49 AM
Content       : A directory service object was modified.
                	
                Subject:
                	Security ID:		S-1-5-21-2956518221-444034542-2043350422-87305
                	Account Name:		EU1MB9903$
                	Account Domain:		ROAYA
                	Logon ID:		0xA38EDAFA
                
                Directory Service:
                	Name:	Roaya.loc
                	Type:	Active Directory Domain Services
                	
                Object:
                	DN:	CN=evacoeg.com Offline Address Book,CN=Offline Address Lists,CN=Address Lists 
                Container,CN=roaya,CN=Microsoft 
                Exchange,CN=Services,CN=Configuration,DC=Roaya,DC=loc
                	GUID:	{8CA622F6-148C-47E0-A394-0F6FB0AC7A25}
                	Class:	msExchOAB
                	
                Attribute:
                	LDAP Display Name:	msExchOABLastTouchedTime
                	Syntax (OID):	2.5.5.11
                	Value:	20210929085548.0Z
                	
                Operation:
                	Type:	Value Added
                	Correlation ID:	{2CAAFB4F-B937-41F1-8A6D-757583A182EB}
                	Application Correlation ID:	-

ComputerName  : FRANK-ADC-04
EventID       : 5136
Title         : ADObject Modified
TimeGenerated : 9/29/2021 10:55:49 AM
Content       : A directory service object was modified.
                	
                Subject:
                	Security ID:		S-1-5-21-2956518221-444034542-2043350422-87305
                	Account Name:		EU1MB9903$
                	Account Domain:		ROAYA
                	Logon ID:		0xA38EDAFA
                
                Directory Service:
                	Name:	Roaya.loc
                	Type:	Active Directory Domain Services
                	
                Object:
                	DN:	CN=evacoeg.com Offline Address Book,CN=Offline Address Lists,CN=Address Lists 
                Container,CN=roaya,CN=Microsoft 
                Exchange,CN=Services,CN=Configuration,DC=Roaya,DC=loc
                	GUID:	{8CA622F6-148C-47E0-A394-0F6FB0AC7A25}
                	Class:	msExchOAB
                	
                Attribute:
                	LDAP Display Name:	msExchOABLastTouchedTime
                	Syntax (OID):	2.5.5.11
                	Value:	20210929041424.0Z
                	
                Operation:
                	Type:	Value Deleted
                	Correlation ID:	{2CAAFB4F-B937-41F1-8A6D-757583A182EB}
                	Application Correlation ID:	-

ComputerName  : FRANK-ADC-04
EventID       : 5136
Title         : ADObject Modified
TimeGenerated : 9/29/2021 10:55:49 AM
Content       : A directory service object was modified.
                	
                Subject:
                	Security ID:		S-1-5-21-2956518221-444034542-2043350422-87305
                	Account Name:		EU1MB9903$
                	Account Domain:		ROAYA
                	Logon ID:		0xA38EDAFA
                
                Directory Service:
                	Name:	Roaya.loc
                	Type:	Active Directory Domain Services
                	
                Object:
                	DN:	CN=appz4life.net Offline Address Book,CN=Offline Address Lists,CN=Address 
                Lists Container,CN=roaya,CN=Microsoft 
                Exchange,CN=Services,CN=Configuration,DC=Roaya,DC=loc
                	GUID:	{B5F25A5B-84DF-4EF0-B91D-7206592B0AF7}
                	Class:	msExchOAB
                	
                Attribute:
                	LDAP Display Name:	msExchOABLastTouchedTime
                	Syntax (OID):	2.5.5.11
                	Value:	20210929085540.0Z
                	
                Operation:
                	Type:	Value Added
                	Correlation ID:	{E218510C-B2BA-4CE7-8D5B-50E2E561AFB5}
                	Application Correlation ID:	-

ComputerName  : FRANK-ADC-04
EventID       : 5136
Title         : ADObject Modified
TimeGenerated : 9/29/2021 10:55:49 AM
Content       : A directory service object was modified.
                	
                Subject:
                	Security ID:		S-1-5-21-2956518221-444034542-2043350422-87305
                	Account Name:		EU1MB9903$
                	Account Domain:		ROAYA
                	Logon ID:		0xA38EDAFA
                
                Directory Service:
                	Name:	Roaya.loc
                	Type:	Active Directory Domain Services
                	
                Object:
                	DN:	CN=appz4life.net Offline Address Book,CN=Offline Address Lists,CN=Address 
                Lists Container,CN=roaya,CN=Microsoft 
                Exchange,CN=Services,CN=Configuration,DC=Roaya,DC=loc
                	GUID:	{B5F25A5B-84DF-4EF0-B91D-7206592B0AF7}
                	Class:	msExchOAB
                	
                Attribute:
                	LDAP Display Name:	msExchOABLastTouchedTime
                	Syntax (OID):	2.5.5.11
                	Value:	20210929041418.0Z
                	
                Operation:
                	Type:	Value Deleted
                	Correlation ID:	{E218510C-B2BA-4CE7-8D5B-50E2E561AFB5}
                	Application Correlation ID:	-

ComputerName  : FRANK-ADC-04
EventID       : 5136
Title         : ADObject Modified
TimeGenerated : 9/29/2021 10:55:39 AM
Content       : A directory service object was modified.
                	
                Subject:
                	Security ID:		S-1-5-21-2956518221-444034542-2043350422-87305
                	Account Name:		EU1MB9903$
                	Account Domain:		ROAYA
                	Logon ID:		0xA38EDAFA
                
                Directory Service:
                	Name:	Roaya.loc
                	Type:	Active Directory Domain Services
                	
                Object:
                	DN:	CN=fgfg.fgfg Offline Address Book,CN=Offline Address Lists,CN=Address Lists 
                Container,CN=roaya,CN=Microsoft 
                Exchange,CN=Services,CN=Configuration,DC=Roaya,DC=loc
                	GUID:	{C776F381-E9DC-40C5-88FA-1DCE3A770C07}
                	Class:	msExchOAB
                	
                Attribute:
                	LDAP Display Name:	msExchOABLastTouchedTime
                	Syntax (OID):	2.5.5.11
                	Value:	20210929085535.0Z
                	
                Operation:
                	Type:	Value Added
                	Correlation ID:	{BF364F4E-50BA-4FE5-B499-399760100BAE}
                	Application Correlation ID:	-

ComputerName  : FRANK-ADC-04
EventID       : 5136
Title         : ADObject Modified
TimeGenerated : 9/29/2021 10:55:39 AM
Content       : A directory service object was modified.
                	
                Subject:
                	Security ID:		S-1-5-21-2956518221-444034542-2043350422-87305
                	Account Name:		EU1MB9903$
                	Account Domain:		ROAYA
                	Logon ID:		0xA38EDAFA
                
                Directory Service:
                	Name:	Roaya.loc
                	Type:	Active Directory Domain Services
                	
                Object:
                	DN:	CN=fgfg.fgfg Offline Address Book,CN=Offline Address Lists,CN=Address Lists 
                Container,CN=roaya,CN=Microsoft 
                Exchange,CN=Services,CN=Configuration,DC=Roaya,DC=loc
                	GUID:	{C776F381-E9DC-40C5-88FA-1DCE3A770C07}
                	Class:	msExchOAB
                	
                Attribute:
                	LDAP Display Name:	msExchOABLastTouchedTime
                	Syntax (OID):	2.5.5.11
                	Value:	20210929041413.0Z
                	
                Operation:
                	Type:	Value Deleted
                	Correlation ID:	{BF364F4E-50BA-4FE5-B499-399760100BAE}
                	Application Correlation ID:	-

ComputerName  : FRANK-ADC-04
EventID       : 5136
Title         : ADObject Modified
TimeGenerated : 9/29/2021 10:55:39 AM
Content       : A directory service object was modified.
                	
                Subject:
                	Security ID:		S-1-5-21-2956518221-444034542-2043350422-87305
                	Account Name:		EU1MB9903$
                	Account Domain:		ROAYA
                	Logon ID:		0xA38EDAFA
                
                Directory Service:
                	Name:	Roaya.loc
                	Type:	Active Directory Domain Services
                	
                Object:
                	DN:	CN=dfdfd.dfdfdf Offline Address Book,CN=Offline Address Lists,CN=Address 
                Lists Container,CN=roaya,CN=Microsoft 
                Exchange,CN=Services,CN=Configuration,DC=Roaya,DC=loc
                	GUID:	{C673FCFF-A6CB-46DD-95A9-0A533EB56D3B}
                	Class:	msExchOAB
                	
                Attribute:
                	LDAP Display Name:	msExchOABLastTouchedTime
                	Syntax (OID):	2.5.5.11
                	Value:	20210929085532.0Z
                	
                Operation:
                	Type:	Value Added
                	Correlation ID:	{54F02DCB-8E90-489F-861C-AE1FB8443931}
                	Application Correlation ID:	-

ComputerName  : FRANK-ADC-04
EventID       : 5136
Title         : ADObject Modified
TimeGenerated : 9/29/2021 10:55:39 AM
Content       : A directory service object was modified.
                	
                Subject:
                	Security ID:		S-1-5-21-2956518221-444034542-2043350422-87305
                	Account Name:		EU1MB9903$
                	Account Domain:		ROAYA
                	Logon ID:		0xA38EDAFA
                
                Directory Service:
                	Name:	Roaya.loc
                	Type:	Active Directory Domain Services
                	
                Object:
                	DN:	CN=dfdfd.dfdfdf Offline Address Book,CN=Offline Address Lists,CN=Address 
                Lists Container,CN=roaya,CN=Microsoft 
                Exchange,CN=Services,CN=Configuration,DC=Roaya,DC=loc
                	GUID:	{C673FCFF-A6CB-46DD-95A9-0A533EB56D3B}
                	Class:	msExchOAB
                	
                Attribute:
                	LDAP Display Name:	msExchOABLastTouchedTime
                	Syntax (OID):	2.5.5.11
                	Value:	20210929041412.0Z
                	
                Operation:
                	Type:	Value Deleted
                	Correlation ID:	{54F02DCB-8E90-489F-861C-AE1FB8443931}
                	Application Correlation ID:	-

ComputerName  : FRANK-ADC-04
EventID       : 5136
Title         : ADObject Modified
TimeGenerated : 9/29/2021 10:55:39 AM
Content       : A directory service object was modified.
                	
                Subject:
                	Security ID:		S-1-5-21-2956518221-444034542-2043350422-87305
                	Account Name:		EU1MB9903$
                	Account Domain:		ROAYA
                	Logon ID:		0xA38EDAFA
                
                Directory Service:
                	Name:	Roaya.loc
                	Type:	Active Directory Domain Services
                	
                Object:
                	DN:	CN=alrababtrading.com Offline Address Book,CN=Offline Address 
                Lists,CN=Address Lists Container,CN=roaya,CN=Microsoft 
                Exchange,CN=Services,CN=Configuration,DC=Roaya,DC=loc
                	GUID:	{B49DFBA9-8F35-4B08-A5E1-EC11ECFAD873}
                	Class:	msExchOAB
                	
                Attribute:
                	LDAP Display Name:	msExchOABLastTouchedTime
                	Syntax (OID):	2.5.5.11
                	Value:	20210929085537.0Z
                	
                Operation:
                	Type:	Value Added
                	Correlation ID:	{ED797F80-CDF0-4D2B-953D-3ED0463093D7}
                	Application Correlation ID:	-

ComputerName  : FRANK-ADC-04
EventID       : 5136
Title         : ADObject Modified
TimeGenerated : 9/29/2021 10:55:39 AM
Content       : A directory service object was modified.
                	
                Subject:
                	Security ID:		S-1-5-21-2956518221-444034542-2043350422-87305
                	Account Name:		EU1MB9903$
                	Account Domain:		ROAYA
                	Logon ID:		0xA38EDAFA
                
                Directory Service:
                	Name:	Roaya.loc
                	Type:	Active Directory Domain Services
                	
                Object:
                	DN:	CN=alrababtrading.com Offline Address Book,CN=Offline Address 
                Lists,CN=Address Lists Container,CN=roaya,CN=Microsoft 
                Exchange,CN=Services,CN=Configuration,DC=Roaya,DC=loc
                	GUID:	{B49DFBA9-8F35-4B08-A5E1-EC11ECFAD873}
                	Class:	msExchOAB
                	
                Attribute:
                	LDAP Display Name:	msExchOABLastTouchedTime
                	Syntax (OID):	2.5.5.11
                	Value:	20210929041416.0Z
                	
                Operation:
                	Type:	Value Deleted
                	Correlation ID:	{ED797F80-CDF0-4D2B-953D-3ED0463093D7}
                	Application Correlation ID:	-

ComputerName  : FRANK-ADC-01
EventID       : 5136
Title         : ADObject Modified
TimeGenerated : 9/29/2021 10:55:36 AM
Content       : A directory service object was modified.
                	
                Subject:
                	Security ID:		S-1-5-21-2956518221-444034542-2043350422-87305
                	Account Name:		EU1MB9903$
                	Account Domain:		ROAYA
                	Logon ID:		0x7138AAF
                
                Directory Service:
                	Name:	Roaya.loc
                	Type:	Active Directory Domain Services
                	
                Object:
                	DN:	CN=mahmoud.za_minlo.com,OU=minlo.com,OU=Mail,DC=Roaya,DC=loc
                	GUID:	{047C02E8-F1CC-45C5-B83B-EDCAC464CB6A}
                	Class:	user
                	
                Attribute:
                	LDAP Display Name:	thumbnailPhoto
                	Syntax (OID):	2.5.5.10
                	Value:	<Binary>
                	
                Operation:
                	Type:	Value Added
                	Correlation ID:	{2A827151-6AFE-41A8-BC5A-60D30C94A181}
                	Application Correlation ID:	-

ComputerName  : FRANK-ADC-04
EventID       : 5136
Title         : ADObject Modified
TimeGenerated : 9/29/2021 10:55:29 AM
Content       : A directory service object was modified.
                	
                Subject:
                	Security ID:		S-1-5-21-2956518221-444034542-2043350422-87305
                	Account Name:		EU1MB9903$
                	Account Domain:		ROAYA
                	Logon ID:		0xA38EDAFA
                
                Directory Service:
                	Name:	Roaya.loc
                	Type:	Active Directory Domain Services
                	
                Object:
                	DN:	CN=4season-travel.com Offline Address Book,CN=Offline Address 
                Lists,CN=Address Lists Container,CN=roaya,CN=Microsoft 
                Exchange,CN=Services,CN=Configuration,DC=Roaya,DC=loc
                	GUID:	{F9A8D659-AB85-407A-99F9-E98D56C00397}
                	Class:	msExchOAB
                	
                Attribute:
                	LDAP Display Name:	msExchConfigurationXML
                	Syntax (OID):	2.5.5.12
                	Value:	<OfflineAddressBookConfigXML><ManifestVersion><AddressLists 
                AddressListId="1ad0fb6e-cdc8-4ad6-ac98-63296990ff1c" Sequence="537" 
                /></ManifestVersion><LastFailedTime p2:nil="true" 
                xmlns:p2="http://www.w3.org/2001/XMLSchema-instance" /><LastGeneratingData><Mailbox
                Guid>feea8dd2-5615-42ce-a176-1f29ddbca752</MailboxGuid><DatabaseGuid>77c5ed34-31bb-
                4d80-988c-932fec22ef7e</DatabaseGuid><ServerFqdn>EU1MB9903.Roaya.loc</ServerFqdn></
                LastGeneratingData><HttpHomeMdbLastProcessedBucket>0</HttpHomeMdbLastProcessedBucke
                t><FullOabDownloadPreventionThreshold>0</FullOabDownloadPreventionThreshold><ZipOab
                FilesBeforeUploading>false</ZipOabFilesBeforeUploading></OfflineAddressBookConfigXM
                L>
                	
                Operation:
                	Type:	Value Added
                	Correlation ID:	{8D99787E-8F26-4F23-8704-04DDA0C0FBB1}
                	Application Correlation ID:	-

ComputerName  : FRANK-ADC-04
EventID       : 5136
Title         : ADObject Modified
TimeGenerated : 9/29/2021 10:55:29 AM
Content       : A directory service object was modified.
                	
                Subject:
                	Security ID:		S-1-5-21-2956518221-444034542-2043350422-87305
                	Account Name:		EU1MB9903$
                	Account Domain:		ROAYA
                	Logon ID:		0xA38EDAFA
                
                Directory Service:
                	Name:	Roaya.loc
                	Type:	Active Directory Domain Services
                	
                Object:
                	DN:	CN=4season-travel.com Offline Address Book,CN=Offline Address 
                Lists,CN=Address Lists Container,CN=roaya,CN=Microsoft 
                Exchange,CN=Services,CN=Configuration,DC=Roaya,DC=loc
                	GUID:	{F9A8D659-AB85-407A-99F9-E98D56C00397}
                	Class:	msExchOAB
                	
                Attribute:
                	LDAP Display Name:	msExchConfigurationXML
                	Syntax (OID):	2.5.5.12
                	Value:	<OfflineAddressBookConfigXML><ManifestVersion><AddressLists 
                AddressListId="1ad0fb6e-cdc8-4ad6-ac98-63296990ff1c" Sequence="536" 
                /></ManifestVersion><LastFailedTime p2:nil="true" 
                xmlns:p2="http://www.w3.org/2001/XMLSchema-instance" /><LastGeneratingData><Mailbox
                Guid>feea8dd2-5615-42ce-a176-1f29ddbca752</MailboxGuid><DatabaseGuid>77c5ed34-31bb-
                4d80-988c-932fec22ef7e</DatabaseGuid><ServerFqdn>EU1MB9903.Roaya.loc</ServerFqdn></
                LastGeneratingData><HttpHomeMdbLastProcessedBucket>0</HttpHomeMdbLastProcessedBucke
                t><FullOabDownloadPreventionThreshold>0</FullOabDownloadPreventionThreshold><ZipOab
                FilesBeforeUploading>false</ZipOabFilesBeforeUploading></OfflineAddressBookConfigXM
                L>
                	
                Operation:
                	Type:	Value Deleted
                	Correlation ID:	{8D99787E-8F26-4F23-8704-04DDA0C0FBB1}
                	Application Correlation ID:	-

ComputerName  : FRANK-ADC-04
EventID       : 5136
Title         : ADObject Modified
TimeGenerated : 9/29/2021 10:55:29 AM
Content       : A directory service object was modified.
                	
                Subject:
                	Security ID:		S-1-5-21-2956518221-444034542-2043350422-87305
                	Account Name:		EU1MB9903$
                	Account Domain:		ROAYA
                	Logon ID:		0xA38EDAFA
                
                Directory Service:
                	Name:	Roaya.loc
                	Type:	Active Directory Domain Services
                	
                Object:
                	DN:	CN=4season-travel.com Offline Address Book,CN=Offline Address 
                Lists,CN=Address Lists Container,CN=roaya,CN=Microsoft 
                Exchange,CN=Services,CN=Configuration,DC=Roaya,DC=loc
                	GUID:	{F9A8D659-AB85-407A-99F9-E98D56C00397}
                	Class:	msExchOAB
                	
                Attribute:
                	LDAP Display Name:	msExchOABLastTouchedTime
                	Syntax (OID):	2.5.5.11
                	Value:	20210929085525.0Z
                	
                Operation:
                	Type:	Value Added
                	Correlation ID:	{8D99787E-8F26-4F23-8704-04DDA0C0FBB1}
                	Application Correlation ID:	-

ComputerName  : FRANK-ADC-04
EventID       : 5136
Title         : ADObject Modified
TimeGenerated : 9/29/2021 10:55:29 AM
Content       : A directory service object was modified.
                	
                Subject:
                	Security ID:		S-1-5-21-2956518221-444034542-2043350422-87305
                	Account Name:		EU1MB9903$
                	Account Domain:		ROAYA
                	Logon ID:		0xA38EDAFA
                
                Directory Service:
                	Name:	Roaya.loc
                	Type:	Active Directory Domain Services
                	
                Object:
                	DN:	CN=4season-travel.com Offline Address Book,CN=Offline Address 
                Lists,CN=Address Lists Container,CN=roaya,CN=Microsoft 
                Exchange,CN=Services,CN=Configuration,DC=Roaya,DC=loc
                	GUID:	{F9A8D659-AB85-407A-99F9-E98D56C00397}
                	Class:	msExchOAB
                	
                Attribute:
                	LDAP Display Name:	msExchOABLastTouchedTime
                	Syntax (OID):	2.5.5.11
                	Value:	20210929041405.0Z
                	
                Operation:
                	Type:	Value Deleted
                	Correlation ID:	{8D99787E-8F26-4F23-8704-04DDA0C0FBB1}
                	Application Correlation ID:	-

ComputerName  : FRANK-ADC-04
EventID       : 5136
Title         : ADObject Modified
TimeGenerated : 9/29/2021 10:55:29 AM
Content       : A directory service object was modified.
                	
                Subject:
                	Security ID:		S-1-5-21-2956518221-444034542-2043350422-87305
                	Account Name:		EU1MB9903$
                	Account Domain:		ROAYA
                	Logon ID:		0xA38EDAFA
                
                Directory Service:
                	Name:	Roaya.loc
                	Type:	Active Directory Domain Services
                	
                Object:
                	DN:	CN=jumia.cm Offline Address Book,CN=Offline Address Lists,CN=Address Lists 
                Container,CN=roaya,CN=Microsoft 
                Exchange,CN=Services,CN=Configuration,DC=Roaya,DC=loc
                	GUID:	{AD8DD5A9-8C52-4DBC-9B28-5FAA78E2DF0E}
                	Class:	msExchOAB
                	
                Attribute:
                	LDAP Display Name:	msExchOABLastTouchedTime
                	Syntax (OID):	2.5.5.11
                	Value:	20210929085519.0Z
                	
                Operation:
                	Type:	Value Added
                	Correlation ID:	{E2FD08F4-9EC2-4F5A-800D-9F5F1DDF248B}
                	Application Correlation ID:	-

ComputerName  : FRANK-ADC-04
EventID       : 5136
Title         : ADObject Modified
TimeGenerated : 9/29/2021 10:55:29 AM
Content       : A directory service object was modified.
                	
                Subject:
                	Security ID:		S-1-5-21-2956518221-444034542-2043350422-87305
                	Account Name:		EU1MB9903$
                	Account Domain:		ROAYA
                	Logon ID:		0xA38EDAFA
                
                Directory Service:
                	Name:	Roaya.loc
                	Type:	Active Directory Domain Services
                	
                Object:
                	DN:	CN=jumia.cm Offline Address Book,CN=Offline Address Lists,CN=Address Lists 
                Container,CN=roaya,CN=Microsoft 
                Exchange,CN=Services,CN=Configuration,DC=Roaya,DC=loc
                	GUID:	{AD8DD5A9-8C52-4DBC-9B28-5FAA78E2DF0E}
                	Class:	msExchOAB
                	
                Attribute:
                	LDAP Display Name:	msExchOABLastTouchedTime
                	Syntax (OID):	2.5.5.11
                	Value:	20210929041400.0Z
                	
                Operation:
                	Type:	Value Deleted
                	Correlation ID:	{E2FD08F4-9EC2-4F5A-800D-9F5F1DDF248B}
                	Application Correlation ID:	-

ComputerName  : FRANK-ADC-04
EventID       : 5136
Title         : ADObject Modified
TimeGenerated : 9/29/2021 10:55:29 AM
Content       : A directory service object was modified.
                	
                Subject:
                	Security ID:		S-1-5-21-2956518221-444034542-2043350422-87305
                	Account Name:		EU1MB9903$
                	Account Domain:		ROAYA
                	Logon ID:		0xA38EDAFA
                
                Directory Service:
                	Name:	Roaya.loc
                	Type:	Active Directory Domain Services
                	
                Object:
                	DN:	CN=amalmereish.com Offline Address Book,CN=Offline Address Lists,CN=Address 
                Lists Container,CN=roaya,CN=Microsoft 
                Exchange,CN=Services,CN=Configuration,DC=Roaya,DC=loc
                	GUID:	{C28B19F7-9D54-4B67-9E1D-C88B1A64DC87}
                	Class:	msExchOAB
                	
                Attribute:
                	LDAP Display Name:	msExchOABLastTouchedTime
                	Syntax (OID):	2.5.5.11
                	Value:	20210929085521.0Z
                	
                Operation:
                	Type:	Value Added
                	Correlation ID:	{F1AB6923-911E-402D-AA57-80A786BDB06F}
                	Application Correlation ID:	-

ComputerName  : FRANK-ADC-04
EventID       : 5136
Title         : ADObject Modified
TimeGenerated : 9/29/2021 10:55:29 AM
Content       : A directory service object was modified.
                	
                Subject:
                	Security ID:		S-1-5-21-2956518221-444034542-2043350422-87305
                	Account Name:		EU1MB9903$
                	Account Domain:		ROAYA
                	Logon ID:		0xA38EDAFA
                
                Directory Service:
                	Name:	Roaya.loc
                	Type:	Active Directory Domain Services
                	
                Object:
                	DN:	CN=amalmereish.com Offline Address Book,CN=Offline Address Lists,CN=Address 
                Lists Container,CN=roaya,CN=Microsoft 
                Exchange,CN=Services,CN=Configuration,DC=Roaya,DC=loc
                	GUID:	{C28B19F7-9D54-4B67-9E1D-C88B1A64DC87}
                	Class:	msExchOAB
                	
                Attribute:
                	LDAP Display Name:	msExchOABLastTouchedTime
                	Syntax (OID):	2.5.5.11
                	Value:	20210929041401.0Z
                	
                Operation:
                	Type:	Value Deleted
                	Correlation ID:	{F1AB6923-911E-402D-AA57-80A786BDB06F}
                	Application Correlation ID:	-

ComputerName  : FRANK-ADC-04
EventID       : 5136
Title         : ADObject Modified
TimeGenerated : 9/29/2021 10:55:19 AM
Content       : A directory service object was modified.
                	
                Subject:
                	Security ID:		S-1-5-21-2956518221-444034542-2043350422-87305
                	Account Name:		EU1MB9903$
                	Account Domain:		ROAYA
                	Logon ID:		0xA38EDAFA
                
                Directory Service:
                	Name:	Roaya.loc
                	Type:	Active Directory Domain Services
                	
                Object:
                	DN:	CN=jkpaw.com Offline Address Book,CN=Offline Address Lists,CN=Address Lists 
                Container,CN=roaya,CN=Microsoft 
                Exchange,CN=Services,CN=Configuration,DC=Roaya,DC=loc
                	GUID:	{4EE4C07E-4E1B-467E-90CA-B0B2CA21B6C4}
                	Class:	msExchOAB
                	
                Attribute:
                	LDAP Display Name:	msExchOABLastTouchedTime
                	Syntax (OID):	2.5.5.11
                	Value:	20210929085514.0Z
                	
                Operation:
                	Type:	Value Added
                	Correlation ID:	{34E370FE-8A59-45D3-A50B-F847691251C4}
                	Application Correlation ID:	-

ComputerName  : FRANK-ADC-04
EventID       : 5136
Title         : ADObject Modified
TimeGenerated : 9/29/2021 10:55:19 AM
Content       : A directory service object was modified.
                	
                Subject:
                	Security ID:		S-1-5-21-2956518221-444034542-2043350422-87305
                	Account Name:		EU1MB9903$
                	Account Domain:		ROAYA
                	Logon ID:		0xA38EDAFA
                
                Directory Service:
                	Name:	Roaya.loc
                	Type:	Active Directory Domain Services
                	
                Object:
                	DN:	CN=jkpaw.com Offline Address Book,CN=Offline Address Lists,CN=Address Lists 
                Container,CN=roaya,CN=Microsoft 
                Exchange,CN=Services,CN=Configuration,DC=Roaya,DC=loc
                	GUID:	{4EE4C07E-4E1B-467E-90CA-B0B2CA21B6C4}
                	Class:	msExchOAB
                	
                Attribute:
                	LDAP Display Name:	msExchOABLastTouchedTime
                	Syntax (OID):	2.5.5.11
                	Value:	20210929041355.0Z
                	
                Operation:
                	Type:	Value Deleted
                	Correlation ID:	{34E370FE-8A59-45D3-A50B-F847691251C4}
                	Application Correlation ID:	-

ComputerName  : FRANK-ADC-04
EventID       : 5136
Title         : ADObject Modified
TimeGenerated : 9/29/2021 10:55:19 AM
Content       : A directory service object was modified.
                	
                Subject:
                	Security ID:		S-1-5-21-2956518221-444034542-2043350422-87305
                	Account Name:		EU1MB9903$
                	Account Domain:		ROAYA
                	Logon ID:		0xA38EDAFA
                
                Directory Service:
                	Name:	Roaya.loc
                	Type:	Active Directory Domain Services
                	
                Object:
                	DN:	CN=srmberjayaent.com Offline Address Book,CN=Offline Address Lists,CN=Address 
                Lists Container,CN=roaya,CN=Microsoft 
                Exchange,CN=Services,CN=Configuration,DC=Roaya,DC=loc
                	GUID:	{B69FF5F8-0A30-4B32-B1A2-C8E7E4AC531D}
                	Class:	msExchOAB
                	
                Attribute:
                	LDAP Display Name:	msExchOABLastTouchedTime
                	Syntax (OID):	2.5.5.11
                	Value:	20210929085517.0Z
                	
                Operation:
                	Type:	Value Added
                	Correlation ID:	{64668105-593D-4E17-9CB6-5BBA409D8E9A}
                	Application Correlation ID:	-

ComputerName  : FRANK-ADC-04
EventID       : 5136
Title         : ADObject Modified
TimeGenerated : 9/29/2021 10:55:19 AM
Content       : A directory service object was modified.
                	
                Subject:
                	Security ID:		S-1-5-21-2956518221-444034542-2043350422-87305
                	Account Name:		EU1MB9903$
                	Account Domain:		ROAYA
                	Logon ID:		0xA38EDAFA
                
                Directory Service:
                	Name:	Roaya.loc
                	Type:	Active Directory Domain Services
                	
                Object:
                	DN:	CN=srmberjayaent.com Offline Address Book,CN=Offline Address Lists,CN=Address 
                Lists Container,CN=roaya,CN=Microsoft 
                Exchange,CN=Services,CN=Configuration,DC=Roaya,DC=loc
                	GUID:	{B69FF5F8-0A30-4B32-B1A2-C8E7E4AC531D}
                	Class:	msExchOAB
                	
                Attribute:
                	LDAP Display Name:	msExchOABLastTouchedTime
                	Syntax (OID):	2.5.5.11
                	Value:	20210929041358.0Z
                	
                Operation:
                	Type:	Value Deleted
                	Correlation ID:	{64668105-593D-4E17-9CB6-5BBA409D8E9A}
                	Application Correlation ID:	-

