ComputerName  : FRANK-PDC
EventID       : 5136
Title         : ADObject Modified
TimeGenerated : 9/29/2021 10:42:09 AM
Content       : A directory service object was modified.
                	
                Subject:
                	Security ID:		S-1-5-21-2956518221-444034542-2043350422-97789
                	Account Name:		LPC-SolidAdmin
                	Account Domain:		ROAYA
                	Logon ID:		0x1304BD60
                
                Directory Service:
                	Name:	Roaya.loc
                	Type:	Active Directory Domain Services
                	
                Object:
                	DN:	CN=wgafer@sewedy.com.eg,OU=sewedy.com.eg,OU=Mail,DC=roaya,DC=loc
                	GUID:	{FA9CD71E-AA73-44A6-80D3-BB1292B5CF01}
                	Class:	user
                	
                Attribute:
                	LDAP Display Name:	lockoutTime
                	Syntax (OID):	2.5.5.16
                	Value:	132773783026804036
                	
                Operation:
                	Type:	Value Deleted
                	Correlation ID:	{815CC105-DB71-49D1-B855-21DB6FA04CAE}
                	Application Correlation ID:	-

ComputerName  : FRANK-PDC
EventID       : 5136
Title         : ADObject Modified
TimeGenerated : 9/29/2021 10:42:09 AM
Content       : A directory service object was modified.
                	
                Subject:
                	Security ID:		S-1-5-21-2956518221-444034542-2043350422-97789
                	Account Name:		LPC-SolidAdmin
                	Account Domain:		ROAYA
                	Logon ID:		0x1304BD60
                
                Directory Service:
                	Name:	Roaya.loc
                	Type:	Active Directory Domain Services
                	
                Object:
                	DN:	CN=wgafer@sewedy.com.eg,OU=sewedy.com.eg,OU=Mail,DC=roaya,DC=loc
                	GUID:	{FA9CD71E-AA73-44A6-80D3-BB1292B5CF01}
                	Class:	user
                	
                Attribute:
                	LDAP Display Name:	userAccountControl
                	Syntax (OID):	2.5.5.9
                	Value:	528
                	
                Operation:
                	Type:	Value Added
                	Correlation ID:	{815CC105-DB71-49D1-B855-21DB6FA04CAE}
                	Application Correlation ID:	-

ComputerName  : FRANK-PDC
EventID       : 5136
Title         : ADObject Modified
TimeGenerated : 9/29/2021 10:42:09 AM
Content       : A directory service object was modified.
                	
                Subject:
                	Security ID:		S-1-5-21-2956518221-444034542-2043350422-97789
                	Account Name:		LPC-SolidAdmin
                	Account Domain:		ROAYA
                	Logon ID:		0x1304BD60
                
                Directory Service:
                	Name:	Roaya.loc
                	Type:	Active Directory Domain Services
                	
                Object:
                	DN:	CN=wgafer@sewedy.com.eg,OU=sewedy.com.eg,OU=Mail,DC=roaya,DC=loc
                	GUID:	{FA9CD71E-AA73-44A6-80D3-BB1292B5CF01}
                	Class:	user
                	
                Attribute:
                	LDAP Display Name:	userAccountControl
                	Syntax (OID):	2.5.5.9
                	Value:	512
                	
                Operation:
                	Type:	Value Deleted
                	Correlation ID:	{815CC105-DB71-49D1-B855-21DB6FA04CAE}
                	Application Correlation ID:	-

ComputerName  : FRANK-PDC
EventID       : 5136
Title         : ADObject Modified
TimeGenerated : 9/29/2021 10:42:09 AM
Content       : A directory service object was modified.
                	
                Subject:
                	Security ID:		S-1-5-21-2956518221-444034542-2043350422-97789
                	Account Name:		LPC-SolidAdmin
                	Account Domain:		ROAYA
                	Logon ID:		0x1304BD60
                
                Directory Service:
                	Name:	Roaya.loc
                	Type:	Active Directory Domain Services
                	
                Object:
                	DN:	CN=wgafer@sewedy.com.eg,OU=sewedy.com.eg,OU=Mail,DC=roaya,DC=loc
                	GUID:	{FA9CD71E-AA73-44A6-80D3-BB1292B5CF01}
                	Class:	user
                	
                Attribute:
                	LDAP Display Name:	displayName
                	Syntax (OID):	2.5.5.12
                	Value:	Waleed Gafer
                	
                Operation:
                	Type:	Value Added
                	Correlation ID:	{815CC105-DB71-49D1-B855-21DB6FA04CAE}
                	Application Correlation ID:	-

ComputerName  : FRANK-PDC
EventID       : 5136
Title         : ADObject Modified
TimeGenerated : 9/29/2021 10:42:09 AM
Content       : A directory service object was modified.
                	
                Subject:
                	Security ID:		S-1-5-21-2956518221-444034542-2043350422-97789
                	Account Name:		LPC-SolidAdmin
                	Account Domain:		ROAYA
                	Logon ID:		0x1304BD60
                
                Directory Service:
                	Name:	Roaya.loc
                	Type:	Active Directory Domain Services
                	
                Object:
                	DN:	CN=wgafer@sewedy.com.eg,OU=sewedy.com.eg,OU=Mail,DC=roaya,DC=loc
                	GUID:	{FA9CD71E-AA73-44A6-80D3-BB1292B5CF01}
                	Class:	user
                	
                Attribute:
                	LDAP Display Name:	displayName
                	Syntax (OID):	2.5.5.12
                	Value:	Waleed Gafer
                	
                Operation:
                	Type:	Value Deleted
                	Correlation ID:	{815CC105-DB71-49D1-B855-21DB6FA04CAE}
                	Application Correlation ID:	-

ComputerName  : FRANK-PDC
EventID       : 5136
Title         : ADObject Modified
TimeGenerated : 9/29/2021 10:42:09 AM
Content       : A directory service object was modified.
                	
                Subject:
                	Security ID:		S-1-5-21-2956518221-444034542-2043350422-97789
                	Account Name:		LPC-SolidAdmin
                	Account Domain:		ROAYA
                	Logon ID:		0x1304BD60
                
                Directory Service:
                	Name:	Roaya.loc
                	Type:	Active Directory Domain Services
                	
                Object:
                	DN:	CN=wgafer@sewedy.com.eg,OU=sewedy.com.eg,OU=Mail,DC=roaya,DC=loc
                	GUID:	{FA9CD71E-AA73-44A6-80D3-BB1292B5CF01}
                	Class:	user
                	
                Attribute:
                	LDAP Display Name:	givenName
                	Syntax (OID):	2.5.5.12
                	Value:	Waleed
                	
                Operation:
                	Type:	Value Added
                	Correlation ID:	{815CC105-DB71-49D1-B855-21DB6FA04CAE}
                	Application Correlation ID:	-

ComputerName  : FRANK-PDC
EventID       : 5136
Title         : ADObject Modified
TimeGenerated : 9/29/2021 10:42:09 AM
Content       : A directory service object was modified.
                	
                Subject:
                	Security ID:		S-1-5-21-2956518221-444034542-2043350422-97789
                	Account Name:		LPC-SolidAdmin
                	Account Domain:		ROAYA
                	Logon ID:		0x1304BD60
                
                Directory Service:
                	Name:	Roaya.loc
                	Type:	Active Directory Domain Services
                	
                Object:
                	DN:	CN=wgafer@sewedy.com.eg,OU=sewedy.com.eg,OU=Mail,DC=roaya,DC=loc
                	GUID:	{FA9CD71E-AA73-44A6-80D3-BB1292B5CF01}
                	Class:	user
                	
                Attribute:
                	LDAP Display Name:	givenName
                	Syntax (OID):	2.5.5.12
                	Value:	Waleed
                	
                Operation:
                	Type:	Value Deleted
                	Correlation ID:	{815CC105-DB71-49D1-B855-21DB6FA04CAE}
                	Application Correlation ID:	-

ComputerName  : FRANK-PDC
EventID       : 5136
Title         : ADObject Modified
TimeGenerated : 9/29/2021 10:42:09 AM
Content       : A directory service object was modified.
                	
                Subject:
                	Security ID:		S-1-5-21-2956518221-444034542-2043350422-97789
                	Account Name:		LPC-SolidAdmin
                	Account Domain:		ROAYA
                	Logon ID:		0x1304BD60
                
                Directory Service:
                	Name:	Roaya.loc
                	Type:	Active Directory Domain Services
                	
                Object:
                	DN:	CN=wgafer@sewedy.com.eg,OU=sewedy.com.eg,OU=Mail,DC=roaya,DC=loc
                	GUID:	{FA9CD71E-AA73-44A6-80D3-BB1292B5CF01}
                	Class:	user
                	
                Attribute:
                	LDAP Display Name:	st
                	Syntax (OID):	2.5.5.12
                	Value:	Alabama
                	
                Operation:
                	Type:	Value Added
                	Correlation ID:	{815CC105-DB71-49D1-B855-21DB6FA04CAE}
                	Application Correlation ID:	-

ComputerName  : FRANK-PDC
EventID       : 5136
Title         : ADObject Modified
TimeGenerated : 9/29/2021 10:42:09 AM
Content       : A directory service object was modified.
                	
                Subject:
                	Security ID:		S-1-5-21-2956518221-444034542-2043350422-97789
                	Account Name:		LPC-SolidAdmin
                	Account Domain:		ROAYA
                	Logon ID:		0x1304BD60
                
                Directory Service:
                	Name:	Roaya.loc
                	Type:	Active Directory Domain Services
                	
                Object:
                	DN:	CN=wgafer@sewedy.com.eg,OU=sewedy.com.eg,OU=Mail,DC=roaya,DC=loc
                	GUID:	{FA9CD71E-AA73-44A6-80D3-BB1292B5CF01}
                	Class:	user
                	
                Attribute:
                	LDAP Display Name:	st
                	Syntax (OID):	2.5.5.12
                	Value:	Alabama
                	
                Operation:
                	Type:	Value Deleted
                	Correlation ID:	{815CC105-DB71-49D1-B855-21DB6FA04CAE}
                	Application Correlation ID:	-

ComputerName  : FRANK-PDC
EventID       : 5136
Title         : ADObject Modified
TimeGenerated : 9/29/2021 10:42:09 AM
Content       : A directory service object was modified.
                	
                Subject:
                	Security ID:		S-1-5-21-2956518221-444034542-2043350422-97789
                	Account Name:		LPC-SolidAdmin
                	Account Domain:		ROAYA
                	Logon ID:		0x1304BD60
                
                Directory Service:
                	Name:	Roaya.loc
                	Type:	Active Directory Domain Services
                	
                Object:
                	DN:	CN=wgafer@sewedy.com.eg,OU=sewedy.com.eg,OU=Mail,DC=roaya,DC=loc
                	GUID:	{FA9CD71E-AA73-44A6-80D3-BB1292B5CF01}
                	Class:	user
                	
                Attribute:
                	LDAP Display Name:	c
                	Syntax (OID):	2.5.5.12
                	Value:	US
                	
                Operation:
                	Type:	Value Added
                	Correlation ID:	{815CC105-DB71-49D1-B855-21DB6FA04CAE}
                	Application Correlation ID:	-

ComputerName  : FRANK-PDC
EventID       : 5136
Title         : ADObject Modified
TimeGenerated : 9/29/2021 10:42:09 AM
Content       : A directory service object was modified.
                	
                Subject:
                	Security ID:		S-1-5-21-2956518221-444034542-2043350422-97789
                	Account Name:		LPC-SolidAdmin
                	Account Domain:		ROAYA
                	Logon ID:		0x1304BD60
                
                Directory Service:
                	Name:	Roaya.loc
                	Type:	Active Directory Domain Services
                	
                Object:
                	DN:	CN=wgafer@sewedy.com.eg,OU=sewedy.com.eg,OU=Mail,DC=roaya,DC=loc
                	GUID:	{FA9CD71E-AA73-44A6-80D3-BB1292B5CF01}
                	Class:	user
                	
                Attribute:
                	LDAP Display Name:	c
                	Syntax (OID):	2.5.5.12
                	Value:	US
                	
                Operation:
                	Type:	Value Deleted
                	Correlation ID:	{815CC105-DB71-49D1-B855-21DB6FA04CAE}
                	Application Correlation ID:	-

ComputerName  : FRANK-PDC
EventID       : 5136
Title         : ADObject Modified
TimeGenerated : 9/29/2021 10:42:09 AM
Content       : A directory service object was modified.
                	
                Subject:
                	Security ID:		S-1-5-21-2956518221-444034542-2043350422-97789
                	Account Name:		LPC-SolidAdmin
                	Account Domain:		ROAYA
                	Logon ID:		0x1304BD60
                
                Directory Service:
                	Name:	Roaya.loc
                	Type:	Active Directory Domain Services
                	
                Object:
                	DN:	CN=wgafer@sewedy.com.eg,OU=sewedy.com.eg,OU=Mail,DC=roaya,DC=loc
                	GUID:	{FA9CD71E-AA73-44A6-80D3-BB1292B5CF01}
                	Class:	user
                	
                Attribute:
                	LDAP Display Name:	sn
                	Syntax (OID):	2.5.5.12
                	Value:	Gafer
                	
                Operation:
                	Type:	Value Added
                	Correlation ID:	{815CC105-DB71-49D1-B855-21DB6FA04CAE}
                	Application Correlation ID:	-

ComputerName  : FRANK-PDC
EventID       : 5136
Title         : ADObject Modified
TimeGenerated : 9/29/2021 10:42:09 AM
Content       : A directory service object was modified.
                	
                Subject:
                	Security ID:		S-1-5-21-2956518221-444034542-2043350422-97789
                	Account Name:		LPC-SolidAdmin
                	Account Domain:		ROAYA
                	Logon ID:		0x1304BD60
                
                Directory Service:
                	Name:	Roaya.loc
                	Type:	Active Directory Domain Services
                	
                Object:
                	DN:	CN=wgafer@sewedy.com.eg,OU=sewedy.com.eg,OU=Mail,DC=roaya,DC=loc
                	GUID:	{FA9CD71E-AA73-44A6-80D3-BB1292B5CF01}
                	Class:	user
                	
                Attribute:
                	LDAP Display Name:	sn
                	Syntax (OID):	2.5.5.12
                	Value:	Gafer
                	
                Operation:
                	Type:	Value Deleted
                	Correlation ID:	{815CC105-DB71-49D1-B855-21DB6FA04CAE}
                	Application Correlation ID:	-

ComputerName  : FRANK-PDC
EventID       : 5136
Title         : ADObject Modified
TimeGenerated : 9/29/2021 10:42:09 AM
Content       : A directory service object was modified.
                	
                Subject:
                	Security ID:		S-1-5-21-2956518221-444034542-2043350422-97789
                	Account Name:		LPC-SolidAdmin
                	Account Domain:		ROAYA
                	Logon ID:		0x1304BD60
                
                Directory Service:
                	Name:	Roaya.loc
                	Type:	Active Directory Domain Services
                	
                Object:
                	DN:	CN=wgafer@sewedy.com.eg,OU=sewedy.com.eg,OU=Mail,DC=roaya,DC=loc
                	GUID:	{FA9CD71E-AA73-44A6-80D3-BB1292B5CF01}
                	Class:	user
                	
                Attribute:
                	LDAP Display Name:	mail
                	Syntax (OID):	2.5.5.12
                	Value:	wgafer@sewedy.com.eg
                	
                Operation:
                	Type:	Value Added
                	Correlation ID:	{20B76336-E543-4B26-8416-36C37B95A00A}
                	Application Correlation ID:	-

ComputerName  : FRANK-PDC
EventID       : 5136
Title         : ADObject Modified
TimeGenerated : 9/29/2021 10:42:09 AM
Content       : A directory service object was modified.
                	
                Subject:
                	Security ID:		S-1-5-21-2956518221-444034542-2043350422-97789
                	Account Name:		LPC-SolidAdmin
                	Account Domain:		ROAYA
                	Logon ID:		0x1304BD60
                
                Directory Service:
                	Name:	Roaya.loc
                	Type:	Active Directory Domain Services
                	
                Object:
                	DN:	CN=wgafer@sewedy.com.eg,OU=sewedy.com.eg,OU=Mail,DC=roaya,DC=loc
                	GUID:	{FA9CD71E-AA73-44A6-80D3-BB1292B5CF01}
                	Class:	user
                	
                Attribute:
                	LDAP Display Name:	mail
                	Syntax (OID):	2.5.5.12
                	Value:	wgafer@sewedy.com.eg
                	
                Operation:
                	Type:	Value Deleted
                	Correlation ID:	{20B76336-E543-4B26-8416-36C37B95A00A}
                	Application Correlation ID:	-

ComputerName  : FRANK-PDC
EventID       : 5136
Title         : ADObject Modified
TimeGenerated : 9/29/2021 10:42:09 AM
Content       : A directory service object was modified.
                	
                Subject:
                	Security ID:		S-1-5-21-2956518221-444034542-2043350422-97789
                	Account Name:		LPC-SolidAdmin
                	Account Domain:		ROAYA
                	Logon ID:		0x1304BD60
                
                Directory Service:
                	Name:	Roaya.loc
                	Type:	Active Directory Domain Services
                	
                Object:
                	DN:	CN=wgafer@sewedy.com.eg,OU=sewedy.com.eg,OU=Mail,DC=roaya,DC=loc
                	GUID:	{FA9CD71E-AA73-44A6-80D3-BB1292B5CF01}
                	Class:	user
                	
                Attribute:
                	LDAP Display Name:	userAccountControl
                	Syntax (OID):	2.5.5.9
                	Value:	528
                	
                Operation:
                	Type:	Value Added
                	Correlation ID:	{20B76336-E543-4B26-8416-36C37B95A00A}
                	Application Correlation ID:	-

ComputerName  : FRANK-PDC
EventID       : 5136
Title         : ADObject Modified
TimeGenerated : 9/29/2021 10:42:09 AM
Content       : A directory service object was modified.
                	
                Subject:
                	Security ID:		S-1-5-21-2956518221-444034542-2043350422-97789
                	Account Name:		LPC-SolidAdmin
                	Account Domain:		ROAYA
                	Logon ID:		0x1304BD60
                
                Directory Service:
                	Name:	Roaya.loc
                	Type:	Active Directory Domain Services
                	
                Object:
                	DN:	CN=wgafer@sewedy.com.eg,OU=sewedy.com.eg,OU=Mail,DC=roaya,DC=loc
                	GUID:	{FA9CD71E-AA73-44A6-80D3-BB1292B5CF01}
                	Class:	user
                	
                Attribute:
                	LDAP Display Name:	userAccountControl
                	Syntax (OID):	2.5.5.9
                	Value:	512
                	
                Operation:
                	Type:	Value Deleted
                	Correlation ID:	{20B76336-E543-4B26-8416-36C37B95A00A}
                	Application Correlation ID:	-

ComputerName  : FRANK-PDC
EventID       : 5136
Title         : ADObject Modified
TimeGenerated : 9/29/2021 10:42:09 AM
Content       : A directory service object was modified.
                	
                Subject:
                	Security ID:		S-1-5-21-2956518221-444034542-2043350422-97789
                	Account Name:		LPC-SolidAdmin
                	Account Domain:		ROAYA
                	Logon ID:		0x1304BD60
                
                Directory Service:
                	Name:	Roaya.loc
                	Type:	Active Directory Domain Services
                	
                Object:
                	DN:	CN=wgafer@sewedy.com.eg,OU=sewedy.com.eg,OU=Mail,DC=roaya,DC=loc
                	GUID:	{FA9CD71E-AA73-44A6-80D3-BB1292B5CF01}
                	Class:	user
                	
                Attribute:
                	LDAP Display Name:	displayName
                	Syntax (OID):	2.5.5.12
                	Value:	Waleed Gafer
                	
                Operation:
                	Type:	Value Added
                	Correlation ID:	{20B76336-E543-4B26-8416-36C37B95A00A}
                	Application Correlation ID:	-

ComputerName  : FRANK-PDC
EventID       : 5136
Title         : ADObject Modified
TimeGenerated : 9/29/2021 10:42:09 AM
Content       : A directory service object was modified.
                	
                Subject:
                	Security ID:		S-1-5-21-2956518221-444034542-2043350422-97789
                	Account Name:		LPC-SolidAdmin
                	Account Domain:		ROAYA
                	Logon ID:		0x1304BD60
                
                Directory Service:
                	Name:	Roaya.loc
                	Type:	Active Directory Domain Services
                	
                Object:
                	DN:	CN=wgafer@sewedy.com.eg,OU=sewedy.com.eg,OU=Mail,DC=roaya,DC=loc
                	GUID:	{FA9CD71E-AA73-44A6-80D3-BB1292B5CF01}
                	Class:	user
                	
                Attribute:
                	LDAP Display Name:	displayName
                	Syntax (OID):	2.5.5.12
                	Value:	Waleed Gafer
                	
                Operation:
                	Type:	Value Deleted
                	Correlation ID:	{20B76336-E543-4B26-8416-36C37B95A00A}
                	Application Correlation ID:	-

ComputerName  : FRANK-PDC
EventID       : 5136
Title         : ADObject Modified
TimeGenerated : 9/29/2021 10:42:09 AM
Content       : A directory service object was modified.
                	
                Subject:
                	Security ID:		S-1-5-21-2956518221-444034542-2043350422-97789
                	Account Name:		LPC-SolidAdmin
                	Account Domain:		ROAYA
                	Logon ID:		0x1304BD60
                
                Directory Service:
                	Name:	Roaya.loc
                	Type:	Active Directory Domain Services
                	
                Object:
                	DN:	CN=wgafer@sewedy.com.eg,OU=sewedy.com.eg,OU=Mail,DC=roaya,DC=loc
                	GUID:	{FA9CD71E-AA73-44A6-80D3-BB1292B5CF01}
                	Class:	user
                	
                Attribute:
                	LDAP Display Name:	givenName
                	Syntax (OID):	2.5.5.12
                	Value:	Waleed
                	
                Operation:
                	Type:	Value Added
                	Correlation ID:	{20B76336-E543-4B26-8416-36C37B95A00A}
                	Application Correlation ID:	-

ComputerName  : FRANK-PDC
EventID       : 5136
Title         : ADObject Modified
TimeGenerated : 9/29/2021 10:42:09 AM
Content       : A directory service object was modified.
                	
                Subject:
                	Security ID:		S-1-5-21-2956518221-444034542-2043350422-97789
                	Account Name:		LPC-SolidAdmin
                	Account Domain:		ROAYA
                	Logon ID:		0x1304BD60
                
                Directory Service:
                	Name:	Roaya.loc
                	Type:	Active Directory Domain Services
                	
                Object:
                	DN:	CN=wgafer@sewedy.com.eg,OU=sewedy.com.eg,OU=Mail,DC=roaya,DC=loc
                	GUID:	{FA9CD71E-AA73-44A6-80D3-BB1292B5CF01}
                	Class:	user
                	
                Attribute:
                	LDAP Display Name:	givenName
                	Syntax (OID):	2.5.5.12
                	Value:	Waleed
                	
                Operation:
                	Type:	Value Deleted
                	Correlation ID:	{20B76336-E543-4B26-8416-36C37B95A00A}
                	Application Correlation ID:	-

ComputerName  : FRANK-PDC
EventID       : 5136
Title         : ADObject Modified
TimeGenerated : 9/29/2021 10:42:09 AM
Content       : A directory service object was modified.
                	
                Subject:
                	Security ID:		S-1-5-21-2956518221-444034542-2043350422-97789
                	Account Name:		LPC-SolidAdmin
                	Account Domain:		ROAYA
                	Logon ID:		0x1304BD60
                
                Directory Service:
                	Name:	Roaya.loc
                	Type:	Active Directory Domain Services
                	
                Object:
                	DN:	CN=wgafer@sewedy.com.eg,OU=sewedy.com.eg,OU=Mail,DC=roaya,DC=loc
                	GUID:	{FA9CD71E-AA73-44A6-80D3-BB1292B5CF01}
                	Class:	user
                	
                Attribute:
                	LDAP Display Name:	st
                	Syntax (OID):	2.5.5.12
                	Value:	Alabama
                	
                Operation:
                	Type:	Value Added
                	Correlation ID:	{20B76336-E543-4B26-8416-36C37B95A00A}
                	Application Correlation ID:	-

ComputerName  : FRANK-PDC
EventID       : 5136
Title         : ADObject Modified
TimeGenerated : 9/29/2021 10:42:09 AM
Content       : A directory service object was modified.
                	
                Subject:
                	Security ID:		S-1-5-21-2956518221-444034542-2043350422-97789
                	Account Name:		LPC-SolidAdmin
                	Account Domain:		ROAYA
                	Logon ID:		0x1304BD60
                
                Directory Service:
                	Name:	Roaya.loc
                	Type:	Active Directory Domain Services
                	
                Object:
                	DN:	CN=wgafer@sewedy.com.eg,OU=sewedy.com.eg,OU=Mail,DC=roaya,DC=loc
                	GUID:	{FA9CD71E-AA73-44A6-80D3-BB1292B5CF01}
                	Class:	user
                	
                Attribute:
                	LDAP Display Name:	st
                	Syntax (OID):	2.5.5.12
                	Value:	Alabama
                	
                Operation:
                	Type:	Value Deleted
                	Correlation ID:	{20B76336-E543-4B26-8416-36C37B95A00A}
                	Application Correlation ID:	-

ComputerName  : FRANK-PDC
EventID       : 5136
Title         : ADObject Modified
TimeGenerated : 9/29/2021 10:42:09 AM
Content       : A directory service object was modified.
                	
                Subject:
                	Security ID:		S-1-5-21-2956518221-444034542-2043350422-97789
                	Account Name:		LPC-SolidAdmin
                	Account Domain:		ROAYA
                	Logon ID:		0x1304BD60
                
                Directory Service:
                	Name:	Roaya.loc
                	Type:	Active Directory Domain Services
                	
                Object:
                	DN:	CN=wgafer@sewedy.com.eg,OU=sewedy.com.eg,OU=Mail,DC=roaya,DC=loc
                	GUID:	{FA9CD71E-AA73-44A6-80D3-BB1292B5CF01}
                	Class:	user
                	
                Attribute:
                	LDAP Display Name:	c
                	Syntax (OID):	2.5.5.12
                	Value:	US
                	
                Operation:
                	Type:	Value Added
                	Correlation ID:	{20B76336-E543-4B26-8416-36C37B95A00A}
                	Application Correlation ID:	-

ComputerName  : FRANK-PDC
EventID       : 5136
Title         : ADObject Modified
TimeGenerated : 9/29/2021 10:42:09 AM
Content       : A directory service object was modified.
                	
                Subject:
                	Security ID:		S-1-5-21-2956518221-444034542-2043350422-97789
                	Account Name:		LPC-SolidAdmin
                	Account Domain:		ROAYA
                	Logon ID:		0x1304BD60
                
                Directory Service:
                	Name:	Roaya.loc
                	Type:	Active Directory Domain Services
                	
                Object:
                	DN:	CN=wgafer@sewedy.com.eg,OU=sewedy.com.eg,OU=Mail,DC=roaya,DC=loc
                	GUID:	{FA9CD71E-AA73-44A6-80D3-BB1292B5CF01}
                	Class:	user
                	
                Attribute:
                	LDAP Display Name:	c
                	Syntax (OID):	2.5.5.12
                	Value:	US
                	
                Operation:
                	Type:	Value Deleted
                	Correlation ID:	{20B76336-E543-4B26-8416-36C37B95A00A}
                	Application Correlation ID:	-

ComputerName  : FRANK-PDC
EventID       : 5136
Title         : ADObject Modified
TimeGenerated : 9/29/2021 10:42:09 AM
Content       : A directory service object was modified.
                	
                Subject:
                	Security ID:		S-1-5-21-2956518221-444034542-2043350422-97789
                	Account Name:		LPC-SolidAdmin
                	Account Domain:		ROAYA
                	Logon ID:		0x1304BD60
                
                Directory Service:
                	Name:	Roaya.loc
                	Type:	Active Directory Domain Services
                	
                Object:
                	DN:	CN=wgafer@sewedy.com.eg,OU=sewedy.com.eg,OU=Mail,DC=roaya,DC=loc
                	GUID:	{FA9CD71E-AA73-44A6-80D3-BB1292B5CF01}
                	Class:	user
                	
                Attribute:
                	LDAP Display Name:	sn
                	Syntax (OID):	2.5.5.12
                	Value:	Gafer
                	
                Operation:
                	Type:	Value Added
                	Correlation ID:	{20B76336-E543-4B26-8416-36C37B95A00A}
                	Application Correlation ID:	-

ComputerName  : FRANK-PDC
EventID       : 5136
Title         : ADObject Modified
TimeGenerated : 9/29/2021 10:42:09 AM
Content       : A directory service object was modified.
                	
                Subject:
                	Security ID:		S-1-5-21-2956518221-444034542-2043350422-97789
                	Account Name:		LPC-SolidAdmin
                	Account Domain:		ROAYA
                	Logon ID:		0x1304BD60
                
                Directory Service:
                	Name:	Roaya.loc
                	Type:	Active Directory Domain Services
                	
                Object:
                	DN:	CN=wgafer@sewedy.com.eg,OU=sewedy.com.eg,OU=Mail,DC=roaya,DC=loc
                	GUID:	{FA9CD71E-AA73-44A6-80D3-BB1292B5CF01}
                	Class:	user
                	
                Attribute:
                	LDAP Display Name:	sn
                	Syntax (OID):	2.5.5.12
                	Value:	Gafer
                	
                Operation:
                	Type:	Value Deleted
                	Correlation ID:	{20B76336-E543-4B26-8416-36C37B95A00A}
                	Application Correlation ID:	-

ComputerName  : FRANK-PDC
EventID       : 4767
Title         : User unlocked
TimeGenerated : 9/29/2021 10:42:08 AM
Content       : A user account was unlocked.
                
                Subject:
                	Security ID:		S-1-5-21-2956518221-444034542-2043350422-97789
                	Account Name:		LPC-SolidAdmin
                	Account Domain:		ROAYA
                	Logon ID:		0x1304BD60
                
                Target Account:
                	Security ID:		S-1-5-21-2956518221-444034542-2043350422-17057
                	Account Name:		wgafer
                	Account Domain:		ROAYA

ComputerName  : FRANK-ADC-04
EventID       : 5136
Title         : ADObject Modified
TimeGenerated : 9/29/2021 10:42:07 AM
Content       : A directory service object was modified.
                	
                Subject:
                	Security ID:		S-1-5-21-2956518221-444034542-2043350422-87305
                	Account Name:		EU1MB9903$
                	Account Domain:		ROAYA
                	Logon ID:		0xA38EDAFA
                
                Directory Service:
                	Name:	Roaya.loc
                	Type:	Active Directory Domain Services
                	
                Object:
                	DN:	CN=newtech.com Offline Address Book,CN=Offline Address Lists,CN=Address Lists 
                Container,CN=roaya,CN=Microsoft 
                Exchange,CN=Services,CN=Configuration,DC=Roaya,DC=loc
                	GUID:	{25803B69-4643-4A9B-80BA-4650610FAA91}
                	Class:	msExchOAB
                	
                Attribute:
                	LDAP Display Name:	msExchOABLastTouchedTime
                	Syntax (OID):	2.5.5.11
                	Value:	20210929084204.0Z
                	
                Operation:
                	Type:	Value Added
                	Correlation ID:	{CA46C2A0-1788-429D-AE4F-FFC1D234491C}
                	Application Correlation ID:	-

ComputerName  : FRANK-ADC-04
EventID       : 5136
Title         : ADObject Modified
TimeGenerated : 9/29/2021 10:42:07 AM
Content       : A directory service object was modified.
                	
                Subject:
                	Security ID:		S-1-5-21-2956518221-444034542-2043350422-87305
                	Account Name:		EU1MB9903$
                	Account Domain:		ROAYA
                	Logon ID:		0xA38EDAFA
                
                Directory Service:
                	Name:	Roaya.loc
                	Type:	Active Directory Domain Services
                	
                Object:
                	DN:	CN=newtech.com Offline Address Book,CN=Offline Address Lists,CN=Address Lists 
                Container,CN=roaya,CN=Microsoft 
                Exchange,CN=Services,CN=Configuration,DC=Roaya,DC=loc
                	GUID:	{25803B69-4643-4A9B-80BA-4650610FAA91}
                	Class:	msExchOAB
                	
                Attribute:
                	LDAP Display Name:	msExchOABLastTouchedTime
                	Syntax (OID):	2.5.5.11
                	Value:	20210929040323.0Z
                	
                Operation:
                	Type:	Value Deleted
                	Correlation ID:	{CA46C2A0-1788-429D-AE4F-FFC1D234491C}
                	Application Correlation ID:	-

ComputerName  : FRANK-PDC
EventID       : 4724
Title         : An administrator changed a user password
TimeGenerated : 9/29/2021 10:42:02 AM
Content       : An attempt was made to reset an account's password.
                
                Subject:
                	Security ID:		S-1-5-21-2956518221-444034542-2043350422-97789
                	Account Name:		LPC-SolidAdmin
                	Account Domain:		ROAYA
                	Logon ID:		0x1304BECD
                
                Target Account:
                	Security ID:		S-1-5-21-2956518221-444034542-2043350422-17057
                	Account Name:		wgafer
                	Account Domain:		ROAYA

ComputerName  : FRANK-PDC
EventID       : 4738
Title         : User changed
TimeGenerated : 9/29/2021 10:42:02 AM
Content       : A user account was changed.
                
                Subject:
                	Security ID:		S-1-5-21-2956518221-444034542-2043350422-97789
                	Account Name:		LPC-SolidAdmin
                	Account Domain:		ROAYA
                	Logon ID:		0x1304BECD
                
                Target Account:
                	Security ID:		S-1-5-21-2956518221-444034542-2043350422-17057
                	Account Name:		wgafer
                	Account Domain:		ROAYA
                
                Changed Attributes:
                	SAM Account Name:	-
                	Display Name:		-
                	User Principal Name:	-
                	Home Directory:		-
                	Home Drive:		-
                	Script Path:		-
                	Profile Path:		-
                	User Workstations:	-
                	Password Last Set:	9/29/2021 10:42:02 AM
                	Account Expires:		-
                	Primary Group ID:	-
                	AllowedToDelegateTo:	-
                	Old UAC Value:		-
                	New UAC Value:		-
                	User Account Control:	-
                	User Parameters:	-
                	SID History:		-
                	Logon Hours:		-
                
                Additional Information:
                	Privileges:		-

ComputerName  : FRANK-ADC-04
EventID       : 5136
Title         : ADObject Modified
TimeGenerated : 9/29/2021 10:41:57 AM
Content       : A directory service object was modified.
                	
                Subject:
                	Security ID:		S-1-5-21-2956518221-444034542-2043350422-87305
                	Account Name:		EU1MB9903$
                	Account Domain:		ROAYA
                	Logon ID:		0xA38EDAFA
                
                Directory Service:
                	Name:	Roaya.loc
                	Type:	Active Directory Domain Services
                	
                Object:
                	DN:	CN=os4it-sa.com Offline Address Book,CN=Offline Address Lists,CN=Address 
                Lists Container,CN=roaya,CN=Microsoft 
                Exchange,CN=Services,CN=Configuration,DC=Roaya,DC=loc
                	GUID:	{52988682-E14A-40A9-B559-874EAD70F7DA}
                	Class:	msExchOAB
                	
                Attribute:
                	LDAP Display Name:	msExchConfigurationXML
                	Syntax (OID):	2.5.5.12
                	Value:	<OfflineAddressBookConfigXML><ManifestVersion><AddressLists 
                AddressListId="9044f436-d8de-48d8-b120-a555beabdb93" Sequence="588" 
                /></ManifestVersion><LastFailedTime p2:nil="true" 
                xmlns:p2="http://www.w3.org/2001/XMLSchema-instance" /><LastGeneratingData><Mailbox
                Guid>feea8dd2-5615-42ce-a176-1f29ddbca752</MailboxGuid><DatabaseGuid>77c5ed34-31bb-
                4d80-988c-932fec22ef7e</DatabaseGuid><ServerFqdn>EU1MB9903.Roaya.loc</ServerFqdn></
                LastGeneratingData><HttpHomeMdbLastProcessedBucket>0</HttpHomeMdbLastProcessedBucke
                t><FullOabDownloadPreventionThreshold>0</FullOabDownloadPreventionThreshold><ZipOab
                FilesBeforeUploading>false</ZipOabFilesBeforeUploading></OfflineAddressBookConfigXM
                L>
                	
                Operation:
                	Type:	Value Added
                	Correlation ID:	{BDE5D8E6-494E-49CF-BA6F-03F3FA30BE8A}
                	Application Correlation ID:	-

ComputerName  : FRANK-ADC-04
EventID       : 5136
Title         : ADObject Modified
TimeGenerated : 9/29/2021 10:41:57 AM
Content       : A directory service object was modified.
                	
                Subject:
                	Security ID:		S-1-5-21-2956518221-444034542-2043350422-87305
                	Account Name:		EU1MB9903$
                	Account Domain:		ROAYA
                	Logon ID:		0xA38EDAFA
                
                Directory Service:
                	Name:	Roaya.loc
                	Type:	Active Directory Domain Services
                	
                Object:
                	DN:	CN=os4it-sa.com Offline Address Book,CN=Offline Address Lists,CN=Address 
                Lists Container,CN=roaya,CN=Microsoft 
                Exchange,CN=Services,CN=Configuration,DC=Roaya,DC=loc
                	GUID:	{52988682-E14A-40A9-B559-874EAD70F7DA}
                	Class:	msExchOAB
                	
                Attribute:
                	LDAP Display Name:	msExchConfigurationXML
                	Syntax (OID):	2.5.5.12
                	Value:	<OfflineAddressBookConfigXML><ManifestVersion><AddressLists 
                AddressListId="9044f436-d8de-48d8-b120-a555beabdb93" Sequence="587" 
                /></ManifestVersion><LastFailedTime p2:nil="true" 
                xmlns:p2="http://www.w3.org/2001/XMLSchema-instance" /><LastGeneratingData><Mailbox
                Guid>feea8dd2-5615-42ce-a176-1f29ddbca752</MailboxGuid><DatabaseGuid>77c5ed34-31bb-
                4d80-988c-932fec22ef7e</DatabaseGuid><ServerFqdn>EU1MB9903.Roaya.loc</ServerFqdn></
                LastGeneratingData><HttpHomeMdbLastProcessedBucket>0</HttpHomeMdbLastProcessedBucke
                t><FullOabDownloadPreventionThreshold>0</FullOabDownloadPreventionThreshold><ZipOab
                FilesBeforeUploading>false</ZipOabFilesBeforeUploading></OfflineAddressBookConfigXM
                L>
                	
                Operation:
                	Type:	Value Deleted
                	Correlation ID:	{BDE5D8E6-494E-49CF-BA6F-03F3FA30BE8A}
                	Application Correlation ID:	-

ComputerName  : FRANK-ADC-04
EventID       : 5136
Title         : ADObject Modified
TimeGenerated : 9/29/2021 10:41:57 AM
Content       : A directory service object was modified.
                	
                Subject:
                	Security ID:		S-1-5-21-2956518221-444034542-2043350422-87305
                	Account Name:		EU1MB9903$
                	Account Domain:		ROAYA
                	Logon ID:		0xA38EDAFA
                
                Directory Service:
                	Name:	Roaya.loc
                	Type:	Active Directory Domain Services
                	
                Object:
                	DN:	CN=os4it-sa.com Offline Address Book,CN=Offline Address Lists,CN=Address 
                Lists Container,CN=roaya,CN=Microsoft 
                Exchange,CN=Services,CN=Configuration,DC=Roaya,DC=loc
                	GUID:	{52988682-E14A-40A9-B559-874EAD70F7DA}
                	Class:	msExchOAB
                	
                Attribute:
                	LDAP Display Name:	msExchOABLastTouchedTime
                	Syntax (OID):	2.5.5.11
                	Value:	20210929084155.0Z
                	
                Operation:
                	Type:	Value Added
                	Correlation ID:	{BDE5D8E6-494E-49CF-BA6F-03F3FA30BE8A}
                	Application Correlation ID:	-

ComputerName  : FRANK-ADC-04
EventID       : 5136
Title         : ADObject Modified
TimeGenerated : 9/29/2021 10:41:57 AM
Content       : A directory service object was modified.
                	
                Subject:
                	Security ID:		S-1-5-21-2956518221-444034542-2043350422-87305
                	Account Name:		EU1MB9903$
                	Account Domain:		ROAYA
                	Logon ID:		0xA38EDAFA
                
                Directory Service:
                	Name:	Roaya.loc
                	Type:	Active Directory Domain Services
                	
                Object:
                	DN:	CN=os4it-sa.com Offline Address Book,CN=Offline Address Lists,CN=Address 
                Lists Container,CN=roaya,CN=Microsoft 
                Exchange,CN=Services,CN=Configuration,DC=Roaya,DC=loc
                	GUID:	{52988682-E14A-40A9-B559-874EAD70F7DA}
                	Class:	msExchOAB
                	
                Attribute:
                	LDAP Display Name:	msExchOABLastTouchedTime
                	Syntax (OID):	2.5.5.11
                	Value:	20210929040316.0Z
                	
                Operation:
                	Type:	Value Deleted
                	Correlation ID:	{BDE5D8E6-494E-49CF-BA6F-03F3FA30BE8A}
                	Application Correlation ID:	-

ComputerName  : FRANK-PDC
EventID       : 4740
Title         : User locked out
TimeGenerated : 9/29/2021 10:41:55 AM
Content       : A user account was locked out.
                
                Subject:
                	Security ID:		S-1-5-18
                	Account Name:		FRANK-PDC$
                	Account Domain:		ROAYA
                	Logon ID:		0x3E7
                
                Account That Was Locked Out:
                	Security ID:		S-1-5-21-2956518221-444034542-2043350422-86557
                	Account Name:		w.shehata_aswaqfatha
                
                Additional Information:
                	Caller Computer Name:	ACC30-HQ

ComputerName  : FRANK-ADC-04
EventID       : 5136
Title         : ADObject Modified
TimeGenerated : 9/29/2021 10:41:47 AM
Content       : A directory service object was modified.
                	
                Subject:
                	Security ID:		S-1-5-21-2956518221-444034542-2043350422-87305
                	Account Name:		EU1MB9903$
                	Account Domain:		ROAYA
                	Logon ID:		0xA38EDAFA
                
                Directory Service:
                	Name:	Roaya.loc
                	Type:	Active Directory Domain Services
                	
                Object:
                	DN:	CN=zarcouae.ae Offline Address Book,CN=Offline Address Lists,CN=Address Lists 
                Container,CN=roaya,CN=Microsoft 
                Exchange,CN=Services,CN=Configuration,DC=Roaya,DC=loc
                	GUID:	{62695A24-1F9E-45E2-A3B0-7C4FD01FBDC6}
                	Class:	msExchOAB
                	
                Attribute:
                	LDAP Display Name:	msExchConfigurationXML
                	Syntax (OID):	2.5.5.12
                	Value:	<OfflineAddressBookConfigXML><ManifestVersion><AddressLists 
                AddressListId="6cc27574-eedf-4686-9b6d-cef34336593a" Sequence="584" 
                /></ManifestVersion><LastFailedTime p2:nil="true" 
                xmlns:p2="http://www.w3.org/2001/XMLSchema-instance" /><LastGeneratingData><Mailbox
                Guid>feea8dd2-5615-42ce-a176-1f29ddbca752</MailboxGuid><DatabaseGuid>77c5ed34-31bb-
                4d80-988c-932fec22ef7e</DatabaseGuid><ServerFqdn>EU1MB9903.Roaya.loc</ServerFqdn></
                LastGeneratingData><HttpHomeMdbLastProcessedBucket>0</HttpHomeMdbLastProcessedBucke
                t><FullOabDownloadPreventionThreshold>0</FullOabDownloadPreventionThreshold><ZipOab
                FilesBeforeUploading>false</ZipOabFilesBeforeUploading></OfflineAddressBookConfigXM
                L>
                	
                Operation:
                	Type:	Value Added
                	Correlation ID:	{9443002C-AE9F-4838-8936-5A6C09684941}
                	Application Correlation ID:	-

ComputerName  : FRANK-ADC-04
EventID       : 5136
Title         : ADObject Modified
TimeGenerated : 9/29/2021 10:41:47 AM
Content       : A directory service object was modified.
                	
                Subject:
                	Security ID:		S-1-5-21-2956518221-444034542-2043350422-87305
                	Account Name:		EU1MB9903$
                	Account Domain:		ROAYA
                	Logon ID:		0xA38EDAFA
                
                Directory Service:
                	Name:	Roaya.loc
                	Type:	Active Directory Domain Services
                	
                Object:
                	DN:	CN=zarcouae.ae Offline Address Book,CN=Offline Address Lists,CN=Address Lists 
                Container,CN=roaya,CN=Microsoft 
                Exchange,CN=Services,CN=Configuration,DC=Roaya,DC=loc
                	GUID:	{62695A24-1F9E-45E2-A3B0-7C4FD01FBDC6}
                	Class:	msExchOAB
                	
                Attribute:
                	LDAP Display Name:	msExchConfigurationXML
                	Syntax (OID):	2.5.5.12
                	Value:	<OfflineAddressBookConfigXML><ManifestVersion><AddressLists 
                AddressListId="6cc27574-eedf-4686-9b6d-cef34336593a" Sequence="583" 
                /></ManifestVersion><LastFailedTime p2:nil="true" 
                xmlns:p2="http://www.w3.org/2001/XMLSchema-instance" /><LastGeneratingData><Mailbox
                Guid>feea8dd2-5615-42ce-a176-1f29ddbca752</MailboxGuid><DatabaseGuid>77c5ed34-31bb-
                4d80-988c-932fec22ef7e</DatabaseGuid><ServerFqdn>EU1MB9903.Roaya.loc</ServerFqdn></
                LastGeneratingData><HttpHomeMdbLastProcessedBucket>0</HttpHomeMdbLastProcessedBucke
                t><FullOabDownloadPreventionThreshold>0</FullOabDownloadPreventionThreshold><ZipOab
                FilesBeforeUploading>false</ZipOabFilesBeforeUploading></OfflineAddressBookConfigXM
                L>
                	
                Operation:
                	Type:	Value Deleted
                	Correlation ID:	{9443002C-AE9F-4838-8936-5A6C09684941}
                	Application Correlation ID:	-

ComputerName  : FRANK-ADC-04
EventID       : 5136
Title         : ADObject Modified
TimeGenerated : 9/29/2021 10:41:47 AM
Content       : A directory service object was modified.
                	
                Subject:
                	Security ID:		S-1-5-21-2956518221-444034542-2043350422-87305
                	Account Name:		EU1MB9903$
                	Account Domain:		ROAYA
                	Logon ID:		0xA38EDAFA
                
                Directory Service:
                	Name:	Roaya.loc
                	Type:	Active Directory Domain Services
                	
                Object:
                	DN:	CN=zarcouae.ae Offline Address Book,CN=Offline Address Lists,CN=Address Lists 
                Container,CN=roaya,CN=Microsoft 
                Exchange,CN=Services,CN=Configuration,DC=Roaya,DC=loc
                	GUID:	{62695A24-1F9E-45E2-A3B0-7C4FD01FBDC6}
                	Class:	msExchOAB
                	
                Attribute:
                	LDAP Display Name:	msExchOABLastTouchedTime
                	Syntax (OID):	2.5.5.11
                	Value:	20210929084137.0Z
                	
                Operation:
                	Type:	Value Added
                	Correlation ID:	{9443002C-AE9F-4838-8936-5A6C09684941}
                	Application Correlation ID:	-

