ComputerName  : FRANK-PDC
EventID       : 5136
Title         : ADObject Modified
TimeGenerated : 8/5/2021 2:03:25 PM
Content       : A directory service object was modified.
                	
                Subject:
                	Security ID:		S-1-5-21-2956518221-444034542-2043350422-87305
                	Account Name:		EU1MB9903$
                	Account Domain:		ROAYA
                	Logon ID:		0x2CF7F215F
                
                Directory Service:
                	Name:	Roaya.loc
                	Type:	Active Directory Domain Services
                	
                Object:
                	DN:	CN=multifarious-auto.com Offline Address Book,CN=Offline Address Lists,CN=Address Lists 
                Container,CN=roaya,CN=Microsoft Exchange,CN=Services,CN=Configuration,DC=Roaya,DC=loc
                	GUID:	{4E68E297-DC5D-49A0-B5C4-6A528083DF38}
                	Class:	msExchOAB
                	
                Attribute:
                	LDAP Display Name:	msExchOABLastTouchedTime
                	Syntax (OID):	2.5.5.11
                	Value:	20210805053919.0Z
                	
                Operation:
                	Type:	Value Deleted
                	Correlation ID:	{C157523F-A566-4568-88F5-2AEB48FCCDCC}
                	Application Correlation ID:	-

ComputerName  : FRANK-PDC
EventID       : 5136
Title         : ADObject Modified
TimeGenerated : 8/5/2021 2:03:15 PM
Content       : A directory service object was modified.
                	
                Subject:
                	Security ID:		S-1-5-21-2956518221-444034542-2043350422-87305
                	Account Name:		EU1MB9903$
                	Account Domain:		ROAYA
                	Logon ID:		0x2CF7F215F
                
                Directory Service:
                	Name:	Roaya.loc
                	Type:	Active Directory Domain Services
                	
                Object:
                	DN:	CN=orchidiapharmaceutical.com_OAB,CN=Offline Address Lists,CN=Address Lists 
                Container,CN=roaya,CN=Microsoft Exchange,CN=Services,CN=Configuration,DC=Roaya,DC=loc
                	GUID:	{F6C39DF6-749A-49A3-B0EE-8F6C5BCABA15}
                	Class:	msExchOAB
                	
                Attribute:
                	LDAP Display Name:	msExchConfigurationXML
                	Syntax (OID):	2.5.5.12
                	Value:	<OfflineAddressBookConfigXML><ManifestVersion><AddressLists 
                AddressListId="5cc75b56-8c0c-4744-bf28-3ff3780e75f7" Sequence="586" 
                /></ManifestVersion><LastFailedTime p2:nil="true" xmlns:p2="http://www.w3.org/2001/XMLSchema-instance" 
                /><LastGeneratingData><MailboxGuid>feea8dd2-5615-42ce-a176-1f29ddbca752</MailboxGuid><DatabaseGuid>77c5
                ed34-31bb-4d80-988c-932fec22ef7e</DatabaseGuid><ServerFqdn>EU1MB9903.Roaya.loc</ServerFqdn></LastGenera
                tingData><HttpHomeMdbLastProcessedBucket>0</HttpHomeMdbLastProcessedBucket><FullOabDownloadPreventionTh
                reshold>0</FullOabDownloadPreventionThreshold><ZipOabFilesBeforeUploading>false</ZipOabFilesBeforeUploa
                ding></OfflineAddressBookConfigXML>
                	
                Operation:
                	Type:	Value Added
                	Correlation ID:	{50471235-5879-407C-BAF1-5C3EE5C13D5C}
                	Application Correlation ID:	-

ComputerName  : FRANK-PDC
EventID       : 5136
Title         : ADObject Modified
TimeGenerated : 8/5/2021 2:03:15 PM
Content       : A directory service object was modified.
                	
                Subject:
                	Security ID:		S-1-5-21-2956518221-444034542-2043350422-87305
                	Account Name:		EU1MB9903$
                	Account Domain:		ROAYA
                	Logon ID:		0x2CF7F215F
                
                Directory Service:
                	Name:	Roaya.loc
                	Type:	Active Directory Domain Services
                	
                Object:
                	DN:	CN=orchidiapharmaceutical.com_OAB,CN=Offline Address Lists,CN=Address Lists 
                Container,CN=roaya,CN=Microsoft Exchange,CN=Services,CN=Configuration,DC=Roaya,DC=loc
                	GUID:	{F6C39DF6-749A-49A3-B0EE-8F6C5BCABA15}
                	Class:	msExchOAB
                	
                Attribute:
                	LDAP Display Name:	msExchConfigurationXML
                	Syntax (OID):	2.5.5.12
                	Value:	<OfflineAddressBookConfigXML><ManifestVersion><AddressLists 
                AddressListId="5cc75b56-8c0c-4744-bf28-3ff3780e75f7" Sequence="585" 
                /></ManifestVersion><LastFailedTime p2:nil="true" xmlns:p2="http://www.w3.org/2001/XMLSchema-instance" 
                /><LastGeneratingData><MailboxGuid>feea8dd2-5615-42ce-a176-1f29ddbca752</MailboxGuid><DatabaseGuid>77c5
                ed34-31bb-4d80-988c-932fec22ef7e</DatabaseGuid><ServerFqdn>EU1MB9903.Roaya.loc</ServerFqdn></LastGenera
                tingData><HttpHomeMdbLastProcessedBucket>0</HttpHomeMdbLastProcessedBucket><FullOabDownloadPreventionTh
                reshold>0</FullOabDownloadPreventionThreshold><ZipOabFilesBeforeUploading>false</ZipOabFilesBeforeUploa
                ding></OfflineAddressBookConfigXML>
                	
                Operation:
                	Type:	Value Deleted
                	Correlation ID:	{50471235-5879-407C-BAF1-5C3EE5C13D5C}
                	Application Correlation ID:	-

ComputerName  : FRANK-PDC
EventID       : 5136
Title         : ADObject Modified
TimeGenerated : 8/5/2021 2:03:15 PM
Content       : A directory service object was modified.
                	
                Subject:
                	Security ID:		S-1-5-21-2956518221-444034542-2043350422-87305
                	Account Name:		EU1MB9903$
                	Account Domain:		ROAYA
                	Logon ID:		0x2CF7F215F
                
                Directory Service:
                	Name:	Roaya.loc
                	Type:	Active Directory Domain Services
                	
                Object:
                	DN:	CN=orchidiapharmaceutical.com_OAB,CN=Offline Address Lists,CN=Address Lists 
                Container,CN=roaya,CN=Microsoft Exchange,CN=Services,CN=Configuration,DC=Roaya,DC=loc
                	GUID:	{F6C39DF6-749A-49A3-B0EE-8F6C5BCABA15}
                	Class:	msExchOAB
                	
                Attribute:
                	LDAP Display Name:	msExchOABLastTouchedTime
                	Syntax (OID):	2.5.5.11
                	Value:	20210805120321.0Z
                	
                Operation:
                	Type:	Value Added
                	Correlation ID:	{50471235-5879-407C-BAF1-5C3EE5C13D5C}
                	Application Correlation ID:	-

ComputerName  : FRANK-PDC
EventID       : 5136
Title         : ADObject Modified
TimeGenerated : 8/5/2021 2:03:15 PM
Content       : A directory service object was modified.
                	
                Subject:
                	Security ID:		S-1-5-21-2956518221-444034542-2043350422-87305
                	Account Name:		EU1MB9903$
                	Account Domain:		ROAYA
                	Logon ID:		0x2CF7F215F
                
                Directory Service:
                	Name:	Roaya.loc
                	Type:	Active Directory Domain Services
                	
                Object:
                	DN:	CN=orchidiapharmaceutical.com_OAB,CN=Offline Address Lists,CN=Address Lists 
                Container,CN=roaya,CN=Microsoft Exchange,CN=Services,CN=Configuration,DC=Roaya,DC=loc
                	GUID:	{F6C39DF6-749A-49A3-B0EE-8F6C5BCABA15}
                	Class:	msExchOAB
                	
                Attribute:
                	LDAP Display Name:	msExchOABLastTouchedTime
                	Syntax (OID):	2.5.5.11
                	Value:	20210805053911.0Z
                	
                Operation:
                	Type:	Value Deleted
                	Correlation ID:	{50471235-5879-407C-BAF1-5C3EE5C13D5C}
                	Application Correlation ID:	-

ComputerName  : FRANK-PDC
EventID       : 5136
Title         : ADObject Modified
TimeGenerated : 8/5/2021 2:03:15 PM
Content       : A directory service object was modified.
                	
                Subject:
                	Security ID:		S-1-5-21-2956518221-444034542-2043350422-97789
                	Account Name:		LPC-SolidAdmin
                	Account Domain:		ROAYA
                	Logon ID:		0x2CF7DF93A
                
                Directory Service:
                	Name:	Roaya.loc
                	Type:	Active Directory Domain Services
                	
                Object:
                	DN:	CN=aeid_almottahedon-ph,OU=almottahedon-pharma.com,OU=Mail,DC=Roaya,DC=loc
                	GUID:	{0AB9683E-8FA3-4FFA-9E23-D64A0766AF58}
                	Class:	user
                	
                Attribute:
                	LDAP Display Name:	mDBUseDefaults
                	Syntax (OID):	2.5.5.8
                	Value:	FALSE
                	
                Operation:
                	Type:	Value Added
                	Correlation ID:	{8BE5C049-BD95-4C95-971D-DBECA1AC9ACF}
                	Application Correlation ID:	-

ComputerName  : FRANK-PDC
EventID       : 5136
Title         : ADObject Modified
TimeGenerated : 8/5/2021 2:03:15 PM
Content       : A directory service object was modified.
                	
                Subject:
                	Security ID:		S-1-5-21-2956518221-444034542-2043350422-97789
                	Account Name:		LPC-SolidAdmin
                	Account Domain:		ROAYA
                	Logon ID:		0x2CF7DF93A
                
                Directory Service:
                	Name:	Roaya.loc
                	Type:	Active Directory Domain Services
                	
                Object:
                	DN:	CN=aeid_almottahedon-ph,OU=almottahedon-pharma.com,OU=Mail,DC=Roaya,DC=loc
                	GUID:	{0AB9683E-8FA3-4FFA-9E23-D64A0766AF58}
                	Class:	user
                	
                Attribute:
                	LDAP Display Name:	mDBUseDefaults
                	Syntax (OID):	2.5.5.8
                	Value:	TRUE
                	
                Operation:
                	Type:	Value Deleted
                	Correlation ID:	{8BE5C049-BD95-4C95-971D-DBECA1AC9ACF}
                	Application Correlation ID:	-

ComputerName  : FRANK-PDC
EventID       : 5136
Title         : ADObject Modified
TimeGenerated : 8/5/2021 2:03:15 PM
Content       : A directory service object was modified.
                	
                Subject:
                	Security ID:		S-1-5-21-2956518221-444034542-2043350422-97789
                	Account Name:		LPC-SolidAdmin
                	Account Domain:		ROAYA
                	Logon ID:		0x2CF7DF93A
                
                Directory Service:
                	Name:	Roaya.loc
                	Type:	Active Directory Domain Services
                	
                Object:
                	DN:	CN=aeid_almottahedon-ph,OU=almottahedon-pharma.com,OU=Mail,DC=Roaya,DC=loc
                	GUID:	{0AB9683E-8FA3-4FFA-9E23-D64A0766AF58}
                	Class:	user
                	
                Attribute:
                	LDAP Display Name:	mDBOverHardQuotaLimit
                	Syntax (OID):	2.5.5.9
                	Value:	52428800
                	
                Operation:
                	Type:	Value Added
                	Correlation ID:	{8BE5C049-BD95-4C95-971D-DBECA1AC9ACF}
                	Application Correlation ID:	-

ComputerName  : FRANK-PDC
EventID       : 5136
Title         : ADObject Modified
TimeGenerated : 8/5/2021 2:03:15 PM
Content       : A directory service object was modified.
                	
                Subject:
                	Security ID:		S-1-5-21-2956518221-444034542-2043350422-97789
                	Account Name:		LPC-SolidAdmin
                	Account Domain:		ROAYA
                	Logon ID:		0x2CF7DF93A
                
                Directory Service:
                	Name:	Roaya.loc
                	Type:	Active Directory Domain Services
                	
                Object:
                	DN:	CN=aeid_almottahedon-ph,OU=almottahedon-pharma.com,OU=Mail,DC=Roaya,DC=loc
                	GUID:	{0AB9683E-8FA3-4FFA-9E23-D64A0766AF58}
                	Class:	user
                	
                Attribute:
                	LDAP Display Name:	mDBOverQuotaLimit
                	Syntax (OID):	2.5.5.9
                	Value:	52428800
                	
                Operation:
                	Type:	Value Added
                	Correlation ID:	{8BE5C049-BD95-4C95-971D-DBECA1AC9ACF}
                	Application Correlation ID:	-

ComputerName  : FRANK-PDC
EventID       : 5136
Title         : ADObject Modified
TimeGenerated : 8/5/2021 2:03:15 PM
Content       : A directory service object was modified.
                	
                Subject:
                	Security ID:		S-1-5-21-2956518221-444034542-2043350422-97789
                	Account Name:		LPC-SolidAdmin
                	Account Domain:		ROAYA
                	Logon ID:		0x2CF7DF93A
                
                Directory Service:
                	Name:	Roaya.loc
                	Type:	Active Directory Domain Services
                	
                Object:
                	DN:	CN=aeid_almottahedon-ph,OU=almottahedon-pharma.com,OU=Mail,DC=Roaya,DC=loc
                	GUID:	{0AB9683E-8FA3-4FFA-9E23-D64A0766AF58}
                	Class:	user
                	
                Attribute:
                	LDAP Display Name:	msExchUseOAB
                	Syntax (OID):	2.5.5.1
                	Value:	CN=almottahedon-pharma.com Offline Address Book,CN=Offline Address Lists,CN=Address Lists 
                Container,CN=roaya,CN=Microsoft Exchange,CN=Services,CN=Configuration,DC=Roaya,DC=loc
                	
                Operation:
                	Type:	Value Added
                	Correlation ID:	{8BE5C049-BD95-4C95-971D-DBECA1AC9ACF}
                	Application Correlation ID:	-

ComputerName  : FRANK-PDC
EventID       : 5136
Title         : ADObject Modified
TimeGenerated : 8/5/2021 2:03:15 PM
Content       : A directory service object was modified.
                	
                Subject:
                	Security ID:		S-1-5-21-2956518221-444034542-2043350422-97789
                	Account Name:		LPC-SolidAdmin
                	Account Domain:		ROAYA
                	Logon ID:		0x2CF7DF93A
                
                Directory Service:
                	Name:	Roaya.loc
                	Type:	Active Directory Domain Services
                	
                Object:
                	DN:	CN=aeid_almottahedon-ph,OU=almottahedon-pharma.com,OU=Mail,DC=Roaya,DC=loc
                	GUID:	{0AB9683E-8FA3-4FFA-9E23-D64A0766AF58}
                	Class:	user
                	
                Attribute:
                	LDAP Display Name:	mDBStorageQuota
                	Syntax (OID):	2.5.5.9
                	Value:	49807360
                	
                Operation:
                	Type:	Value Added
                	Correlation ID:	{8BE5C049-BD95-4C95-971D-DBECA1AC9ACF}
                	Application Correlation ID:	-

ComputerName  : FRANK-PDC
EventID       : 5136
Title         : ADObject Modified
TimeGenerated : 8/5/2021 2:03:15 PM
Content       : A directory service object was modified.
                	
                Subject:
                	Security ID:		S-1-5-21-2956518221-444034542-2043350422-97789
                	Account Name:		LPC-SolidAdmin
                	Account Domain:		ROAYA
                	Logon ID:		0x2CF7DF93A
                
                Directory Service:
                	Name:	Roaya.loc
                	Type:	Active Directory Domain Services
                	
                Object:
                	DN:	CN=aeid_almottahedon-ph,OU=almottahedon-pharma.com,OU=Mail,DC=Roaya,DC=loc
                	GUID:	{0AB9683E-8FA3-4FFA-9E23-D64A0766AF58}
                	Class:	user
                	
                Attribute:
                	LDAP Display Name:	garbageCollPeriod
                	Syntax (OID):	2.5.5.9
                	Value:	5270400
                	
                Operation:
                	Type:	Value Added
                	Correlation ID:	{8BE5C049-BD95-4C95-971D-DBECA1AC9ACF}
                	Application Correlation ID:	-

ComputerName  : FRANK-PDC
EventID       : 5136
Title         : ADObject Modified
TimeGenerated : 8/5/2021 2:03:15 PM
Content       : A directory service object was modified.
                	
                Subject:
                	Security ID:		S-1-5-21-2956518221-444034542-2043350422-97789
                	Account Name:		LPC-SolidAdmin
                	Account Domain:		ROAYA
                	Logon ID:		0x2CF7DF93A
                
                Directory Service:
                	Name:	Roaya.loc
                	Type:	Active Directory Domain Services
                	
                Object:
                	DN:	CN=aeid_almottahedon-ph,OU=almottahedon-pharma.com,OU=Mail,DC=Roaya,DC=loc
                	GUID:	{0AB9683E-8FA3-4FFA-9E23-D64A0766AF58}
                	Class:	user
                	
                Attribute:
                	LDAP Display Name:	deletedItemFlags
                	Syntax (OID):	2.5.5.9
                	Value:	5
                	
                Operation:
                	Type:	Value Added
                	Correlation ID:	{8BE5C049-BD95-4C95-971D-DBECA1AC9ACF}
                	Application Correlation ID:	-

ComputerName  : FRANK-PDC
EventID       : 5136
Title         : ADObject Modified
TimeGenerated : 8/5/2021 2:03:15 PM
Content       : A directory service object was modified.
                	
                Subject:
                	Security ID:		S-1-5-21-2956518221-444034542-2043350422-97789
                	Account Name:		LPC-SolidAdmin
                	Account Domain:		ROAYA
                	Logon ID:		0x2CF7DF93A
                
                Directory Service:
                	Name:	Roaya.loc
                	Type:	Active Directory Domain Services
                	
                Object:
                	DN:	CN=aeid_almottahedon-ph,OU=almottahedon-pharma.com,OU=Mail,DC=Roaya,DC=loc
                	GUID:	{0AB9683E-8FA3-4FFA-9E23-D64A0766AF58}
                	Class:	user
                	
                Attribute:
                	LDAP Display Name:	msExchPublicFolderMailbox
                	Syntax (OID):	2.5.5.1
                	Value:	CN=almottahedon-pharma.com Public Folder 
                Mailbox,OU=almottahedon-pharma.com,OU=Mail,DC=Roaya,DC=loc
                	
                Operation:
                	Type:	Value Added
                	Correlation ID:	{8BE5C049-BD95-4C95-971D-DBECA1AC9ACF}
                	Application Correlation ID:	-

ComputerName  : FRANK-PDC
EventID       : 5136
Title         : ADObject Modified
TimeGenerated : 8/5/2021 2:03:15 PM
Content       : A directory service object was modified.
                	
                Subject:
                	Security ID:		S-1-5-21-2956518221-444034542-2043350422-97789
                	Account Name:		LPC-SolidAdmin
                	Account Domain:		ROAYA
                	Logon ID:		0x2CF7DF93A
                
                Directory Service:
                	Name:	Roaya.loc
                	Type:	Active Directory Domain Services
                	
                Object:
                	DN:	CN=aeid_almottahedon-ph,OU=almottahedon-pharma.com,OU=Mail,DC=Roaya,DC=loc
                	GUID:	{0AB9683E-8FA3-4FFA-9E23-D64A0766AF58}
                	Class:	user
                	
                Attribute:
                	LDAP Display Name:	delivContLength
                	Syntax (OID):	2.5.5.9
                	Value:	35840
                	
                Operation:
                	Type:	Value Added
                	Correlation ID:	{8BE5C049-BD95-4C95-971D-DBECA1AC9ACF}
                	Application Correlation ID:	-

ComputerName  : FRANK-PDC
EventID       : 5136
Title         : ADObject Modified
TimeGenerated : 8/5/2021 2:03:15 PM
Content       : A directory service object was modified.
                	
                Subject:
                	Security ID:		S-1-5-21-2956518221-444034542-2043350422-97789
                	Account Name:		LPC-SolidAdmin
                	Account Domain:		ROAYA
                	Logon ID:		0x2CF7DF93A
                
                Directory Service:
                	Name:	Roaya.loc
                	Type:	Active Directory Domain Services
                	
                Object:
                	DN:	CN=aeid_almottahedon-ph,OU=almottahedon-pharma.com,OU=Mail,DC=Roaya,DC=loc
                	GUID:	{0AB9683E-8FA3-4FFA-9E23-D64A0766AF58}
                	Class:	user
                	
                Attribute:
                	LDAP Display Name:	submissionContLength
                	Syntax (OID):	2.5.5.9
                	Value:	35840
                	
                Operation:
                	Type:	Value Added
                	Correlation ID:	{8BE5C049-BD95-4C95-971D-DBECA1AC9ACF}
                	Application Correlation ID:	-

ComputerName  : FRANK-PDC
EventID       : 5136
Title         : ADObject Modified
TimeGenerated : 8/5/2021 2:03:15 PM
Content       : A directory service object was modified.
                	
                Subject:
                	Security ID:		S-1-5-21-2956518221-444034542-2043350422-97789
                	Account Name:		LPC-SolidAdmin
                	Account Domain:		ROAYA
                	Logon ID:		0x2CF7DF93A
                
                Directory Service:
                	Name:	Roaya.loc
                	Type:	Active Directory Domain Services
                	
                Object:
                	DN:	CN=aeid_almottahedon-ph,OU=almottahedon-pharma.com,OU=Mail,DC=Roaya,DC=loc
                	GUID:	{0AB9683E-8FA3-4FFA-9E23-D64A0766AF58}
                	Class:	user
                	
                Attribute:
                	LDAP Display Name:	msExchELCMailboxFlags
                	Syntax (OID):	2.5.5.9
                	Value:	146
                	
                Operation:
                	Type:	Value Added
                	Correlation ID:	{8BE5C049-BD95-4C95-971D-DBECA1AC9ACF}
                	Application Correlation ID:	-

ComputerName  : FRANK-PDC
EventID       : 5136
Title         : ADObject Modified
TimeGenerated : 8/5/2021 2:03:15 PM
Content       : A directory service object was modified.
                	
                Subject:
                	Security ID:		S-1-5-21-2956518221-444034542-2043350422-97789
                	Account Name:		LPC-SolidAdmin
                	Account Domain:		ROAYA
                	Logon ID:		0x2CF7DF93A
                
                Directory Service:
                	Name:	Roaya.loc
                	Type:	Active Directory Domain Services
                	
                Object:
                	DN:	CN=aeid_almottahedon-ph,OU=almottahedon-pharma.com,OU=Mail,DC=Roaya,DC=loc
                	GUID:	{0AB9683E-8FA3-4FFA-9E23-D64A0766AF58}
                	Class:	user
                	
                Attribute:
                	LDAP Display Name:	msExchELCMailboxFlags
                	Syntax (OID):	2.5.5.9
                	Value:	130
                	
                Operation:
                	Type:	Value Deleted
                	Correlation ID:	{8BE5C049-BD95-4C95-971D-DBECA1AC9ACF}
                	Application Correlation ID:	-

ComputerName  : FRANK-PDC
EventID       : 5136
Title         : ADObject Modified
TimeGenerated : 8/5/2021 2:03:15 PM
Content       : A directory service object was modified.
                	
                Subject:
                	Security ID:		S-1-5-21-2956518221-444034542-2043350422-97789
                	Account Name:		LPC-SolidAdmin
                	Account Domain:		ROAYA
                	Logon ID:		0x2CF7DF93A
                
                Directory Service:
                	Name:	Roaya.loc
                	Type:	Active Directory Domain Services
                	
                Object:
                	DN:	CN=aeid_almottahedon-ph,OU=almottahedon-pharma.com,OU=Mail,DC=Roaya,DC=loc
                	GUID:	{0AB9683E-8FA3-4FFA-9E23-D64A0766AF58}
                	Class:	user
                	
                Attribute:
                	LDAP Display Name:	mail
                	Syntax (OID):	2.5.5.12
                	Value:	aeid@upharmaegypt.com
                	
                Operation:
                	Type:	Value Added
                	Correlation ID:	{8BE5C049-BD95-4C95-971D-DBECA1AC9ACF}
                	Application Correlation ID:	-

ComputerName  : FRANK-PDC
EventID       : 5136
Title         : ADObject Modified
TimeGenerated : 8/5/2021 2:03:15 PM
Content       : A directory service object was modified.
                	
                Subject:
                	Security ID:		S-1-5-21-2956518221-444034542-2043350422-97789
                	Account Name:		LPC-SolidAdmin
                	Account Domain:		ROAYA
                	Logon ID:		0x2CF7DF93A
                
                Directory Service:
                	Name:	Roaya.loc
                	Type:	Active Directory Domain Services
                	
                Object:
                	DN:	CN=aeid_almottahedon-ph,OU=almottahedon-pharma.com,OU=Mail,DC=Roaya,DC=loc
                	GUID:	{0AB9683E-8FA3-4FFA-9E23-D64A0766AF58}
                	Class:	user
                	
                Attribute:
                	LDAP Display Name:	mail
                	Syntax (OID):	2.5.5.12
                	Value:	aeid_almottahedon-ph@worldposta.cloud
                	
                Operation:
                	Type:	Value Deleted
                	Correlation ID:	{8BE5C049-BD95-4C95-971D-DBECA1AC9ACF}
                	Application Correlation ID:	-

ComputerName  : FRANK-PDC
EventID       : 5136
Title         : ADObject Modified
TimeGenerated : 8/5/2021 2:03:15 PM
Content       : A directory service object was modified.
                	
                Subject:
                	Security ID:		S-1-5-21-2956518221-444034542-2043350422-97789
                	Account Name:		LPC-SolidAdmin
                	Account Domain:		ROAYA
                	Logon ID:		0x2CF7DF93A
                
                Directory Service:
                	Name:	Roaya.loc
                	Type:	Active Directory Domain Services
                	
                Object:
                	DN:	CN=aeid_almottahedon-ph,OU=almottahedon-pharma.com,OU=Mail,DC=Roaya,DC=loc
                	GUID:	{0AB9683E-8FA3-4FFA-9E23-D64A0766AF58}
                	Class:	user
                	
                Attribute:
                	LDAP Display Name:	msExchUMDtmfMap
                	Syntax (OID):	2.5.5.12
                	Value:	emailAddress:2343
                	
                Operation:
                	Type:	Value Added
                	Correlation ID:	{8BE5C049-BD95-4C95-971D-DBECA1AC9ACF}
                	Application Correlation ID:	-

ComputerName  : FRANK-PDC
EventID       : 5136
Title         : ADObject Modified
TimeGenerated : 8/5/2021 2:03:15 PM
Content       : A directory service object was modified.
                	
                Subject:
                	Security ID:		S-1-5-21-2956518221-444034542-2043350422-97789
                	Account Name:		LPC-SolidAdmin
                	Account Domain:		ROAYA
                	Logon ID:		0x2CF7DF93A
                
                Directory Service:
                	Name:	Roaya.loc
                	Type:	Active Directory Domain Services
                	
                Object:
                	DN:	CN=aeid_almottahedon-ph,OU=almottahedon-pharma.com,OU=Mail,DC=Roaya,DC=loc
                	GUID:	{0AB9683E-8FA3-4FFA-9E23-D64A0766AF58}
                	Class:	user
                	
                Attribute:
                	LDAP Display Name:	msExchUMDtmfMap
                	Syntax (OID):	2.5.5.12
                	Value:	lastNameFirstName:2343
                	
                Operation:
                	Type:	Value Added
                	Correlation ID:	{8BE5C049-BD95-4C95-971D-DBECA1AC9ACF}
                	Application Correlation ID:	-

ComputerName  : FRANK-PDC
EventID       : 5136
Title         : ADObject Modified
TimeGenerated : 8/5/2021 2:03:15 PM
Content       : A directory service object was modified.
                	
                Subject:
                	Security ID:		S-1-5-21-2956518221-444034542-2043350422-97789
                	Account Name:		LPC-SolidAdmin
                	Account Domain:		ROAYA
                	Logon ID:		0x2CF7DF93A
                
                Directory Service:
                	Name:	Roaya.loc
                	Type:	Active Directory Domain Services
                	
                Object:
                	DN:	CN=aeid_almottahedon-ph,OU=almottahedon-pharma.com,OU=Mail,DC=Roaya,DC=loc
                	GUID:	{0AB9683E-8FA3-4FFA-9E23-D64A0766AF58}
                	Class:	user
                	
                Attribute:
                	LDAP Display Name:	msExchUMDtmfMap
                	Syntax (OID):	2.5.5.12
                	Value:	firstNameLastName:2343
                	
                Operation:
                	Type:	Value Added
                	Correlation ID:	{8BE5C049-BD95-4C95-971D-DBECA1AC9ACF}
                	Application Correlation ID:	-

ComputerName  : FRANK-PDC
EventID       : 5136
Title         : ADObject Modified
TimeGenerated : 8/5/2021 2:03:15 PM
Content       : A directory service object was modified.
                	
                Subject:
                	Security ID:		S-1-5-21-2956518221-444034542-2043350422-97789
                	Account Name:		LPC-SolidAdmin
                	Account Domain:		ROAYA
                	Logon ID:		0x2CF7DF93A
                
                Directory Service:
                	Name:	Roaya.loc
                	Type:	Active Directory Domain Services
                	
                Object:
                	DN:	CN=aeid_almottahedon-ph,OU=almottahedon-pharma.com,OU=Mail,DC=Roaya,DC=loc
                	GUID:	{0AB9683E-8FA3-4FFA-9E23-D64A0766AF58}
                	Class:	user
                	
                Attribute:
                	LDAP Display Name:	msExchUMDtmfMap
                	Syntax (OID):	2.5.5.12
                	Value:	emailAddress:234325668824336674
                	
                Operation:
                	Type:	Value Deleted
                	Correlation ID:	{8BE5C049-BD95-4C95-971D-DBECA1AC9ACF}
                	Application Correlation ID:	-

ComputerName  : FRANK-PDC
EventID       : 5136
Title         : ADObject Modified
TimeGenerated : 8/5/2021 2:03:15 PM
Content       : A directory service object was modified.
                	
                Subject:
                	Security ID:		S-1-5-21-2956518221-444034542-2043350422-97789
                	Account Name:		LPC-SolidAdmin
                	Account Domain:		ROAYA
                	Logon ID:		0x2CF7DF93A
                
                Directory Service:
                	Name:	Roaya.loc
                	Type:	Active Directory Domain Services
                	
                Object:
                	DN:	CN=aeid_almottahedon-ph,OU=almottahedon-pharma.com,OU=Mail,DC=Roaya,DC=loc
                	GUID:	{0AB9683E-8FA3-4FFA-9E23-D64A0766AF58}
                	Class:	user
                	
                Attribute:
                	LDAP Display Name:	msExchUMDtmfMap
                	Syntax (OID):	2.5.5.12
                	Value:	lastNameFirstName:2343
                	
                Operation:
                	Type:	Value Deleted
                	Correlation ID:	{8BE5C049-BD95-4C95-971D-DBECA1AC9ACF}
                	Application Correlation ID:	-

ComputerName  : FRANK-PDC
EventID       : 5136
Title         : ADObject Modified
TimeGenerated : 8/5/2021 2:03:15 PM
Content       : A directory service object was modified.
                	
                Subject:
                	Security ID:		S-1-5-21-2956518221-444034542-2043350422-97789
                	Account Name:		LPC-SolidAdmin
                	Account Domain:		ROAYA
                	Logon ID:		0x2CF7DF93A
                
                Directory Service:
                	Name:	Roaya.loc
                	Type:	Active Directory Domain Services
                	
                Object:
                	DN:	CN=aeid_almottahedon-ph,OU=almottahedon-pharma.com,OU=Mail,DC=Roaya,DC=loc
                	GUID:	{0AB9683E-8FA3-4FFA-9E23-D64A0766AF58}
                	Class:	user
                	
                Attribute:
                	LDAP Display Name:	msExchUMDtmfMap
                	Syntax (OID):	2.5.5.12
                	Value:	firstNameLastName:2343
                	
                Operation:
                	Type:	Value Deleted
                	Correlation ID:	{8BE5C049-BD95-4C95-971D-DBECA1AC9ACF}
                	Application Correlation ID:	-

ComputerName  : FRANK-PDC
EventID       : 5136
Title         : ADObject Modified
TimeGenerated : 8/5/2021 2:03:15 PM
Content       : A directory service object was modified.
                	
                Subject:
                	Security ID:		S-1-5-21-2956518221-444034542-2043350422-97789
                	Account Name:		LPC-SolidAdmin
                	Account Domain:		ROAYA
                	Logon ID:		0x2CF7DF93A
                
                Directory Service:
                	Name:	Roaya.loc
                	Type:	Active Directory Domain Services
                	
                Object:
                	DN:	CN=aeid_almottahedon-ph,OU=almottahedon-pharma.com,OU=Mail,DC=Roaya,DC=loc
                	GUID:	{0AB9683E-8FA3-4FFA-9E23-D64A0766AF58}
                	Class:	user
                	
                Attribute:
                	LDAP Display Name:	msExchRecipLimit
                	Syntax (OID):	2.5.5.9
                	Value:	100
                	
                Operation:
                	Type:	Value Added
                	Correlation ID:	{8BE5C049-BD95-4C95-971D-DBECA1AC9ACF}
                	Application Correlation ID:	-

ComputerName  : FRANK-PDC
EventID       : 5136
Title         : ADObject Modified
TimeGenerated : 8/5/2021 2:03:15 PM
Content       : A directory service object was modified.
                	
                Subject:
                	Security ID:		S-1-5-21-2956518221-444034542-2043350422-97789
                	Account Name:		LPC-SolidAdmin
                	Account Domain:		ROAYA
                	Logon ID:		0x2CF7DF93A
                
                Directory Service:
                	Name:	Roaya.loc
                	Type:	Active Directory Domain Services
                	
                Object:
                	DN:	CN=aeid_almottahedon-ph,OU=almottahedon-pharma.com,OU=Mail,DC=Roaya,DC=loc
                	GUID:	{0AB9683E-8FA3-4FFA-9E23-D64A0766AF58}
                	Class:	user
                	
                Attribute:
                	LDAP Display Name:	msExchPoliciesExcluded
                	Syntax (OID):	2.5.5.12
                	Value:	{26491cfc-9e50-4857-861b-0cb8df22b5d7}
                	
                Operation:
                	Type:	Value Added
                	Correlation ID:	{8BE5C049-BD95-4C95-971D-DBECA1AC9ACF}
                	Application Correlation ID:	-

ComputerName  : FRANK-PDC
EventID       : 5136
Title         : ADObject Modified
TimeGenerated : 8/5/2021 2:03:15 PM
Content       : A directory service object was modified.
                	
                Subject:
                	Security ID:		S-1-5-21-2956518221-444034542-2043350422-97789
                	Account Name:		LPC-SolidAdmin
                	Account Domain:		ROAYA
                	Logon ID:		0x2CF7DF93A
                
                Directory Service:
                	Name:	Roaya.loc
                	Type:	Active Directory Domain Services
                	
                Object:
                	DN:	CN=aeid_almottahedon-ph,OU=almottahedon-pharma.com,OU=Mail,DC=Roaya,DC=loc
                	GUID:	{0AB9683E-8FA3-4FFA-9E23-D64A0766AF58}
                	Class:	user
                	
                Attribute:
                	LDAP Display Name:	msExchPoliciesIncluded
                	Syntax (OID):	2.5.5.12
                	Value:	9ce9209e-862a-44ec-a788-f63f6d7d35f1
                	
                Operation:
                	Type:	Value Deleted
                	Correlation ID:	{8BE5C049-BD95-4C95-971D-DBECA1AC9ACF}
                	Application Correlation ID:	-

ComputerName  : FRANK-PDC
EventID       : 5136
Title         : ADObject Modified
TimeGenerated : 8/5/2021 2:03:15 PM
Content       : A directory service object was modified.
                	
                Subject:
                	Security ID:		S-1-5-21-2956518221-444034542-2043350422-97789
                	Account Name:		LPC-SolidAdmin
                	Account Domain:		ROAYA
                	Logon ID:		0x2CF7DF93A
                
                Directory Service:
                	Name:	Roaya.loc
                	Type:	Active Directory Domain Services
                	
                Object:
                	DN:	CN=aeid_almottahedon-ph,OU=almottahedon-pharma.com,OU=Mail,DC=Roaya,DC=loc
                	GUID:	{0AB9683E-8FA3-4FFA-9E23-D64A0766AF58}
                	Class:	user
                	
                Attribute:
                	LDAP Display Name:	msExchPoliciesIncluded
                	Syntax (OID):	2.5.5.12
                	Value:	{26491cfc-9e50-4857-861b-0cb8df22b5d7}
                	
                Operation:
                	Type:	Value Deleted
                	Correlation ID:	{8BE5C049-BD95-4C95-971D-DBECA1AC9ACF}
                	Application Correlation ID:	-

ComputerName  : FRANK-PDC
EventID       : 5136
Title         : ADObject Modified
TimeGenerated : 8/5/2021 2:03:15 PM
Content       : A directory service object was modified.
                	
                Subject:
                	Security ID:		S-1-5-21-2956518221-444034542-2043350422-97789
                	Account Name:		LPC-SolidAdmin
                	Account Domain:		ROAYA
                	Logon ID:		0x2CF7DF93A
                
                Directory Service:
                	Name:	Roaya.loc
                	Type:	Active Directory Domain Services
                	
                Object:
                	DN:	CN=aeid_almottahedon-ph,OU=almottahedon-pharma.com,OU=Mail,DC=Roaya,DC=loc
                	GUID:	{0AB9683E-8FA3-4FFA-9E23-D64A0766AF58}
                	Class:	user
                	
                Attribute:
                	LDAP Display Name:	proxyAddresses
                	Syntax (OID):	2.5.5.12
                	Value:	SMTP:aeid@upharmaegypt.com
                	
                Operation:
                	Type:	Value Added
                	Correlation ID:	{8BE5C049-BD95-4C95-971D-DBECA1AC9ACF}
                	Application Correlation ID:	-

ComputerName  : FRANK-PDC
EventID       : 5136
Title         : ADObject Modified
TimeGenerated : 8/5/2021 2:03:15 PM
Content       : A directory service object was modified.
                	
                Subject:
                	Security ID:		S-1-5-21-2956518221-444034542-2043350422-97789
                	Account Name:		LPC-SolidAdmin
                	Account Domain:		ROAYA
                	Logon ID:		0x2CF7DF93A
                
                Directory Service:
                	Name:	Roaya.loc
                	Type:	Active Directory Domain Services
                	
                Object:
                	DN:	CN=aeid_almottahedon-ph,OU=almottahedon-pharma.com,OU=Mail,DC=Roaya,DC=loc
                	GUID:	{0AB9683E-8FA3-4FFA-9E23-D64A0766AF58}
                	Class:	user
                	
                Attribute:
                	LDAP Display Name:	proxyAddresses
                	Syntax (OID):	2.5.5.12
                	Value:	smtp:aeid_almottahedon-ph@worldposta.cloud
                	
                Operation:
                	Type:	Value Added
                	Correlation ID:	{8BE5C049-BD95-4C95-971D-DBECA1AC9ACF}
                	Application Correlation ID:	-

ComputerName  : FRANK-PDC
EventID       : 5136
Title         : ADObject Modified
TimeGenerated : 8/5/2021 2:03:15 PM
Content       : A directory service object was modified.
                	
                Subject:
                	Security ID:		S-1-5-21-2956518221-444034542-2043350422-97789
                	Account Name:		LPC-SolidAdmin
                	Account Domain:		ROAYA
                	Logon ID:		0x2CF7DF93A
                
                Directory Service:
                	Name:	Roaya.loc
                	Type:	Active Directory Domain Services
                	
                Object:
                	DN:	CN=aeid_almottahedon-ph,OU=almottahedon-pharma.com,OU=Mail,DC=Roaya,DC=loc
                	GUID:	{0AB9683E-8FA3-4FFA-9E23-D64A0766AF58}
                	Class:	user
                	
                Attribute:
                	LDAP Display Name:	proxyAddresses
                	Syntax (OID):	2.5.5.12
                	Value:	SMTP:aeid_almottahedon-ph@worldposta.cloud
                	
                Operation:
                	Type:	Value Deleted
                	Correlation ID:	{8BE5C049-BD95-4C95-971D-DBECA1AC9ACF}
                	Application Correlation ID:	-

ComputerName  : FRANK-PDC
EventID       : 5136
Title         : ADObject Modified
TimeGenerated : 8/5/2021 2:03:15 PM
Content       : A directory service object was modified.
                	
                Subject:
                	Security ID:		S-1-5-21-2956518221-444034542-2043350422-97789
                	Account Name:		LPC-SolidAdmin
                	Account Domain:		ROAYA
                	Logon ID:		0x2CF7DF93A
                
                Directory Service:
                	Name:	Roaya.loc
                	Type:	Active Directory Domain Services
                	
                Object:
                	DN:	CN=aeid_almottahedon-ph,OU=almottahedon-pharma.com,OU=Mail,DC=Roaya,DC=loc
                	GUID:	{0AB9683E-8FA3-4FFA-9E23-D64A0766AF58}
                	Class:	user
                	
                Attribute:
                	LDAP Display Name:	extensionAttribute7
                	Syntax (OID):	2.5.5.12
                	Value:	0 GB
                	
                Operation:
                	Type:	Value Added
                	Correlation ID:	{8BE5C049-BD95-4C95-971D-DBECA1AC9ACF}
                	Application Correlation ID:	-

ComputerName  : FRANK-PDC
EventID       : 5136
Title         : ADObject Modified
TimeGenerated : 8/5/2021 2:03:15 PM
Content       : A directory service object was modified.
                	
                Subject:
                	Security ID:		S-1-5-21-2956518221-444034542-2043350422-97789
                	Account Name:		LPC-SolidAdmin
                	Account Domain:		ROAYA
                	Logon ID:		0x2CF7DF93A
                
                Directory Service:
                	Name:	Roaya.loc
                	Type:	Active Directory Domain Services
                	
                Object:
                	DN:	CN=aeid_almottahedon-ph,OU=almottahedon-pharma.com,OU=Mail,DC=Roaya,DC=loc
                	GUID:	{0AB9683E-8FA3-4FFA-9E23-D64A0766AF58}
                	Class:	user
                	
                Attribute:
                	LDAP Display Name:	extensionAttribute3
                	Syntax (OID):	2.5.5.12
                	Value:	aeid_almottahedon-ph@worldposta.cloud
                	
                Operation:
                	Type:	Value Added
                	Correlation ID:	{8BE5C049-BD95-4C95-971D-DBECA1AC9ACF}
                	Application Correlation ID:	-

ComputerName  : FRANK-PDC
EventID       : 5136
Title         : ADObject Modified
TimeGenerated : 8/5/2021 2:03:15 PM
Content       : A directory service object was modified.
                	
                Subject:
                	Security ID:		S-1-5-21-2956518221-444034542-2043350422-97789
                	Account Name:		LPC-SolidAdmin
                	Account Domain:		ROAYA
                	Logon ID:		0x2CF7DF93A
                
                Directory Service:
                	Name:	Roaya.loc
                	Type:	Active Directory Domain Services
                	
                Object:
                	DN:	CN=aeid_almottahedon-ph,OU=almottahedon-pharma.com,OU=Mail,DC=Roaya,DC=loc
                	GUID:	{0AB9683E-8FA3-4FFA-9E23-D64A0766AF58}
                	Class:	user
                	
                Attribute:
                	LDAP Display Name:	extensionAttribute1
                	Syntax (OID):	2.5.5.12
                	Value:	almottahedon-pharma.com
                	
                Operation:
                	Type:	Value Added
                	Correlation ID:	{8BE5C049-BD95-4C95-971D-DBECA1AC9ACF}
                	Application Correlation ID:	-

ComputerName  : FRANK-PDC
EventID       : 5136
Title         : ADObject Modified
TimeGenerated : 8/5/2021 2:03:15 PM
Content       : A directory service object was modified.
                	
                Subject:
                	Security ID:		S-1-5-21-2956518221-444034542-2043350422-97789
                	Account Name:		LPC-SolidAdmin
                	Account Domain:		ROAYA
                	Logon ID:		0x2CF7DF93A
                
                Directory Service:
                	Name:	Roaya.loc
                	Type:	Active Directory Domain Services
                	
                Object:
                	DN:	CN=aeid_almottahedon-ph,OU=almottahedon-pharma.com,OU=Mail,DC=Roaya,DC=loc
                	GUID:	{0AB9683E-8FA3-4FFA-9E23-D64A0766AF58}
                	Class:	user
                	
                Attribute:
                	LDAP Display Name:	showInAddressBook
                	Syntax (OID):	2.5.5.1
                	Value:	CN=almottahedon-pharma.com Address List,CN=All Address Lists,CN=Address Lists 
                Container,CN=roaya,CN=Microsoft Exchange,CN=Services,CN=Configuration,DC=Roaya,DC=loc
                	
                Operation:
                	Type:	Value Added
                	Correlation ID:	{8BE5C049-BD95-4C95-971D-DBECA1AC9ACF}
                	Application Correlation ID:	-

ComputerName  : FRANK-PDC
EventID       : 5136
Title         : ADObject Modified
TimeGenerated : 8/5/2021 2:03:15 PM
Content       : A directory service object was modified.
                	
                Subject:
                	Security ID:		S-1-5-21-2956518221-444034542-2043350422-97789
                	Account Name:		LPC-SolidAdmin
                	Account Domain:		ROAYA
                	Logon ID:		0x2CF7DF93A
                
                Directory Service:
                	Name:	Roaya.loc
                	Type:	Active Directory Domain Services
                	
                Object:
                	DN:	CN=aeid_almottahedon-ph,OU=almottahedon-pharma.com,OU=Mail,DC=Roaya,DC=loc
                	GUID:	{0AB9683E-8FA3-4FFA-9E23-D64A0766AF58}
                	Class:	user
                	
                Attribute:
                	LDAP Display Name:	showInAddressBook
                	Syntax (OID):	2.5.5.1
                	Value:	CN=almottahedon-pharma.com Global Address List,CN=All Global Address Lists,CN=Address Lists 
                Container,CN=roaya,CN=Microsoft Exchange,CN=Services,CN=Configuration,DC=Roaya,DC=loc
                	
                Operation:
                	Type:	Value Added
                	Correlation ID:	{8BE5C049-BD95-4C95-971D-DBECA1AC9ACF}
                	Application Correlation ID:	-

ComputerName  : FRANK-PDC
EventID       : 5136
Title         : ADObject Modified
TimeGenerated : 8/5/2021 2:03:15 PM
Content       : A directory service object was modified.
                	
                Subject:
                	Security ID:		S-1-5-21-2956518221-444034542-2043350422-97789
                	Account Name:		LPC-SolidAdmin
                	Account Domain:		ROAYA
                	Logon ID:		0x2CF7DF93A
                
                Directory Service:
                	Name:	Roaya.loc
                	Type:	Active Directory Domain Services
                	
                Object:
                	DN:	CN=aeid_almottahedon-ph,OU=almottahedon-pharma.com,OU=Mail,DC=Roaya,DC=loc
                	GUID:	{0AB9683E-8FA3-4FFA-9E23-D64A0766AF58}
                	Class:	user
                	
                Attribute:
                	LDAP Display Name:	msExchAddressBookPolicyLink
                	Syntax (OID):	2.5.5.1
                	Value:	CN=almottahedon-pharma.com Address Policy,CN=AddressBook Mailbox 
                Policies,CN=roaya,CN=Microsoft Exchange,CN=Services,CN=Configuration,DC=Roaya,DC=loc
                	
                Operation:
                	Type:	Value Added
                	Correlation ID:	{8BE5C049-BD95-4C95-971D-DBECA1AC9ACF}
                	Application Correlation ID:	-

ComputerName  : FRANK-PDC
EventID       : 5136
Title         : ADObject Modified
TimeGenerated : 8/5/2021 2:03:15 PM
Content       : A directory service object was modified.
                	
                Subject:
                	Security ID:		S-1-5-21-2956518221-444034542-2043350422-97789
                	Account Name:		LPC-SolidAdmin
                	Account Domain:		ROAYA
                	Logon ID:		0x2CF7DF93A
                
                Directory Service:
                	Name:	Roaya.loc
                	Type:	Active Directory Domain Services
                	
                Object:
                	DN:	CN=aeid_almottahedon-ph,OU=almottahedon-pharma.com,OU=Mail,DC=Roaya,DC=loc
                	GUID:	{0AB9683E-8FA3-4FFA-9E23-D64A0766AF58}
                	Class:	user
                	
                Attribute:
                	LDAP Display Name:	msExchThrottlingPolicyDN
                	Syntax (OID):	2.5.5.1
                	Value:	CN=LimitMessagesSent1000,CN=Global Settings,CN=roaya,CN=Microsoft 
                Exchange,CN=Services,CN=Configuration,DC=Roaya,DC=loc
                	
                Operation:
                	Type:	Value Added
                	Correlation ID:	{D8F39609-9323-4618-A350-DA9D5C7A7252}
                	Application Correlation ID:	-

