ComputerName  : FRANK-ADC-04
EventID       : 5136
Title         : ADObject Modified
TimeGenerated : 9/29/2021 10:48:08 AM
Content       : A directory service object was modified.
                	
                Subject:
                	Security ID:		S-1-5-21-2956518221-444034542-2043350422-87305
                	Account Name:		EU1MB9903$
                	Account Domain:		ROAYA
                	Logon ID:		0xA38EDAFA
                
                Directory Service:
                	Name:	Roaya.loc
                	Type:	Active Directory Domain Services
                	
                Object:
                	DN:	CN=gfgf.gfgfgfg Offline Address Book,CN=Offline Address Lists,CN=Address 
                Lists Container,CN=roaya,CN=Microsoft 
                Exchange,CN=Services,CN=Configuration,DC=Roaya,DC=loc
                	GUID:	{EA33C0FA-77BB-4420-A240-64E4FB3D6A18}
                	Class:	msExchOAB
                	
                Attribute:
                	LDAP Display Name:	msExchOABLastTouchedTime
                	Syntax (OID):	2.5.5.11
                	Value:	20210929040818.0Z
                	
                Operation:
                	Type:	Value Deleted
                	Correlation ID:	{6F264782-F088-4B19-AE6C-4B229CFEDD6D}
                	Application Correlation ID:	-

ComputerName  : FRANK-ADC-04
EventID       : 5136
Title         : ADObject Modified
TimeGenerated : 9/29/2021 10:48:08 AM
Content       : A directory service object was modified.
                	
                Subject:
                	Security ID:		S-1-5-21-2956518221-444034542-2043350422-87305
                	Account Name:		EU1MB9903$
                	Account Domain:		ROAYA
                	Logon ID:		0xA38EDAFA
                
                Directory Service:
                	Name:	Roaya.loc
                	Type:	Active Directory Domain Services
                	
                Object:
                	DN:	CN=cncnc.cnc Offline Address Book,CN=Offline Address Lists,CN=Address Lists 
                Container,CN=roaya,CN=Microsoft 
                Exchange,CN=Services,CN=Configuration,DC=Roaya,DC=loc
                	GUID:	{242F215F-EC22-4077-BFCD-4FC2C1CC67D5}
                	Class:	msExchOAB
                	
                Attribute:
                	LDAP Display Name:	msExchOABLastTouchedTime
                	Syntax (OID):	2.5.5.11
                	Value:	20210929084759.0Z
                	
                Operation:
                	Type:	Value Added
                	Correlation ID:	{056ABC75-4681-4245-ACE2-B85DA96C7FCF}
                	Application Correlation ID:	-

ComputerName  : FRANK-ADC-04
EventID       : 5136
Title         : ADObject Modified
TimeGenerated : 9/29/2021 10:48:08 AM
Content       : A directory service object was modified.
                	
                Subject:
                	Security ID:		S-1-5-21-2956518221-444034542-2043350422-87305
                	Account Name:		EU1MB9903$
                	Account Domain:		ROAYA
                	Logon ID:		0xA38EDAFA
                
                Directory Service:
                	Name:	Roaya.loc
                	Type:	Active Directory Domain Services
                	
                Object:
                	DN:	CN=cncnc.cnc Offline Address Book,CN=Offline Address Lists,CN=Address Lists 
                Container,CN=roaya,CN=Microsoft 
                Exchange,CN=Services,CN=Configuration,DC=Roaya,DC=loc
                	GUID:	{242F215F-EC22-4077-BFCD-4FC2C1CC67D5}
                	Class:	msExchOAB
                	
                Attribute:
                	LDAP Display Name:	msExchOABLastTouchedTime
                	Syntax (OID):	2.5.5.11
                	Value:	20210929040816.0Z
                	
                Operation:
                	Type:	Value Deleted
                	Correlation ID:	{056ABC75-4681-4245-ACE2-B85DA96C7FCF}
                	Application Correlation ID:	-

ComputerName  : FRANK-ADC-04
EventID       : 5136
Title         : ADObject Modified
TimeGenerated : 9/29/2021 10:47:58 AM
Content       : A directory service object was modified.
                	
                Subject:
                	Security ID:		S-1-5-21-2956518221-444034542-2043350422-87305
                	Account Name:		EU1MB9903$
                	Account Domain:		ROAYA
                	Logon ID:		0xA38EDAFA
                
                Directory Service:
                	Name:	Roaya.loc
                	Type:	Active Directory Domain Services
                	
                Object:
                	DN:	CN=sara.hotmail Offline Address Book,CN=Offline Address Lists,CN=Address 
                Lists Container,CN=roaya,CN=Microsoft 
                Exchange,CN=Services,CN=Configuration,DC=Roaya,DC=loc
                	GUID:	{078F9C31-4970-495B-A18F-DCC02AA5F287}
                	Class:	msExchOAB
                	
                Attribute:
                	LDAP Display Name:	msExchConfigurationXML
                	Syntax (OID):	2.5.5.12
                	Value:	<OfflineAddressBookConfigXML><ManifestVersion><AddressLists 
                AddressListId="4746073e-6686-4fd7-9be5-12c4d6f8a1f1" Sequence="554" 
                /></ManifestVersion><LastFailedTime p2:nil="true" 
                xmlns:p2="http://www.w3.org/2001/XMLSchema-instance" /><LastGeneratingData><Mailbox
                Guid>feea8dd2-5615-42ce-a176-1f29ddbca752</MailboxGuid><DatabaseGuid>77c5ed34-31bb-
                4d80-988c-932fec22ef7e</DatabaseGuid><ServerFqdn>EU1MB9903.Roaya.loc</ServerFqdn></
                LastGeneratingData><HttpHomeMdbLastProcessedBucket>0</HttpHomeMdbLastProcessedBucke
                t><FullOabDownloadPreventionThreshold>0</FullOabDownloadPreventionThreshold><ZipOab
                FilesBeforeUploading>false</ZipOabFilesBeforeUploading></OfflineAddressBookConfigXM
                L>
                	
                Operation:
                	Type:	Value Added
                	Correlation ID:	{F4880E0C-BAD5-4A0A-A1BB-BC28B4568254}
                	Application Correlation ID:	-

ComputerName  : FRANK-ADC-04
EventID       : 5136
Title         : ADObject Modified
TimeGenerated : 9/29/2021 10:47:58 AM
Content       : A directory service object was modified.
                	
                Subject:
                	Security ID:		S-1-5-21-2956518221-444034542-2043350422-87305
                	Account Name:		EU1MB9903$
                	Account Domain:		ROAYA
                	Logon ID:		0xA38EDAFA
                
                Directory Service:
                	Name:	Roaya.loc
                	Type:	Active Directory Domain Services
                	
                Object:
                	DN:	CN=sara.hotmail Offline Address Book,CN=Offline Address Lists,CN=Address 
                Lists Container,CN=roaya,CN=Microsoft 
                Exchange,CN=Services,CN=Configuration,DC=Roaya,DC=loc
                	GUID:	{078F9C31-4970-495B-A18F-DCC02AA5F287}
                	Class:	msExchOAB
                	
                Attribute:
                	LDAP Display Name:	msExchConfigurationXML
                	Syntax (OID):	2.5.5.12
                	Value:	<OfflineAddressBookConfigXML><ManifestVersion><AddressLists 
                AddressListId="4746073e-6686-4fd7-9be5-12c4d6f8a1f1" Sequence="553" 
                /></ManifestVersion><LastFailedTime p2:nil="true" 
                xmlns:p2="http://www.w3.org/2001/XMLSchema-instance" /><LastGeneratingData><Mailbox
                Guid>feea8dd2-5615-42ce-a176-1f29ddbca752</MailboxGuid><DatabaseGuid>77c5ed34-31bb-
                4d80-988c-932fec22ef7e</DatabaseGuid><ServerFqdn>EU1MB9903.Roaya.loc</ServerFqdn></
                LastGeneratingData><HttpHomeMdbLastProcessedBucket>0</HttpHomeMdbLastProcessedBucke
                t><FullOabDownloadPreventionThreshold>0</FullOabDownloadPreventionThreshold><ZipOab
                FilesBeforeUploading>false</ZipOabFilesBeforeUploading></OfflineAddressBookConfigXM
                L>
                	
                Operation:
                	Type:	Value Deleted
                	Correlation ID:	{F4880E0C-BAD5-4A0A-A1BB-BC28B4568254}
                	Application Correlation ID:	-

ComputerName  : FRANK-ADC-04
EventID       : 5136
Title         : ADObject Modified
TimeGenerated : 9/29/2021 10:47:58 AM
Content       : A directory service object was modified.
                	
                Subject:
                	Security ID:		S-1-5-21-2956518221-444034542-2043350422-87305
                	Account Name:		EU1MB9903$
                	Account Domain:		ROAYA
                	Logon ID:		0xA38EDAFA
                
                Directory Service:
                	Name:	Roaya.loc
                	Type:	Active Directory Domain Services
                	
                Object:
                	DN:	CN=sara.hotmail Offline Address Book,CN=Offline Address Lists,CN=Address 
                Lists Container,CN=roaya,CN=Microsoft 
                Exchange,CN=Services,CN=Configuration,DC=Roaya,DC=loc
                	GUID:	{078F9C31-4970-495B-A18F-DCC02AA5F287}
                	Class:	msExchOAB
                	
                Attribute:
                	LDAP Display Name:	msExchOABLastTouchedTime
                	Syntax (OID):	2.5.5.11
                	Value:	20210929084751.0Z
                	
                Operation:
                	Type:	Value Added
                	Correlation ID:	{F4880E0C-BAD5-4A0A-A1BB-BC28B4568254}
                	Application Correlation ID:	-

ComputerName  : FRANK-ADC-04
EventID       : 5136
Title         : ADObject Modified
TimeGenerated : 9/29/2021 10:47:58 AM
Content       : A directory service object was modified.
                	
                Subject:
                	Security ID:		S-1-5-21-2956518221-444034542-2043350422-87305
                	Account Name:		EU1MB9903$
                	Account Domain:		ROAYA
                	Logon ID:		0xA38EDAFA
                
                Directory Service:
                	Name:	Roaya.loc
                	Type:	Active Directory Domain Services
                	
                Object:
                	DN:	CN=sara.hotmail Offline Address Book,CN=Offline Address Lists,CN=Address 
                Lists Container,CN=roaya,CN=Microsoft 
                Exchange,CN=Services,CN=Configuration,DC=Roaya,DC=loc
                	GUID:	{078F9C31-4970-495B-A18F-DCC02AA5F287}
                	Class:	msExchOAB
                	
                Attribute:
                	LDAP Display Name:	msExchOABLastTouchedTime
                	Syntax (OID):	2.5.5.11
                	Value:	20210929040809.0Z
                	
                Operation:
                	Type:	Value Deleted
                	Correlation ID:	{F4880E0C-BAD5-4A0A-A1BB-BC28B4568254}
                	Application Correlation ID:	-

ComputerName  : FRANK-ADC-04
EventID       : 5136
Title         : ADObject Modified
TimeGenerated : 9/29/2021 10:47:48 AM
Content       : A directory service object was modified.
                	
                Subject:
                	Security ID:		S-1-5-21-2956518221-444034542-2043350422-87305
                	Account Name:		EU1MB9903$
                	Account Domain:		ROAYA
                	Logon ID:		0xA38EDAFA
                
                Directory Service:
                	Name:	Roaya.loc
                	Type:	Active Directory Domain Services
                	
                Object:
                	DN:	CN=sunrise-ministry.com Offline Address Book,CN=Offline Address 
                Lists,CN=Address Lists Container,CN=roaya,CN=Microsoft 
                Exchange,CN=Services,CN=Configuration,DC=Roaya,DC=loc
                	GUID:	{5A177E05-24FD-4108-8B53-3AD539C670DE}
                	Class:	msExchOAB
                	
                Attribute:
                	LDAP Display Name:	msExchOABLastTouchedTime
                	Syntax (OID):	2.5.5.11
                	Value:	20210929084747.0Z
                	
                Operation:
                	Type:	Value Added
                	Correlation ID:	{60CDD34D-E0C5-4AA7-B36C-4090F2256FDB}
                	Application Correlation ID:	-

ComputerName  : FRANK-ADC-04
EventID       : 5136
Title         : ADObject Modified
TimeGenerated : 9/29/2021 10:47:48 AM
Content       : A directory service object was modified.
                	
                Subject:
                	Security ID:		S-1-5-21-2956518221-444034542-2043350422-87305
                	Account Name:		EU1MB9903$
                	Account Domain:		ROAYA
                	Logon ID:		0xA38EDAFA
                
                Directory Service:
                	Name:	Roaya.loc
                	Type:	Active Directory Domain Services
                	
                Object:
                	DN:	CN=sunrise-ministry.com Offline Address Book,CN=Offline Address 
                Lists,CN=Address Lists Container,CN=roaya,CN=Microsoft 
                Exchange,CN=Services,CN=Configuration,DC=Roaya,DC=loc
                	GUID:	{5A177E05-24FD-4108-8B53-3AD539C670DE}
                	Class:	msExchOAB
                	
                Attribute:
                	LDAP Display Name:	msExchOABLastTouchedTime
                	Syntax (OID):	2.5.5.11
                	Value:	20210929040806.0Z
                	
                Operation:
                	Type:	Value Deleted
                	Correlation ID:	{60CDD34D-E0C5-4AA7-B36C-4090F2256FDB}
                	Application Correlation ID:	-

ComputerName  : FRANK-ADC-04
EventID       : 5136
Title         : ADObject Modified
TimeGenerated : 9/29/2021 10:47:48 AM
Content       : A directory service object was modified.
                	
                Subject:
                	Security ID:		S-1-5-21-2956518221-444034542-2043350422-87305
                	Account Name:		EU1MB9903$
                	Account Domain:		ROAYA
                	Logon ID:		0xA38EDAFA
                
                Directory Service:
                	Name:	Roaya.loc
                	Type:	Active Directory Domain Services
                	
                Object:
                	DN:	CN=astestdomain.co Offline Address Book,CN=Offline Address Lists,CN=Address 
                Lists Container,CN=roaya,CN=Microsoft 
                Exchange,CN=Services,CN=Configuration,DC=Roaya,DC=loc
                	GUID:	{907FAC81-474F-4676-A41A-AB070BCD35A6}
                	Class:	msExchOAB
                	
                Attribute:
                	LDAP Display Name:	msExchConfigurationXML
                	Syntax (OID):	2.5.5.12
                	Value:	<OfflineAddressBookConfigXML><ManifestVersion><AddressLists 
                AddressListId="c72c58f6-13c2-4c7e-896e-5c9111976e40" Sequence="518" 
                /></ManifestVersion><LastFailedTime p2:nil="true" 
                xmlns:p2="http://www.w3.org/2001/XMLSchema-instance" /><LastGeneratingData><Mailbox
                Guid>feea8dd2-5615-42ce-a176-1f29ddbca752</MailboxGuid><DatabaseGuid>77c5ed34-31bb-
                4d80-988c-932fec22ef7e</DatabaseGuid><ServerFqdn>EU1MB9903.Roaya.loc</ServerFqdn></
                LastGeneratingData><HttpHomeMdbLastProcessedBucket>0</HttpHomeMdbLastProcessedBucke
                t><FullOabDownloadPreventionThreshold>0</FullOabDownloadPreventionThreshold><ZipOab
                FilesBeforeUploading>false</ZipOabFilesBeforeUploading></OfflineAddressBookConfigXM
                L>
                	
                Operation:
                	Type:	Value Added
                	Correlation ID:	{8043E56F-3F11-4169-9DC8-758B3A8DD11A}
                	Application Correlation ID:	-

ComputerName  : FRANK-ADC-04
EventID       : 5136
Title         : ADObject Modified
TimeGenerated : 9/29/2021 10:47:48 AM
Content       : A directory service object was modified.
                	
                Subject:
                	Security ID:		S-1-5-21-2956518221-444034542-2043350422-87305
                	Account Name:		EU1MB9903$
                	Account Domain:		ROAYA
                	Logon ID:		0xA38EDAFA
                
                Directory Service:
                	Name:	Roaya.loc
                	Type:	Active Directory Domain Services
                	
                Object:
                	DN:	CN=astestdomain.co Offline Address Book,CN=Offline Address Lists,CN=Address 
                Lists Container,CN=roaya,CN=Microsoft 
                Exchange,CN=Services,CN=Configuration,DC=Roaya,DC=loc
                	GUID:	{907FAC81-474F-4676-A41A-AB070BCD35A6}
                	Class:	msExchOAB
                	
                Attribute:
                	LDAP Display Name:	msExchConfigurationXML
                	Syntax (OID):	2.5.5.12
                	Value:	<OfflineAddressBookConfigXML><ManifestVersion><AddressLists 
                AddressListId="c72c58f6-13c2-4c7e-896e-5c9111976e40" Sequence="517" 
                /></ManifestVersion><LastFailedTime p2:nil="true" 
                xmlns:p2="http://www.w3.org/2001/XMLSchema-instance" /><LastGeneratingData><Mailbox
                Guid>feea8dd2-5615-42ce-a176-1f29ddbca752</MailboxGuid><DatabaseGuid>77c5ed34-31bb-
                4d80-988c-932fec22ef7e</DatabaseGuid><ServerFqdn>EU1MB9903.Roaya.loc</ServerFqdn></
                LastGeneratingData><HttpHomeMdbLastProcessedBucket>0</HttpHomeMdbLastProcessedBucke
                t><FullOabDownloadPreventionThreshold>0</FullOabDownloadPreventionThreshold><ZipOab
                FilesBeforeUploading>false</ZipOabFilesBeforeUploading></OfflineAddressBookConfigXM
                L>
                	
                Operation:
                	Type:	Value Deleted
                	Correlation ID:	{8043E56F-3F11-4169-9DC8-758B3A8DD11A}
                	Application Correlation ID:	-

ComputerName  : FRANK-ADC-04
EventID       : 5136
Title         : ADObject Modified
TimeGenerated : 9/29/2021 10:47:48 AM
Content       : A directory service object was modified.
                	
                Subject:
                	Security ID:		S-1-5-21-2956518221-444034542-2043350422-87305
                	Account Name:		EU1MB9903$
                	Account Domain:		ROAYA
                	Logon ID:		0xA38EDAFA
                
                Directory Service:
                	Name:	Roaya.loc
                	Type:	Active Directory Domain Services
                	
                Object:
                	DN:	CN=astestdomain.co Offline Address Book,CN=Offline Address Lists,CN=Address 
                Lists Container,CN=roaya,CN=Microsoft 
                Exchange,CN=Services,CN=Configuration,DC=Roaya,DC=loc
                	GUID:	{907FAC81-474F-4676-A41A-AB070BCD35A6}
                	Class:	msExchOAB
                	
                Attribute:
                	LDAP Display Name:	msExchOABLastTouchedTime
                	Syntax (OID):	2.5.5.11
                	Value:	20210929084739.0Z
                	
                Operation:
                	Type:	Value Added
                	Correlation ID:	{8043E56F-3F11-4169-9DC8-758B3A8DD11A}
                	Application Correlation ID:	-

ComputerName  : FRANK-ADC-04
EventID       : 5136
Title         : ADObject Modified
TimeGenerated : 9/29/2021 10:47:48 AM
Content       : A directory service object was modified.
                	
                Subject:
                	Security ID:		S-1-5-21-2956518221-444034542-2043350422-87305
                	Account Name:		EU1MB9903$
                	Account Domain:		ROAYA
                	Logon ID:		0xA38EDAFA
                
                Directory Service:
                	Name:	Roaya.loc
                	Type:	Active Directory Domain Services
                	
                Object:
                	DN:	CN=astestdomain.co Offline Address Book,CN=Offline Address Lists,CN=Address 
                Lists Container,CN=roaya,CN=Microsoft 
                Exchange,CN=Services,CN=Configuration,DC=Roaya,DC=loc
                	GUID:	{907FAC81-474F-4676-A41A-AB070BCD35A6}
                	Class:	msExchOAB
                	
                Attribute:
                	LDAP Display Name:	msExchOABLastTouchedTime
                	Syntax (OID):	2.5.5.11
                	Value:	20210929040759.0Z
                	
                Operation:
                	Type:	Value Deleted
                	Correlation ID:	{8043E56F-3F11-4169-9DC8-758B3A8DD11A}
                	Application Correlation ID:	-

ComputerName  : FRANK-PDC
EventID       : 4740
Title         : User locked out
TimeGenerated : 9/29/2021 10:47:44 AM
Content       : A user account was locked out.
                
                Subject:
                	Security ID:		S-1-5-18
                	Account Name:		FRANK-PDC$
                	Account Domain:		ROAYA
                	Logon ID:		0x3E7
                
                Account That Was Locked Out:
                	Security ID:		S-1-5-21-2956518221-444034542-2043350422-56098
                	Account Name:		eslam.sham_redconcon
                
                Additional Information:
                	Caller Computer Name:	ESLAM-SHAMS

ComputerName  : FRANK-PDC
EventID       : 4740
Title         : User locked out
TimeGenerated : 9/29/2021 10:47:44 AM
Content       : A user account was locked out.
                
                Subject:
                	Security ID:		S-1-5-18
                	Account Name:		FRANK-PDC$
                	Account Domain:		ROAYA
                	Logon ID:		0x3E7
                
                Account That Was Locked Out:
                	Security ID:		S-1-5-21-2956518221-444034542-2043350422-56098
                	Account Name:		eslam.sham_redconcon
                
                Additional Information:
                	Caller Computer Name:	ESLAM-SHAMS

ComputerName  : FRANK-ADC-04
EventID       : 5136
Title         : ADObject Modified
TimeGenerated : 9/29/2021 10:47:37 AM
Content       : A directory service object was modified.
                	
                Subject:
                	Security ID:		S-1-5-21-2956518221-444034542-2043350422-87305
                	Account Name:		EU1MB9903$
                	Account Domain:		ROAYA
                	Logon ID:		0xA38EDAFA
                
                Directory Service:
                	Name:	Roaya.loc
                	Type:	Active Directory Domain Services
                	
                Object:
                	DN:	CN=abcd.abcd Offline Address Book,CN=Offline Address Lists,CN=Address Lists 
                Container,CN=roaya,CN=Microsoft 
                Exchange,CN=Services,CN=Configuration,DC=Roaya,DC=loc
                	GUID:	{A93AB18F-D6AA-45A1-898A-D591E2C06EDD}
                	Class:	msExchOAB
                	
                Attribute:
                	LDAP Display Name:	msExchConfigurationXML
                	Syntax (OID):	2.5.5.12
                	Value:	<OfflineAddressBookConfigXML><ManifestVersion><AddressLists 
                AddressListId="763bcbf3-61fe-45d2-8d30-639565eb0ecf" Sequence="520" 
                /></ManifestVersion><LastFailedTime p2:nil="true" 
                xmlns:p2="http://www.w3.org/2001/XMLSchema-instance" /><LastGeneratingData><Mailbox
                Guid>feea8dd2-5615-42ce-a176-1f29ddbca752</MailboxGuid><DatabaseGuid>77c5ed34-31bb-
                4d80-988c-932fec22ef7e</DatabaseGuid><ServerFqdn>EU1MB9903.Roaya.loc</ServerFqdn></
                LastGeneratingData><HttpHomeMdbLastProcessedBucket>0</HttpHomeMdbLastProcessedBucke
                t><FullOabDownloadPreventionThreshold>0</FullOabDownloadPreventionThreshold><ZipOab
                FilesBeforeUploading>false</ZipOabFilesBeforeUploading></OfflineAddressBookConfigXM
                L>
                	
                Operation:
                	Type:	Value Added
                	Correlation ID:	{44D226A4-DA5B-4D17-BA7E-B3CBA6F21CDC}
                	Application Correlation ID:	-

ComputerName  : FRANK-ADC-04
EventID       : 5136
Title         : ADObject Modified
TimeGenerated : 9/29/2021 10:47:37 AM
Content       : A directory service object was modified.
                	
                Subject:
                	Security ID:		S-1-5-21-2956518221-444034542-2043350422-87305
                	Account Name:		EU1MB9903$
                	Account Domain:		ROAYA
                	Logon ID:		0xA38EDAFA
                
                Directory Service:
                	Name:	Roaya.loc
                	Type:	Active Directory Domain Services
                	
                Object:
                	DN:	CN=abcd.abcd Offline Address Book,CN=Offline Address Lists,CN=Address Lists 
                Container,CN=roaya,CN=Microsoft 
                Exchange,CN=Services,CN=Configuration,DC=Roaya,DC=loc
                	GUID:	{A93AB18F-D6AA-45A1-898A-D591E2C06EDD}
                	Class:	msExchOAB
                	
                Attribute:
                	LDAP Display Name:	msExchConfigurationXML
                	Syntax (OID):	2.5.5.12
                	Value:	<OfflineAddressBookConfigXML><ManifestVersion><AddressLists 
                AddressListId="763bcbf3-61fe-45d2-8d30-639565eb0ecf" Sequence="519" 
                /></ManifestVersion><LastFailedTime p2:nil="true" 
                xmlns:p2="http://www.w3.org/2001/XMLSchema-instance" /><LastGeneratingData><Mailbox
                Guid>feea8dd2-5615-42ce-a176-1f29ddbca752</MailboxGuid><DatabaseGuid>77c5ed34-31bb-
                4d80-988c-932fec22ef7e</DatabaseGuid><ServerFqdn>EU1MB9903.Roaya.loc</ServerFqdn></
                LastGeneratingData><HttpHomeMdbLastProcessedBucket>0</HttpHomeMdbLastProcessedBucke
                t><FullOabDownloadPreventionThreshold>0</FullOabDownloadPreventionThreshold><ZipOab
                FilesBeforeUploading>false</ZipOabFilesBeforeUploading></OfflineAddressBookConfigXM
                L>
                	
                Operation:
                	Type:	Value Deleted
                	Correlation ID:	{44D226A4-DA5B-4D17-BA7E-B3CBA6F21CDC}
                	Application Correlation ID:	-

ComputerName  : FRANK-ADC-04
EventID       : 5136
Title         : ADObject Modified
TimeGenerated : 9/29/2021 10:47:37 AM
Content       : A directory service object was modified.
                	
                Subject:
                	Security ID:		S-1-5-21-2956518221-444034542-2043350422-87305
                	Account Name:		EU1MB9903$
                	Account Domain:		ROAYA
                	Logon ID:		0xA38EDAFA
                
                Directory Service:
                	Name:	Roaya.loc
                	Type:	Active Directory Domain Services
                	
                Object:
                	DN:	CN=abcd.abcd Offline Address Book,CN=Offline Address Lists,CN=Address Lists 
                Container,CN=roaya,CN=Microsoft 
                Exchange,CN=Services,CN=Configuration,DC=Roaya,DC=loc
                	GUID:	{A93AB18F-D6AA-45A1-898A-D591E2C06EDD}
                	Class:	msExchOAB
                	
                Attribute:
                	LDAP Display Name:	msExchOABLastTouchedTime
                	Syntax (OID):	2.5.5.11
                	Value:	20210929084731.0Z
                	
                Operation:
                	Type:	Value Added
                	Correlation ID:	{44D226A4-DA5B-4D17-BA7E-B3CBA6F21CDC}
                	Application Correlation ID:	-

ComputerName  : FRANK-ADC-04
EventID       : 5136
Title         : ADObject Modified
TimeGenerated : 9/29/2021 10:47:37 AM
Content       : A directory service object was modified.
                	
                Subject:
                	Security ID:		S-1-5-21-2956518221-444034542-2043350422-87305
                	Account Name:		EU1MB9903$
                	Account Domain:		ROAYA
                	Logon ID:		0xA38EDAFA
                
                Directory Service:
                	Name:	Roaya.loc
                	Type:	Active Directory Domain Services
                	
                Object:
                	DN:	CN=abcd.abcd Offline Address Book,CN=Offline Address Lists,CN=Address Lists 
                Container,CN=roaya,CN=Microsoft 
                Exchange,CN=Services,CN=Configuration,DC=Roaya,DC=loc
                	GUID:	{A93AB18F-D6AA-45A1-898A-D591E2C06EDD}
                	Class:	msExchOAB
                	
                Attribute:
                	LDAP Display Name:	msExchOABLastTouchedTime
                	Syntax (OID):	2.5.5.11
                	Value:	20210929040751.0Z
                	
                Operation:
                	Type:	Value Deleted
                	Correlation ID:	{44D226A4-DA5B-4D17-BA7E-B3CBA6F21CDC}
                	Application Correlation ID:	-

ComputerName  : FRANK-ADC-04
EventID       : 5136
Title         : ADObject Modified
TimeGenerated : 9/29/2021 10:47:27 AM
Content       : A directory service object was modified.
                	
                Subject:
                	Security ID:		S-1-5-21-2956518221-444034542-2043350422-87305
                	Account Name:		EU1MB9903$
                	Account Domain:		ROAYA
                	Logon ID:		0xA38EDAFA
                
                Directory Service:
                	Name:	Roaya.loc
                	Type:	Active Directory Domain Services
                	
                Object:
                	DN:	CN=lcmbrokers.com Offline Address Book,CN=Offline Address Lists,CN=Address 
                Lists Container,CN=roaya,CN=Microsoft 
                Exchange,CN=Services,CN=Configuration,DC=Roaya,DC=loc
                	GUID:	{8BA2E422-46CF-4E3B-B635-8C8D7C7063D8}
                	Class:	msExchOAB
                	
                Attribute:
                	LDAP Display Name:	msExchConfigurationXML
                	Syntax (OID):	2.5.5.12
                	Value:	<OfflineAddressBookConfigXML><ManifestVersion><AddressLists 
                AddressListId="bd5ee7ca-d8ee-4870-a19f-2634f2fbd792" Sequence="671" 
                /></ManifestVersion><LastFailedTime p2:nil="true" 
                xmlns:p2="http://www.w3.org/2001/XMLSchema-instance" /><LastGeneratingData><Mailbox
                Guid>feea8dd2-5615-42ce-a176-1f29ddbca752</MailboxGuid><DatabaseGuid>77c5ed34-31bb-
                4d80-988c-932fec22ef7e</DatabaseGuid><ServerFqdn>EU1MB9903.Roaya.loc</ServerFqdn></
                LastGeneratingData><HttpHomeMdbLastProcessedBucket>0</HttpHomeMdbLastProcessedBucke
                t><FullOabDownloadPreventionThreshold>0</FullOabDownloadPreventionThreshold><ZipOab
                FilesBeforeUploading>false</ZipOabFilesBeforeUploading></OfflineAddressBookConfigXM
                L>
                	
                Operation:
                	Type:	Value Added
                	Correlation ID:	{7BEF5F84-BC86-4ED6-9D4B-C0EBF67FEC0E}
                	Application Correlation ID:	-

ComputerName  : FRANK-ADC-04
EventID       : 5136
Title         : ADObject Modified
TimeGenerated : 9/29/2021 10:47:27 AM
Content       : A directory service object was modified.
                	
                Subject:
                	Security ID:		S-1-5-21-2956518221-444034542-2043350422-87305
                	Account Name:		EU1MB9903$
                	Account Domain:		ROAYA
                	Logon ID:		0xA38EDAFA
                
                Directory Service:
                	Name:	Roaya.loc
                	Type:	Active Directory Domain Services
                	
                Object:
                	DN:	CN=lcmbrokers.com Offline Address Book,CN=Offline Address Lists,CN=Address 
                Lists Container,CN=roaya,CN=Microsoft 
                Exchange,CN=Services,CN=Configuration,DC=Roaya,DC=loc
                	GUID:	{8BA2E422-46CF-4E3B-B635-8C8D7C7063D8}
                	Class:	msExchOAB
                	
                Attribute:
                	LDAP Display Name:	msExchConfigurationXML
                	Syntax (OID):	2.5.5.12
                	Value:	<OfflineAddressBookConfigXML><ManifestVersion><AddressLists 
                AddressListId="bd5ee7ca-d8ee-4870-a19f-2634f2fbd792" Sequence="670" 
                /></ManifestVersion><LastFailedTime p2:nil="true" 
                xmlns:p2="http://www.w3.org/2001/XMLSchema-instance" /><LastGeneratingData><Mailbox
                Guid>feea8dd2-5615-42ce-a176-1f29ddbca752</MailboxGuid><DatabaseGuid>77c5ed34-31bb-
                4d80-988c-932fec22ef7e</DatabaseGuid><ServerFqdn>EU1MB9903.Roaya.loc</ServerFqdn></
                LastGeneratingData><HttpHomeMdbLastProcessedBucket>0</HttpHomeMdbLastProcessedBucke
                t><FullOabDownloadPreventionThreshold>0</FullOabDownloadPreventionThreshold><ZipOab
                FilesBeforeUploading>false</ZipOabFilesBeforeUploading></OfflineAddressBookConfigXM
                L>
                	
                Operation:
                	Type:	Value Deleted
                	Correlation ID:	{7BEF5F84-BC86-4ED6-9D4B-C0EBF67FEC0E}
                	Application Correlation ID:	-

ComputerName  : FRANK-ADC-04
EventID       : 5136
Title         : ADObject Modified
TimeGenerated : 9/29/2021 10:47:27 AM
Content       : A directory service object was modified.
                	
                Subject:
                	Security ID:		S-1-5-21-2956518221-444034542-2043350422-87305
                	Account Name:		EU1MB9903$
                	Account Domain:		ROAYA
                	Logon ID:		0xA38EDAFA
                
                Directory Service:
                	Name:	Roaya.loc
                	Type:	Active Directory Domain Services
                	
                Object:
                	DN:	CN=lcmbrokers.com Offline Address Book,CN=Offline Address Lists,CN=Address 
                Lists Container,CN=roaya,CN=Microsoft 
                Exchange,CN=Services,CN=Configuration,DC=Roaya,DC=loc
                	GUID:	{8BA2E422-46CF-4E3B-B635-8C8D7C7063D8}
                	Class:	msExchOAB
                	
                Attribute:
                	LDAP Display Name:	msExchOABLastTouchedTime
                	Syntax (OID):	2.5.5.11
                	Value:	20210929084720.0Z
                	
                Operation:
                	Type:	Value Added
                	Correlation ID:	{7BEF5F84-BC86-4ED6-9D4B-C0EBF67FEC0E}
                	Application Correlation ID:	-

ComputerName  : FRANK-ADC-04
EventID       : 5136
Title         : ADObject Modified
TimeGenerated : 9/29/2021 10:47:27 AM
Content       : A directory service object was modified.
                	
                Subject:
                	Security ID:		S-1-5-21-2956518221-444034542-2043350422-87305
                	Account Name:		EU1MB9903$
                	Account Domain:		ROAYA
                	Logon ID:		0xA38EDAFA
                
                Directory Service:
                	Name:	Roaya.loc
                	Type:	Active Directory Domain Services
                	
                Object:
                	DN:	CN=lcmbrokers.com Offline Address Book,CN=Offline Address Lists,CN=Address 
                Lists Container,CN=roaya,CN=Microsoft 
                Exchange,CN=Services,CN=Configuration,DC=Roaya,DC=loc
                	GUID:	{8BA2E422-46CF-4E3B-B635-8C8D7C7063D8}
                	Class:	msExchOAB
                	
                Attribute:
                	LDAP Display Name:	msExchOABLastTouchedTime
                	Syntax (OID):	2.5.5.11
                	Value:	20210929040742.0Z
                	
                Operation:
                	Type:	Value Deleted
                	Correlation ID:	{7BEF5F84-BC86-4ED6-9D4B-C0EBF67FEC0E}
                	Application Correlation ID:	-

ComputerName  : FRANK-ADC-04
EventID       : 5136
Title         : ADObject Modified
TimeGenerated : 9/29/2021 10:47:17 AM
Content       : A directory service object was modified.
                	
                Subject:
                	Security ID:		S-1-5-21-2956518221-444034542-2043350422-87305
                	Account Name:		EU1MB9903$
                	Account Domain:		ROAYA
                	Logon ID:		0xA38EDAFA
                
                Directory Service:
                	Name:	Roaya.loc
                	Type:	Active Directory Domain Services
                	
                Object:
                	DN:	CN=poolsuae.com Offline Address Book,CN=Offline Address Lists,CN=Address 
                Lists Container,CN=roaya,CN=Microsoft 
                Exchange,CN=Services,CN=Configuration,DC=Roaya,DC=loc
                	GUID:	{CD74831E-EFD2-4AE7-8C67-057F29AD8F2B}
                	Class:	msExchOAB
                	
                Attribute:
                	LDAP Display Name:	msExchConfigurationXML
                	Syntax (OID):	2.5.5.12
                	Value:	<OfflineAddressBookConfigXML><ManifestVersion><AddressLists 
                AddressListId="50bc77f1-b857-4b25-ad2a-513b1768d5df" Sequence="635" 
                /></ManifestVersion><LastFailedTime p2:nil="true" 
                xmlns:p2="http://www.w3.org/2001/XMLSchema-instance" /><LastGeneratingData><Mailbox
                Guid>feea8dd2-5615-42ce-a176-1f29ddbca752</MailboxGuid><DatabaseGuid>77c5ed34-31bb-
                4d80-988c-932fec22ef7e</DatabaseGuid><ServerFqdn>EU1MB9903.Roaya.loc</ServerFqdn></
                LastGeneratingData><HttpHomeMdbLastProcessedBucket>0</HttpHomeMdbLastProcessedBucke
                t><FullOabDownloadPreventionThreshold>0</FullOabDownloadPreventionThreshold><ZipOab
                FilesBeforeUploading>false</ZipOabFilesBeforeUploading></OfflineAddressBookConfigXM
                L>
                	
                Operation:
                	Type:	Value Added
                	Correlation ID:	{53B5403F-732C-4619-B29A-A65D5A1907E6}
                	Application Correlation ID:	-

ComputerName  : FRANK-ADC-04
EventID       : 5136
Title         : ADObject Modified
TimeGenerated : 9/29/2021 10:47:17 AM
Content       : A directory service object was modified.
                	
                Subject:
                	Security ID:		S-1-5-21-2956518221-444034542-2043350422-87305
                	Account Name:		EU1MB9903$
                	Account Domain:		ROAYA
                	Logon ID:		0xA38EDAFA
                
                Directory Service:
                	Name:	Roaya.loc
                	Type:	Active Directory Domain Services
                	
                Object:
                	DN:	CN=poolsuae.com Offline Address Book,CN=Offline Address Lists,CN=Address 
                Lists Container,CN=roaya,CN=Microsoft 
                Exchange,CN=Services,CN=Configuration,DC=Roaya,DC=loc
                	GUID:	{CD74831E-EFD2-4AE7-8C67-057F29AD8F2B}
                	Class:	msExchOAB
                	
                Attribute:
                	LDAP Display Name:	msExchConfigurationXML
                	Syntax (OID):	2.5.5.12
                	Value:	<OfflineAddressBookConfigXML><ManifestVersion><AddressLists 
                AddressListId="50bc77f1-b857-4b25-ad2a-513b1768d5df" Sequence="634" 
                /></ManifestVersion><LastFailedTime p2:nil="true" 
                xmlns:p2="http://www.w3.org/2001/XMLSchema-instance" /><LastGeneratingData><Mailbox
                Guid>feea8dd2-5615-42ce-a176-1f29ddbca752</MailboxGuid><DatabaseGuid>77c5ed34-31bb-
                4d80-988c-932fec22ef7e</DatabaseGuid><ServerFqdn>EU1MB9903.Roaya.loc</ServerFqdn></
                LastGeneratingData><HttpHomeMdbLastProcessedBucket>0</HttpHomeMdbLastProcessedBucke
                t><FullOabDownloadPreventionThreshold>0</FullOabDownloadPreventionThreshold><ZipOab
                FilesBeforeUploading>false</ZipOabFilesBeforeUploading></OfflineAddressBookConfigXM
                L>
                	
                Operation:
                	Type:	Value Deleted
                	Correlation ID:	{53B5403F-732C-4619-B29A-A65D5A1907E6}
                	Application Correlation ID:	-

ComputerName  : FRANK-ADC-04
EventID       : 5136
Title         : ADObject Modified
TimeGenerated : 9/29/2021 10:47:17 AM
Content       : A directory service object was modified.
                	
                Subject:
                	Security ID:		S-1-5-21-2956518221-444034542-2043350422-87305
                	Account Name:		EU1MB9903$
                	Account Domain:		ROAYA
                	Logon ID:		0xA38EDAFA
                
                Directory Service:
                	Name:	Roaya.loc
                	Type:	Active Directory Domain Services
                	
                Object:
                	DN:	CN=poolsuae.com Offline Address Book,CN=Offline Address Lists,CN=Address 
                Lists Container,CN=roaya,CN=Microsoft 
                Exchange,CN=Services,CN=Configuration,DC=Roaya,DC=loc
                	GUID:	{CD74831E-EFD2-4AE7-8C67-057F29AD8F2B}
                	Class:	msExchOAB
                	
                Attribute:
                	LDAP Display Name:	msExchOABLastTouchedTime
                	Syntax (OID):	2.5.5.11
                	Value:	20210929084710.0Z
                	
                Operation:
                	Type:	Value Added
                	Correlation ID:	{53B5403F-732C-4619-B29A-A65D5A1907E6}
                	Application Correlation ID:	-

ComputerName  : FRANK-ADC-04
EventID       : 5136
Title         : ADObject Modified
TimeGenerated : 9/29/2021 10:47:17 AM
Content       : A directory service object was modified.
                	
                Subject:
                	Security ID:		S-1-5-21-2956518221-444034542-2043350422-87305
                	Account Name:		EU1MB9903$
                	Account Domain:		ROAYA
                	Logon ID:		0xA38EDAFA
                
                Directory Service:
                	Name:	Roaya.loc
                	Type:	Active Directory Domain Services
                	
                Object:
                	DN:	CN=poolsuae.com Offline Address Book,CN=Offline Address Lists,CN=Address 
                Lists Container,CN=roaya,CN=Microsoft 
                Exchange,CN=Services,CN=Configuration,DC=Roaya,DC=loc
                	GUID:	{CD74831E-EFD2-4AE7-8C67-057F29AD8F2B}
                	Class:	msExchOAB
                	
                Attribute:
                	LDAP Display Name:	msExchOABLastTouchedTime
                	Syntax (OID):	2.5.5.11
                	Value:	20210929040734.0Z
                	
                Operation:
                	Type:	Value Deleted
                	Correlation ID:	{53B5403F-732C-4619-B29A-A65D5A1907E6}
                	Application Correlation ID:	-

ComputerName  : FRANK-ADC-04
EventID       : 5136
Title         : ADObject Modified
TimeGenerated : 9/29/2021 10:46:57 AM
Content       : A directory service object was modified.
                	
                Subject:
                	Security ID:		S-1-5-21-2956518221-444034542-2043350422-87305
                	Account Name:		EU1MB9903$
                	Account Domain:		ROAYA
                	Logon ID:		0xA38EDAFA
                
                Directory Service:
                	Name:	Roaya.loc
                	Type:	Active Directory Domain Services
                	
                Object:
                	DN:	CN=orchidiapharmaceutical.com Offline Address Book,CN=Offline Address 
                Lists,CN=Address Lists Container,CN=roaya,CN=Microsoft 
                Exchange,CN=Services,CN=Configuration,DC=Roaya,DC=loc
                	GUID:	{3FB0B6CF-42D1-4713-A0E4-CFC12F771A7D}
                	Class:	msExchOAB
                	
                Attribute:
                	LDAP Display Name:	msExchConfigurationXML
                	Syntax (OID):	2.5.5.12
                	Value:	<OfflineAddressBookConfigXML><ManifestVersion><AddressLists 
                AddressListId="b907a479-0936-4d8a-8aac-b936d362e868" Sequence="1105" 
                /></ManifestVersion><LastFailedTime p2:nil="true" 
                xmlns:p2="http://www.w3.org/2001/XMLSchema-instance" /><LastGeneratingData><Mailbox
                Guid>feea8dd2-5615-42ce-a176-1f29ddbca752</MailboxGuid><DatabaseGuid>77c5ed34-31bb-
                4d80-988c-932fec22ef7e</DatabaseGuid><ServerFqdn>EU1MB9903.Roaya.loc</ServerFqdn></
                LastGeneratingData><HttpHomeMdbLastProcessedBucket>0</HttpHomeMdbLastProcessedBucke
                t><FullOabDownloadPreventionThreshold>0</FullOabDownloadPreventionThreshold><ZipOab
                FilesBeforeUploading>false</ZipOabFilesBeforeUploading></OfflineAddressBookConfigXM
                L>
                	
                Operation:
                	Type:	Value Added
                	Correlation ID:	{1122DFD2-D41D-4705-95EA-832DAFE5E6BF}
                	Application Correlation ID:	-

ComputerName  : FRANK-ADC-04
EventID       : 5136
Title         : ADObject Modified
TimeGenerated : 9/29/2021 10:46:57 AM
Content       : A directory service object was modified.
                	
                Subject:
                	Security ID:		S-1-5-21-2956518221-444034542-2043350422-87305
                	Account Name:		EU1MB9903$
                	Account Domain:		ROAYA
                	Logon ID:		0xA38EDAFA
                
                Directory Service:
                	Name:	Roaya.loc
                	Type:	Active Directory Domain Services
                	
                Object:
                	DN:	CN=orchidiapharmaceutical.com Offline Address Book,CN=Offline Address 
                Lists,CN=Address Lists Container,CN=roaya,CN=Microsoft 
                Exchange,CN=Services,CN=Configuration,DC=Roaya,DC=loc
                	GUID:	{3FB0B6CF-42D1-4713-A0E4-CFC12F771A7D}
                	Class:	msExchOAB
                	
                Attribute:
                	LDAP Display Name:	msExchConfigurationXML
                	Syntax (OID):	2.5.5.12
                	Value:	<OfflineAddressBookConfigXML><ManifestVersion><AddressLists 
                AddressListId="b907a479-0936-4d8a-8aac-b936d362e868" Sequence="1104" 
                /></ManifestVersion><LastFailedTime p2:nil="true" 
                xmlns:p2="http://www.w3.org/2001/XMLSchema-instance" /><LastGeneratingData><Mailbox
                Guid>feea8dd2-5615-42ce-a176-1f29ddbca752</MailboxGuid><DatabaseGuid>77c5ed34-31bb-
                4d80-988c-932fec22ef7e</DatabaseGuid><ServerFqdn>EU1MB9903.Roaya.loc</ServerFqdn></
                LastGeneratingData><HttpHomeMdbLastProcessedBucket>0</HttpHomeMdbLastProcessedBucke
                t><FullOabDownloadPreventionThreshold>0</FullOabDownloadPreventionThreshold><ZipOab
                FilesBeforeUploading>false</ZipOabFilesBeforeUploading></OfflineAddressBookConfigXM
                L>
                	
                Operation:
                	Type:	Value Deleted
                	Correlation ID:	{1122DFD2-D41D-4705-95EA-832DAFE5E6BF}
                	Application Correlation ID:	-

ComputerName  : FRANK-ADC-04
EventID       : 5136
Title         : ADObject Modified
TimeGenerated : 9/29/2021 10:46:57 AM
Content       : A directory service object was modified.
                	
                Subject:
                	Security ID:		S-1-5-21-2956518221-444034542-2043350422-87305
                	Account Name:		EU1MB9903$
                	Account Domain:		ROAYA
                	Logon ID:		0xA38EDAFA
                
                Directory Service:
                	Name:	Roaya.loc
                	Type:	Active Directory Domain Services
                	
                Object:
                	DN:	CN=orchidiapharmaceutical.com Offline Address Book,CN=Offline Address 
                Lists,CN=Address Lists Container,CN=roaya,CN=Microsoft 
                Exchange,CN=Services,CN=Configuration,DC=Roaya,DC=loc
                	GUID:	{3FB0B6CF-42D1-4713-A0E4-CFC12F771A7D}
                	Class:	msExchOAB
                	
                Attribute:
                	LDAP Display Name:	msExchOABLastTouchedTime
                	Syntax (OID):	2.5.5.11
                	Value:	20210929084655.0Z
                	
                Operation:
                	Type:	Value Added
                	Correlation ID:	{1122DFD2-D41D-4705-95EA-832DAFE5E6BF}
                	Application Correlation ID:	-

ComputerName  : FRANK-ADC-04
EventID       : 5136
Title         : ADObject Modified
TimeGenerated : 9/29/2021 10:46:57 AM
Content       : A directory service object was modified.
                	
                Subject:
                	Security ID:		S-1-5-21-2956518221-444034542-2043350422-87305
                	Account Name:		EU1MB9903$
                	Account Domain:		ROAYA
                	Logon ID:		0xA38EDAFA
                
                Directory Service:
                	Name:	Roaya.loc
                	Type:	Active Directory Domain Services
                	
                Object:
                	DN:	CN=orchidiapharmaceutical.com Offline Address Book,CN=Offline Address 
                Lists,CN=Address Lists Container,CN=roaya,CN=Microsoft 
                Exchange,CN=Services,CN=Configuration,DC=Roaya,DC=loc
                	GUID:	{3FB0B6CF-42D1-4713-A0E4-CFC12F771A7D}
                	Class:	msExchOAB
                	
                Attribute:
                	LDAP Display Name:	msExchOABLastTouchedTime
                	Syntax (OID):	2.5.5.11
                	Value:	20210929040720.0Z
                	
                Operation:
                	Type:	Value Deleted
                	Correlation ID:	{1122DFD2-D41D-4705-95EA-832DAFE5E6BF}
                	Application Correlation ID:	-

ComputerName  : FRANK-PDC
EventID       : 4740
Title         : User locked out
TimeGenerated : 9/29/2021 10:46:51 AM
Content       : A user account was locked out.
                
                Subject:
                	Security ID:		S-1-5-18
                	Account Name:		FRANK-PDC$
                	Account Domain:		ROAYA
                	Logon ID:		0x3E7
                
                Account That Was Locked Out:
                	Security ID:		S-1-5-21-2956518221-444034542-2043350422-70519
                	Account Name:		sales.1_egycopp.com
                
                Additional Information:
                	Caller Computer Name:	EU1FE3110

