ComputerName  : FRANK-ADC-04
EventID       : 5136
Title         : ADObject Modified
TimeGenerated : 9/29/2021 10:44:47 AM
Content       : A directory service object was modified.
                	
                Subject:
                	Security ID:		S-1-5-21-2956518221-444034542-2043350422-87305
                	Account Name:		EU1MB9903$
                	Account Domain:		ROAYA
                	Logon ID:		0xA38EDAFA
                
                Directory Service:
                	Name:	Roaya.loc
                	Type:	Active Directory Domain Services
                	
                Object:
                	DN:	CN=zazzeg.com Offline Address Book,CN=Offline Address Lists,CN=Address Lists 
                Container,CN=roaya,CN=Microsoft 
                Exchange,CN=Services,CN=Configuration,DC=Roaya,DC=loc
                	GUID:	{0809C6BE-B3B3-4712-A74F-255198EAE145}
                	Class:	msExchOAB
                	
                Attribute:
                	LDAP Display Name:	msExchOABLastTouchedTime
                	Syntax (OID):	2.5.5.11
                	Value:	20210929084447.0Z
                	
                Operation:
                	Type:	Value Added
                	Correlation ID:	{04687008-E4EE-4841-A709-026857A507CA}
                	Application Correlation ID:	-

ComputerName  : FRANK-ADC-04
EventID       : 5136
Title         : ADObject Modified
TimeGenerated : 9/29/2021 10:44:47 AM
Content       : A directory service object was modified.
                	
                Subject:
                	Security ID:		S-1-5-21-2956518221-444034542-2043350422-87305
                	Account Name:		EU1MB9903$
                	Account Domain:		ROAYA
                	Logon ID:		0xA38EDAFA
                
                Directory Service:
                	Name:	Roaya.loc
                	Type:	Active Directory Domain Services
                	
                Object:
                	DN:	CN=zazzeg.com Offline Address Book,CN=Offline Address Lists,CN=Address Lists 
                Container,CN=roaya,CN=Microsoft 
                Exchange,CN=Services,CN=Configuration,DC=Roaya,DC=loc
                	GUID:	{0809C6BE-B3B3-4712-A74F-255198EAE145}
                	Class:	msExchOAB
                	
                Attribute:
                	LDAP Display Name:	msExchOABLastTouchedTime
                	Syntax (OID):	2.5.5.11
                	Value:	20210929040539.0Z
                	
                Operation:
                	Type:	Value Deleted
                	Correlation ID:	{04687008-E4EE-4841-A709-026857A507CA}
                	Application Correlation ID:	-

ComputerName  : FRANK-ADC-04
EventID       : 5136
Title         : ADObject Modified
TimeGenerated : 9/29/2021 10:44:47 AM
Content       : A directory service object was modified.
                	
                Subject:
                	Security ID:		S-1-5-21-2956518221-444034542-2043350422-87305
                	Account Name:		EU1MB9903$
                	Account Domain:		ROAYA
                	Logon ID:		0xA38EDAFA
                
                Directory Service:
                	Name:	Roaya.loc
                	Type:	Active Directory Domain Services
                	
                Object:
                	DN:	CN=ibs-construction.com Offline Address Book,CN=Offline Address 
                Lists,CN=Address Lists Container,CN=roaya,CN=Microsoft 
                Exchange,CN=Services,CN=Configuration,DC=Roaya,DC=loc
                	GUID:	{76AE6518-6865-420F-A27E-71C16988B554}
                	Class:	msExchOAB
                	
                Attribute:
                	LDAP Display Name:	msExchConfigurationXML
                	Syntax (OID):	2.5.5.12
                	Value:	<OfflineAddressBookConfigXML><ManifestVersion><AddressLists 
                AddressListId="b4f12bb8-b9d5-4430-bdbd-11d5f359a1ba" Sequence="663" 
                /></ManifestVersion><LastFailedTime p2:nil="true" 
                xmlns:p2="http://www.w3.org/2001/XMLSchema-instance" /><LastGeneratingData><Mailbox
                Guid>feea8dd2-5615-42ce-a176-1f29ddbca752</MailboxGuid><DatabaseGuid>77c5ed34-31bb-
                4d80-988c-932fec22ef7e</DatabaseGuid><ServerFqdn>EU1MB9903.Roaya.loc</ServerFqdn></
                LastGeneratingData><HttpHomeMdbLastProcessedBucket>0</HttpHomeMdbLastProcessedBucke
                t><FullOabDownloadPreventionThreshold>0</FullOabDownloadPreventionThreshold><ZipOab
                FilesBeforeUploading>false</ZipOabFilesBeforeUploading></OfflineAddressBookConfigXM
                L>
                	
                Operation:
                	Type:	Value Added
                	Correlation ID:	{737003A9-CBBD-429F-A376-028BC9EAC527}
                	Application Correlation ID:	-

ComputerName  : FRANK-ADC-04
EventID       : 5136
Title         : ADObject Modified
TimeGenerated : 9/29/2021 10:44:47 AM
Content       : A directory service object was modified.
                	
                Subject:
                	Security ID:		S-1-5-21-2956518221-444034542-2043350422-87305
                	Account Name:		EU1MB9903$
                	Account Domain:		ROAYA
                	Logon ID:		0xA38EDAFA
                
                Directory Service:
                	Name:	Roaya.loc
                	Type:	Active Directory Domain Services
                	
                Object:
                	DN:	CN=ibs-construction.com Offline Address Book,CN=Offline Address 
                Lists,CN=Address Lists Container,CN=roaya,CN=Microsoft 
                Exchange,CN=Services,CN=Configuration,DC=Roaya,DC=loc
                	GUID:	{76AE6518-6865-420F-A27E-71C16988B554}
                	Class:	msExchOAB
                	
                Attribute:
                	LDAP Display Name:	msExchConfigurationXML
                	Syntax (OID):	2.5.5.12
                	Value:	<OfflineAddressBookConfigXML><ManifestVersion><AddressLists 
                AddressListId="b4f12bb8-b9d5-4430-bdbd-11d5f359a1ba" Sequence="662" 
                /></ManifestVersion><LastFailedTime p2:nil="true" 
                xmlns:p2="http://www.w3.org/2001/XMLSchema-instance" /><LastGeneratingData><Mailbox
                Guid>feea8dd2-5615-42ce-a176-1f29ddbca752</MailboxGuid><DatabaseGuid>77c5ed34-31bb-
                4d80-988c-932fec22ef7e</DatabaseGuid><ServerFqdn>EU1MB9903.Roaya.loc</ServerFqdn></
                LastGeneratingData><HttpHomeMdbLastProcessedBucket>0</HttpHomeMdbLastProcessedBucke
                t><FullOabDownloadPreventionThreshold>0</FullOabDownloadPreventionThreshold><ZipOab
                FilesBeforeUploading>false</ZipOabFilesBeforeUploading></OfflineAddressBookConfigXM
                L>
                	
                Operation:
                	Type:	Value Deleted
                	Correlation ID:	{737003A9-CBBD-429F-A376-028BC9EAC527}
                	Application Correlation ID:	-

ComputerName  : FRANK-ADC-04
EventID       : 5136
Title         : ADObject Modified
TimeGenerated : 9/29/2021 10:44:47 AM
Content       : A directory service object was modified.
                	
                Subject:
                	Security ID:		S-1-5-21-2956518221-444034542-2043350422-87305
                	Account Name:		EU1MB9903$
                	Account Domain:		ROAYA
                	Logon ID:		0xA38EDAFA
                
                Directory Service:
                	Name:	Roaya.loc
                	Type:	Active Directory Domain Services
                	
                Object:
                	DN:	CN=ibs-construction.com Offline Address Book,CN=Offline Address 
                Lists,CN=Address Lists Container,CN=roaya,CN=Microsoft 
                Exchange,CN=Services,CN=Configuration,DC=Roaya,DC=loc
                	GUID:	{76AE6518-6865-420F-A27E-71C16988B554}
                	Class:	msExchOAB
                	
                Attribute:
                	LDAP Display Name:	msExchOABLastTouchedTime
                	Syntax (OID):	2.5.5.11
                	Value:	20210929084438.0Z
                	
                Operation:
                	Type:	Value Added
                	Correlation ID:	{737003A9-CBBD-429F-A376-028BC9EAC527}
                	Application Correlation ID:	-

ComputerName  : FRANK-ADC-04
EventID       : 5136
Title         : ADObject Modified
TimeGenerated : 9/29/2021 10:44:47 AM
Content       : A directory service object was modified.
                	
                Subject:
                	Security ID:		S-1-5-21-2956518221-444034542-2043350422-87305
                	Account Name:		EU1MB9903$
                	Account Domain:		ROAYA
                	Logon ID:		0xA38EDAFA
                
                Directory Service:
                	Name:	Roaya.loc
                	Type:	Active Directory Domain Services
                	
                Object:
                	DN:	CN=ibs-construction.com Offline Address Book,CN=Offline Address 
                Lists,CN=Address Lists Container,CN=roaya,CN=Microsoft 
                Exchange,CN=Services,CN=Configuration,DC=Roaya,DC=loc
                	GUID:	{76AE6518-6865-420F-A27E-71C16988B554}
                	Class:	msExchOAB
                	
                Attribute:
                	LDAP Display Name:	msExchOABLastTouchedTime
                	Syntax (OID):	2.5.5.11
                	Value:	20210929040532.0Z
                	
                Operation:
                	Type:	Value Deleted
                	Correlation ID:	{737003A9-CBBD-429F-A376-028BC9EAC527}
                	Application Correlation ID:	-

ComputerName  : FRANK-ADC-04
EventID       : 5136
Title         : ADObject Modified
TimeGenerated : 9/29/2021 10:44:37 AM
Content       : A directory service object was modified.
                	
                Subject:
                	Security ID:		S-1-5-21-2956518221-444034542-2043350422-87305
                	Account Name:		EU1MB9903$
                	Account Domain:		ROAYA
                	Logon ID:		0xA38EDAFA
                
                Directory Service:
                	Name:	Roaya.loc
                	Type:	Active Directory Domain Services
                	
                Object:
                	DN:	CN=seatransit-shipping.net Offline Address Book,CN=Offline Address 
                Lists,CN=Address Lists Container,CN=roaya,CN=Microsoft 
                Exchange,CN=Services,CN=Configuration,DC=Roaya,DC=loc
                	GUID:	{9017A184-AAF1-40F5-879B-370BBE126AA2}
                	Class:	msExchOAB
                	
                Attribute:
                	LDAP Display Name:	msExchConfigurationXML
                	Syntax (OID):	2.5.5.12
                	Value:	<OfflineAddressBookConfigXML><ManifestVersion><AddressLists 
                AddressListId="bc1b892a-fc7e-4e97-8fbd-c25f60cc8079" Sequence="523" 
                /></ManifestVersion><LastFailedTime p2:nil="true" 
                xmlns:p2="http://www.w3.org/2001/XMLSchema-instance" /><LastGeneratingData><Mailbox
                Guid>feea8dd2-5615-42ce-a176-1f29ddbca752</MailboxGuid><DatabaseGuid>77c5ed34-31bb-
                4d80-988c-932fec22ef7e</DatabaseGuid><ServerFqdn>EU1MB9903.Roaya.loc</ServerFqdn></
                LastGeneratingData><HttpHomeMdbLastProcessedBucket>0</HttpHomeMdbLastProcessedBucke
                t><FullOabDownloadPreventionThreshold>0</FullOabDownloadPreventionThreshold><ZipOab
                FilesBeforeUploading>false</ZipOabFilesBeforeUploading></OfflineAddressBookConfigXM
                L>
                	
                Operation:
                	Type:	Value Added
                	Correlation ID:	{49AF6E63-A0A2-47C4-A8B1-FF40297A1D7F}
                	Application Correlation ID:	-

ComputerName  : FRANK-ADC-04
EventID       : 5136
Title         : ADObject Modified
TimeGenerated : 9/29/2021 10:44:37 AM
Content       : A directory service object was modified.
                	
                Subject:
                	Security ID:		S-1-5-21-2956518221-444034542-2043350422-87305
                	Account Name:		EU1MB9903$
                	Account Domain:		ROAYA
                	Logon ID:		0xA38EDAFA
                
                Directory Service:
                	Name:	Roaya.loc
                	Type:	Active Directory Domain Services
                	
                Object:
                	DN:	CN=seatransit-shipping.net Offline Address Book,CN=Offline Address 
                Lists,CN=Address Lists Container,CN=roaya,CN=Microsoft 
                Exchange,CN=Services,CN=Configuration,DC=Roaya,DC=loc
                	GUID:	{9017A184-AAF1-40F5-879B-370BBE126AA2}
                	Class:	msExchOAB
                	
                Attribute:
                	LDAP Display Name:	msExchConfigurationXML
                	Syntax (OID):	2.5.5.12
                	Value:	<OfflineAddressBookConfigXML><ManifestVersion><AddressLists 
                AddressListId="bc1b892a-fc7e-4e97-8fbd-c25f60cc8079" Sequence="522" 
                /></ManifestVersion><LastFailedTime p2:nil="true" 
                xmlns:p2="http://www.w3.org/2001/XMLSchema-instance" /><LastGeneratingData><Mailbox
                Guid>feea8dd2-5615-42ce-a176-1f29ddbca752</MailboxGuid><DatabaseGuid>77c5ed34-31bb-
                4d80-988c-932fec22ef7e</DatabaseGuid><ServerFqdn>EU1MB9903.Roaya.loc</ServerFqdn></
                LastGeneratingData><HttpHomeMdbLastProcessedBucket>0</HttpHomeMdbLastProcessedBucke
                t><FullOabDownloadPreventionThreshold>0</FullOabDownloadPreventionThreshold><ZipOab
                FilesBeforeUploading>false</ZipOabFilesBeforeUploading></OfflineAddressBookConfigXM
                L>
                	
                Operation:
                	Type:	Value Deleted
                	Correlation ID:	{49AF6E63-A0A2-47C4-A8B1-FF40297A1D7F}
                	Application Correlation ID:	-

ComputerName  : FRANK-ADC-04
EventID       : 5136
Title         : ADObject Modified
TimeGenerated : 9/29/2021 10:44:37 AM
Content       : A directory service object was modified.
                	
                Subject:
                	Security ID:		S-1-5-21-2956518221-444034542-2043350422-87305
                	Account Name:		EU1MB9903$
                	Account Domain:		ROAYA
                	Logon ID:		0xA38EDAFA
                
                Directory Service:
                	Name:	Roaya.loc
                	Type:	Active Directory Domain Services
                	
                Object:
                	DN:	CN=seatransit-shipping.net Offline Address Book,CN=Offline Address 
                Lists,CN=Address Lists Container,CN=roaya,CN=Microsoft 
                Exchange,CN=Services,CN=Configuration,DC=Roaya,DC=loc
                	GUID:	{9017A184-AAF1-40F5-879B-370BBE126AA2}
                	Class:	msExchOAB
                	
                Attribute:
                	LDAP Display Name:	msExchOABLastTouchedTime
                	Syntax (OID):	2.5.5.11
                	Value:	20210929084427.0Z
                	
                Operation:
                	Type:	Value Added
                	Correlation ID:	{49AF6E63-A0A2-47C4-A8B1-FF40297A1D7F}
                	Application Correlation ID:	-

ComputerName  : FRANK-ADC-04
EventID       : 5136
Title         : ADObject Modified
TimeGenerated : 9/29/2021 10:44:37 AM
Content       : A directory service object was modified.
                	
                Subject:
                	Security ID:		S-1-5-21-2956518221-444034542-2043350422-87305
                	Account Name:		EU1MB9903$
                	Account Domain:		ROAYA
                	Logon ID:		0xA38EDAFA
                
                Directory Service:
                	Name:	Roaya.loc
                	Type:	Active Directory Domain Services
                	
                Object:
                	DN:	CN=seatransit-shipping.net Offline Address Book,CN=Offline Address 
                Lists,CN=Address Lists Container,CN=roaya,CN=Microsoft 
                Exchange,CN=Services,CN=Configuration,DC=Roaya,DC=loc
                	GUID:	{9017A184-AAF1-40F5-879B-370BBE126AA2}
                	Class:	msExchOAB
                	
                Attribute:
                	LDAP Display Name:	msExchOABLastTouchedTime
                	Syntax (OID):	2.5.5.11
                	Value:	20210929040524.0Z
                	
                Operation:
                	Type:	Value Deleted
                	Correlation ID:	{49AF6E63-A0A2-47C4-A8B1-FF40297A1D7F}
                	Application Correlation ID:	-

ComputerName  : FRANK-ADC-04
EventID       : 5136
Title         : ADObject Modified
TimeGenerated : 9/29/2021 10:44:27 AM
Content       : A directory service object was modified.
                	
                Subject:
                	Security ID:		S-1-5-21-2956518221-444034542-2043350422-87305
                	Account Name:		EU1MB9903$
                	Account Domain:		ROAYA
                	Logon ID:		0xA38EDAFA
                
                Directory Service:
                	Name:	Roaya.loc
                	Type:	Active Directory Domain Services
                	
                Object:
                	DN:	CN=ahmed.com Offline Address Book,CN=Offline Address Lists,CN=Address Lists 
                Container,CN=roaya,CN=Microsoft 
                Exchange,CN=Services,CN=Configuration,DC=Roaya,DC=loc
                	GUID:	{CDBAAC4E-B29D-4FBA-B61A-095BE3536E6C}
                	Class:	msExchOAB
                	
                Attribute:
                	LDAP Display Name:	msExchOABLastTouchedTime
                	Syntax (OID):	2.5.5.11
                	Value:	20210929084418.0Z
                	
                Operation:
                	Type:	Value Added
                	Correlation ID:	{D064C852-7CE9-463D-BEF3-0244AF996A9D}
                	Application Correlation ID:	-

ComputerName  : FRANK-ADC-04
EventID       : 5136
Title         : ADObject Modified
TimeGenerated : 9/29/2021 10:44:27 AM
Content       : A directory service object was modified.
                	
                Subject:
                	Security ID:		S-1-5-21-2956518221-444034542-2043350422-87305
                	Account Name:		EU1MB9903$
                	Account Domain:		ROAYA
                	Logon ID:		0xA38EDAFA
                
                Directory Service:
                	Name:	Roaya.loc
                	Type:	Active Directory Domain Services
                	
                Object:
                	DN:	CN=ahmed.com Offline Address Book,CN=Offline Address Lists,CN=Address Lists 
                Container,CN=roaya,CN=Microsoft 
                Exchange,CN=Services,CN=Configuration,DC=Roaya,DC=loc
                	GUID:	{CDBAAC4E-B29D-4FBA-B61A-095BE3536E6C}
                	Class:	msExchOAB
                	
                Attribute:
                	LDAP Display Name:	msExchOABLastTouchedTime
                	Syntax (OID):	2.5.5.11
                	Value:	20210929040517.0Z
                	
                Operation:
                	Type:	Value Deleted
                	Correlation ID:	{D064C852-7CE9-463D-BEF3-0244AF996A9D}
                	Application Correlation ID:	-

ComputerName  : FRANK-ADC-04
EventID       : 5136
Title         : ADObject Modified
TimeGenerated : 9/29/2021 10:44:27 AM
Content       : A directory service object was modified.
                	
                Subject:
                	Security ID:		S-1-5-21-2956518221-444034542-2043350422-87305
                	Account Name:		EU1MB9903$
                	Account Domain:		ROAYA
                	Logon ID:		0xA38EDAFA
                
                Directory Service:
                	Name:	Roaya.loc
                	Type:	Active Directory Domain Services
                	
                Object:
                	DN:	CN=huhuhuuhuhu.hu Offline Address Book,CN=Offline Address Lists,CN=Address 
                Lists Container,CN=roaya,CN=Microsoft 
                Exchange,CN=Services,CN=Configuration,DC=Roaya,DC=loc
                	GUID:	{50EE2AAD-864A-4C0B-B0D5-F1C73F852DC6}
                	Class:	msExchOAB
                	
                Attribute:
                	LDAP Display Name:	msExchOABLastTouchedTime
                	Syntax (OID):	2.5.5.11
                	Value:	20210929084423.0Z
                	
                Operation:
                	Type:	Value Added
                	Correlation ID:	{4B877DDE-50AD-4E5F-8C51-D5054A24D8DF}
                	Application Correlation ID:	-

ComputerName  : FRANK-ADC-04
EventID       : 5136
Title         : ADObject Modified
TimeGenerated : 9/29/2021 10:44:27 AM
Content       : A directory service object was modified.
                	
                Subject:
                	Security ID:		S-1-5-21-2956518221-444034542-2043350422-87305
                	Account Name:		EU1MB9903$
                	Account Domain:		ROAYA
                	Logon ID:		0xA38EDAFA
                
                Directory Service:
                	Name:	Roaya.loc
                	Type:	Active Directory Domain Services
                	
                Object:
                	DN:	CN=huhuhuuhuhu.hu Offline Address Book,CN=Offline Address Lists,CN=Address 
                Lists Container,CN=roaya,CN=Microsoft 
                Exchange,CN=Services,CN=Configuration,DC=Roaya,DC=loc
                	GUID:	{50EE2AAD-864A-4C0B-B0D5-F1C73F852DC6}
                	Class:	msExchOAB
                	
                Attribute:
                	LDAP Display Name:	msExchOABLastTouchedTime
                	Syntax (OID):	2.5.5.11
                	Value:	20210929040521.0Z
                	
                Operation:
                	Type:	Value Deleted
                	Correlation ID:	{4B877DDE-50AD-4E5F-8C51-D5054A24D8DF}
                	Application Correlation ID:	-

ComputerName  : FRANK-ADC-04
EventID       : 5136
Title         : ADObject Modified
TimeGenerated : 9/29/2021 10:44:27 AM
Content       : A directory service object was modified.
                	
                Subject:
                	Security ID:		S-1-5-21-2956518221-444034542-2043350422-87305
                	Account Name:		EU1MB9903$
                	Account Domain:		ROAYA
                	Logon ID:		0xA38EDAFA
                
                Directory Service:
                	Name:	Roaya.loc
                	Type:	Active Directory Domain Services
                	
                Object:
                	DN:	CN=whiteeg.com Offline Address Book,CN=Offline Address Lists,CN=Address Lists 
                Container,CN=roaya,CN=Microsoft 
                Exchange,CN=Services,CN=Configuration,DC=Roaya,DC=loc
                	GUID:	{89FA2563-97E6-4EE3-A9E9-6693C939FBE0}
                	Class:	msExchOAB
                	
                Attribute:
                	LDAP Display Name:	msExchOABLastTouchedTime
                	Syntax (OID):	2.5.5.11
                	Value:	20210929084421.0Z
                	
                Operation:
                	Type:	Value Added
                	Correlation ID:	{EEACF4F0-4B8E-4A7D-AA14-3A4CD9F8325A}
                	Application Correlation ID:	-

ComputerName  : FRANK-ADC-04
EventID       : 5136
Title         : ADObject Modified
TimeGenerated : 9/29/2021 10:44:27 AM
Content       : A directory service object was modified.
                	
                Subject:
                	Security ID:		S-1-5-21-2956518221-444034542-2043350422-87305
                	Account Name:		EU1MB9903$
                	Account Domain:		ROAYA
                	Logon ID:		0xA38EDAFA
                
                Directory Service:
                	Name:	Roaya.loc
                	Type:	Active Directory Domain Services
                	
                Object:
                	DN:	CN=whiteeg.com Offline Address Book,CN=Offline Address Lists,CN=Address Lists 
                Container,CN=roaya,CN=Microsoft 
                Exchange,CN=Services,CN=Configuration,DC=Roaya,DC=loc
                	GUID:	{89FA2563-97E6-4EE3-A9E9-6693C939FBE0}
                	Class:	msExchOAB
                	
                Attribute:
                	LDAP Display Name:	msExchOABLastTouchedTime
                	Syntax (OID):	2.5.5.11
                	Value:	20210929040519.0Z
                	
                Operation:
                	Type:	Value Deleted
                	Correlation ID:	{EEACF4F0-4B8E-4A7D-AA14-3A4CD9F8325A}
                	Application Correlation ID:	-

ComputerName  : FRANK-PDC
EventID       : 4740
Title         : User locked out
TimeGenerated : 9/29/2021 10:44:25 AM
Content       : A user account was locked out.
                
                Subject:
                	Security ID:		S-1-5-18
                	Account Name:		FRANK-PDC$
                	Account Domain:		ROAYA
                	Logon ID:		0x3E7
                
                Account That Was Locked Out:
                	Security ID:		S-1-5-21-2956518221-444034542-2043350422-82715
                	Account Name:		saqr.qura1_ezz-eldee
                
                Additional Information:
                	Caller Computer Name:	EU1FE9333

ComputerName  : FRANK-ADC-04
EventID       : 5136
Title         : ADObject Modified
TimeGenerated : 9/29/2021 10:44:17 AM
Content       : A directory service object was modified.
                	
                Subject:
                	Security ID:		S-1-5-21-2956518221-444034542-2043350422-87305
                	Account Name:		EU1MB9903$
                	Account Domain:		ROAYA
                	Logon ID:		0xA38EDAFA
                
                Directory Service:
                	Name:	Roaya.loc
                	Type:	Active Directory Domain Services
                	
                Object:
                	DN:	CN=elamalsainai.com Offline Address Book,CN=Offline Address Lists,CN=Address 
                Lists Container,CN=roaya,CN=Microsoft 
                Exchange,CN=Services,CN=Configuration,DC=Roaya,DC=loc
                	GUID:	{A01CEE31-7545-42DA-BCB4-9E81F794A1C8}
                	Class:	msExchOAB
                	
                Attribute:
                	LDAP Display Name:	msExchOABLastTouchedTime
                	Syntax (OID):	2.5.5.11
                	Value:	20210929084408.0Z
                	
                Operation:
                	Type:	Value Added
                	Correlation ID:	{7F2D74E4-9FF2-48B2-97D5-54D96F7C1A99}
                	Application Correlation ID:	-

ComputerName  : FRANK-ADC-04
EventID       : 5136
Title         : ADObject Modified
TimeGenerated : 9/29/2021 10:44:17 AM
Content       : A directory service object was modified.
                	
                Subject:
                	Security ID:		S-1-5-21-2956518221-444034542-2043350422-87305
                	Account Name:		EU1MB9903$
                	Account Domain:		ROAYA
                	Logon ID:		0xA38EDAFA
                
                Directory Service:
                	Name:	Roaya.loc
                	Type:	Active Directory Domain Services
                	
                Object:
                	DN:	CN=elamalsainai.com Offline Address Book,CN=Offline Address Lists,CN=Address 
                Lists Container,CN=roaya,CN=Microsoft 
                Exchange,CN=Services,CN=Configuration,DC=Roaya,DC=loc
                	GUID:	{A01CEE31-7545-42DA-BCB4-9E81F794A1C8}
                	Class:	msExchOAB
                	
                Attribute:
                	LDAP Display Name:	msExchOABLastTouchedTime
                	Syntax (OID):	2.5.5.11
                	Value:	20210929040509.0Z
                	
                Operation:
                	Type:	Value Deleted
                	Correlation ID:	{7F2D74E4-9FF2-48B2-97D5-54D96F7C1A99}
                	Application Correlation ID:	-

ComputerName  : FRANK-ADC-04
EventID       : 5136
Title         : ADObject Modified
TimeGenerated : 9/29/2021 10:44:17 AM
Content       : A directory service object was modified.
                	
                Subject:
                	Security ID:		S-1-5-21-2956518221-444034542-2043350422-87305
                	Account Name:		EU1MB9903$
                	Account Domain:		ROAYA
                	Logon ID:		0xA38EDAFA
                
                Directory Service:
                	Name:	Roaya.loc
                	Type:	Active Directory Domain Services
                	
                Object:
                	DN:	CN=www.estiads.com Offline Address Book,CN=Offline Address Lists,CN=Address 
                Lists Container,CN=roaya,CN=Microsoft 
                Exchange,CN=Services,CN=Configuration,DC=Roaya,DC=loc
                	GUID:	{DD6243F9-3872-4907-9736-08F1F2976AD3}
                	Class:	msExchOAB
                	
                Attribute:
                	LDAP Display Name:	msExchOABLastTouchedTime
                	Syntax (OID):	2.5.5.11
                	Value:	20210929084416.0Z
                	
                Operation:
                	Type:	Value Added
                	Correlation ID:	{67028AD8-C716-4919-A199-7B8BFE50B5B7}
                	Application Correlation ID:	-

ComputerName  : FRANK-ADC-04
EventID       : 5136
Title         : ADObject Modified
TimeGenerated : 9/29/2021 10:44:17 AM
Content       : A directory service object was modified.
                	
                Subject:
                	Security ID:		S-1-5-21-2956518221-444034542-2043350422-87305
                	Account Name:		EU1MB9903$
                	Account Domain:		ROAYA
                	Logon ID:		0xA38EDAFA
                
                Directory Service:
                	Name:	Roaya.loc
                	Type:	Active Directory Domain Services
                	
                Object:
                	DN:	CN=www.estiads.com Offline Address Book,CN=Offline Address Lists,CN=Address 
                Lists Container,CN=roaya,CN=Microsoft 
                Exchange,CN=Services,CN=Configuration,DC=Roaya,DC=loc
                	GUID:	{DD6243F9-3872-4907-9736-08F1F2976AD3}
                	Class:	msExchOAB
                	
                Attribute:
                	LDAP Display Name:	msExchOABLastTouchedTime
                	Syntax (OID):	2.5.5.11
                	Value:	20210929040515.0Z
                	
                Operation:
                	Type:	Value Deleted
                	Correlation ID:	{67028AD8-C716-4919-A199-7B8BFE50B5B7}
                	Application Correlation ID:	-

ComputerName  : FRANK-ADC-04
EventID       : 5136
Title         : ADObject Modified
TimeGenerated : 9/29/2021 10:44:17 AM
Content       : A directory service object was modified.
                	
                Subject:
                	Security ID:		S-1-5-21-2956518221-444034542-2043350422-87305
                	Account Name:		EU1MB9903$
                	Account Domain:		ROAYA
                	Logon ID:		0xA38EDAFA
                
                Directory Service:
                	Name:	Roaya.loc
                	Type:	Active Directory Domain Services
                	
                Object:
                	DN:	CN=hjhh.jhhj Offline Address Book,CN=Offline Address Lists,CN=Address Lists 
                Container,CN=roaya,CN=Microsoft 
                Exchange,CN=Services,CN=Configuration,DC=Roaya,DC=loc
                	GUID:	{43B63DB8-5CDE-481D-A8F9-EC1B27C17FA9}
                	Class:	msExchOAB
                	
                Attribute:
                	LDAP Display Name:	msExchOABLastTouchedTime
                	Syntax (OID):	2.5.5.11
                	Value:	20210929084413.0Z
                	
                Operation:
                	Type:	Value Added
                	Correlation ID:	{D5A08C8C-E965-438C-9C06-C69FD83D048E}
                	Application Correlation ID:	-

ComputerName  : FRANK-ADC-04
EventID       : 5136
Title         : ADObject Modified
TimeGenerated : 9/29/2021 10:44:17 AM
Content       : A directory service object was modified.
                	
                Subject:
                	Security ID:		S-1-5-21-2956518221-444034542-2043350422-87305
                	Account Name:		EU1MB9903$
                	Account Domain:		ROAYA
                	Logon ID:		0xA38EDAFA
                
                Directory Service:
                	Name:	Roaya.loc
                	Type:	Active Directory Domain Services
                	
                Object:
                	DN:	CN=hjhh.jhhj Offline Address Book,CN=Offline Address Lists,CN=Address Lists 
                Container,CN=roaya,CN=Microsoft 
                Exchange,CN=Services,CN=Configuration,DC=Roaya,DC=loc
                	GUID:	{43B63DB8-5CDE-481D-A8F9-EC1B27C17FA9}
                	Class:	msExchOAB
                	
                Attribute:
                	LDAP Display Name:	msExchOABLastTouchedTime
                	Syntax (OID):	2.5.5.11
                	Value:	20210929040513.0Z
                	
                Operation:
                	Type:	Value Deleted
                	Correlation ID:	{D5A08C8C-E965-438C-9C06-C69FD83D048E}
                	Application Correlation ID:	-

ComputerName  : FRANK-ADC-04
EventID       : 5136
Title         : ADObject Modified
TimeGenerated : 9/29/2021 10:44:17 AM
Content       : A directory service object was modified.
                	
                Subject:
                	Security ID:		S-1-5-21-2956518221-444034542-2043350422-87305
                	Account Name:		EU1MB9903$
                	Account Domain:		ROAYA
                	Logon ID:		0xA38EDAFA
                
                Directory Service:
                	Name:	Roaya.loc
                	Type:	Active Directory Domain Services
                	
                Object:
                	DN:	CN=faraby.work Offline Address Book,CN=Offline Address Lists,CN=Address Lists 
                Container,CN=roaya,CN=Microsoft 
                Exchange,CN=Services,CN=Configuration,DC=Roaya,DC=loc
                	GUID:	{A2BFF3B2-CCA1-47F3-BE0D-B7A319DE16C1}
                	Class:	msExchOAB
                	
                Attribute:
                	LDAP Display Name:	msExchOABLastTouchedTime
                	Syntax (OID):	2.5.5.11
                	Value:	20210929084411.0Z
                	
                Operation:
                	Type:	Value Added
                	Correlation ID:	{0D9AA3BB-F07A-4E86-9919-C837090EEEBF}
                	Application Correlation ID:	-

ComputerName  : FRANK-ADC-04
EventID       : 5136
Title         : ADObject Modified
TimeGenerated : 9/29/2021 10:44:17 AM
Content       : A directory service object was modified.
                	
                Subject:
                	Security ID:		S-1-5-21-2956518221-444034542-2043350422-87305
                	Account Name:		EU1MB9903$
                	Account Domain:		ROAYA
                	Logon ID:		0xA38EDAFA
                
                Directory Service:
                	Name:	Roaya.loc
                	Type:	Active Directory Domain Services
                	
                Object:
                	DN:	CN=faraby.work Offline Address Book,CN=Offline Address Lists,CN=Address Lists 
                Container,CN=roaya,CN=Microsoft 
                Exchange,CN=Services,CN=Configuration,DC=Roaya,DC=loc
                	GUID:	{A2BFF3B2-CCA1-47F3-BE0D-B7A319DE16C1}
                	Class:	msExchOAB
                	
                Attribute:
                	LDAP Display Name:	msExchOABLastTouchedTime
                	Syntax (OID):	2.5.5.11
                	Value:	20210929040511.0Z
                	
                Operation:
                	Type:	Value Deleted
                	Correlation ID:	{0D9AA3BB-F07A-4E86-9919-C837090EEEBF}
                	Application Correlation ID:	-

ComputerName  : FRANK-PDC
EventID       : 4740
Title         : User locked out
TimeGenerated : 9/29/2021 10:44:12 AM
Content       : A user account was locked out.
                
                Subject:
                	Security ID:		S-1-5-18
                	Account Name:		FRANK-PDC$
                	Account Domain:		ROAYA
                	Logon ID:		0x3E7
                
                Account That Was Locked Out:
                	Security ID:		S-1-5-21-2956518221-444034542-2043350422-51318
                	Account Name:		doe_cleopatraluxurym
                
                Additional Information:
                	Caller Computer Name:	ENG

ComputerName  : FRANK-ADC-05
EventID       : 4740
Title         : User locked out
TimeGenerated : 9/29/2021 10:44:08 AM
Content       : A user account was locked out.
                
                Subject:
                	Security ID:		S-1-5-18
                	Account Name:		FRANK-ADC-05$
                	Account Domain:		ROAYA
                	Logon ID:		0x3E7
                
                Account That Was Locked Out:
                	Security ID:		S-1-5-21-2956518221-444034542-2043350422-30768
                	Account Name:		a_helmy_aswaqfathall
                
                Additional Information:
                	Caller Computer Name:	A-HELMY

ComputerName  : FRANK-ADC-04
EventID       : 5136
Title         : ADObject Modified
TimeGenerated : 9/29/2021 10:44:07 AM
Content       : A directory service object was modified.
                	
                Subject:
                	Security ID:		S-1-5-21-2956518221-444034542-2043350422-87305
                	Account Name:		EU1MB9903$
                	Account Domain:		ROAYA
                	Logon ID:		0xA38EDAFA
                
                Directory Service:
                	Name:	Roaya.loc
                	Type:	Active Directory Domain Services
                	
                Object:
                	DN:	CN=smartssoft.com Offline Address Book,CN=Offline Address Lists,CN=Address 
                Lists Container,CN=roaya,CN=Microsoft 
                Exchange,CN=Services,CN=Configuration,DC=Roaya,DC=loc
                	GUID:	{2E701EEE-C37E-4536-A073-1DD19AEF201C}
                	Class:	msExchOAB
                	
                Attribute:
                	LDAP Display Name:	msExchOABLastTouchedTime
                	Syntax (OID):	2.5.5.11
                	Value:	20210929084406.0Z
                	
                Operation:
                	Type:	Value Added
                	Correlation ID:	{0921539F-3A7C-4FF6-B0DE-CC308469488D}
                	Application Correlation ID:	-

ComputerName  : FRANK-ADC-04
EventID       : 5136
Title         : ADObject Modified
TimeGenerated : 9/29/2021 10:44:07 AM
Content       : A directory service object was modified.
                	
                Subject:
                	Security ID:		S-1-5-21-2956518221-444034542-2043350422-87305
                	Account Name:		EU1MB9903$
                	Account Domain:		ROAYA
                	Logon ID:		0xA38EDAFA
                
                Directory Service:
                	Name:	Roaya.loc
                	Type:	Active Directory Domain Services
                	
                Object:
                	DN:	CN=smartssoft.com Offline Address Book,CN=Offline Address Lists,CN=Address 
                Lists Container,CN=roaya,CN=Microsoft 
                Exchange,CN=Services,CN=Configuration,DC=Roaya,DC=loc
                	GUID:	{2E701EEE-C37E-4536-A073-1DD19AEF201C}
                	Class:	msExchOAB
                	
                Attribute:
                	LDAP Display Name:	msExchOABLastTouchedTime
                	Syntax (OID):	2.5.5.11
                	Value:	20210929040507.0Z
                	
                Operation:
                	Type:	Value Deleted
                	Correlation ID:	{0921539F-3A7C-4FF6-B0DE-CC308469488D}
                	Application Correlation ID:	-

ComputerName  : FRANK-ADC-04
EventID       : 5136
Title         : ADObject Modified
TimeGenerated : 9/29/2021 10:44:07 AM
Content       : A directory service object was modified.
                	
                Subject:
                	Security ID:		S-1-5-21-2956518221-444034542-2043350422-87305
                	Account Name:		EU1MB9903$
                	Account Domain:		ROAYA
                	Logon ID:		0xA38EDAFA
                
                Directory Service:
                	Name:	Roaya.loc
                	Type:	Active Directory Domain Services
                	
                Object:
                	DN:	CN=ba.baa Offline Address Book,CN=Offline Address Lists,CN=Address Lists 
                Container,CN=roaya,CN=Microsoft 
                Exchange,CN=Services,CN=Configuration,DC=Roaya,DC=loc
                	GUID:	{653726E9-388C-4D8F-B804-DDF1030C5DF4}
                	Class:	msExchOAB
                	
                Attribute:
                	LDAP Display Name:	msExchOABLastTouchedTime
                	Syntax (OID):	2.5.5.11
                	Value:	20210929084403.0Z
                	
                Operation:
                	Type:	Value Added
                	Correlation ID:	{176813A5-11C7-4F8A-95C4-1011A371AFDE}
                	Application Correlation ID:	-

ComputerName  : FRANK-ADC-04
EventID       : 5136
Title         : ADObject Modified
TimeGenerated : 9/29/2021 10:44:07 AM
Content       : A directory service object was modified.
                	
                Subject:
                	Security ID:		S-1-5-21-2956518221-444034542-2043350422-87305
                	Account Name:		EU1MB9903$
                	Account Domain:		ROAYA
                	Logon ID:		0xA38EDAFA
                
                Directory Service:
                	Name:	Roaya.loc
                	Type:	Active Directory Domain Services
                	
                Object:
                	DN:	CN=ba.baa Offline Address Book,CN=Offline Address Lists,CN=Address Lists 
                Container,CN=roaya,CN=Microsoft 
                Exchange,CN=Services,CN=Configuration,DC=Roaya,DC=loc
                	GUID:	{653726E9-388C-4D8F-B804-DDF1030C5DF4}
                	Class:	msExchOAB
                	
                Attribute:
                	LDAP Display Name:	msExchOABLastTouchedTime
                	Syntax (OID):	2.5.5.11
                	Value:	20210929040505.0Z
                	
                Operation:
                	Type:	Value Deleted
                	Correlation ID:	{176813A5-11C7-4F8A-95C4-1011A371AFDE}
                	Application Correlation ID:	-

ComputerName  : FRANK-ADC-04
EventID       : 5136
Title         : ADObject Modified
TimeGenerated : 9/29/2021 10:44:07 AM
Content       : A directory service object was modified.
                	
                Subject:
                	Security ID:		S-1-5-21-2956518221-444034542-2043350422-87305
                	Account Name:		EU1MB9903$
                	Account Domain:		ROAYA
                	Logon ID:		0xA38EDAFA
                
                Directory Service:
                	Name:	Roaya.loc
                	Type:	Active Directory Domain Services
                	
                Object:
                	DN:	CN=dadadadad.dadada Offline Address Book,CN=Offline Address Lists,CN=Address 
                Lists Container,CN=roaya,CN=Microsoft 
                Exchange,CN=Services,CN=Configuration,DC=Roaya,DC=loc
                	GUID:	{17A3DB0B-C588-4EEE-8265-8581342A1A57}
                	Class:	msExchOAB
                	
                Attribute:
                	LDAP Display Name:	msExchOABLastTouchedTime
                	Syntax (OID):	2.5.5.11
                	Value:	20210929084401.0Z
                	
                Operation:
                	Type:	Value Added
                	Correlation ID:	{072655EF-B82F-494C-978B-BBC35E58F582}
                	Application Correlation ID:	-

ComputerName  : FRANK-ADC-04
EventID       : 5136
Title         : ADObject Modified
TimeGenerated : 9/29/2021 10:44:07 AM
Content       : A directory service object was modified.
                	
                Subject:
                	Security ID:		S-1-5-21-2956518221-444034542-2043350422-87305
                	Account Name:		EU1MB9903$
                	Account Domain:		ROAYA
                	Logon ID:		0xA38EDAFA
                
                Directory Service:
                	Name:	Roaya.loc
                	Type:	Active Directory Domain Services
                	
                Object:
                	DN:	CN=dadadadad.dadada Offline Address Book,CN=Offline Address Lists,CN=Address 
                Lists Container,CN=roaya,CN=Microsoft 
                Exchange,CN=Services,CN=Configuration,DC=Roaya,DC=loc
                	GUID:	{17A3DB0B-C588-4EEE-8265-8581342A1A57}
                	Class:	msExchOAB
                	
                Attribute:
                	LDAP Display Name:	msExchOABLastTouchedTime
                	Syntax (OID):	2.5.5.11
                	Value:	20210929040503.0Z
                	
                Operation:
                	Type:	Value Deleted
                	Correlation ID:	{072655EF-B82F-494C-978B-BBC35E58F582}
                	Application Correlation ID:	-

ComputerName  : FRANK-ADC-04
EventID       : 5136
Title         : ADObject Modified
TimeGenerated : 9/29/2021 10:43:57 AM
Content       : A directory service object was modified.
                	
                Subject:
                	Security ID:		S-1-5-21-2956518221-444034542-2043350422-87305
                	Account Name:		EU1MB9903$
                	Account Domain:		ROAYA
                	Logon ID:		0xA38EDAFA
                
                Directory Service:
                	Name:	Roaya.loc
                	Type:	Active Directory Domain Services
                	
                Object:
                	DN:	CN=testbugh.testbugh Offline Address Book,CN=Offline Address Lists,CN=Address 
                Lists Container,CN=roaya,CN=Microsoft 
                Exchange,CN=Services,CN=Configuration,DC=Roaya,DC=loc
                	GUID:	{CA84F55D-8356-4361-BC4F-0366B527FB8C}
                	Class:	msExchOAB
                	
                Attribute:
                	LDAP Display Name:	msExchConfigurationXML
                	Syntax (OID):	2.5.5.12
                	Value:	<OfflineAddressBookConfigXML><ManifestVersion><AddressLists 
                AddressListId="ab39fb4b-f232-4048-8e8c-764d6e38c121" Sequence="518" 
                /></ManifestVersion><LastFailedTime p2:nil="true" 
                xmlns:p2="http://www.w3.org/2001/XMLSchema-instance" /><LastGeneratingData><Mailbox
                Guid>feea8dd2-5615-42ce-a176-1f29ddbca752</MailboxGuid><DatabaseGuid>77c5ed34-31bb-
                4d80-988c-932fec22ef7e</DatabaseGuid><ServerFqdn>EU1MB9903.Roaya.loc</ServerFqdn></
                LastGeneratingData><HttpHomeMdbLastProcessedBucket>0</HttpHomeMdbLastProcessedBucke
                t><FullOabDownloadPreventionThreshold>0</FullOabDownloadPreventionThreshold><ZipOab
                FilesBeforeUploading>false</ZipOabFilesBeforeUploading></OfflineAddressBookConfigXM
                L>
                	
                Operation:
                	Type:	Value Added
                	Correlation ID:	{1F61FEBF-5584-4ED6-B07A-CE13D227C489}
                	Application Correlation ID:	-

ComputerName  : FRANK-ADC-04
EventID       : 5136
Title         : ADObject Modified
TimeGenerated : 9/29/2021 10:43:57 AM
Content       : A directory service object was modified.
                	
                Subject:
                	Security ID:		S-1-5-21-2956518221-444034542-2043350422-87305
                	Account Name:		EU1MB9903$
                	Account Domain:		ROAYA
                	Logon ID:		0xA38EDAFA
                
                Directory Service:
                	Name:	Roaya.loc
                	Type:	Active Directory Domain Services
                	
                Object:
                	DN:	CN=testbugh.testbugh Offline Address Book,CN=Offline Address Lists,CN=Address 
                Lists Container,CN=roaya,CN=Microsoft 
                Exchange,CN=Services,CN=Configuration,DC=Roaya,DC=loc
                	GUID:	{CA84F55D-8356-4361-BC4F-0366B527FB8C}
                	Class:	msExchOAB
                	
                Attribute:
                	LDAP Display Name:	msExchConfigurationXML
                	Syntax (OID):	2.5.5.12
                	Value:	<OfflineAddressBookConfigXML><ManifestVersion><AddressLists 
                AddressListId="ab39fb4b-f232-4048-8e8c-764d6e38c121" Sequence="517" 
                /></ManifestVersion><LastFailedTime p2:nil="true" 
                xmlns:p2="http://www.w3.org/2001/XMLSchema-instance" /><LastGeneratingData><Mailbox
                Guid>feea8dd2-5615-42ce-a176-1f29ddbca752</MailboxGuid><DatabaseGuid>77c5ed34-31bb-
                4d80-988c-932fec22ef7e</DatabaseGuid><ServerFqdn>EU1MB9903.Roaya.loc</ServerFqdn></
                LastGeneratingData><HttpHomeMdbLastProcessedBucket>0</HttpHomeMdbLastProcessedBucke
                t><FullOabDownloadPreventionThreshold>0</FullOabDownloadPreventionThreshold><ZipOab
                FilesBeforeUploading>false</ZipOabFilesBeforeUploading></OfflineAddressBookConfigXM
                L>
                	
                Operation:
                	Type:	Value Deleted
                	Correlation ID:	{1F61FEBF-5584-4ED6-B07A-CE13D227C489}
                	Application Correlation ID:	-

