ComputerName  : FRANK-PDC
EventID       : 5136
Title         : ADObject Modified
TimeGenerated : 8/5/2021 1:50:54 PM
Content       : A directory service object was modified.
                	
                Subject:
                	Security ID:		S-1-5-21-2956518221-444034542-2043350422-87305
                	Account Name:		EU1MB9903$
                	Account Domain:		ROAYA
                	Logon ID:		0x2CF7F215F
                
                Directory Service:
                	Name:	Roaya.loc
                	Type:	Active Directory Domain Services
                	
                Object:
                	DN:	CN=second22.com Offline Address Book,CN=Offline Address Lists,CN=Address Lists 
                Container,CN=roaya,CN=Microsoft Exchange,CN=Services,CN=Configuration,DC=Roaya,DC=loc
                	GUID:	{A62CD129-7FAF-4DBD-9770-034D8FE506F4}
                	Class:	msExchOAB
                	
                Attribute:
                	LDAP Display Name:	msExchOABLastTouchedTime
                	Syntax (OID):	2.5.5.11
                	Value:	20210805115053.0Z
                	
                Operation:
                	Type:	Value Added
                	Correlation ID:	{DE8979A0-866D-4825-B13D-FF43DE2E2210}
                	Application Correlation ID:	-

ComputerName  : FRANK-PDC
EventID       : 5136
Title         : ADObject Modified
TimeGenerated : 8/5/2021 1:50:54 PM
Content       : A directory service object was modified.
                	
                Subject:
                	Security ID:		S-1-5-21-2956518221-444034542-2043350422-87305
                	Account Name:		EU1MB9903$
                	Account Domain:		ROAYA
                	Logon ID:		0x2CF7F215F
                
                Directory Service:
                	Name:	Roaya.loc
                	Type:	Active Directory Domain Services
                	
                Object:
                	DN:	CN=second22.com Offline Address Book,CN=Offline Address Lists,CN=Address Lists 
                Container,CN=roaya,CN=Microsoft Exchange,CN=Services,CN=Configuration,DC=Roaya,DC=loc
                	GUID:	{A62CD129-7FAF-4DBD-9770-034D8FE506F4}
                	Class:	msExchOAB
                	
                Attribute:
                	LDAP Display Name:	msExchOABLastTouchedTime
                	Syntax (OID):	2.5.5.11
                	Value:	20210805052802.0Z
                	
                Operation:
                	Type:	Value Deleted
                	Correlation ID:	{DE8979A0-866D-4825-B13D-FF43DE2E2210}
                	Application Correlation ID:	-

ComputerName  : FRANK-PDC
EventID       : 5136
Title         : ADObject Modified
TimeGenerated : 8/5/2021 1:50:54 PM
Content       : A directory service object was modified.
                	
                Subject:
                	Security ID:		S-1-5-21-2956518221-444034542-2043350422-87305
                	Account Name:		EU1MB9903$
                	Account Domain:		ROAYA
                	Logon ID:		0x2CF7F215F
                
                Directory Service:
                	Name:	Roaya.loc
                	Type:	Active Directory Domain Services
                	
                Object:
                	DN:	CN=13judy.com Offline Address Book,CN=Offline Address Lists,CN=Address Lists 
                Container,CN=roaya,CN=Microsoft Exchange,CN=Services,CN=Configuration,DC=Roaya,DC=loc
                	GUID:	{1A9C25F7-F9D5-4BC3-B33C-1349BBF0E863}
                	Class:	msExchOAB
                	
                Attribute:
                	LDAP Display Name:	msExchOABLastTouchedTime
                	Syntax (OID):	2.5.5.11
                	Value:	20210805115101.0Z
                	
                Operation:
                	Type:	Value Added
                	Correlation ID:	{1D5209E6-F494-448A-95A6-B8C3D363C88A}
                	Application Correlation ID:	-

ComputerName  : FRANK-PDC
EventID       : 5136
Title         : ADObject Modified
TimeGenerated : 8/5/2021 1:50:54 PM
Content       : A directory service object was modified.
                	
                Subject:
                	Security ID:		S-1-5-21-2956518221-444034542-2043350422-87305
                	Account Name:		EU1MB9903$
                	Account Domain:		ROAYA
                	Logon ID:		0x2CF7F215F
                
                Directory Service:
                	Name:	Roaya.loc
                	Type:	Active Directory Domain Services
                	
                Object:
                	DN:	CN=13judy.com Offline Address Book,CN=Offline Address Lists,CN=Address Lists 
                Container,CN=roaya,CN=Microsoft Exchange,CN=Services,CN=Configuration,DC=Roaya,DC=loc
                	GUID:	{1A9C25F7-F9D5-4BC3-B33C-1349BBF0E863}
                	Class:	msExchOAB
                	
                Attribute:
                	LDAP Display Name:	msExchOABLastTouchedTime
                	Syntax (OID):	2.5.5.11
                	Value:	20210805052808.0Z
                	
                Operation:
                	Type:	Value Deleted
                	Correlation ID:	{1D5209E6-F494-448A-95A6-B8C3D363C88A}
                	Application Correlation ID:	-

ComputerName  : FRANK-PDC
EventID       : 5136
Title         : ADObject Modified
TimeGenerated : 8/5/2021 1:50:44 PM
Content       : A directory service object was modified.
                	
                Subject:
                	Security ID:		S-1-5-21-2956518221-444034542-2043350422-87305
                	Account Name:		EU1MB9903$
                	Account Domain:		ROAYA
                	Logon ID:		0x2CF7F215F
                
                Directory Service:
                	Name:	Roaya.loc
                	Type:	Active Directory Domain Services
                	
                Object:
                	DN:	CN=raatrading.com Offline Address Book,CN=Offline Address Lists,CN=Address Lists 
                Container,CN=roaya,CN=Microsoft Exchange,CN=Services,CN=Configuration,DC=Roaya,DC=loc
                	GUID:	{09776BA7-9A03-4688-8984-ED5958B361A5}
                	Class:	msExchOAB
                	
                Attribute:
                	LDAP Display Name:	msExchConfigurationXML
                	Syntax (OID):	2.5.5.12
                	Value:	<OfflineAddressBookConfigXML><ManifestVersion><AddressLists 
                AddressListId="cbc6d237-ec84-4909-8b1f-73e663064bf2" Sequence="555" 
                /></ManifestVersion><LastFailedTime p2:nil="true" xmlns:p2="http://www.w3.org/2001/XMLSchema-instance" 
                /><LastGeneratingData><MailboxGuid>feea8dd2-5615-42ce-a176-1f29ddbca752</MailboxGuid><DatabaseGuid>77c5
                ed34-31bb-4d80-988c-932fec22ef7e</DatabaseGuid><ServerFqdn>EU1MB9903.Roaya.loc</ServerFqdn></LastGenera
                tingData><HttpHomeMdbLastProcessedBucket>0</HttpHomeMdbLastProcessedBucket><FullOabDownloadPreventionTh
                reshold>0</FullOabDownloadPreventionThreshold><ZipOabFilesBeforeUploading>false</ZipOabFilesBeforeUploa
                ding></OfflineAddressBookConfigXML>
                	
                Operation:
                	Type:	Value Added
                	Correlation ID:	{A85FFCD8-81FE-4C73-BE53-05C282737800}
                	Application Correlation ID:	-

ComputerName  : FRANK-PDC
EventID       : 5136
Title         : ADObject Modified
TimeGenerated : 8/5/2021 1:50:44 PM
Content       : A directory service object was modified.
                	
                Subject:
                	Security ID:		S-1-5-21-2956518221-444034542-2043350422-87305
                	Account Name:		EU1MB9903$
                	Account Domain:		ROAYA
                	Logon ID:		0x2CF7F215F
                
                Directory Service:
                	Name:	Roaya.loc
                	Type:	Active Directory Domain Services
                	
                Object:
                	DN:	CN=raatrading.com Offline Address Book,CN=Offline Address Lists,CN=Address Lists 
                Container,CN=roaya,CN=Microsoft Exchange,CN=Services,CN=Configuration,DC=Roaya,DC=loc
                	GUID:	{09776BA7-9A03-4688-8984-ED5958B361A5}
                	Class:	msExchOAB
                	
                Attribute:
                	LDAP Display Name:	msExchConfigurationXML
                	Syntax (OID):	2.5.5.12
                	Value:	<OfflineAddressBookConfigXML><ManifestVersion><AddressLists 
                AddressListId="cbc6d237-ec84-4909-8b1f-73e663064bf2" Sequence="554" 
                /></ManifestVersion><LastFailedTime p2:nil="true" xmlns:p2="http://www.w3.org/2001/XMLSchema-instance" 
                /><LastGeneratingData><MailboxGuid>feea8dd2-5615-42ce-a176-1f29ddbca752</MailboxGuid><DatabaseGuid>77c5
                ed34-31bb-4d80-988c-932fec22ef7e</DatabaseGuid><ServerFqdn>EU1MB9903.Roaya.loc</ServerFqdn></LastGenera
                tingData><HttpHomeMdbLastProcessedBucket>0</HttpHomeMdbLastProcessedBucket><FullOabDownloadPreventionTh
                reshold>0</FullOabDownloadPreventionThreshold><ZipOabFilesBeforeUploading>false</ZipOabFilesBeforeUploa
                ding></OfflineAddressBookConfigXML>
                	
                Operation:
                	Type:	Value Deleted
                	Correlation ID:	{A85FFCD8-81FE-4C73-BE53-05C282737800}
                	Application Correlation ID:	-

ComputerName  : FRANK-PDC
EventID       : 5136
Title         : ADObject Modified
TimeGenerated : 8/5/2021 1:50:44 PM
Content       : A directory service object was modified.
                	
                Subject:
                	Security ID:		S-1-5-21-2956518221-444034542-2043350422-87305
                	Account Name:		EU1MB9903$
                	Account Domain:		ROAYA
                	Logon ID:		0x2CF7F215F
                
                Directory Service:
                	Name:	Roaya.loc
                	Type:	Active Directory Domain Services
                	
                Object:
                	DN:	CN=raatrading.com Offline Address Book,CN=Offline Address Lists,CN=Address Lists 
                Container,CN=roaya,CN=Microsoft Exchange,CN=Services,CN=Configuration,DC=Roaya,DC=loc
                	GUID:	{09776BA7-9A03-4688-8984-ED5958B361A5}
                	Class:	msExchOAB
                	
                Attribute:
                	LDAP Display Name:	msExchOABLastTouchedTime
                	Syntax (OID):	2.5.5.11
                	Value:	20210805115042.0Z
                	
                Operation:
                	Type:	Value Added
                	Correlation ID:	{A85FFCD8-81FE-4C73-BE53-05C282737800}
                	Application Correlation ID:	-

ComputerName  : FRANK-PDC
EventID       : 5136
Title         : ADObject Modified
TimeGenerated : 8/5/2021 1:50:44 PM
Content       : A directory service object was modified.
                	
                Subject:
                	Security ID:		S-1-5-21-2956518221-444034542-2043350422-87305
                	Account Name:		EU1MB9903$
                	Account Domain:		ROAYA
                	Logon ID:		0x2CF7F215F
                
                Directory Service:
                	Name:	Roaya.loc
                	Type:	Active Directory Domain Services
                	
                Object:
                	DN:	CN=raatrading.com Offline Address Book,CN=Offline Address Lists,CN=Address Lists 
                Container,CN=roaya,CN=Microsoft Exchange,CN=Services,CN=Configuration,DC=Roaya,DC=loc
                	GUID:	{09776BA7-9A03-4688-8984-ED5958B361A5}
                	Class:	msExchOAB
                	
                Attribute:
                	LDAP Display Name:	msExchOABLastTouchedTime
                	Syntax (OID):	2.5.5.11
                	Value:	20210805052753.0Z
                	
                Operation:
                	Type:	Value Deleted
                	Correlation ID:	{A85FFCD8-81FE-4C73-BE53-05C282737800}
                	Application Correlation ID:	-

ComputerName  : FRANK-PDC
EventID       : 5136
Title         : ADObject Modified
TimeGenerated : 8/5/2021 1:50:44 PM
Content       : A directory service object was modified.
                	
                Subject:
                	Security ID:		S-1-5-21-2956518221-444034542-2043350422-87305
                	Account Name:		EU1MB9903$
                	Account Domain:		ROAYA
                	Logon ID:		0x2CF7F215F
                
                Directory Service:
                	Name:	Roaya.loc
                	Type:	Active Directory Domain Services
                	
                Object:
                	DN:	CN=sarafinalthree.co Offline Address Book,CN=Offline Address Lists,CN=Address Lists 
                Container,CN=roaya,CN=Microsoft Exchange,CN=Services,CN=Configuration,DC=Roaya,DC=loc
                	GUID:	{802C5F93-090E-4260-9F30-3C04571C2C5A}
                	Class:	msExchOAB
                	
                Attribute:
                	LDAP Display Name:	msExchOABLastTouchedTime
                	Syntax (OID):	2.5.5.11
                	Value:	20210805115049.0Z
                	
                Operation:
                	Type:	Value Added
                	Correlation ID:	{0E3A719C-A17C-45D7-9E2A-471A3928FC7B}
                	Application Correlation ID:	-

ComputerName  : FRANK-PDC
EventID       : 5136
Title         : ADObject Modified
TimeGenerated : 8/5/2021 1:50:44 PM
Content       : A directory service object was modified.
                	
                Subject:
                	Security ID:		S-1-5-21-2956518221-444034542-2043350422-87305
                	Account Name:		EU1MB9903$
                	Account Domain:		ROAYA
                	Logon ID:		0x2CF7F215F
                
                Directory Service:
                	Name:	Roaya.loc
                	Type:	Active Directory Domain Services
                	
                Object:
                	DN:	CN=sarafinalthree.co Offline Address Book,CN=Offline Address Lists,CN=Address Lists 
                Container,CN=roaya,CN=Microsoft Exchange,CN=Services,CN=Configuration,DC=Roaya,DC=loc
                	GUID:	{802C5F93-090E-4260-9F30-3C04571C2C5A}
                	Class:	msExchOAB
                	
                Attribute:
                	LDAP Display Name:	msExchOABLastTouchedTime
                	Syntax (OID):	2.5.5.11
                	Value:	20210805052759.0Z
                	
                Operation:
                	Type:	Value Deleted
                	Correlation ID:	{0E3A719C-A17C-45D7-9E2A-471A3928FC7B}
                	Application Correlation ID:	-

ComputerName  : FRANK-PDC
EventID       : 4740
Title         : User locked out
TimeGenerated : 8/5/2021 1:50:41 PM
Content       : A user account was locked out.
                
                Subject:
                	Security ID:		S-1-5-18
                	Account Name:		FRANK-PDC$
                	Account Domain:		ROAYA
                	Logon ID:		0x3E7
                
                Account That Was Locked Out:
                	Security ID:		S-1-5-21-2956518221-444034542-2043350422-20137
                	Account Name:		import
                
                Additional Information:
                	Caller Computer Name:	IMPORTNESSMA641

ComputerName  : FRANK-PDC
EventID       : 5136
Title         : ADObject Modified
TimeGenerated : 8/5/2021 1:50:34 PM
Content       : A directory service object was modified.
                	
                Subject:
                	Security ID:		S-1-5-21-2956518221-444034542-2043350422-87305
                	Account Name:		EU1MB9903$
                	Account Domain:		ROAYA
                	Logon ID:		0x2CF7F215F
                
                Directory Service:
                	Name:	Roaya.loc
                	Type:	Active Directory Domain Services
                	
                Object:
                	DN:	CN=developers-egypt.com Offline Address Book,CN=Offline Address Lists,CN=Address Lists 
                Container,CN=roaya,CN=Microsoft Exchange,CN=Services,CN=Configuration,DC=Roaya,DC=loc
                	GUID:	{839CBCFA-1EA7-43EC-BCB5-8A799EC9DF04}
                	Class:	msExchOAB
                	
                Attribute:
                	LDAP Display Name:	msExchConfigurationXML
                	Syntax (OID):	2.5.5.12
                	Value:	<OfflineAddressBookConfigXML><ManifestVersion><AddressLists 
                AddressListId="ef38e811-2fe3-495e-b9f2-d66dd0403839" Sequence="535" 
                /></ManifestVersion><LastFailedTime p2:nil="true" xmlns:p2="http://www.w3.org/2001/XMLSchema-instance" 
                /><LastGeneratingData><MailboxGuid>feea8dd2-5615-42ce-a176-1f29ddbca752</MailboxGuid><DatabaseGuid>77c5
                ed34-31bb-4d80-988c-932fec22ef7e</DatabaseGuid><ServerFqdn>EU1MB9903.Roaya.loc</ServerFqdn></LastGenera
                tingData><HttpHomeMdbLastProcessedBucket>0</HttpHomeMdbLastProcessedBucket><FullOabDownloadPreventionTh
                reshold>0</FullOabDownloadPreventionThreshold><ZipOabFilesBeforeUploading>false</ZipOabFilesBeforeUploa
                ding></OfflineAddressBookConfigXML>
                	
                Operation:
                	Type:	Value Added
                	Correlation ID:	{2E10FB5F-9F56-4ECB-BF47-24E79AA7611D}
                	Application Correlation ID:	-

ComputerName  : FRANK-PDC
EventID       : 5136
Title         : ADObject Modified
TimeGenerated : 8/5/2021 1:50:34 PM
Content       : A directory service object was modified.
                	
                Subject:
                	Security ID:		S-1-5-21-2956518221-444034542-2043350422-87305
                	Account Name:		EU1MB9903$
                	Account Domain:		ROAYA
                	Logon ID:		0x2CF7F215F
                
                Directory Service:
                	Name:	Roaya.loc
                	Type:	Active Directory Domain Services
                	
                Object:
                	DN:	CN=developers-egypt.com Offline Address Book,CN=Offline Address Lists,CN=Address Lists 
                Container,CN=roaya,CN=Microsoft Exchange,CN=Services,CN=Configuration,DC=Roaya,DC=loc
                	GUID:	{839CBCFA-1EA7-43EC-BCB5-8A799EC9DF04}
                	Class:	msExchOAB
                	
                Attribute:
                	LDAP Display Name:	msExchConfigurationXML
                	Syntax (OID):	2.5.5.12
                	Value:	<OfflineAddressBookConfigXML><ManifestVersion><AddressLists 
                AddressListId="ef38e811-2fe3-495e-b9f2-d66dd0403839" Sequence="534" 
                /></ManifestVersion><LastFailedTime p2:nil="true" xmlns:p2="http://www.w3.org/2001/XMLSchema-instance" 
                /><LastGeneratingData><MailboxGuid>feea8dd2-5615-42ce-a176-1f29ddbca752</MailboxGuid><DatabaseGuid>77c5
                ed34-31bb-4d80-988c-932fec22ef7e</DatabaseGuid><ServerFqdn>EU1MB9903.Roaya.loc</ServerFqdn></LastGenera
                tingData><HttpHomeMdbLastProcessedBucket>0</HttpHomeMdbLastProcessedBucket><FullOabDownloadPreventionTh
                reshold>0</FullOabDownloadPreventionThreshold><ZipOabFilesBeforeUploading>false</ZipOabFilesBeforeUploa
                ding></OfflineAddressBookConfigXML>
                	
                Operation:
                	Type:	Value Deleted
                	Correlation ID:	{2E10FB5F-9F56-4ECB-BF47-24E79AA7611D}
                	Application Correlation ID:	-

ComputerName  : FRANK-PDC
EventID       : 5136
Title         : ADObject Modified
TimeGenerated : 8/5/2021 1:50:34 PM
Content       : A directory service object was modified.
                	
                Subject:
                	Security ID:		S-1-5-21-2956518221-444034542-2043350422-87305
                	Account Name:		EU1MB9903$
                	Account Domain:		ROAYA
                	Logon ID:		0x2CF7F215F
                
                Directory Service:
                	Name:	Roaya.loc
                	Type:	Active Directory Domain Services
                	
                Object:
                	DN:	CN=developers-egypt.com Offline Address Book,CN=Offline Address Lists,CN=Address Lists 
                Container,CN=roaya,CN=Microsoft Exchange,CN=Services,CN=Configuration,DC=Roaya,DC=loc
                	GUID:	{839CBCFA-1EA7-43EC-BCB5-8A799EC9DF04}
                	Class:	msExchOAB
                	
                Attribute:
                	LDAP Display Name:	msExchOABLastTouchedTime
                	Syntax (OID):	2.5.5.11
                	Value:	20210805115034.0Z
                	
                Operation:
                	Type:	Value Added
                	Correlation ID:	{2E10FB5F-9F56-4ECB-BF47-24E79AA7611D}
                	Application Correlation ID:	-

ComputerName  : FRANK-PDC
EventID       : 5136
Title         : ADObject Modified
TimeGenerated : 8/5/2021 1:50:34 PM
Content       : A directory service object was modified.
                	
                Subject:
                	Security ID:		S-1-5-21-2956518221-444034542-2043350422-87305
                	Account Name:		EU1MB9903$
                	Account Domain:		ROAYA
                	Logon ID:		0x2CF7F215F
                
                Directory Service:
                	Name:	Roaya.loc
                	Type:	Active Directory Domain Services
                	
                Object:
                	DN:	CN=developers-egypt.com Offline Address Book,CN=Offline Address Lists,CN=Address Lists 
                Container,CN=roaya,CN=Microsoft Exchange,CN=Services,CN=Configuration,DC=Roaya,DC=loc
                	GUID:	{839CBCFA-1EA7-43EC-BCB5-8A799EC9DF04}
                	Class:	msExchOAB
                	
                Attribute:
                	LDAP Display Name:	msExchOABLastTouchedTime
                	Syntax (OID):	2.5.5.11
                	Value:	20210805052746.0Z
                	
                Operation:
                	Type:	Value Deleted
                	Correlation ID:	{2E10FB5F-9F56-4ECB-BF47-24E79AA7611D}
                	Application Correlation ID:	-

ComputerName  : FRANK-PDC
EventID       : 5136
Title         : ADObject Modified
TimeGenerated : 8/5/2021 1:50:24 PM
Content       : A directory service object was modified.
                	
                Subject:
                	Security ID:		S-1-5-21-2956518221-444034542-2043350422-87305
                	Account Name:		EU1MB9903$
                	Account Domain:		ROAYA
                	Logon ID:		0x2CF7F215F
                
                Directory Service:
                	Name:	Roaya.loc
                	Type:	Active Directory Domain Services
                	
                Object:
                	DN:	CN=tttttt.com Offline Address Book,CN=Offline Address Lists,CN=Address Lists 
                Container,CN=roaya,CN=Microsoft Exchange,CN=Services,CN=Configuration,DC=Roaya,DC=loc
                	GUID:	{78EF047F-8DB9-4623-8EDC-A9988602EA94}
                	Class:	msExchOAB
                	
                Attribute:
                	LDAP Display Name:	msExchConfigurationXML
                	Syntax (OID):	2.5.5.12
                	Value:	<OfflineAddressBookConfigXML><ManifestVersion><AddressLists 
                AddressListId="9f342137-9973-4488-9f19-69cc54e0476e" Sequence="407" 
                /></ManifestVersion><LastFailedTime p2:nil="true" xmlns:p2="http://www.w3.org/2001/XMLSchema-instance" 
                /><LastGeneratingData><MailboxGuid>feea8dd2-5615-42ce-a176-1f29ddbca752</MailboxGuid><DatabaseGuid>77c5
                ed34-31bb-4d80-988c-932fec22ef7e</DatabaseGuid><ServerFqdn>EU1MB9903.Roaya.loc</ServerFqdn></LastGenera
                tingData><HttpHomeMdbLastProcessedBucket>0</HttpHomeMdbLastProcessedBucket><FullOabDownloadPreventionTh
                reshold>0</FullOabDownloadPreventionThreshold><ZipOabFilesBeforeUploading>false</ZipOabFilesBeforeUploa
                ding></OfflineAddressBookConfigXML>
                	
                Operation:
                	Type:	Value Added
                	Correlation ID:	{7BAFC694-A4D3-42EB-AC09-9F74A7930E17}
                	Application Correlation ID:	-

ComputerName  : FRANK-PDC
EventID       : 5136
Title         : ADObject Modified
TimeGenerated : 8/5/2021 1:50:24 PM
Content       : A directory service object was modified.
                	
                Subject:
                	Security ID:		S-1-5-21-2956518221-444034542-2043350422-87305
                	Account Name:		EU1MB9903$
                	Account Domain:		ROAYA
                	Logon ID:		0x2CF7F215F
                
                Directory Service:
                	Name:	Roaya.loc
                	Type:	Active Directory Domain Services
                	
                Object:
                	DN:	CN=tttttt.com Offline Address Book,CN=Offline Address Lists,CN=Address Lists 
                Container,CN=roaya,CN=Microsoft Exchange,CN=Services,CN=Configuration,DC=Roaya,DC=loc
                	GUID:	{78EF047F-8DB9-4623-8EDC-A9988602EA94}
                	Class:	msExchOAB
                	
                Attribute:
                	LDAP Display Name:	msExchConfigurationXML
                	Syntax (OID):	2.5.5.12
                	Value:	<OfflineAddressBookConfigXML><ManifestVersion><AddressLists 
                AddressListId="9f342137-9973-4488-9f19-69cc54e0476e" Sequence="406" 
                /></ManifestVersion><LastFailedTime p2:nil="true" xmlns:p2="http://www.w3.org/2001/XMLSchema-instance" 
                /><LastGeneratingData><MailboxGuid>feea8dd2-5615-42ce-a176-1f29ddbca752</MailboxGuid><DatabaseGuid>77c5
                ed34-31bb-4d80-988c-932fec22ef7e</DatabaseGuid><ServerFqdn>EU1MB9903.Roaya.loc</ServerFqdn></LastGenera
                tingData><HttpHomeMdbLastProcessedBucket>0</HttpHomeMdbLastProcessedBucket><FullOabDownloadPreventionTh
                reshold>0</FullOabDownloadPreventionThreshold><ZipOabFilesBeforeUploading>false</ZipOabFilesBeforeUploa
                ding></OfflineAddressBookConfigXML>
                	
                Operation:
                	Type:	Value Deleted
                	Correlation ID:	{7BAFC694-A4D3-42EB-AC09-9F74A7930E17}
                	Application Correlation ID:	-

ComputerName  : FRANK-PDC
EventID       : 5136
Title         : ADObject Modified
TimeGenerated : 8/5/2021 1:50:24 PM
Content       : A directory service object was modified.
                	
                Subject:
                	Security ID:		S-1-5-21-2956518221-444034542-2043350422-87305
                	Account Name:		EU1MB9903$
                	Account Domain:		ROAYA
                	Logon ID:		0x2CF7F215F
                
                Directory Service:
                	Name:	Roaya.loc
                	Type:	Active Directory Domain Services
                	
                Object:
                	DN:	CN=tttttt.com Offline Address Book,CN=Offline Address Lists,CN=Address Lists 
                Container,CN=roaya,CN=Microsoft Exchange,CN=Services,CN=Configuration,DC=Roaya,DC=loc
                	GUID:	{78EF047F-8DB9-4623-8EDC-A9988602EA94}
                	Class:	msExchOAB
                	
                Attribute:
                	LDAP Display Name:	msExchOABLastTouchedTime
                	Syntax (OID):	2.5.5.11
                	Value:	20210805115023.0Z
                	
                Operation:
                	Type:	Value Added
                	Correlation ID:	{7BAFC694-A4D3-42EB-AC09-9F74A7930E17}
                	Application Correlation ID:	-

ComputerName  : FRANK-PDC
EventID       : 5136
Title         : ADObject Modified
TimeGenerated : 8/5/2021 1:50:24 PM
Content       : A directory service object was modified.
                	
                Subject:
                	Security ID:		S-1-5-21-2956518221-444034542-2043350422-87305
                	Account Name:		EU1MB9903$
                	Account Domain:		ROAYA
                	Logon ID:		0x2CF7F215F
                
                Directory Service:
                	Name:	Roaya.loc
                	Type:	Active Directory Domain Services
                	
                Object:
                	DN:	CN=tttttt.com Offline Address Book,CN=Offline Address Lists,CN=Address Lists 
                Container,CN=roaya,CN=Microsoft Exchange,CN=Services,CN=Configuration,DC=Roaya,DC=loc
                	GUID:	{78EF047F-8DB9-4623-8EDC-A9988602EA94}
                	Class:	msExchOAB
                	
                Attribute:
                	LDAP Display Name:	msExchOABLastTouchedTime
                	Syntax (OID):	2.5.5.11
                	Value:	20210805052736.0Z
                	
                Operation:
                	Type:	Value Deleted
                	Correlation ID:	{7BAFC694-A4D3-42EB-AC09-9F74A7930E17}
                	Application Correlation ID:	-

ComputerName  : FRANK-PDC
EventID       : 5136
Title         : ADObject Modified
TimeGenerated : 8/5/2021 1:50:24 PM
Content       : A directory service object was modified.
                	
                Subject:
                	Security ID:		S-1-5-21-2956518221-444034542-2043350422-87305
                	Account Name:		EU1MB9903$
                	Account Domain:		ROAYA
                	Logon ID:		0x2CF7F215F
                
                Directory Service:
                	Name:	Roaya.loc
                	Type:	Active Directory Domain Services
                	
                Object:
                	DN:	CN=fluxenergy.pk Offline Address Book,CN=Offline Address Lists,CN=Address Lists 
                Container,CN=roaya,CN=Microsoft Exchange,CN=Services,CN=Configuration,DC=Roaya,DC=loc
                	GUID:	{5CF062AE-7400-4F91-A7D1-C6F25E9F7386}
                	Class:	msExchOAB
                	
                Attribute:
                	LDAP Display Name:	msExchOABLastTouchedTime
                	Syntax (OID):	2.5.5.11
                	Value:	20210805115030.0Z
                	
                Operation:
                	Type:	Value Added
                	Correlation ID:	{E2F7992D-D62F-4300-8DEB-2F958CF9A498}
                	Application Correlation ID:	-

ComputerName  : FRANK-PDC
EventID       : 5136
Title         : ADObject Modified
TimeGenerated : 8/5/2021 1:50:24 PM
Content       : A directory service object was modified.
                	
                Subject:
                	Security ID:		S-1-5-21-2956518221-444034542-2043350422-87305
                	Account Name:		EU1MB9903$
                	Account Domain:		ROAYA
                	Logon ID:		0x2CF7F215F
                
                Directory Service:
                	Name:	Roaya.loc
                	Type:	Active Directory Domain Services
                	
                Object:
                	DN:	CN=fluxenergy.pk Offline Address Book,CN=Offline Address Lists,CN=Address Lists 
                Container,CN=roaya,CN=Microsoft Exchange,CN=Services,CN=Configuration,DC=Roaya,DC=loc
                	GUID:	{5CF062AE-7400-4F91-A7D1-C6F25E9F7386}
                	Class:	msExchOAB
                	
                Attribute:
                	LDAP Display Name:	msExchOABLastTouchedTime
                	Syntax (OID):	2.5.5.11
                	Value:	20210805052743.0Z
                	
                Operation:
                	Type:	Value Deleted
                	Correlation ID:	{E2F7992D-D62F-4300-8DEB-2F958CF9A498}
                	Application Correlation ID:	-

ComputerName  : FRANK-PDC
EventID       : 5136
Title         : ADObject Modified
TimeGenerated : 8/5/2021 1:50:24 PM
Content       : A directory service object was modified.
                	
                Subject:
                	Security ID:		S-1-5-21-2956518221-444034542-2043350422-87305
                	Account Name:		EU1MB9903$
                	Account Domain:		ROAYA
                	Logon ID:		0x2CF7F215F
                
                Directory Service:
                	Name:	Roaya.loc
                	Type:	Active Directory Domain Services
                	
                Object:
                	DN:	CN=linkedin.com Offline Address Book,CN=Offline Address Lists,CN=Address Lists 
                Container,CN=roaya,CN=Microsoft Exchange,CN=Services,CN=Configuration,DC=Roaya,DC=loc
                	GUID:	{EF26B384-8C6B-4B29-B733-F5C8307EE69C}
                	Class:	msExchOAB
                	
                Attribute:
                	LDAP Display Name:	msExchOABLastTouchedTime
                	Syntax (OID):	2.5.5.11
                	Value:	20210805115028.0Z
                	
                Operation:
                	Type:	Value Added
                	Correlation ID:	{9113BBBE-158C-4EA8-9589-1E0F06611B2A}
                	Application Correlation ID:	-

ComputerName  : FRANK-PDC
EventID       : 5136
Title         : ADObject Modified
TimeGenerated : 8/5/2021 1:50:24 PM
Content       : A directory service object was modified.
                	
                Subject:
                	Security ID:		S-1-5-21-2956518221-444034542-2043350422-87305
                	Account Name:		EU1MB9903$
                	Account Domain:		ROAYA
                	Logon ID:		0x2CF7F215F
                
                Directory Service:
                	Name:	Roaya.loc
                	Type:	Active Directory Domain Services
                	
                Object:
                	DN:	CN=linkedin.com Offline Address Book,CN=Offline Address Lists,CN=Address Lists 
                Container,CN=roaya,CN=Microsoft Exchange,CN=Services,CN=Configuration,DC=Roaya,DC=loc
                	GUID:	{EF26B384-8C6B-4B29-B733-F5C8307EE69C}
                	Class:	msExchOAB
                	
                Attribute:
                	LDAP Display Name:	msExchOABLastTouchedTime
                	Syntax (OID):	2.5.5.11
                	Value:	20210805052741.0Z
                	
                Operation:
                	Type:	Value Deleted
                	Correlation ID:	{9113BBBE-158C-4EA8-9589-1E0F06611B2A}
                	Application Correlation ID:	-

ComputerName  : FRANK-ADC-04
EventID       : 4740
Title         : User locked out
TimeGenerated : 8/5/2021 1:50:17 PM
Content       : A user account was locked out.
                
                Subject:
                	Security ID:		S-1-5-18
                	Account Name:		FRANK-ADC-04$
                	Account Domain:		ROAYA
                	Logon ID:		0x3E7
                
                Account That Was Locked Out:
                	Security ID:		S-1-5-21-2956518221-444034542-2043350422-20137
                	Account Name:		import
                
                Additional Information:
                	Caller Computer Name:	IMPORTNESSMA641

ComputerName  : FRANK-ADC-04
EventID       : 4740
Title         : User locked out
TimeGenerated : 8/5/2021 1:50:14 PM
Content       : A user account was locked out.
                
                Subject:
                	Security ID:		S-1-5-18
                	Account Name:		FRANK-ADC-04$
                	Account Domain:		ROAYA
                	Logon ID:		0x3E7
                
                Account That Was Locked Out:
                	Security ID:		S-1-5-21-2956518221-444034542-2043350422-60841
                	Account Name:		ahmed.magd_eg.fcm.tr
                
                Additional Information:
                	Caller Computer Name:	ACC-AHMEDMAGDY

ComputerName  : FRANK-PDC
EventID       : 5136
Title         : ADObject Modified
TimeGenerated : 8/5/2021 1:50:14 PM
Content       : A directory service object was modified.
                	
                Subject:
                	Security ID:		S-1-5-21-2956518221-444034542-2043350422-87305
                	Account Name:		EU1MB9903$
                	Account Domain:		ROAYA
                	Logon ID:		0x2CF7F215F
                
                Directory Service:
                	Name:	Roaya.loc
                	Type:	Active Directory Domain Services
                	
                Object:
                	DN:	CN=XYZ Offline Address Book,CN=Offline Address Lists,CN=Address Lists 
                Container,CN=roaya,CN=Microsoft Exchange,CN=Services,CN=Configuration,DC=Roaya,DC=loc
                	GUID:	{ABD1A40B-EDB8-4CD2-806A-7387BDA2DF2F}
                	Class:	msExchOAB
                	
                Attribute:
                	LDAP Display Name:	msExchOABLastTouchedTime
                	Syntax (OID):	2.5.5.11
                	Value:	20210805115019.0Z
                	
                Operation:
                	Type:	Value Added
                	Correlation ID:	{0404A7F3-C127-4876-AE16-EEDD2EE93FCE}
                	Application Correlation ID:	-

ComputerName  : FRANK-PDC
EventID       : 5136
Title         : ADObject Modified
TimeGenerated : 8/5/2021 1:50:14 PM
Content       : A directory service object was modified.
                	
                Subject:
                	Security ID:		S-1-5-21-2956518221-444034542-2043350422-87305
                	Account Name:		EU1MB9903$
                	Account Domain:		ROAYA
                	Logon ID:		0x2CF7F215F
                
                Directory Service:
                	Name:	Roaya.loc
                	Type:	Active Directory Domain Services
                	
                Object:
                	DN:	CN=XYZ Offline Address Book,CN=Offline Address Lists,CN=Address Lists 
                Container,CN=roaya,CN=Microsoft Exchange,CN=Services,CN=Configuration,DC=Roaya,DC=loc
                	GUID:	{ABD1A40B-EDB8-4CD2-806A-7387BDA2DF2F}
                	Class:	msExchOAB
                	
                Attribute:
                	LDAP Display Name:	msExchOABLastTouchedTime
                	Syntax (OID):	2.5.5.11
                	Value:	20210805052733.0Z
                	
                Operation:
                	Type:	Value Deleted
                	Correlation ID:	{0404A7F3-C127-4876-AE16-EEDD2EE93FCE}
                	Application Correlation ID:	-

ComputerName  : FRANK-PDC
EventID       : 5136
Title         : ADObject Modified
TimeGenerated : 8/5/2021 1:50:14 PM
Content       : A directory service object was modified.
                	
                Subject:
                	Security ID:		S-1-5-21-2956518221-444034542-2043350422-87305
                	Account Name:		EU1MB9903$
                	Account Domain:		ROAYA
                	Logon ID:		0x2CF7F215F
                
                Directory Service:
                	Name:	Roaya.loc
                	Type:	Active Directory Domain Services
                	
                Object:
                	DN:	CN=business-email-hosting-provider.com Offline Address Book,CN=Offline Address Lists,CN=Address 
                Lists Container,CN=roaya,CN=Microsoft Exchange,CN=Services,CN=Configuration,DC=Roaya,DC=loc
                	GUID:	{3103B01C-F956-41BC-B7C7-C6BCB8E0418D}
                	Class:	msExchOAB
                	
                Attribute:
                	LDAP Display Name:	msExchConfigurationXML
                	Syntax (OID):	2.5.5.12
                	Value:	<OfflineAddressBookConfigXML><ManifestVersion><AddressLists 
                AddressListId="488a16a9-39cd-4544-bd1f-9059b7a93598" Sequence="417" 
                /></ManifestVersion><LastFailedTime p2:nil="true" xmlns:p2="http://www.w3.org/2001/XMLSchema-instance" 
                /><LastGeneratingData><MailboxGuid>feea8dd2-5615-42ce-a176-1f29ddbca752</MailboxGuid><DatabaseGuid>77c5
                ed34-31bb-4d80-988c-932fec22ef7e</DatabaseGuid><ServerFqdn>EU1MB9903.Roaya.loc</ServerFqdn></LastGenera
                tingData><HttpHomeMdbLastProcessedBucket>0</HttpHomeMdbLastProcessedBucket><FullOabDownloadPreventionTh
                reshold>0</FullOabDownloadPreventionThreshold><ZipOabFilesBeforeUploading>false</ZipOabFilesBeforeUploa
                ding></OfflineAddressBookConfigXML>
                	
                Operation:
                	Type:	Value Added
                	Correlation ID:	{A20F1AE4-86F5-4CDE-900E-42C8B592D43A}
                	Application Correlation ID:	-

ComputerName  : FRANK-PDC
EventID       : 5136
Title         : ADObject Modified
TimeGenerated : 8/5/2021 1:50:14 PM
Content       : A directory service object was modified.
                	
                Subject:
                	Security ID:		S-1-5-21-2956518221-444034542-2043350422-87305
                	Account Name:		EU1MB9903$
                	Account Domain:		ROAYA
                	Logon ID:		0x2CF7F215F
                
                Directory Service:
                	Name:	Roaya.loc
                	Type:	Active Directory Domain Services
                	
                Object:
                	DN:	CN=business-email-hosting-provider.com Offline Address Book,CN=Offline Address Lists,CN=Address 
                Lists Container,CN=roaya,CN=Microsoft Exchange,CN=Services,CN=Configuration,DC=Roaya,DC=loc
                	GUID:	{3103B01C-F956-41BC-B7C7-C6BCB8E0418D}
                	Class:	msExchOAB
                	
                Attribute:
                	LDAP Display Name:	msExchConfigurationXML
                	Syntax (OID):	2.5.5.12
                	Value:	<OfflineAddressBookConfigXML><ManifestVersion><AddressLists 
                AddressListId="488a16a9-39cd-4544-bd1f-9059b7a93598" Sequence="416" 
                /></ManifestVersion><LastFailedTime p2:nil="true" xmlns:p2="http://www.w3.org/2001/XMLSchema-instance" 
                /><LastGeneratingData><MailboxGuid>feea8dd2-5615-42ce-a176-1f29ddbca752</MailboxGuid><DatabaseGuid>77c5
                ed34-31bb-4d80-988c-932fec22ef7e</DatabaseGuid><ServerFqdn>EU1MB9903.Roaya.loc</ServerFqdn></LastGenera
                tingData><HttpHomeMdbLastProcessedBucket>0</HttpHomeMdbLastProcessedBucket><FullOabDownloadPreventionTh
                reshold>0</FullOabDownloadPreventionThreshold><ZipOabFilesBeforeUploading>false</ZipOabFilesBeforeUploa
                ding></OfflineAddressBookConfigXML>
                	
                Operation:
                	Type:	Value Deleted
                	Correlation ID:	{A20F1AE4-86F5-4CDE-900E-42C8B592D43A}
                	Application Correlation ID:	-

ComputerName  : FRANK-PDC
EventID       : 5136
Title         : ADObject Modified
TimeGenerated : 8/5/2021 1:50:14 PM
Content       : A directory service object was modified.
                	
                Subject:
                	Security ID:		S-1-5-21-2956518221-444034542-2043350422-87305
                	Account Name:		EU1MB9903$
                	Account Domain:		ROAYA
                	Logon ID:		0x2CF7F215F
                
                Directory Service:
                	Name:	Roaya.loc
                	Type:	Active Directory Domain Services
                	
                Object:
                	DN:	CN=business-email-hosting-provider.com Offline Address Book,CN=Offline Address Lists,CN=Address 
                Lists Container,CN=roaya,CN=Microsoft Exchange,CN=Services,CN=Configuration,DC=Roaya,DC=loc
                	GUID:	{3103B01C-F956-41BC-B7C7-C6BCB8E0418D}
                	Class:	msExchOAB
                	
                Attribute:
                	LDAP Display Name:	msExchOABLastTouchedTime
                	Syntax (OID):	2.5.5.11
                	Value:	20210805115014.0Z
                	
                Operation:
                	Type:	Value Added
                	Correlation ID:	{A20F1AE4-86F5-4CDE-900E-42C8B592D43A}
                	Application Correlation ID:	-

ComputerName  : FRANK-PDC
EventID       : 5136
Title         : ADObject Modified
TimeGenerated : 8/5/2021 1:50:14 PM
Content       : A directory service object was modified.
                	
                Subject:
                	Security ID:		S-1-5-21-2956518221-444034542-2043350422-87305
                	Account Name:		EU1MB9903$
                	Account Domain:		ROAYA
                	Logon ID:		0x2CF7F215F
                
                Directory Service:
                	Name:	Roaya.loc
                	Type:	Active Directory Domain Services
                	
                Object:
                	DN:	CN=business-email-hosting-provider.com Offline Address Book,CN=Offline Address Lists,CN=Address 
                Lists Container,CN=roaya,CN=Microsoft Exchange,CN=Services,CN=Configuration,DC=Roaya,DC=loc
                	GUID:	{3103B01C-F956-41BC-B7C7-C6BCB8E0418D}
                	Class:	msExchOAB
                	
                Attribute:
                	LDAP Display Name:	msExchOABLastTouchedTime
                	Syntax (OID):	2.5.5.11
                	Value:	20210805052727.0Z
                	
                Operation:
                	Type:	Value Deleted
                	Correlation ID:	{A20F1AE4-86F5-4CDE-900E-42C8B592D43A}
                	Application Correlation ID:	-

ComputerName  : FRANK-PDC
EventID       : 5136
Title         : ADObject Modified
TimeGenerated : 8/5/2021 1:50:04 PM
Content       : A directory service object was modified.
                	
                Subject:
                	Security ID:		S-1-5-21-2956518221-444034542-2043350422-87305
                	Account Name:		EU1MB9903$
                	Account Domain:		ROAYA
                	Logon ID:		0x2CF7F215F
                
                Directory Service:
                	Name:	Roaya.loc
                	Type:	Active Directory Domain Services
                	
                Object:
                	DN:	CN=frfrffrfrf.frffr Offline Address Book,CN=Offline Address Lists,CN=Address Lists 
                Container,CN=roaya,CN=Microsoft Exchange,CN=Services,CN=Configuration,DC=Roaya,DC=loc
                	GUID:	{B30DFB50-79B3-4C65-8469-76CFFC214455}
                	Class:	msExchOAB
                	
                Attribute:
                	LDAP Display Name:	msExchOABLastTouchedTime
                	Syntax (OID):	2.5.5.11
                	Value:	20210805115008.0Z
                	
                Operation:
                	Type:	Value Added
                	Correlation ID:	{BC1F07BF-9CE3-4D63-BBEB-FAF83BD99130}
                	Application Correlation ID:	-

ComputerName  : FRANK-PDC
EventID       : 5136
Title         : ADObject Modified
TimeGenerated : 8/5/2021 1:50:04 PM
Content       : A directory service object was modified.
                	
                Subject:
                	Security ID:		S-1-5-21-2956518221-444034542-2043350422-87305
                	Account Name:		EU1MB9903$
                	Account Domain:		ROAYA
                	Logon ID:		0x2CF7F215F
                
                Directory Service:
                	Name:	Roaya.loc
                	Type:	Active Directory Domain Services
                	
                Object:
                	DN:	CN=frfrffrfrf.frffr Offline Address Book,CN=Offline Address Lists,CN=Address Lists 
                Container,CN=roaya,CN=Microsoft Exchange,CN=Services,CN=Configuration,DC=Roaya,DC=loc
                	GUID:	{B30DFB50-79B3-4C65-8469-76CFFC214455}
                	Class:	msExchOAB
                	
                Attribute:
                	LDAP Display Name:	msExchOABLastTouchedTime
                	Syntax (OID):	2.5.5.11
                	Value:	20210805052722.0Z
                	
                Operation:
                	Type:	Value Deleted
                	Correlation ID:	{BC1F07BF-9CE3-4D63-BBEB-FAF83BD99130}
                	Application Correlation ID:	-

ComputerName  : FRANK-PDC
EventID       : 5136
Title         : ADObject Modified
TimeGenerated : 8/5/2021 1:50:04 PM
Content       : A directory service object was modified.
                	
                Subject:
                	Security ID:		S-1-5-21-2956518221-444034542-2043350422-87305
                	Account Name:		EU1MB9903$
                	Account Domain:		ROAYA
                	Logon ID:		0x2CF7F215F
                
                Directory Service:
                	Name:	Roaya.loc
                	Type:	Active Directory Domain Services
                	
                Object:
                	DN:	CN=second.netoi Offline Address Book,CN=Offline Address Lists,CN=Address Lists 
                Container,CN=roaya,CN=Microsoft Exchange,CN=Services,CN=Configuration,DC=Roaya,DC=loc
                	GUID:	{E888DBE1-5B66-44D2-B4A2-053CB14088A9}
                	Class:	msExchOAB
                	
                Attribute:
                	LDAP Display Name:	msExchOABLastTouchedTime
                	Syntax (OID):	2.5.5.11
                	Value:	20210805115002.0Z
                	
                Operation:
                	Type:	Value Added
                	Correlation ID:	{7BB16073-B611-4136-93EB-8FA304E93F6D}
                	Application Correlation ID:	-

ComputerName  : FRANK-PDC
EventID       : 5136
Title         : ADObject Modified
TimeGenerated : 8/5/2021 1:50:04 PM
Content       : A directory service object was modified.
                	
                Subject:
                	Security ID:		S-1-5-21-2956518221-444034542-2043350422-87305
                	Account Name:		EU1MB9903$
                	Account Domain:		ROAYA
                	Logon ID:		0x2CF7F215F
                
                Directory Service:
                	Name:	Roaya.loc
                	Type:	Active Directory Domain Services
                	
                Object:
                	DN:	CN=second.netoi Offline Address Book,CN=Offline Address Lists,CN=Address Lists 
                Container,CN=roaya,CN=Microsoft Exchange,CN=Services,CN=Configuration,DC=Roaya,DC=loc
                	GUID:	{E888DBE1-5B66-44D2-B4A2-053CB14088A9}
                	Class:	msExchOAB
                	
                Attribute:
                	LDAP Display Name:	msExchOABLastTouchedTime
                	Syntax (OID):	2.5.5.11
                	Value:	20210805052716.0Z
                	
                Operation:
                	Type:	Value Deleted
                	Correlation ID:	{7BB16073-B611-4136-93EB-8FA304E93F6D}
                	Application Correlation ID:	-

