ComputerName  : FRANK-PDC
EventID       : 5136
Title         : ADObject Modified
TimeGenerated : 8/5/2021 1:46:24 PM
Content       : A directory service object was modified.
                	
                Subject:
                	Security ID:		S-1-5-21-2956518221-444034542-2043350422-97789
                	Account Name:		LPC-SolidAdmin
                	Account Domain:		ROAYA
                	Logon ID:		0x2CF7DF93A
                
                Directory Service:
                	Name:	Roaya.loc
                	Type:	Active Directory Domain Services
                	
                Object:
                	DN:	CN=b.ahmed_egyptbestpro,OU=egyptbestproperties.com,OU=Mail,DC=Roaya,DC=loc
                	GUID:	{4067889A-1C58-40D2-84CC-3A3C9B2D32C4}
                	Class:	user
                	
                Attribute:
                	LDAP Display Name:	extensionAttribute3
                	Syntax (OID):	2.5.5.12
                	Value:	b.ahmed_egyptbestpro@worldposta.cloud
                	
                Operation:
                	Type:	Value Added
                	Correlation ID:	{BCF7EDB3-002C-449C-AF6D-7717E8665742}
                	Application Correlation ID:	-

ComputerName  : FRANK-PDC
EventID       : 5136
Title         : ADObject Modified
TimeGenerated : 8/5/2021 1:46:24 PM
Content       : A directory service object was modified.
                	
                Subject:
                	Security ID:		S-1-5-21-2956518221-444034542-2043350422-97789
                	Account Name:		LPC-SolidAdmin
                	Account Domain:		ROAYA
                	Logon ID:		0x2CF7DF93A
                
                Directory Service:
                	Name:	Roaya.loc
                	Type:	Active Directory Domain Services
                	
                Object:
                	DN:	CN=b.ahmed_egyptbestpro,OU=egyptbestproperties.com,OU=Mail,DC=Roaya,DC=loc
                	GUID:	{4067889A-1C58-40D2-84CC-3A3C9B2D32C4}
                	Class:	user
                	
                Attribute:
                	LDAP Display Name:	extensionAttribute1
                	Syntax (OID):	2.5.5.12
                	Value:	egyptbestproperties.com
                	
                Operation:
                	Type:	Value Added
                	Correlation ID:	{BCF7EDB3-002C-449C-AF6D-7717E8665742}
                	Application Correlation ID:	-

ComputerName  : FRANK-PDC
EventID       : 5136
Title         : ADObject Modified
TimeGenerated : 8/5/2021 1:46:24 PM
Content       : A directory service object was modified.
                	
                Subject:
                	Security ID:		S-1-5-21-2956518221-444034542-2043350422-97789
                	Account Name:		LPC-SolidAdmin
                	Account Domain:		ROAYA
                	Logon ID:		0x2CF7DF93A
                
                Directory Service:
                	Name:	Roaya.loc
                	Type:	Active Directory Domain Services
                	
                Object:
                	DN:	CN=b.ahmed_egyptbestpro,OU=egyptbestproperties.com,OU=Mail,DC=Roaya,DC=loc
                	GUID:	{4067889A-1C58-40D2-84CC-3A3C9B2D32C4}
                	Class:	user
                	
                Attribute:
                	LDAP Display Name:	showInAddressBook
                	Syntax (OID):	2.5.5.1
                	Value:	CN=egyptbestproperties.com Address List,CN=All Address Lists,CN=Address Lists 
                Container,CN=roaya,CN=Microsoft Exchange,CN=Services,CN=Configuration,DC=Roaya,DC=loc
                	
                Operation:
                	Type:	Value Added
                	Correlation ID:	{BCF7EDB3-002C-449C-AF6D-7717E8665742}
                	Application Correlation ID:	-

ComputerName  : FRANK-PDC
EventID       : 5136
Title         : ADObject Modified
TimeGenerated : 8/5/2021 1:46:24 PM
Content       : A directory service object was modified.
                	
                Subject:
                	Security ID:		S-1-5-21-2956518221-444034542-2043350422-97789
                	Account Name:		LPC-SolidAdmin
                	Account Domain:		ROAYA
                	Logon ID:		0x2CF7DF93A
                
                Directory Service:
                	Name:	Roaya.loc
                	Type:	Active Directory Domain Services
                	
                Object:
                	DN:	CN=b.ahmed_egyptbestpro,OU=egyptbestproperties.com,OU=Mail,DC=Roaya,DC=loc
                	GUID:	{4067889A-1C58-40D2-84CC-3A3C9B2D32C4}
                	Class:	user
                	
                Attribute:
                	LDAP Display Name:	showInAddressBook
                	Syntax (OID):	2.5.5.1
                	Value:	CN=egyptbestproperties.com Global Address List,CN=All Global Address Lists,CN=Address Lists 
                Container,CN=roaya,CN=Microsoft Exchange,CN=Services,CN=Configuration,DC=Roaya,DC=loc
                	
                Operation:
                	Type:	Value Added
                	Correlation ID:	{BCF7EDB3-002C-449C-AF6D-7717E8665742}
                	Application Correlation ID:	-

ComputerName  : FRANK-PDC
EventID       : 5136
Title         : ADObject Modified
TimeGenerated : 8/5/2021 1:46:24 PM
Content       : A directory service object was modified.
                	
                Subject:
                	Security ID:		S-1-5-21-2956518221-444034542-2043350422-97789
                	Account Name:		LPC-SolidAdmin
                	Account Domain:		ROAYA
                	Logon ID:		0x2CF7DF93A
                
                Directory Service:
                	Name:	Roaya.loc
                	Type:	Active Directory Domain Services
                	
                Object:
                	DN:	CN=b.ahmed_egyptbestpro,OU=egyptbestproperties.com,OU=Mail,DC=Roaya,DC=loc
                	GUID:	{4067889A-1C58-40D2-84CC-3A3C9B2D32C4}
                	Class:	user
                	
                Attribute:
                	LDAP Display Name:	msExchAddressBookPolicyLink
                	Syntax (OID):	2.5.5.1
                	Value:	CN=egyptbestproperties.com Address Policy,CN=AddressBook Mailbox 
                Policies,CN=roaya,CN=Microsoft Exchange,CN=Services,CN=Configuration,DC=Roaya,DC=loc
                	
                Operation:
                	Type:	Value Added
                	Correlation ID:	{BCF7EDB3-002C-449C-AF6D-7717E8665742}
                	Application Correlation ID:	-

ComputerName  : FRANK-PDC
EventID       : 5136
Title         : ADObject Modified
TimeGenerated : 8/5/2021 1:46:14 PM
Content       : A directory service object was modified.
                	
                Subject:
                	Security ID:		S-1-5-21-2956518221-444034542-2043350422-87305
                	Account Name:		EU1MB9903$
                	Account Domain:		ROAYA
                	Logon ID:		0x2CF7F215F
                
                Directory Service:
                	Name:	Roaya.loc
                	Type:	Active Directory Domain Services
                	
                Object:
                	DN:	CN=rtrtr.rtrt Offline Address Book,CN=Offline Address Lists,CN=Address Lists 
                Container,CN=roaya,CN=Microsoft Exchange,CN=Services,CN=Configuration,DC=Roaya,DC=loc
                	GUID:	{187DD80A-45EB-4226-9F6E-2330207E4E18}
                	Class:	msExchOAB
                	
                Attribute:
                	LDAP Display Name:	msExchOABLastTouchedTime
                	Syntax (OID):	2.5.5.11
                	Value:	20210805114620.0Z
                	
                Operation:
                	Type:	Value Added
                	Correlation ID:	{C301789A-8BBE-4642-8907-FDF022704BCE}
                	Application Correlation ID:	-

ComputerName  : FRANK-PDC
EventID       : 5136
Title         : ADObject Modified
TimeGenerated : 8/5/2021 1:46:14 PM
Content       : A directory service object was modified.
                	
                Subject:
                	Security ID:		S-1-5-21-2956518221-444034542-2043350422-87305
                	Account Name:		EU1MB9903$
                	Account Domain:		ROAYA
                	Logon ID:		0x2CF7F215F
                
                Directory Service:
                	Name:	Roaya.loc
                	Type:	Active Directory Domain Services
                	
                Object:
                	DN:	CN=rtrtr.rtrt Offline Address Book,CN=Offline Address Lists,CN=Address Lists 
                Container,CN=roaya,CN=Microsoft Exchange,CN=Services,CN=Configuration,DC=Roaya,DC=loc
                	GUID:	{187DD80A-45EB-4226-9F6E-2330207E4E18}
                	Class:	msExchOAB
                	
                Attribute:
                	LDAP Display Name:	msExchOABLastTouchedTime
                	Syntax (OID):	2.5.5.11
                	Value:	20210805052400.0Z
                	
                Operation:
                	Type:	Value Deleted
                	Correlation ID:	{C301789A-8BBE-4642-8907-FDF022704BCE}
                	Application Correlation ID:	-

ComputerName  : FRANK-PDC
EventID       : 5136
Title         : ADObject Modified
TimeGenerated : 8/5/2021 1:46:14 PM
Content       : A directory service object was modified.
                	
                Subject:
                	Security ID:		S-1-5-21-2956518221-444034542-2043350422-87305
                	Account Name:		EU1MB9903$
                	Account Domain:		ROAYA
                	Logon ID:		0x2CF7F215F
                
                Directory Service:
                	Name:	Roaya.loc
                	Type:	Active Directory Domain Services
                	
                Object:
                	DN:	CN=topmediapartners.com Offline Address Book,CN=Offline Address Lists,CN=Address Lists 
                Container,CN=roaya,CN=Microsoft Exchange,CN=Services,CN=Configuration,DC=Roaya,DC=loc
                	GUID:	{A2FB9845-03BF-438B-9616-A86729BC5783}
                	Class:	msExchOAB
                	
                Attribute:
                	LDAP Display Name:	msExchOABLastTouchedTime
                	Syntax (OID):	2.5.5.11
                	Value:	20210805114617.0Z
                	
                Operation:
                	Type:	Value Added
                	Correlation ID:	{00164F85-0746-4370-B49C-6F249200E629}
                	Application Correlation ID:	-

ComputerName  : FRANK-PDC
EventID       : 5136
Title         : ADObject Modified
TimeGenerated : 8/5/2021 1:46:14 PM
Content       : A directory service object was modified.
                	
                Subject:
                	Security ID:		S-1-5-21-2956518221-444034542-2043350422-87305
                	Account Name:		EU1MB9903$
                	Account Domain:		ROAYA
                	Logon ID:		0x2CF7F215F
                
                Directory Service:
                	Name:	Roaya.loc
                	Type:	Active Directory Domain Services
                	
                Object:
                	DN:	CN=topmediapartners.com Offline Address Book,CN=Offline Address Lists,CN=Address Lists 
                Container,CN=roaya,CN=Microsoft Exchange,CN=Services,CN=Configuration,DC=Roaya,DC=loc
                	GUID:	{A2FB9845-03BF-438B-9616-A86729BC5783}
                	Class:	msExchOAB
                	
                Attribute:
                	LDAP Display Name:	msExchOABLastTouchedTime
                	Syntax (OID):	2.5.5.11
                	Value:	20210805052358.0Z
                	
                Operation:
                	Type:	Value Deleted
                	Correlation ID:	{00164F85-0746-4370-B49C-6F249200E629}
                	Application Correlation ID:	-

ComputerName  : FRANK-ADC-02
EventID       : 5136
Title         : ADObject Modified
TimeGenerated : 8/5/2021 1:46:05 PM
Content       : A directory service object was modified.
                	
                Subject:
                	Security ID:		S-1-5-21-2956518221-444034542-2043350422-87305
                	Account Name:		EU1MB9903$
                	Account Domain:		ROAYA
                	Logon ID:		0x1913E0395
                
                Directory Service:
                	Name:	Roaya.loc
                	Type:	Active Directory Domain Services
                	
                Object:
                	DN:	CN=b.ahmed_egyptbestpro,OU=egyptbestproperties.com,OU=Mail,DC=Roaya,DC=loc
                	GUID:	{4067889A-1C58-40D2-84CC-3A3C9B2D32C4}
                	Class:	user
                	
                Attribute:
                	LDAP Display Name:	msExchTextMessagingState
                	Syntax (OID):	2.5.5.9
                	Value:	302120705
                	
                Operation:
                	Type:	Value Added
                	Correlation ID:	{7C2BDE08-E653-42EC-B5F2-3800D5724BE0}
                	Application Correlation ID:	-

ComputerName  : FRANK-ADC-02
EventID       : 5136
Title         : ADObject Modified
TimeGenerated : 8/5/2021 1:46:05 PM
Content       : A directory service object was modified.
                	
                Subject:
                	Security ID:		S-1-5-21-2956518221-444034542-2043350422-87305
                	Account Name:		EU1MB9903$
                	Account Domain:		ROAYA
                	Logon ID:		0x1913E0395
                
                Directory Service:
                	Name:	Roaya.loc
                	Type:	Active Directory Domain Services
                	
                Object:
                	DN:	CN=b.ahmed_egyptbestpro,OU=egyptbestproperties.com,OU=Mail,DC=Roaya,DC=loc
                	GUID:	{4067889A-1C58-40D2-84CC-3A3C9B2D32C4}
                	Class:	user
                	
                Attribute:
                	LDAP Display Name:	msExchTextMessagingState
                	Syntax (OID):	2.5.5.9
                	Value:	16842751
                	
                Operation:
                	Type:	Value Added
                	Correlation ID:	{7C2BDE08-E653-42EC-B5F2-3800D5724BE0}
                	Application Correlation ID:	-

ComputerName  : FRANK-PDC
EventID       : 5136
Title         : ADObject Modified
TimeGenerated : 8/5/2021 1:46:04 PM
Content       : A directory service object was modified.
                	
                Subject:
                	Security ID:		S-1-5-21-2956518221-444034542-2043350422-97789
                	Account Name:		LPC-SolidAdmin
                	Account Domain:		ROAYA
                	Logon ID:		0x2CF9756A0
                
                Directory Service:
                	Name:	Roaya.loc
                	Type:	Active Directory Domain Services
                	
                Object:
                	DN:	CN=b.ahmed_egyptbestpro,OU=egyptbestproperties.com,OU=Mail,DC=roaya,DC=loc
                	GUID:	{4067889A-1C58-40D2-84CC-3A3C9B2D32C4}
                	Class:	user
                	
                Attribute:
                	LDAP Display Name:	userAccountControl
                	Syntax (OID):	2.5.5.9
                	Value:	560
                	
                Operation:
                	Type:	Value Added
                	Correlation ID:	{4E41B42E-3D0D-4FCB-B52B-4C71C0CFCB62}
                	Application Correlation ID:	-

ComputerName  : FRANK-PDC
EventID       : 5136
Title         : ADObject Modified
TimeGenerated : 8/5/2021 1:46:04 PM
Content       : A directory service object was modified.
                	
                Subject:
                	Security ID:		S-1-5-21-2956518221-444034542-2043350422-97789
                	Account Name:		LPC-SolidAdmin
                	Account Domain:		ROAYA
                	Logon ID:		0x2CF9756A0
                
                Directory Service:
                	Name:	Roaya.loc
                	Type:	Active Directory Domain Services
                	
                Object:
                	DN:	CN=b.ahmed_egyptbestpro,OU=egyptbestproperties.com,OU=Mail,DC=roaya,DC=loc
                	GUID:	{4067889A-1C58-40D2-84CC-3A3C9B2D32C4}
                	Class:	user
                	
                Attribute:
                	LDAP Display Name:	userAccountControl
                	Syntax (OID):	2.5.5.9
                	Value:	546
                	
                Operation:
                	Type:	Value Deleted
                	Correlation ID:	{4E41B42E-3D0D-4FCB-B52B-4C71C0CFCB62}
                	Application Correlation ID:	-

ComputerName  : FRANK-PDC
EventID       : 5136
Title         : ADObject Modified
TimeGenerated : 8/5/2021 1:46:04 PM
Content       : A directory service object was modified.
                	
                Subject:
                	Security ID:		S-1-5-21-2956518221-444034542-2043350422-97789
                	Account Name:		LPC-SolidAdmin
                	Account Domain:		ROAYA
                	Logon ID:		0x2CF9756A0
                
                Directory Service:
                	Name:	Roaya.loc
                	Type:	Active Directory Domain Services
                	
                Object:
                	DN:	CN=b.ahmed_egyptbestpro,OU=egyptbestproperties.com,OU=Mail,DC=roaya,DC=loc
                	GUID:	{4067889A-1C58-40D2-84CC-3A3C9B2D32C4}
                	Class:	user
                	
                Attribute:
                	LDAP Display Name:	userPrincipalName
                	Syntax (OID):	2.5.5.12
                	Value:	b.ahmed@egyptbestproperties.com
                	
                Operation:
                	Type:	Value Added
                	Correlation ID:	{68120FAC-47FB-4879-A688-D266B8ED5925}
                	Application Correlation ID:	-

ComputerName  : FRANK-PDC
EventID       : 5136
Title         : ADObject Modified
TimeGenerated : 8/5/2021 1:46:04 PM
Content       : A directory service object was modified.
                	
                Subject:
                	Security ID:		S-1-5-21-2956518221-444034542-2043350422-97789
                	Account Name:		LPC-SolidAdmin
                	Account Domain:		ROAYA
                	Logon ID:		0x2CF9756A0
                
                Directory Service:
                	Name:	Roaya.loc
                	Type:	Active Directory Domain Services
                	
                Object:
                	DN:	CN=b.ahmed_egyptbestpro,OU=egyptbestproperties.com,OU=Mail,DC=roaya,DC=loc
                	GUID:	{4067889A-1C58-40D2-84CC-3A3C9B2D32C4}
                	Class:	user
                	
                Attribute:
                	LDAP Display Name:	objectClass
                	Syntax (OID):	2.5.5.2
                	Value:	1.2.840.113556.1.5.9
                	
                Operation:
                	Type:	Value Added
                	Correlation ID:	{0E94F8F2-7AF0-4B61-9A7E-FCE496D7CB72}
                	Application Correlation ID:	-

ComputerName  : FRANK-PDC
EventID       : 5136
Title         : ADObject Modified
TimeGenerated : 8/5/2021 1:46:04 PM
Content       : A directory service object was modified.
                	
                Subject:
                	Security ID:		S-1-5-21-2956518221-444034542-2043350422-97789
                	Account Name:		LPC-SolidAdmin
                	Account Domain:		ROAYA
                	Logon ID:		0x2CF9756A0
                
                Directory Service:
                	Name:	Roaya.loc
                	Type:	Active Directory Domain Services
                	
                Object:
                	DN:	CN=b.ahmed_egyptbestpro,OU=egyptbestproperties.com,OU=Mail,DC=roaya,DC=loc
                	GUID:	{4067889A-1C58-40D2-84CC-3A3C9B2D32C4}
                	Class:	user
                	
                Attribute:
                	LDAP Display Name:	displayName
                	Syntax (OID):	2.5.5.12
                	Value:	Basma  Ahmed
                	
                Operation:
                	Type:	Value Added
                	Correlation ID:	{0E94F8F2-7AF0-4B61-9A7E-FCE496D7CB72}
                	Application Correlation ID:	-

ComputerName  : FRANK-PDC
EventID       : 5136
Title         : ADObject Modified
TimeGenerated : 8/5/2021 1:46:04 PM
Content       : A directory service object was modified.
                	
                Subject:
                	Security ID:		S-1-5-21-2956518221-444034542-2043350422-97789
                	Account Name:		LPC-SolidAdmin
                	Account Domain:		ROAYA
                	Logon ID:		0x2CF9756A0
                
                Directory Service:
                	Name:	Roaya.loc
                	Type:	Active Directory Domain Services
                	
                Object:
                	DN:	CN=b.ahmed_egyptbestpro,OU=egyptbestproperties.com,OU=Mail,DC=roaya,DC=loc
                	GUID:	{4067889A-1C58-40D2-84CC-3A3C9B2D32C4}
                	Class:	user
                	
                Attribute:
                	LDAP Display Name:	sAMAccountName
                	Syntax (OID):	2.5.5.12
                	Value:	b.ahmed_egyptbestpro
                	
                Operation:
                	Type:	Value Added
                	Correlation ID:	{0E94F8F2-7AF0-4B61-9A7E-FCE496D7CB72}
                	Application Correlation ID:	-

ComputerName  : FRANK-PDC
EventID       : 5137
Title         : ADobject Created
TimeGenerated : 8/5/2021 1:46:04 PM
Content       : A directory service object was created.
                	
                Subject:
                	Security ID:		S-1-5-21-2956518221-444034542-2043350422-97789
                	Account Name:		LPC-SolidAdmin
                	Account Domain:		ROAYA
                	Logon ID:		0x2CF9756A0
                	
                Directory Service:
                	Name:	Roaya.loc
                	Type:	Active Directory Domain Services
                	
                Object:
                	DN:	CN=b.ahmed_egyptbestpro,OU=egyptbestproperties.com,OU=Mail,DC=roaya,DC=loc
                	GUID:	{4067889A-1C58-40D2-84CC-3A3C9B2D32C4}
                	Class:	user
                	
                Operation:
                	Correlation ID:	{0E94F8F2-7AF0-4B61-9A7E-FCE496D7CB72}
                	Application Correlation ID:	-

ComputerName  : FRANK-PDC
EventID       : 5136
Title         : ADObject Modified
TimeGenerated : 8/5/2021 1:46:04 PM
Content       : A directory service object was modified.
                	
                Subject:
                	Security ID:		S-1-5-21-2956518221-444034542-2043350422-87305
                	Account Name:		EU1MB9903$
                	Account Domain:		ROAYA
                	Logon ID:		0x2CF7F215F
                
                Directory Service:
                	Name:	Roaya.loc
                	Type:	Active Directory Domain Services
                	
                Object:
                	DN:	CN=amt-electric.com Offline Address Book,CN=Offline Address Lists,CN=Address Lists 
                Container,CN=roaya,CN=Microsoft Exchange,CN=Services,CN=Configuration,DC=Roaya,DC=loc
                	GUID:	{4ABB3F26-D655-4C70-879D-C5A7E6CA68FD}
                	Class:	msExchOAB
                	
                Attribute:
                	LDAP Display Name:	msExchOABLastTouchedTime
                	Syntax (OID):	2.5.5.11
                	Value:	20210805114606.0Z
                	
                Operation:
                	Type:	Value Added
                	Correlation ID:	{99245050-578F-4928-AFDD-C65E9F1AB88E}
                	Application Correlation ID:	-

ComputerName  : FRANK-PDC
EventID       : 5136
Title         : ADObject Modified
TimeGenerated : 8/5/2021 1:46:04 PM
Content       : A directory service object was modified.
                	
                Subject:
                	Security ID:		S-1-5-21-2956518221-444034542-2043350422-87305
                	Account Name:		EU1MB9903$
                	Account Domain:		ROAYA
                	Logon ID:		0x2CF7F215F
                
                Directory Service:
                	Name:	Roaya.loc
                	Type:	Active Directory Domain Services
                	
                Object:
                	DN:	CN=amt-electric.com Offline Address Book,CN=Offline Address Lists,CN=Address Lists 
                Container,CN=roaya,CN=Microsoft Exchange,CN=Services,CN=Configuration,DC=Roaya,DC=loc
                	GUID:	{4ABB3F26-D655-4C70-879D-C5A7E6CA68FD}
                	Class:	msExchOAB
                	
                Attribute:
                	LDAP Display Name:	msExchOABLastTouchedTime
                	Syntax (OID):	2.5.5.11
                	Value:	20210805052349.0Z
                	
                Operation:
                	Type:	Value Deleted
                	Correlation ID:	{99245050-578F-4928-AFDD-C65E9F1AB88E}
                	Application Correlation ID:	-

ComputerName  : FRANK-PDC
EventID       : 5136
Title         : ADObject Modified
TimeGenerated : 8/5/2021 1:46:04 PM
Content       : A directory service object was modified.
                	
                Subject:
                	Security ID:		S-1-5-21-2956518221-444034542-2043350422-87305
                	Account Name:		EU1MB9903$
                	Account Domain:		ROAYA
                	Logon ID:		0x2CF7F215F
                
                Directory Service:
                	Name:	Roaya.loc
                	Type:	Active Directory Domain Services
                	
                Object:
                	DN:	CN=3een-eg.com Offline Address Book,CN=Offline Address Lists,CN=Address Lists 
                Container,CN=roaya,CN=Microsoft Exchange,CN=Services,CN=Configuration,DC=Roaya,DC=loc
                	GUID:	{2CC13937-8645-441A-A9A7-FE1EC7E6756F}
                	Class:	msExchOAB
                	
                Attribute:
                	LDAP Display Name:	msExchConfigurationXML
                	Syntax (OID):	2.5.5.12
                	Value:	<OfflineAddressBookConfigXML><ManifestVersion><AddressLists 
                AddressListId="427bd56e-605a-40e2-9f45-e900b86235d9" Sequence="562" 
                /></ManifestVersion><LastFailedTime p2:nil="true" xmlns:p2="http://www.w3.org/2001/XMLSchema-instance" 
                /><LastGeneratingData><MailboxGuid>feea8dd2-5615-42ce-a176-1f29ddbca752</MailboxGuid><DatabaseGuid>77c5
                ed34-31bb-4d80-988c-932fec22ef7e</DatabaseGuid><ServerFqdn>EU1MB9903.Roaya.loc</ServerFqdn></LastGenera
                tingData><HttpHomeMdbLastProcessedBucket>0</HttpHomeMdbLastProcessedBucket><FullOabDownloadPreventionTh
                reshold>0</FullOabDownloadPreventionThreshold><ZipOabFilesBeforeUploading>false</ZipOabFilesBeforeUploa
                ding></OfflineAddressBookConfigXML>
                	
                Operation:
                	Type:	Value Added
                	Correlation ID:	{FA245DF5-4D96-46A2-A3B5-D6B3421D754B}
                	Application Correlation ID:	-

ComputerName  : FRANK-PDC
EventID       : 5136
Title         : ADObject Modified
TimeGenerated : 8/5/2021 1:46:04 PM
Content       : A directory service object was modified.
                	
                Subject:
                	Security ID:		S-1-5-21-2956518221-444034542-2043350422-87305
                	Account Name:		EU1MB9903$
                	Account Domain:		ROAYA
                	Logon ID:		0x2CF7F215F
                
                Directory Service:
                	Name:	Roaya.loc
                	Type:	Active Directory Domain Services
                	
                Object:
                	DN:	CN=3een-eg.com Offline Address Book,CN=Offline Address Lists,CN=Address Lists 
                Container,CN=roaya,CN=Microsoft Exchange,CN=Services,CN=Configuration,DC=Roaya,DC=loc
                	GUID:	{2CC13937-8645-441A-A9A7-FE1EC7E6756F}
                	Class:	msExchOAB
                	
                Attribute:
                	LDAP Display Name:	msExchConfigurationXML
                	Syntax (OID):	2.5.5.12
                	Value:	<OfflineAddressBookConfigXML><ManifestVersion><AddressLists 
                AddressListId="427bd56e-605a-40e2-9f45-e900b86235d9" Sequence="561" 
                /></ManifestVersion><LastFailedTime p2:nil="true" xmlns:p2="http://www.w3.org/2001/XMLSchema-instance" 
                /><LastGeneratingData><MailboxGuid>feea8dd2-5615-42ce-a176-1f29ddbca752</MailboxGuid><DatabaseGuid>77c5
                ed34-31bb-4d80-988c-932fec22ef7e</DatabaseGuid><ServerFqdn>EU1MB9903.Roaya.loc</ServerFqdn></LastGenera
                tingData><HttpHomeMdbLastProcessedBucket>0</HttpHomeMdbLastProcessedBucket><FullOabDownloadPreventionTh
                reshold>0</FullOabDownloadPreventionThreshold><ZipOabFilesBeforeUploading>false</ZipOabFilesBeforeUploa
                ding></OfflineAddressBookConfigXML>
                	
                Operation:
                	Type:	Value Deleted
                	Correlation ID:	{FA245DF5-4D96-46A2-A3B5-D6B3421D754B}
                	Application Correlation ID:	-

ComputerName  : FRANK-PDC
EventID       : 5136
Title         : ADObject Modified
TimeGenerated : 8/5/2021 1:46:04 PM
Content       : A directory service object was modified.
                	
                Subject:
                	Security ID:		S-1-5-21-2956518221-444034542-2043350422-87305
                	Account Name:		EU1MB9903$
                	Account Domain:		ROAYA
                	Logon ID:		0x2CF7F215F
                
                Directory Service:
                	Name:	Roaya.loc
                	Type:	Active Directory Domain Services
                	
                Object:
                	DN:	CN=3een-eg.com Offline Address Book,CN=Offline Address Lists,CN=Address Lists 
                Container,CN=roaya,CN=Microsoft Exchange,CN=Services,CN=Configuration,DC=Roaya,DC=loc
                	GUID:	{2CC13937-8645-441A-A9A7-FE1EC7E6756F}
                	Class:	msExchOAB
                	
                Attribute:
                	LDAP Display Name:	msExchOABLastTouchedTime
                	Syntax (OID):	2.5.5.11
                	Value:	20210805114610.0Z
                	
                Operation:
                	Type:	Value Added
                	Correlation ID:	{FA245DF5-4D96-46A2-A3B5-D6B3421D754B}
                	Application Correlation ID:	-

ComputerName  : FRANK-PDC
EventID       : 5136
Title         : ADObject Modified
TimeGenerated : 8/5/2021 1:46:04 PM
Content       : A directory service object was modified.
                	
                Subject:
                	Security ID:		S-1-5-21-2956518221-444034542-2043350422-87305
                	Account Name:		EU1MB9903$
                	Account Domain:		ROAYA
                	Logon ID:		0x2CF7F215F
                
                Directory Service:
                	Name:	Roaya.loc
                	Type:	Active Directory Domain Services
                	
                Object:
                	DN:	CN=3een-eg.com Offline Address Book,CN=Offline Address Lists,CN=Address Lists 
                Container,CN=roaya,CN=Microsoft Exchange,CN=Services,CN=Configuration,DC=Roaya,DC=loc
                	GUID:	{2CC13937-8645-441A-A9A7-FE1EC7E6756F}
                	Class:	msExchOAB
                	
                Attribute:
                	LDAP Display Name:	msExchOABLastTouchedTime
                	Syntax (OID):	2.5.5.11
                	Value:	20210805052352.0Z
                	
                Operation:
                	Type:	Value Deleted
                	Correlation ID:	{FA245DF5-4D96-46A2-A3B5-D6B3421D754B}
                	Application Correlation ID:	-

ComputerName  : FRANK-PDC
EventID       : 5136
Title         : ADObject Modified
TimeGenerated : 8/5/2021 1:46:04 PM
Content       : A directory service object was modified.
                	
                Subject:
                	Security ID:		S-1-5-21-2956518221-444034542-2043350422-97789
                	Account Name:		LPC-SolidAdmin
                	Account Domain:		ROAYA
                	Logon ID:		0x2CF9756A0
                
                Directory Service:
                	Name:	Roaya.loc
                	Type:	Active Directory Domain Services
                	
                Object:
                	DN:	CN=egyptbestproperties.com,OU=egyptbestproperties.com,OU=Mail,DC=roaya,DC=loc
                	GUID:	{3631A5A8-02E2-4FD3-8E3F-7C64FC755799}
                	Class:	group
                	
                Attribute:
                	LDAP Display Name:	member
                	Syntax (OID):	2.5.5.1
                	Value:	CN=b.ahmed_egyptbestpro,OU=egyptbestproperties.com,OU=Mail,DC=roaya,DC=loc
                	
                Operation:
                	Type:	Value Added
                	Correlation ID:	{982E007D-F89C-41FF-B082-DF465C787780}
                	Application Correlation ID:	-

ComputerName  : FRANK-PDC
EventID       : 4756
Title         : Universal security group member added
TimeGenerated : 8/5/2021 1:46:03 PM
Content       : A member was added to a security-enabled universal group.
                
                Subject:
                	Security ID:		S-1-5-21-2956518221-444034542-2043350422-97789
                	Account Name:		LPC-SolidAdmin
                	Account Domain:		ROAYA
                	Logon ID:		0x2CF9756A0
                
                Member:
                	Security ID:		S-1-5-21-2956518221-444034542-2043350422-98800
                	Account Name:		CN=b.ahmed_egyptbestpro,OU=egyptbestproperties.com,OU=Mail,DC=roaya,DC=loc
                
                Group:
                	Security ID:		S-1-5-21-2956518221-444034542-2043350422-35968
                	Account Name:		egyptbestproperties.com
                	Account Domain:		ROAYA
                
                Additional Information:
                	Privileges:		-

ComputerName  : FRANK-PDC
EventID       : 4755
Title         : Universal security group changed
TimeGenerated : 8/5/2021 1:46:03 PM
Content       : A security-enabled universal group was changed.
                
                Subject:
                	Security ID:		S-1-5-21-2956518221-444034542-2043350422-97789
                	Account Name:		LPC-SolidAdmin
                	Account Domain:		ROAYA
                	Logon ID:		0x2CF9756A0
                
                Group:
                	Security ID:		S-1-5-21-2956518221-444034542-2043350422-35968
                	Group Name:		egyptbestproperties.com
                	Group Domain:		ROAYA
                
                Changed Attributes:
                	SAM Account Name:	-
                	SID History:		-
                
                Additional Information:
                	Privileges:		-

ComputerName  : FRANK-PDC
EventID       : 4738
Title         : User changed
TimeGenerated : 8/5/2021 1:46:03 PM
Content       : A user account was changed.
                
                Subject:
                	Security ID:		S-1-5-21-2956518221-444034542-2043350422-97789
                	Account Name:		LPC-SolidAdmin
                	Account Domain:		ROAYA
                	Logon ID:		0x2CF9756A0
                
                Target Account:
                	Security ID:		S-1-5-21-2956518221-444034542-2043350422-98800
                	Account Name:		b.ahmed_egyptbestpro
                	Account Domain:		ROAYA
                
                Changed Attributes:
                	SAM Account Name:	-
                	Display Name:		-
                	User Principal Name:	b.ahmed@egyptbestproperties.com
                	Home Directory:		-
                	Home Drive:		-
                	Script Path:		-
                	Profile Path:		-
                	User Workstations:	-
                	Password Last Set:	-
                	Account Expires:		-
                	Primary Group ID:	-
                	AllowedToDelegateTo:	-
                	Old UAC Value:		-
                	New UAC Value:		-
                	User Account Control:	-
                	User Parameters:	-
                	SID History:		-
                	Logon Hours:		-
                
                Additional Information:
                	Privileges:		-

ComputerName  : FRANK-PDC
EventID       : 4722
Title         : User enabled
TimeGenerated : 8/5/2021 1:46:03 PM
Content       : A user account was enabled.
                
                Subject:
                	Security ID:		S-1-5-21-2956518221-444034542-2043350422-97789
                	Account Name:		LPC-SolidAdmin
                	Account Domain:		ROAYA
                	Logon ID:		0x2CF9756A0
                
                Target Account:
                	Security ID:		S-1-5-21-2956518221-444034542-2043350422-98800
                	Account Name:		b.ahmed_egyptbestpro
                	Account Domain:		ROAYA

ComputerName  : FRANK-PDC
EventID       : 4738
Title         : User changed
TimeGenerated : 8/5/2021 1:46:03 PM
Content       : A user account was changed.
                
                Subject:
                	Security ID:		S-1-5-21-2956518221-444034542-2043350422-97789
                	Account Name:		LPC-SolidAdmin
                	Account Domain:		ROAYA
                	Logon ID:		0x2CF9756A0
                
                Target Account:
                	Security ID:		S-1-5-21-2956518221-444034542-2043350422-98800
                	Account Name:		b.ahmed_egyptbestpro
                	Account Domain:		ROAYA
                
                Changed Attributes:
                	SAM Account Name:	-
                	Display Name:		-
                	User Principal Name:	-
                	Home Directory:		-
                	Home Drive:		-
                	Script Path:		-
                	Profile Path:		-
                	User Workstations:	-
                	Password Last Set:	-
                	Account Expires:		-
                	Primary Group ID:	-
                	AllowedToDelegateTo:	-
                	Old UAC Value:		0x15
                	New UAC Value:		0x14
                	User Account Control:	
                		Account Enabled
                	User Parameters:	-
                	SID History:		-
                	Logon Hours:		-
                
                Additional Information:
                	Privileges:		-

ComputerName  : FRANK-PDC
EventID       : 4724
Title         : An administrator changed a user password
TimeGenerated : 8/5/2021 1:46:03 PM
Content       : An attempt was made to reset an account's password.
                
                Subject:
                	Security ID:		S-1-5-21-2956518221-444034542-2043350422-97789
                	Account Name:		LPC-SolidAdmin
                	Account Domain:		ROAYA
                	Logon ID:		0x2CF97D06F
                
                Target Account:
                	Security ID:		S-1-5-21-2956518221-444034542-2043350422-98800
                	Account Name:		b.ahmed_egyptbestpro
                	Account Domain:		ROAYA

ComputerName  : FRANK-PDC
EventID       : 4738
Title         : User changed
TimeGenerated : 8/5/2021 1:46:03 PM
Content       : A user account was changed.
                
                Subject:
                	Security ID:		S-1-5-21-2956518221-444034542-2043350422-97789
                	Account Name:		LPC-SolidAdmin
                	Account Domain:		ROAYA
                	Logon ID:		0x2CF97D06F
                
                Target Account:
                	Security ID:		S-1-5-21-2956518221-444034542-2043350422-98800
                	Account Name:		b.ahmed_egyptbestpro
                	Account Domain:		ROAYA
                
                Changed Attributes:
                	SAM Account Name:	-
                	Display Name:		-
                	User Principal Name:	-
                	Home Directory:		-
                	Home Drive:		-
                	Script Path:		-
                	Profile Path:		-
                	User Workstations:	-
                	Password Last Set:	8/5/2021 1:46:03 PM
                	Account Expires:		-
                	Primary Group ID:	-
                	AllowedToDelegateTo:	-
                	Old UAC Value:		-
                	New UAC Value:		-
                	User Account Control:	-
                	User Parameters:	-
                	SID History:		-
                	Logon Hours:		-
                
                Additional Information:
                	Privileges:		-

ComputerName  : FRANK-PDC
EventID       : 4720
Title         : User created
TimeGenerated : 8/5/2021 1:46:03 PM
Content       : A user account was created.
                
                Subject:
                	Security ID:		S-1-5-21-2956518221-444034542-2043350422-97789
                	Account Name:		LPC-SolidAdmin
                	Account Domain:		ROAYA
                	Logon ID:		0x2CF9756A0
                
                New Account:
                	Security ID:		S-1-5-21-2956518221-444034542-2043350422-98800
                	Account Name:		b.ahmed_egyptbestpro
                	Account Domain:		ROAYA
                
                Attributes:
                	SAM Account Name:	b.ahmed_egyptbestpro
                	Display Name:		Basma  Ahmed
                	User Principal Name:	-
                	Home Directory:		-
                	Home Drive:		-
                	Script Path:		-
                	Profile Path:		-
                	User Workstations:	-
                	Password Last Set:	<never>
                	Account Expires:		<never>
                	Primary Group ID:	513
                	Allowed To Delegate To:	-
                	Old UAC Value:		0x0
                	New UAC Value:		0x15
                	User Account Control:	
                		Account Disabled
                		'Password Not Required' - Enabled
                		'Normal Account' - Enabled
                	User Parameters:	-
                	SID History:		-
                	Logon Hours:		<value not set>
                
                Additional Information:
                	Privileges		-

ComputerName  : FRANK-PDC
EventID       : 5136
Title         : ADObject Modified
TimeGenerated : 8/5/2021 1:45:54 PM
Content       : A directory service object was modified.
                	
                Subject:
                	Security ID:		S-1-5-21-2956518221-444034542-2043350422-87305
                	Account Name:		EU1MB9903$
                	Account Domain:		ROAYA
                	Logon ID:		0x2CF7F215F
                
                Directory Service:
                	Name:	Roaya.loc
                	Type:	Active Directory Domain Services
                	
                Object:
                	DN:	CN=middleeastcomp.com Offline Address Book,CN=Offline Address Lists,CN=Address Lists 
                Container,CN=roaya,CN=Microsoft Exchange,CN=Services,CN=Configuration,DC=Roaya,DC=loc
                	GUID:	{1570206D-944B-4B45-83D8-3E5E0CD00375}
                	Class:	msExchOAB
                	
                Attribute:
                	LDAP Display Name:	msExchConfigurationXML
                	Syntax (OID):	2.5.5.12
                	Value:	<OfflineAddressBookConfigXML><ManifestVersion><AddressLists 
                AddressListId="ef522408-6a40-4853-a4a9-69a3a5c0d797" Sequence="477" 
                /></ManifestVersion><LastFailedTime p2:nil="true" xmlns:p2="http://www.w3.org/2001/XMLSchema-instance" 
                /><LastGeneratingData><MailboxGuid>feea8dd2-5615-42ce-a176-1f29ddbca752</MailboxGuid><DatabaseGuid>77c5
                ed34-31bb-4d80-988c-932fec22ef7e</DatabaseGuid><ServerFqdn>EU1MB9903.Roaya.loc</ServerFqdn></LastGenera
                tingData><HttpHomeMdbLastProcessedBucket>0</HttpHomeMdbLastProcessedBucket><FullOabDownloadPreventionTh
                reshold>0</FullOabDownloadPreventionThreshold><ZipOabFilesBeforeUploading>false</ZipOabFilesBeforeUploa
                ding></OfflineAddressBookConfigXML>
                	
                Operation:
                	Type:	Value Added
                	Correlation ID:	{06FD71E9-E771-4119-965A-4518376ADDD3}
                	Application Correlation ID:	-

ComputerName  : FRANK-PDC
EventID       : 5136
Title         : ADObject Modified
TimeGenerated : 8/5/2021 1:45:54 PM
Content       : A directory service object was modified.
                	
                Subject:
                	Security ID:		S-1-5-21-2956518221-444034542-2043350422-87305
                	Account Name:		EU1MB9903$
                	Account Domain:		ROAYA
                	Logon ID:		0x2CF7F215F
                
                Directory Service:
                	Name:	Roaya.loc
                	Type:	Active Directory Domain Services
                	
                Object:
                	DN:	CN=middleeastcomp.com Offline Address Book,CN=Offline Address Lists,CN=Address Lists 
                Container,CN=roaya,CN=Microsoft Exchange,CN=Services,CN=Configuration,DC=Roaya,DC=loc
                	GUID:	{1570206D-944B-4B45-83D8-3E5E0CD00375}
                	Class:	msExchOAB
                	
                Attribute:
                	LDAP Display Name:	msExchConfigurationXML
                	Syntax (OID):	2.5.5.12
                	Value:	<OfflineAddressBookConfigXML><ManifestVersion><AddressLists 
                AddressListId="ef522408-6a40-4853-a4a9-69a3a5c0d797" Sequence="476" 
                /></ManifestVersion><LastFailedTime p2:nil="true" xmlns:p2="http://www.w3.org/2001/XMLSchema-instance" 
                /><LastGeneratingData><MailboxGuid>feea8dd2-5615-42ce-a176-1f29ddbca752</MailboxGuid><DatabaseGuid>77c5
                ed34-31bb-4d80-988c-932fec22ef7e</DatabaseGuid><ServerFqdn>EU1MB9903.Roaya.loc</ServerFqdn></LastGenera
                tingData><HttpHomeMdbLastProcessedBucket>0</HttpHomeMdbLastProcessedBucket><FullOabDownloadPreventionTh
                reshold>0</FullOabDownloadPreventionThreshold><ZipOabFilesBeforeUploading>false</ZipOabFilesBeforeUploa
                ding></OfflineAddressBookConfigXML>
                	
                Operation:
                	Type:	Value Deleted
                	Correlation ID:	{06FD71E9-E771-4119-965A-4518376ADDD3}
                	Application Correlation ID:	-

ComputerName  : FRANK-PDC
EventID       : 5136
Title         : ADObject Modified
TimeGenerated : 8/5/2021 1:45:54 PM
Content       : A directory service object was modified.
                	
                Subject:
                	Security ID:		S-1-5-21-2956518221-444034542-2043350422-87305
                	Account Name:		EU1MB9903$
                	Account Domain:		ROAYA
                	Logon ID:		0x2CF7F215F
                
                Directory Service:
                	Name:	Roaya.loc
                	Type:	Active Directory Domain Services
                	
                Object:
                	DN:	CN=middleeastcomp.com Offline Address Book,CN=Offline Address Lists,CN=Address Lists 
                Container,CN=roaya,CN=Microsoft Exchange,CN=Services,CN=Configuration,DC=Roaya,DC=loc
                	GUID:	{1570206D-944B-4B45-83D8-3E5E0CD00375}
                	Class:	msExchOAB
                	
                Attribute:
                	LDAP Display Name:	msExchOABLastTouchedTime
                	Syntax (OID):	2.5.5.11
                	Value:	20210805114551.0Z
                	
                Operation:
                	Type:	Value Added
                	Correlation ID:	{06FD71E9-E771-4119-965A-4518376ADDD3}
                	Application Correlation ID:	-

ComputerName  : FRANK-PDC
EventID       : 5136
Title         : ADObject Modified
TimeGenerated : 8/5/2021 1:45:54 PM
Content       : A directory service object was modified.
                	
                Subject:
                	Security ID:		S-1-5-21-2956518221-444034542-2043350422-87305
                	Account Name:		EU1MB9903$
                	Account Domain:		ROAYA
                	Logon ID:		0x2CF7F215F
                
                Directory Service:
                	Name:	Roaya.loc
                	Type:	Active Directory Domain Services
                	
                Object:
                	DN:	CN=middleeastcomp.com Offline Address Book,CN=Offline Address Lists,CN=Address Lists 
                Container,CN=roaya,CN=Microsoft Exchange,CN=Services,CN=Configuration,DC=Roaya,DC=loc
                	GUID:	{1570206D-944B-4B45-83D8-3E5E0CD00375}
                	Class:	msExchOAB
                	
                Attribute:
                	LDAP Display Name:	msExchOABLastTouchedTime
                	Syntax (OID):	2.5.5.11
                	Value:	20210805052337.0Z
                	
                Operation:
                	Type:	Value Deleted
                	Correlation ID:	{06FD71E9-E771-4119-965A-4518376ADDD3}
                	Application Correlation ID:	-

