08/05/2021 14:07:18 [!] AD Changes detected. Sending mail.


ComputerName  : FRANK-PDC
EventID       : 5136
Title         : ADObject Modified
TimeGenerated : 8/5/2021 2:06:08 PM
Content       : A directory service object was modified.
                	
                Subject:
                	Security ID:		S-1-5-21-2956518221-444034542-2043350422-97789
                	Account Name:		LPC-SolidAdmin
                	Account Domain:		ROAYA
                	Logon ID:		0x2CF7DF93A
                
                Directory Service:
                	Name:	Roaya.loc
                	Type:	Active Directory Domain Services
                	
                Object:
                	DN:	CN=elskandar_almottahed,OU=almottahedon-pharma.com,OU=Mail,DC=Roaya,DC=loc
                	GUID:	{19B8E492-1295-4A72-9C09-5571F033E59E}
                	Class:	user
                	
                Attribute:
                	LDAP Display Name:	msExchMobileMailboxPolicyLink
                	Syntax (OID):	2.5.5.1
                	Value:	CN=almottahedon-pharma.com,CN=Mobile Mailbox Policies,CN=roaya,CN=Microsoft 
                Exchange,CN=Services,CN=Configuration,DC=Roaya,DC=loc
                	
                Operation:
                	Type:	Value Added
                	Correlation ID:	{11154F47-C2BB-42CE-8A25-37C1A15CEB74}
                	Application Correlation ID:	-

ComputerName  : FRANK-PDC
EventID       : 5136
Title         : ADObject Modified
TimeGenerated : 8/5/2021 2:06:08 PM
Content       : A directory service object was modified.
                	
                Subject:
                	Security ID:		S-1-5-21-2956518221-444034542-2043350422-97789
                	Account Name:		LPC-SolidAdmin
                	Account Domain:		ROAYA
                	Logon ID:		0x2CF7DF93A
                
                Directory Service:
                	Name:	Roaya.loc
                	Type:	Active Directory Domain Services
                	
                Object:
                	DN:	CN=elskandar_almottahed,OU=almottahedon-pharma.com,OU=Mail,DC=Roaya,DC=loc
                	GUID:	{19B8E492-1295-4A72-9C09-5571F033E59E}
                	Class:	user
                	
                Attribute:
                	LDAP Display Name:	protocolSettings
                	Syntax (OID):	2.5.5.12
                	Value:	IMAP41
                	
                Operation:
                	Type:	Value Added
                	Correlation ID:	{11154F47-C2BB-42CE-8A25-37C1A15CEB74}
                	Application Correlation ID:	-

ComputerName  : FRANK-PDC
EventID       : 5136
Title         : ADObject Modified
TimeGenerated : 8/5/2021 2:06:08 PM
Content       : A directory service object was modified.
                	
                Subject:
                	Security ID:		S-1-5-21-2956518221-444034542-2043350422-97789
                	Account Name:		LPC-SolidAdmin
                	Account Domain:		ROAYA
                	Logon ID:		0x2CF7DF93A
                
                Directory Service:
                	Name:	Roaya.loc
                	Type:	Active Directory Domain Services
                	
                Object:
                	DN:	CN=elskandar_almottahed,OU=almottahedon-pharma.com,OU=Mail,DC=Roaya,DC=loc
                	GUID:	{19B8E492-1295-4A72-9C09-5571F033E59E}
                	Class:	user
                	
                Attribute:
                	LDAP Display Name:	protocolSettings
                	Syntax (OID):	2.5.5.12
                	Value:	POP30
                	
                Operation:
                	Type:	Value Added
                	Correlation ID:	{11154F47-C2BB-42CE-8A25-37C1A15CEB74}
                	Application Correlation ID:	-

ComputerName  : FRANK-PDC
EventID       : 5136
Title         : ADObject Modified
TimeGenerated : 8/5/2021 2:06:08 PM
Content       : A directory service object was modified.
                	
                Subject:
                	Security ID:		S-1-5-21-2956518221-444034542-2043350422-97789
                	Account Name:		LPC-SolidAdmin
                	Account Domain:		ROAYA
                	Logon ID:		0x2CF7DF93A
                
                Directory Service:
                	Name:	Roaya.loc
                	Type:	Active Directory Domain Services
                	
                Object:
                	DN:	CN=elskandar_almottahed,OU=almottahedon-pharma.com,OU=Mail,DC=Roaya,DC=loc
                	GUID:	{19B8E492-1295-4A72-9C09-5571F033E59E}
                	Class:	user
                	
                Attribute:
                	LDAP Display Name:	protocolSettings
                	Syntax (OID):	2.5.5.12
                	Value:	MAPI1
                	
                Operation:
                	Type:	Value Added
                	Correlation ID:	{11154F47-C2BB-42CE-8A25-37C1A15CEB74}
                	Application Correlation ID:	-

ComputerName  : FRANK-PDC
EventID       : 5136
Title         : ADObject Modified
TimeGenerated : 8/5/2021 2:06:08 PM
Content       : A directory service object was modified.
                	
                Subject:
                	Security ID:		S-1-5-21-2956518221-444034542-2043350422-97789
                	Account Name:		LPC-SolidAdmin
                	Account Domain:		ROAYA
                	Logon ID:		0x2CF7DF93A
                
                Directory Service:
                	Name:	Roaya.loc
                	Type:	Active Directory Domain Services
                	
                Object:
                	DN:	CN=elskandar_almottahed,OU=almottahedon-pharma.com,OU=Mail,DC=Roaya,DC=loc
                	GUID:	{19B8E492-1295-4A72-9C09-5571F033E59E}
                	Class:	user
                	
                Attribute:
                	LDAP Display Name:	protocolSettings
                	Syntax (OID):	2.5.5.12
                	Value:	HTTP11
                	
                Operation:
                	Type:	Value Added
                	Correlation ID:	{11154F47-C2BB-42CE-8A25-37C1A15CEB74}
                	Application Correlation ID:	-

ComputerName  : FRANK-PDC
EventID       : 5136
Title         : ADObject Modified
TimeGenerated : 8/5/2021 2:06:08 PM
Content       : A directory service object was modified.
                	
                Subject:
                	Security ID:		S-1-5-21-2956518221-444034542-2043350422-97789
                	Account Name:		LPC-SolidAdmin
                	Account Domain:		ROAYA
                	Logon ID:		0x2CF7DF93A
                
                Directory Service:
                	Name:	Roaya.loc
                	Type:	Active Directory Domain Services
                	
                Object:
                	DN:	CN=elskandar_almottahed,OU=almottahedon-pharma.com,OU=Mail,DC=Roaya,DC=loc
                	GUID:	{19B8E492-1295-4A72-9C09-5571F033E59E}
                	Class:	user
                	
                Attribute:
                	LDAP Display Name:	protocolSettings
                	Syntax (OID):	2.5.5.12
                	Value:	OWA1
                	
                Operation:
                	Type:	Value Added
                	Correlation ID:	{11154F47-C2BB-42CE-8A25-37C1A15CEB74}
                	Application Correlation ID:	-

ComputerName  : FRANK-PDC
EventID       : 5136
Title         : ADObject Modified
TimeGenerated : 8/5/2021 2:06:08 PM
Content       : A directory service object was modified.
                	
                Subject:
                	Security ID:		S-1-5-21-2956518221-444034542-2043350422-97789
                	Account Name:		LPC-SolidAdmin
                	Account Domain:		ROAYA
                	Logon ID:		0x2CF7DF93A
                
                Directory Service:
                	Name:	Roaya.loc
                	Type:	Active Directory Domain Services
                	
                Object:
                	DN:	CN=elskandar_almottahed,OU=almottahedon-pharma.com,OU=Mail,DC=Roaya,DC=loc
                	GUID:	{19B8E492-1295-4A72-9C09-5571F033E59E}
                	Class:	user
                	
                Attribute:
                	LDAP Display Name:	mDBUseDefaults
                	Syntax (OID):	2.5.5.8
                	Value:	FALSE
                	
                Operation:
                	Type:	Value Added
                	Correlation ID:	{F8D93E57-BC9D-4658-9EB0-77760882AF88}
                	Application Correlation ID:	-

ComputerName  : FRANK-PDC
EventID       : 5136
Title         : ADObject Modified
TimeGenerated : 8/5/2021 2:06:08 PM
Content       : A directory service object was modified.
                	
                Subject:
                	Security ID:		S-1-5-21-2956518221-444034542-2043350422-97789
                	Account Name:		LPC-SolidAdmin
                	Account Domain:		ROAYA
                	Logon ID:		0x2CF7DF93A
                
                Directory Service:
                	Name:	Roaya.loc
                	Type:	Active Directory Domain Services
                	
                Object:
                	DN:	CN=elskandar_almottahed,OU=almottahedon-pharma.com,OU=Mail,DC=Roaya,DC=loc
                	GUID:	{19B8E492-1295-4A72-9C09-5571F033E59E}
                	Class:	user
                	
                Attribute:
                	LDAP Display Name:	mDBUseDefaults
                	Syntax (OID):	2.5.5.8
                	Value:	TRUE
                	
                Operation:
                	Type:	Value Deleted
                	Correlation ID:	{F8D93E57-BC9D-4658-9EB0-77760882AF88}
                	Application Correlation ID:	-

ComputerName  : FRANK-PDC
EventID       : 5136
Title         : ADObject Modified
TimeGenerated : 8/5/2021 2:06:08 PM
Content       : A directory service object was modified.
                	
                Subject:
                	Security ID:		S-1-5-21-2956518221-444034542-2043350422-97789
                	Account Name:		LPC-SolidAdmin
                	Account Domain:		ROAYA
                	Logon ID:		0x2CF7DF93A
                
                Directory Service:
                	Name:	Roaya.loc
                	Type:	Active Directory Domain Services
                	
                Object:
                	DN:	CN=elskandar_almottahed,OU=almottahedon-pharma.com,OU=Mail,DC=Roaya,DC=loc
                	GUID:	{19B8E492-1295-4A72-9C09-5571F033E59E}
                	Class:	user
                	
                Attribute:
                	LDAP Display Name:	mDBOverHardQuotaLimit
                	Syntax (OID):	2.5.5.9
                	Value:	52428800
                	
                Operation:
                	Type:	Value Added
                	Correlation ID:	{F8D93E57-BC9D-4658-9EB0-77760882AF88}
                	Application Correlation ID:	-

ComputerName  : FRANK-PDC
EventID       : 5136
Title         : ADObject Modified
TimeGenerated : 8/5/2021 2:06:08 PM
Content       : A directory service object was modified.
                	
                Subject:
                	Security ID:		S-1-5-21-2956518221-444034542-2043350422-97789
                	Account Name:		LPC-SolidAdmin
                	Account Domain:		ROAYA
                	Logon ID:		0x2CF7DF93A
                
                Directory Service:
                	Name:	Roaya.loc
                	Type:	Active Directory Domain Services
                	
                Object:
                	DN:	CN=elskandar_almottahed,OU=almottahedon-pharma.com,OU=Mail,DC=Roaya,DC=loc
                	GUID:	{19B8E492-1295-4A72-9C09-5571F033E59E}
                	Class:	user
                	
                Attribute:
                	LDAP Display Name:	mDBOverQuotaLimit
                	Syntax (OID):	2.5.5.9
                	Value:	52428800
                	
                Operation:
                	Type:	Value Added
                	Correlation ID:	{F8D93E57-BC9D-4658-9EB0-77760882AF88}
                	Application Correlation ID:	-

ComputerName  : FRANK-PDC
EventID       : 5136
Title         : ADObject Modified
TimeGenerated : 8/5/2021 2:06:08 PM
Content       : A directory service object was modified.
                	
                Subject:
                	Security ID:		S-1-5-21-2956518221-444034542-2043350422-97789
                	Account Name:		LPC-SolidAdmin
                	Account Domain:		ROAYA
                	Logon ID:		0x2CF7DF93A
                
                Directory Service:
                	Name:	Roaya.loc
                	Type:	Active Directory Domain Services
                	
                Object:
                	DN:	CN=elskandar_almottahed,OU=almottahedon-pharma.com,OU=Mail,DC=Roaya,DC=loc
                	GUID:	{19B8E492-1295-4A72-9C09-5571F033E59E}
                	Class:	user
                	
                Attribute:
                	LDAP Display Name:	msExchUseOAB
                	Syntax (OID):	2.5.5.1
                	Value:	CN=almottahedon-pharma.com Offline Address Book,CN=Offline Address Lists,CN=Address Lists 
                Container,CN=roaya,CN=Microsoft Exchange,CN=Services,CN=Configuration,DC=Roaya,DC=loc
                	
                Operation:
                	Type:	Value Added
                	Correlation ID:	{F8D93E57-BC9D-4658-9EB0-77760882AF88}
                	Application Correlation ID:	-

ComputerName  : FRANK-PDC
EventID       : 5136
Title         : ADObject Modified
TimeGenerated : 8/5/2021 2:06:08 PM
Content       : A directory service object was modified.
                	
                Subject:
                	Security ID:		S-1-5-21-2956518221-444034542-2043350422-97789
                	Account Name:		LPC-SolidAdmin
                	Account Domain:		ROAYA
                	Logon ID:		0x2CF7DF93A
                
                Directory Service:
                	Name:	Roaya.loc
                	Type:	Active Directory Domain Services
                	
                Object:
                	DN:	CN=elskandar_almottahed,OU=almottahedon-pharma.com,OU=Mail,DC=Roaya,DC=loc
                	GUID:	{19B8E492-1295-4A72-9C09-5571F033E59E}
                	Class:	user
                	
                Attribute:
                	LDAP Display Name:	mDBStorageQuota
                	Syntax (OID):	2.5.5.9
                	Value:	49807360
                	
                Operation:
                	Type:	Value Added
                	Correlation ID:	{F8D93E57-BC9D-4658-9EB0-77760882AF88}
                	Application Correlation ID:	-

ComputerName  : FRANK-PDC
EventID       : 5136
Title         : ADObject Modified
TimeGenerated : 8/5/2021 2:06:08 PM
Content       : A directory service object was modified.
                	
                Subject:
                	Security ID:		S-1-5-21-2956518221-444034542-2043350422-97789
                	Account Name:		LPC-SolidAdmin
                	Account Domain:		ROAYA
                	Logon ID:		0x2CF7DF93A
                
                Directory Service:
                	Name:	Roaya.loc
                	Type:	Active Directory Domain Services
                	
                Object:
                	DN:	CN=elskandar_almottahed,OU=almottahedon-pharma.com,OU=Mail,DC=Roaya,DC=loc
                	GUID:	{19B8E492-1295-4A72-9C09-5571F033E59E}
                	Class:	user
                	
                Attribute:
                	LDAP Display Name:	garbageCollPeriod
                	Syntax (OID):	2.5.5.9
                	Value:	5270400
                	
                Operation:
                	Type:	Value Added
                	Correlation ID:	{F8D93E57-BC9D-4658-9EB0-77760882AF88}
                	Application Correlation ID:	-

ComputerName  : FRANK-PDC
EventID       : 5136
Title         : ADObject Modified
TimeGenerated : 8/5/2021 2:06:08 PM
Content       : A directory service object was modified.
                	
                Subject:
                	Security ID:		S-1-5-21-2956518221-444034542-2043350422-97789
                	Account Name:		LPC-SolidAdmin
                	Account Domain:		ROAYA
                	Logon ID:		0x2CF7DF93A
                
                Directory Service:
                	Name:	Roaya.loc
                	Type:	Active Directory Domain Services
                	
                Object:
                	DN:	CN=elskandar_almottahed,OU=almottahedon-pharma.com,OU=Mail,DC=Roaya,DC=loc
                	GUID:	{19B8E492-1295-4A72-9C09-5571F033E59E}
                	Class:	user
                	
                Attribute:
                	LDAP Display Name:	deletedItemFlags
                	Syntax (OID):	2.5.5.9
                	Value:	5
                	
                Operation:
                	Type:	Value Added
                	Correlation ID:	{F8D93E57-BC9D-4658-9EB0-77760882AF88}
                	Application Correlation ID:	-

ComputerName  : FRANK-PDC
EventID       : 5136
Title         : ADObject Modified
TimeGenerated : 8/5/2021 2:06:08 PM
Content       : A directory service object was modified.
                	
                Subject:
                	Security ID:		S-1-5-21-2956518221-444034542-2043350422-97789
                	Account Name:		LPC-SolidAdmin
                	Account Domain:		ROAYA
                	Logon ID:		0x2CF7DF93A
                
                Directory Service:
                	Name:	Roaya.loc
                	Type:	Active Directory Domain Services
                	
                Object:
                	DN:	CN=elskandar_almottahed,OU=almottahedon-pharma.com,OU=Mail,DC=Roaya,DC=loc
                	GUID:	{19B8E492-1295-4A72-9C09-5571F033E59E}
                	Class:	user
                	
                Attribute:
                	LDAP Display Name:	msExchPublicFolderMailbox
                	Syntax (OID):	2.5.5.1
                	Value:	CN=almottahedon-pharma.com Public Folder 
                Mailbox,OU=almottahedon-pharma.com,OU=Mail,DC=Roaya,DC=loc
                	
                Operation:
                	Type:	Value Added
                	Correlation ID:	{F8D93E57-BC9D-4658-9EB0-77760882AF88}
                	Application Correlation ID:	-

ComputerName  : FRANK-PDC
EventID       : 5136
Title         : ADObject Modified
TimeGenerated : 8/5/2021 2:06:08 PM
Content       : A directory service object was modified.
                	
                Subject:
                	Security ID:		S-1-5-21-2956518221-444034542-2043350422-97789
                	Account Name:		LPC-SolidAdmin
                	Account Domain:		ROAYA
                	Logon ID:		0x2CF7DF93A
                
                Directory Service:
                	Name:	Roaya.loc
                	Type:	Active Directory Domain Services
                	
                Object:
                	DN:	CN=elskandar_almottahed,OU=almottahedon-pharma.com,OU=Mail,DC=Roaya,DC=loc
                	GUID:	{19B8E492-1295-4A72-9C09-5571F033E59E}
                	Class:	user
                	
                Attribute:
                	LDAP Display Name:	delivContLength
                	Syntax (OID):	2.5.5.9
                	Value:	35840
                	
                Operation:
                	Type:	Value Added
                	Correlation ID:	{F8D93E57-BC9D-4658-9EB0-77760882AF88}
                	Application Correlation ID:	-

ComputerName  : FRANK-PDC
EventID       : 5136
Title         : ADObject Modified
TimeGenerated : 8/5/2021 2:06:08 PM
Content       : A directory service object was modified.
                	
                Subject:
                	Security ID:		S-1-5-21-2956518221-444034542-2043350422-97789
                	Account Name:		LPC-SolidAdmin
                	Account Domain:		ROAYA
                	Logon ID:		0x2CF7DF93A
                
                Directory Service:
                	Name:	Roaya.loc
                	Type:	Active Directory Domain Services
                	
                Object:
                	DN:	CN=elskandar_almottahed,OU=almottahedon-pharma.com,OU=Mail,DC=Roaya,DC=loc
                	GUID:	{19B8E492-1295-4A72-9C09-5571F033E59E}
                	Class:	user
                	
                Attribute:
                	LDAP Display Name:	submissionContLength
                	Syntax (OID):	2.5.5.9
                	Value:	35840
                	
                Operation:
                	Type:	Value Added
                	Correlation ID:	{F8D93E57-BC9D-4658-9EB0-77760882AF88}
                	Application Correlation ID:	-

ComputerName  : FRANK-PDC
EventID       : 5136
Title         : ADObject Modified
TimeGenerated : 8/5/2021 2:06:08 PM
Content       : A directory service object was modified.
                	
                Subject:
                	Security ID:		S-1-5-21-2956518221-444034542-2043350422-97789
                	Account Name:		LPC-SolidAdmin
                	Account Domain:		ROAYA
                	Logon ID:		0x2CF7DF93A
                
                Directory Service:
                	Name:	Roaya.loc
                	Type:	Active Directory Domain Services
                	
                Object:
                	DN:	CN=elskandar_almottahed,OU=almottahedon-pharma.com,OU=Mail,DC=Roaya,DC=loc
                	GUID:	{19B8E492-1295-4A72-9C09-5571F033E59E}
                	Class:	user
                	
                Attribute:
                	LDAP Display Name:	msExchELCMailboxFlags
                	Syntax (OID):	2.5.5.9
                	Value:	146
                	
                Operation:
                	Type:	Value Added
                	Correlation ID:	{F8D93E57-BC9D-4658-9EB0-77760882AF88}
                	Application Correlation ID:	-

ComputerName  : FRANK-PDC
EventID       : 5136
Title         : ADObject Modified
TimeGenerated : 8/5/2021 2:06:08 PM
Content       : A directory service object was modified.
                	
                Subject:
                	Security ID:		S-1-5-21-2956518221-444034542-2043350422-97789
                	Account Name:		LPC-SolidAdmin
                	Account Domain:		ROAYA
                	Logon ID:		0x2CF7DF93A
                
                Directory Service:
                	Name:	Roaya.loc
                	Type:	Active Directory Domain Services
                	
                Object:
                	DN:	CN=elskandar_almottahed,OU=almottahedon-pharma.com,OU=Mail,DC=Roaya,DC=loc
                	GUID:	{19B8E492-1295-4A72-9C09-5571F033E59E}
                	Class:	user
                	
                Attribute:
                	LDAP Display Name:	msExchELCMailboxFlags
                	Syntax (OID):	2.5.5.9
                	Value:	130
                	
                Operation:
                	Type:	Value Deleted
                	Correlation ID:	{F8D93E57-BC9D-4658-9EB0-77760882AF88}
                	Application Correlation ID:	-

ComputerName  : FRANK-PDC
EventID       : 5136
Title         : ADObject Modified
TimeGenerated : 8/5/2021 2:06:08 PM
Content       : A directory service object was modified.
                	
                Subject:
                	Security ID:		S-1-5-21-2956518221-444034542-2043350422-97789
                	Account Name:		LPC-SolidAdmin
                	Account Domain:		ROAYA
                	Logon ID:		0x2CF7DF93A
                
                Directory Service:
                	Name:	Roaya.loc
                	Type:	Active Directory Domain Services
                	
                Object:
                	DN:	CN=elskandar_almottahed,OU=almottahedon-pharma.com,OU=Mail,DC=Roaya,DC=loc
                	GUID:	{19B8E492-1295-4A72-9C09-5571F033E59E}
                	Class:	user
                	
                Attribute:
                	LDAP Display Name:	mail
                	Syntax (OID):	2.5.5.12
                	Value:	elskandar@upharmaegypt.com
                	
                Operation:
                	Type:	Value Added
                	Correlation ID:	{F8D93E57-BC9D-4658-9EB0-77760882AF88}
                	Application Correlation ID:	-

ComputerName  : FRANK-PDC
EventID       : 5136
Title         : ADObject Modified
TimeGenerated : 8/5/2021 2:06:08 PM
Content       : A directory service object was modified.
                	
                Subject:
                	Security ID:		S-1-5-21-2956518221-444034542-2043350422-97789
                	Account Name:		LPC-SolidAdmin
                	Account Domain:		ROAYA
                	Logon ID:		0x2CF7DF93A
                
                Directory Service:
                	Name:	Roaya.loc
                	Type:	Active Directory Domain Services
                	
                Object:
                	DN:	CN=elskandar_almottahed,OU=almottahedon-pharma.com,OU=Mail,DC=Roaya,DC=loc
                	GUID:	{19B8E492-1295-4A72-9C09-5571F033E59E}
                	Class:	user
                	
                Attribute:
                	LDAP Display Name:	mail
                	Syntax (OID):	2.5.5.12
                	Value:	elskandar_almottahed@worldposta.cloud
                	
                Operation:
                	Type:	Value Deleted
                	Correlation ID:	{F8D93E57-BC9D-4658-9EB0-77760882AF88}
                	Application Correlation ID:	-

ComputerName  : FRANK-PDC
EventID       : 5136
Title         : ADObject Modified
TimeGenerated : 8/5/2021 2:06:08 PM
Content       : A directory service object was modified.
                	
                Subject:
                	Security ID:		S-1-5-21-2956518221-444034542-2043350422-97789
                	Account Name:		LPC-SolidAdmin
                	Account Domain:		ROAYA
                	Logon ID:		0x2CF7DF93A
                
                Directory Service:
                	Name:	Roaya.loc
                	Type:	Active Directory Domain Services
                	
                Object:
                	DN:	CN=elskandar_almottahed,OU=almottahedon-pharma.com,OU=Mail,DC=Roaya,DC=loc
                	GUID:	{19B8E492-1295-4A72-9C09-5571F033E59E}
                	Class:	user
                	
                Attribute:
                	LDAP Display Name:	msExchUMDtmfMap
                	Syntax (OID):	2.5.5.12
                	Value:	emailAddress:357526327
                	
                Operation:
                	Type:	Value Added
                	Correlation ID:	{F8D93E57-BC9D-4658-9EB0-77760882AF88}
                	Application Correlation ID:	-

ComputerName  : FRANK-PDC
EventID       : 5136
Title         : ADObject Modified
TimeGenerated : 8/5/2021 2:06:08 PM
Content       : A directory service object was modified.
                	
                Subject:
                	Security ID:		S-1-5-21-2956518221-444034542-2043350422-97789
                	Account Name:		LPC-SolidAdmin
                	Account Domain:		ROAYA
                	Logon ID:		0x2CF7DF93A
                
                Directory Service:
                	Name:	Roaya.loc
                	Type:	Active Directory Domain Services
                	
                Object:
                	DN:	CN=elskandar_almottahed,OU=almottahedon-pharma.com,OU=Mail,DC=Roaya,DC=loc
                	GUID:	{19B8E492-1295-4A72-9C09-5571F033E59E}
                	Class:	user
                	
                Attribute:
                	LDAP Display Name:	msExchUMDtmfMap
                	Syntax (OID):	2.5.5.12
                	Value:	lastNameFirstName:357526327
                	
                Operation:
                	Type:	Value Added
                	Correlation ID:	{F8D93E57-BC9D-4658-9EB0-77760882AF88}
                	Application Correlation ID:	-

ComputerName  : FRANK-PDC
EventID       : 5136
Title         : ADObject Modified
TimeGenerated : 8/5/2021 2:06:08 PM
Content       : A directory service object was modified.
                	
                Subject:
                	Security ID:		S-1-5-21-2956518221-444034542-2043350422-97789
                	Account Name:		LPC-SolidAdmin
                	Account Domain:		ROAYA
                	Logon ID:		0x2CF7DF93A
                
                Directory Service:
                	Name:	Roaya.loc
                	Type:	Active Directory Domain Services
                	
                Object:
                	DN:	CN=elskandar_almottahed,OU=almottahedon-pharma.com,OU=Mail,DC=Roaya,DC=loc
                	GUID:	{19B8E492-1295-4A72-9C09-5571F033E59E}
                	Class:	user
                	
                Attribute:
                	LDAP Display Name:	msExchUMDtmfMap
                	Syntax (OID):	2.5.5.12
                	Value:	firstNameLastName:357526327
                	
                Operation:
                	Type:	Value Added
                	Correlation ID:	{F8D93E57-BC9D-4658-9EB0-77760882AF88}
                	Application Correlation ID:	-

ComputerName  : FRANK-PDC
EventID       : 5136
Title         : ADObject Modified
TimeGenerated : 8/5/2021 2:06:08 PM
Content       : A directory service object was modified.
                	
                Subject:
                	Security ID:		S-1-5-21-2956518221-444034542-2043350422-97789
                	Account Name:		LPC-SolidAdmin
                	Account Domain:		ROAYA
                	Logon ID:		0x2CF7DF93A
                
                Directory Service:
                	Name:	Roaya.loc
                	Type:	Active Directory Domain Services
                	
                Object:
                	DN:	CN=elskandar_almottahed,OU=almottahedon-pharma.com,OU=Mail,DC=Roaya,DC=loc
                	GUID:	{19B8E492-1295-4A72-9C09-5571F033E59E}
                	Class:	user
                	
                Attribute:
                	LDAP Display Name:	msExchUMDtmfMap
                	Syntax (OID):	2.5.5.12
                	Value:	emailAddress:3575263272566882433
                	
                Operation:
                	Type:	Value Deleted
                	Correlation ID:	{F8D93E57-BC9D-4658-9EB0-77760882AF88}
                	Application Correlation ID:	-

ComputerName  : FRANK-PDC
EventID       : 5136
Title         : ADObject Modified
TimeGenerated : 8/5/2021 2:06:08 PM
Content       : A directory service object was modified.
                	
                Subject:
                	Security ID:		S-1-5-21-2956518221-444034542-2043350422-97789
                	Account Name:		LPC-SolidAdmin
                	Account Domain:		ROAYA
                	Logon ID:		0x2CF7DF93A
                
                Directory Service:
                	Name:	Roaya.loc
                	Type:	Active Directory Domain Services
                	
                Object:
                	DN:	CN=elskandar_almottahed,OU=almottahedon-pharma.com,OU=Mail,DC=Roaya,DC=loc
                	GUID:	{19B8E492-1295-4A72-9C09-5571F033E59E}
                	Class:	user
                	
                Attribute:
                	LDAP Display Name:	msExchUMDtmfMap
                	Syntax (OID):	2.5.5.12
                	Value:	lastNameFirstName:357526327
                	
                Operation:
                	Type:	Value Deleted
                	Correlation ID:	{F8D93E57-BC9D-4658-9EB0-77760882AF88}
                	Application Correlation ID:	-

ComputerName  : FRANK-PDC
EventID       : 5136
Title         : ADObject Modified
TimeGenerated : 8/5/2021 2:06:08 PM
Content       : A directory service object was modified.
                	
                Subject:
                	Security ID:		S-1-5-21-2956518221-444034542-2043350422-97789
                	Account Name:		LPC-SolidAdmin
                	Account Domain:		ROAYA
                	Logon ID:		0x2CF7DF93A
                
                Directory Service:
                	Name:	Roaya.loc
                	Type:	Active Directory Domain Services
                	
                Object:
                	DN:	CN=elskandar_almottahed,OU=almottahedon-pharma.com,OU=Mail,DC=Roaya,DC=loc
                	GUID:	{19B8E492-1295-4A72-9C09-5571F033E59E}
                	Class:	user
                	
                Attribute:
                	LDAP Display Name:	msExchUMDtmfMap
                	Syntax (OID):	2.5.5.12
                	Value:	firstNameLastName:357526327
                	
                Operation:
                	Type:	Value Deleted
                	Correlation ID:	{F8D93E57-BC9D-4658-9EB0-77760882AF88}
                	Application Correlation ID:	-

ComputerName  : FRANK-PDC
EventID       : 5136
Title         : ADObject Modified
TimeGenerated : 8/5/2021 2:06:08 PM
Content       : A directory service object was modified.
                	
                Subject:
                	Security ID:		S-1-5-21-2956518221-444034542-2043350422-97789
                	Account Name:		LPC-SolidAdmin
                	Account Domain:		ROAYA
                	Logon ID:		0x2CF7DF93A
                
                Directory Service:
                	Name:	Roaya.loc
                	Type:	Active Directory Domain Services
                	
                Object:
                	DN:	CN=elskandar_almottahed,OU=almottahedon-pharma.com,OU=Mail,DC=Roaya,DC=loc
                	GUID:	{19B8E492-1295-4A72-9C09-5571F033E59E}
                	Class:	user
                	
                Attribute:
                	LDAP Display Name:	msExchRecipLimit
                	Syntax (OID):	2.5.5.9
                	Value:	100
                	
                Operation:
                	Type:	Value Added
                	Correlation ID:	{F8D93E57-BC9D-4658-9EB0-77760882AF88}
                	Application Correlation ID:	-

ComputerName  : FRANK-PDC
EventID       : 5136
Title         : ADObject Modified
TimeGenerated : 8/5/2021 2:06:08 PM
Content       : A directory service object was modified.
                	
                Subject:
                	Security ID:		S-1-5-21-2956518221-444034542-2043350422-97789
                	Account Name:		LPC-SolidAdmin
                	Account Domain:		ROAYA
                	Logon ID:		0x2CF7DF93A
                
                Directory Service:
                	Name:	Roaya.loc
                	Type:	Active Directory Domain Services
                	
                Object:
                	DN:	CN=elskandar_almottahed,OU=almottahedon-pharma.com,OU=Mail,DC=Roaya,DC=loc
                	GUID:	{19B8E492-1295-4A72-9C09-5571F033E59E}
                	Class:	user
                	
                Attribute:
                	LDAP Display Name:	msExchPoliciesExcluded
                	Syntax (OID):	2.5.5.12
                	Value:	{26491cfc-9e50-4857-861b-0cb8df22b5d7}
                	
                Operation:
                	Type:	Value Added
                	Correlation ID:	{F8D93E57-BC9D-4658-9EB0-77760882AF88}
                	Application Correlation ID:	-

ComputerName  : FRANK-PDC
EventID       : 5136
Title         : ADObject Modified
TimeGenerated : 8/5/2021 2:06:08 PM
Content       : A directory service object was modified.
                	
                Subject:
                	Security ID:		S-1-5-21-2956518221-444034542-2043350422-97789
                	Account Name:		LPC-SolidAdmin
                	Account Domain:		ROAYA
                	Logon ID:		0x2CF7DF93A
                
                Directory Service:
                	Name:	Roaya.loc
                	Type:	Active Directory Domain Services
                	
                Object:
                	DN:	CN=elskandar_almottahed,OU=almottahedon-pharma.com,OU=Mail,DC=Roaya,DC=loc
                	GUID:	{19B8E492-1295-4A72-9C09-5571F033E59E}
                	Class:	user
                	
                Attribute:
                	LDAP Display Name:	msExchPoliciesIncluded
                	Syntax (OID):	2.5.5.12
                	Value:	9ce9209e-862a-44ec-a788-f63f6d7d35f1
                	
                Operation:
                	Type:	Value Deleted
                	Correlation ID:	{F8D93E57-BC9D-4658-9EB0-77760882AF88}
                	Application Correlation ID:	-

ComputerName  : FRANK-PDC
EventID       : 5136
Title         : ADObject Modified
TimeGenerated : 8/5/2021 2:06:08 PM
Content       : A directory service object was modified.
                	
                Subject:
                	Security ID:		S-1-5-21-2956518221-444034542-2043350422-97789
                	Account Name:		LPC-SolidAdmin
                	Account Domain:		ROAYA
                	Logon ID:		0x2CF7DF93A
                
                Directory Service:
                	Name:	Roaya.loc
                	Type:	Active Directory Domain Services
                	
                Object:
                	DN:	CN=elskandar_almottahed,OU=almottahedon-pharma.com,OU=Mail,DC=Roaya,DC=loc
                	GUID:	{19B8E492-1295-4A72-9C09-5571F033E59E}
                	Class:	user
                	
                Attribute:
                	LDAP Display Name:	msExchPoliciesIncluded
                	Syntax (OID):	2.5.5.12
                	Value:	{26491cfc-9e50-4857-861b-0cb8df22b5d7}
                	
                Operation:
                	Type:	Value Deleted
                	Correlation ID:	{F8D93E57-BC9D-4658-9EB0-77760882AF88}
                	Application Correlation ID:	-

ComputerName  : FRANK-PDC
EventID       : 5136
Title         : ADObject Modified
TimeGenerated : 8/5/2021 2:06:08 PM
Content       : A directory service object was modified.
                	
                Subject:
                	Security ID:		S-1-5-21-2956518221-444034542-2043350422-97789
                	Account Name:		LPC-SolidAdmin
                	Account Domain:		ROAYA
                	Logon ID:		0x2CF7DF93A
                
                Directory Service:
                	Name:	Roaya.loc
                	Type:	Active Directory Domain Services
                	
                Object:
                	DN:	CN=elskandar_almottahed,OU=almottahedon-pharma.com,OU=Mail,DC=Roaya,DC=loc
                	GUID:	{19B8E492-1295-4A72-9C09-5571F033E59E}
                	Class:	user
                	
                Attribute:
                	LDAP Display Name:	proxyAddresses
                	Syntax (OID):	2.5.5.12
                	Value:	SMTP:elskandar@upharmaegypt.com
                	
                Operation:
                	Type:	Value Added
                	Correlation ID:	{F8D93E57-BC9D-4658-9EB0-77760882AF88}
                	Application Correlation ID:	-

ComputerName  : FRANK-PDC
EventID       : 5136
Title         : ADObject Modified
TimeGenerated : 8/5/2021 2:06:08 PM
Content       : A directory service object was modified.
                	
                Subject:
                	Security ID:		S-1-5-21-2956518221-444034542-2043350422-97789
                	Account Name:		LPC-SolidAdmin
                	Account Domain:		ROAYA
                	Logon ID:		0x2CF7DF93A
                
                Directory Service:
                	Name:	Roaya.loc
                	Type:	Active Directory Domain Services
                	
                Object:
                	DN:	CN=elskandar_almottahed,OU=almottahedon-pharma.com,OU=Mail,DC=Roaya,DC=loc
                	GUID:	{19B8E492-1295-4A72-9C09-5571F033E59E}
                	Class:	user
                	
                Attribute:
                	LDAP Display Name:	proxyAddresses
                	Syntax (OID):	2.5.5.12
                	Value:	smtp:elskandar_almottahed@worldposta.cloud
                	
                Operation:
                	Type:	Value Added
                	Correlation ID:	{F8D93E57-BC9D-4658-9EB0-77760882AF88}
                	Application Correlation ID:	-

ComputerName  : FRANK-PDC
EventID       : 5136
Title         : ADObject Modified
TimeGenerated : 8/5/2021 2:06:08 PM
Content       : A directory service object was modified.
                	
                Subject:
                	Security ID:		S-1-5-21-2956518221-444034542-2043350422-97789
                	Account Name:		LPC-SolidAdmin
                	Account Domain:		ROAYA
                	Logon ID:		0x2CF7DF93A
                
                Directory Service:
                	Name:	Roaya.loc
                	Type:	Active Directory Domain Services
                	
                Object:
                	DN:	CN=elskandar_almottahed,OU=almottahedon-pharma.com,OU=Mail,DC=Roaya,DC=loc
                	GUID:	{19B8E492-1295-4A72-9C09-5571F033E59E}
                	Class:	user
                	
                Attribute:
                	LDAP Display Name:	proxyAddresses
                	Syntax (OID):	2.5.5.12
                	Value:	SMTP:elskandar_almottahed@worldposta.cloud
                	
                Operation:
                	Type:	Value Deleted
                	Correlation ID:	{F8D93E57-BC9D-4658-9EB0-77760882AF88}
                	Application Correlation ID:	-

ComputerName  : FRANK-PDC
EventID       : 5136
Title         : ADObject Modified
TimeGenerated : 8/5/2021 2:06:08 PM
Content       : A directory service object was modified.
                	
                Subject:
                	Security ID:		S-1-5-21-2956518221-444034542-2043350422-97789
                	Account Name:		LPC-SolidAdmin
                	Account Domain:		ROAYA
                	Logon ID:		0x2CF7DF93A
                
                Directory Service:
                	Name:	Roaya.loc
                	Type:	Active Directory Domain Services
                	
                Object:
                	DN:	CN=elskandar_almottahed,OU=almottahedon-pharma.com,OU=Mail,DC=Roaya,DC=loc
                	GUID:	{19B8E492-1295-4A72-9C09-5571F033E59E}
                	Class:	user
                	
                Attribute:
                	LDAP Display Name:	extensionAttribute7
                	Syntax (OID):	2.5.5.12
                	Value:	0 GB
                	
                Operation:
                	Type:	Value Added
                	Correlation ID:	{F8D93E57-BC9D-4658-9EB0-77760882AF88}
                	Application Correlation ID:	-

ComputerName  : FRANK-PDC
EventID       : 5136
Title         : ADObject Modified
TimeGenerated : 8/5/2021 2:06:08 PM
Content       : A directory service object was modified.
                	
                Subject:
                	Security ID:		S-1-5-21-2956518221-444034542-2043350422-97789
                	Account Name:		LPC-SolidAdmin
                	Account Domain:		ROAYA
                	Logon ID:		0x2CF7DF93A
                
                Directory Service:
                	Name:	Roaya.loc
                	Type:	Active Directory Domain Services
                	
                Object:
                	DN:	CN=elskandar_almottahed,OU=almottahedon-pharma.com,OU=Mail,DC=Roaya,DC=loc
                	GUID:	{19B8E492-1295-4A72-9C09-5571F033E59E}
                	Class:	user
                	
                Attribute:
                	LDAP Display Name:	extensionAttribute3
                	Syntax (OID):	2.5.5.12
                	Value:	elskandar_almottahed@worldposta.cloud
                	
                Operation:
                	Type:	Value Added
                	Correlation ID:	{F8D93E57-BC9D-4658-9EB0-77760882AF88}
                	Application Correlation ID:	-

ComputerName  : FRANK-PDC
EventID       : 5136
Title         : ADObject Modified
TimeGenerated : 8/5/2021 2:06:08 PM
Content       : A directory service object was modified.
                	
                Subject:
                	Security ID:		S-1-5-21-2956518221-444034542-2043350422-97789
                	Account Name:		LPC-SolidAdmin
                	Account Domain:		ROAYA
                	Logon ID:		0x2CF7DF93A
                
                Directory Service:
                	Name:	Roaya.loc
                	Type:	Active Directory Domain Services
                	
                Object:
                	DN:	CN=elskandar_almottahed,OU=almottahedon-pharma.com,OU=Mail,DC=Roaya,DC=loc
                	GUID:	{19B8E492-1295-4A72-9C09-5571F033E59E}
                	Class:	user
                	
                Attribute:
                	LDAP Display Name:	extensionAttribute1
                	Syntax (OID):	2.5.5.12
                	Value:	almottahedon-pharma.com
                	
                Operation:
                	Type:	Value Added
                	Correlation ID:	{F8D93E57-BC9D-4658-9EB0-77760882AF88}
                	Application Correlation ID:	-

ComputerName  : FRANK-PDC
EventID       : 5136
Title         : ADObject Modified
TimeGenerated : 8/5/2021 2:06:08 PM
Content       : A directory service object was modified.
                	
                Subject:
                	Security ID:		S-1-5-21-2956518221-444034542-2043350422-97789
                	Account Name:		LPC-SolidAdmin
                	Account Domain:		ROAYA
                	Logon ID:		0x2CF7DF93A
                
                Directory Service:
                	Name:	Roaya.loc
                	Type:	Active Directory Domain Services
                	
                Object:
                	DN:	CN=elskandar_almottahed,OU=almottahedon-pharma.com,OU=Mail,DC=Roaya,DC=loc
                	GUID:	{19B8E492-1295-4A72-9C09-5571F033E59E}
                	Class:	user
                	
                Attribute:
                	LDAP Display Name:	showInAddressBook
                	Syntax (OID):	2.5.5.1
                	Value:	CN=almottahedon-pharma.com Address List,CN=All Address Lists,CN=Address Lists 
                Container,CN=roaya,CN=Microsoft Exchange,CN=Services,CN=Configuration,DC=Roaya,DC=loc
                	
                Operation:
                	Type:	Value Added
                	Correlation ID:	{F8D93E57-BC9D-4658-9EB0-77760882AF88}
                	Application Correlation ID:	-

ComputerName  : FRANK-PDC
EventID       : 5136
Title         : ADObject Modified
TimeGenerated : 8/5/2021 2:06:08 PM
Content       : A directory service object was modified.
                	
                Subject:
                	Security ID:		S-1-5-21-2956518221-444034542-2043350422-97789
                	Account Name:		LPC-SolidAdmin
                	Account Domain:		ROAYA
                	Logon ID:		0x2CF7DF93A
                
                Directory Service:
                	Name:	Roaya.loc
                	Type:	Active Directory Domain Services
                	
                Object:
                	DN:	CN=elskandar_almottahed,OU=almottahedon-pharma.com,OU=Mail,DC=Roaya,DC=loc
                	GUID:	{19B8E492-1295-4A72-9C09-5571F033E59E}
                	Class:	user
                	
                Attribute:
                	LDAP Display Name:	showInAddressBook
                	Syntax (OID):	2.5.5.1
                	Value:	CN=almottahedon-pharma.com Global Address List,CN=All Global Address Lists,CN=Address Lists 
                Container,CN=roaya,CN=Microsoft Exchange,CN=Services,CN=Configuration,DC=Roaya,DC=loc
                	
                Operation:
                	Type:	Value Added
                	Correlation ID:	{F8D93E57-BC9D-4658-9EB0-77760882AF88}
                	Application Correlation ID:	-

ComputerName  : FRANK-PDC
EventID       : 5136
Title         : ADObject Modified
TimeGenerated : 8/5/2021 2:06:08 PM
Content       : A directory service object was modified.
                	
                Subject:
                	Security ID:		S-1-5-21-2956518221-444034542-2043350422-97789
                	Account Name:		LPC-SolidAdmin
                	Account Domain:		ROAYA
                	Logon ID:		0x2CF7DF93A
                
                Directory Service:
                	Name:	Roaya.loc
                	Type:	Active Directory Domain Services
                	
                Object:
                	DN:	CN=elskandar_almottahed,OU=almottahedon-pharma.com,OU=Mail,DC=Roaya,DC=loc
                	GUID:	{19B8E492-1295-4A72-9C09-5571F033E59E}
                	Class:	user
                	
                Attribute:
                	LDAP Display Name:	msExchAddressBookPolicyLink
                	Syntax (OID):	2.5.5.1
                	Value:	CN=almottahedon-pharma.com Address Policy,CN=AddressBook Mailbox 
                Policies,CN=roaya,CN=Microsoft Exchange,CN=Services,CN=Configuration,DC=Roaya,DC=loc
                	
                Operation:
                	Type:	Value Added
                	Correlation ID:	{F8D93E57-BC9D-4658-9EB0-77760882AF88}
                	Application Correlation ID:	-

