ComputerName  : FRANK-ADC-04
EventID       : 5136
Title         : ADObject Modified
TimeGenerated : 9/29/2021 10:33:25 AM
Content       : A directory service object was modified.
                	
                Subject:
                	Security ID:		S-1-5-21-2956518221-444034542-2043350422-87305
                	Account Name:		EU1MB9903$
                	Account Domain:		ROAYA
                	Logon ID:		0xA327C9CD
                
                Directory Service:
                	Name:	Roaya.loc
                	Type:	Active Directory Domain Services
                	
                Object:
                	DN:	CN=testplanname.co Offline Address Book,CN=Offline Address Lists,CN=Address 
                Lists Container,CN=roaya,CN=Microsoft 
                Exchange,CN=Services,CN=Configuration,DC=Roaya,DC=loc
                	GUID:	{C43E8EA3-B3AD-432A-9DFB-B88FD7781DA9}
                	Class:	msExchOAB
                	
                Attribute:
                	LDAP Display Name:	msExchOABLastTouchedTime
                	Syntax (OID):	2.5.5.11
                	Value:	20210929035527.0Z
                	
                Operation:
                	Type:	Value Deleted
                	Correlation ID:	{836C54C8-E3BE-4AA0-8AFC-6D8368BECEDC}
                	Application Correlation ID:	-

ComputerName  : FRANK-ADC-04
EventID       : 5136
Title         : ADObject Modified
TimeGenerated : 9/29/2021 10:33:15 AM
Content       : A directory service object was modified.
                	
                Subject:
                	Security ID:		S-1-5-21-2956518221-444034542-2043350422-87305
                	Account Name:		EU1MB9903$
                	Account Domain:		ROAYA
                	Logon ID:		0xA327C9CD
                
                Directory Service:
                	Name:	Roaya.loc
                	Type:	Active Directory Domain Services
                	
                Object:
                	DN:	CN=tcoaching.net Offline Address Book,CN=Offline Address Lists,CN=Address 
                Lists Container,CN=roaya,CN=Microsoft 
                Exchange,CN=Services,CN=Configuration,DC=Roaya,DC=loc
                	GUID:	{E96BEDBB-3281-4653-AABD-DDDC503ACCDE}
                	Class:	msExchOAB
                	
                Attribute:
                	LDAP Display Name:	msExchOABLastTouchedTime
                	Syntax (OID):	2.5.5.11
                	Value:	20210929083309.0Z
                	
                Operation:
                	Type:	Value Added
                	Correlation ID:	{EF48DC95-B3EB-4DCA-853B-2DEA822F3FAB}
                	Application Correlation ID:	-

ComputerName  : FRANK-ADC-04
EventID       : 5136
Title         : ADObject Modified
TimeGenerated : 9/29/2021 10:33:15 AM
Content       : A directory service object was modified.
                	
                Subject:
                	Security ID:		S-1-5-21-2956518221-444034542-2043350422-87305
                	Account Name:		EU1MB9903$
                	Account Domain:		ROAYA
                	Logon ID:		0xA327C9CD
                
                Directory Service:
                	Name:	Roaya.loc
                	Type:	Active Directory Domain Services
                	
                Object:
                	DN:	CN=tcoaching.net Offline Address Book,CN=Offline Address Lists,CN=Address 
                Lists Container,CN=roaya,CN=Microsoft 
                Exchange,CN=Services,CN=Configuration,DC=Roaya,DC=loc
                	GUID:	{E96BEDBB-3281-4653-AABD-DDDC503ACCDE}
                	Class:	msExchOAB
                	
                Attribute:
                	LDAP Display Name:	msExchOABLastTouchedTime
                	Syntax (OID):	2.5.5.11
                	Value:	20210929035519.0Z
                	
                Operation:
                	Type:	Value Deleted
                	Correlation ID:	{EF48DC95-B3EB-4DCA-853B-2DEA822F3FAB}
                	Application Correlation ID:	-

ComputerName  : FRANK-PDC
EventID       : 4740
Title         : User locked out
TimeGenerated : 9/29/2021 10:33:12 AM
Content       : A user account was locked out.
                
                Subject:
                	Security ID:		S-1-5-18
                	Account Name:		FRANK-PDC$
                	Account Domain:		ROAYA
                	Logon ID:		0x3E7
                
                Account That Was Locked Out:
                	Security ID:		S-1-5-21-2956518221-444034542-2043350422-51318
                	Account Name:		doe_cleopatraluxurym
                
                Additional Information:
                	Caller Computer Name:	ENG

ComputerName  : FRANK-ADC-04
EventID       : 5136
Title         : ADObject Modified
TimeGenerated : 9/29/2021 10:33:05 AM
Content       : A directory service object was modified.
                	
                Subject:
                	Security ID:		S-1-5-21-2956518221-444034542-2043350422-87305
                	Account Name:		EU1MB9903$
                	Account Domain:		ROAYA
                	Logon ID:		0xA327C9CD
                
                Directory Service:
                	Name:	Roaya.loc
                	Type:	Active Directory Domain Services
                	
                Object:
                	DN:	CN=hamada Offline Address Book,CN=Offline Address Lists,CN=Address Lists 
                Container,CN=roaya,CN=Microsoft 
                Exchange,CN=Services,CN=Configuration,DC=Roaya,DC=loc
                	GUID:	{D0434BF8-1322-4B67-B905-45BAD6E2FAA7}
                	Class:	msExchOAB
                	
                Attribute:
                	LDAP Display Name:	msExchOABLastTouchedTime
                	Syntax (OID):	2.5.5.11
                	Value:	20210929083258.0Z
                	
                Operation:
                	Type:	Value Added
                	Correlation ID:	{F13CD1AD-07BC-4033-9EA7-15B7A1B7B122}
                	Application Correlation ID:	-

ComputerName  : FRANK-ADC-04
EventID       : 5136
Title         : ADObject Modified
TimeGenerated : 9/29/2021 10:33:05 AM
Content       : A directory service object was modified.
                	
                Subject:
                	Security ID:		S-1-5-21-2956518221-444034542-2043350422-87305
                	Account Name:		EU1MB9903$
                	Account Domain:		ROAYA
                	Logon ID:		0xA327C9CD
                
                Directory Service:
                	Name:	Roaya.loc
                	Type:	Active Directory Domain Services
                	
                Object:
                	DN:	CN=hamada Offline Address Book,CN=Offline Address Lists,CN=Address Lists 
                Container,CN=roaya,CN=Microsoft 
                Exchange,CN=Services,CN=Configuration,DC=Roaya,DC=loc
                	GUID:	{D0434BF8-1322-4B67-B905-45BAD6E2FAA7}
                	Class:	msExchOAB
                	
                Attribute:
                	LDAP Display Name:	msExchOABLastTouchedTime
                	Syntax (OID):	2.5.5.11
                	Value:	20210929035508.0Z
                	
                Operation:
                	Type:	Value Deleted
                	Correlation ID:	{F13CD1AD-07BC-4033-9EA7-15B7A1B7B122}
                	Application Correlation ID:	-

ComputerName  : FRANK-ADC-04
EventID       : 5136
Title         : ADObject Modified
TimeGenerated : 9/29/2021 10:33:05 AM
Content       : A directory service object was modified.
                	
                Subject:
                	Security ID:		S-1-5-21-2956518221-444034542-2043350422-87305
                	Account Name:		EU1MB9903$
                	Account Domain:		ROAYA
                	Logon ID:		0xA327C9CD
                
                Directory Service:
                	Name:	Roaya.loc
                	Type:	Active Directory Domain Services
                	
                Object:
                	DN:	CN=pacersmarketing1.com Offline Address Book,CN=Offline Address 
                Lists,CN=Address Lists Container,CN=roaya,CN=Microsoft 
                Exchange,CN=Services,CN=Configuration,DC=Roaya,DC=loc
                	GUID:	{5D85693D-2C3A-4A46-8997-EA1897CB30CC}
                	Class:	msExchOAB
                	
                Attribute:
                	LDAP Display Name:	msExchOABLastTouchedTime
                	Syntax (OID):	2.5.5.11
                	Value:	20210929083300.0Z
                	
                Operation:
                	Type:	Value Added
                	Correlation ID:	{5F1A75A6-4168-4797-AAEC-90F6BFBC88A9}
                	Application Correlation ID:	-

ComputerName  : FRANK-ADC-04
EventID       : 5136
Title         : ADObject Modified
TimeGenerated : 9/29/2021 10:33:05 AM
Content       : A directory service object was modified.
                	
                Subject:
                	Security ID:		S-1-5-21-2956518221-444034542-2043350422-87305
                	Account Name:		EU1MB9903$
                	Account Domain:		ROAYA
                	Logon ID:		0xA327C9CD
                
                Directory Service:
                	Name:	Roaya.loc
                	Type:	Active Directory Domain Services
                	
                Object:
                	DN:	CN=pacersmarketing1.com Offline Address Book,CN=Offline Address 
                Lists,CN=Address Lists Container,CN=roaya,CN=Microsoft 
                Exchange,CN=Services,CN=Configuration,DC=Roaya,DC=loc
                	GUID:	{5D85693D-2C3A-4A46-8997-EA1897CB30CC}
                	Class:	msExchOAB
                	
                Attribute:
                	LDAP Display Name:	msExchOABLastTouchedTime
                	Syntax (OID):	2.5.5.11
                	Value:	20210929035511.0Z
                	
                Operation:
                	Type:	Value Deleted
                	Correlation ID:	{5F1A75A6-4168-4797-AAEC-90F6BFBC88A9}
                	Application Correlation ID:	-

ComputerName  : FRANK-ADC-04
EventID       : 5136
Title         : ADObject Modified
TimeGenerated : 9/29/2021 10:32:55 AM
Content       : A directory service object was modified.
                	
                Subject:
                	Security ID:		S-1-5-21-2956518221-444034542-2043350422-87305
                	Account Name:		EU1MB9903$
                	Account Domain:		ROAYA
                	Logon ID:		0xA327C9CD
                
                Directory Service:
                	Name:	Roaya.loc
                	Type:	Active Directory Domain Services
                	
                Object:
                	DN:	CN=cleopatramall.com Offline Address Book,CN=Offline Address Lists,CN=Address 
                Lists Container,CN=roaya,CN=Microsoft 
                Exchange,CN=Services,CN=Configuration,DC=Roaya,DC=loc
                	GUID:	{C6034078-DCB9-4DB3-88D3-ACC3D0A9A64E}
                	Class:	msExchOAB
                	
                Attribute:
                	LDAP Display Name:	msExchOABLastTouchedTime
                	Syntax (OID):	2.5.5.11
                	Value:	20210929083250.0Z
                	
                Operation:
                	Type:	Value Added
                	Correlation ID:	{E51E8573-0E36-495D-86BC-B2E5EE561791}
                	Application Correlation ID:	-

ComputerName  : FRANK-ADC-04
EventID       : 5136
Title         : ADObject Modified
TimeGenerated : 9/29/2021 10:32:55 AM
Content       : A directory service object was modified.
                	
                Subject:
                	Security ID:		S-1-5-21-2956518221-444034542-2043350422-87305
                	Account Name:		EU1MB9903$
                	Account Domain:		ROAYA
                	Logon ID:		0xA327C9CD
                
                Directory Service:
                	Name:	Roaya.loc
                	Type:	Active Directory Domain Services
                	
                Object:
                	DN:	CN=cleopatramall.com Offline Address Book,CN=Offline Address Lists,CN=Address 
                Lists Container,CN=roaya,CN=Microsoft 
                Exchange,CN=Services,CN=Configuration,DC=Roaya,DC=loc
                	GUID:	{C6034078-DCB9-4DB3-88D3-ACC3D0A9A64E}
                	Class:	msExchOAB
                	
                Attribute:
                	LDAP Display Name:	msExchOABLastTouchedTime
                	Syntax (OID):	2.5.5.11
                	Value:	20210929035500.0Z
                	
                Operation:
                	Type:	Value Deleted
                	Correlation ID:	{E51E8573-0E36-495D-86BC-B2E5EE561791}
                	Application Correlation ID:	-

ComputerName  : FRANK-PDC
EventID       : 4740
Title         : User locked out
TimeGenerated : 9/29/2021 10:31:27 AM
Content       : A user account was locked out.
                
                Subject:
                	Security ID:		S-1-5-18
                	Account Name:		FRANK-PDC$
                	Account Domain:		ROAYA
                	Logon ID:		0x3E7
                
                Account That Was Locked Out:
                	Security ID:		S-1-5-21-2956518221-444034542-2043350422-61861
                	Account Name:		mmaged_citglobal.com
                
                Additional Information:
                	Caller Computer Name:	EU1FE9222

ComputerName  : FRANK-PDC
EventID       : 4740
Title         : User locked out
TimeGenerated : 9/29/2021 10:31:23 AM
Content       : A user account was locked out.
                
                Subject:
                	Security ID:		S-1-5-18
                	Account Name:		FRANK-PDC$
                	Account Domain:		ROAYA
                	Logon ID:		0x3E7
                
                Account That Was Locked Out:
                	Security ID:		S-1-5-21-2956518221-444034542-2043350422-70217
                	Account Name:		sales_19011pharmacie
                
                Additional Information:
                	Caller Computer Name:	EU1FE3113

ComputerName  : FRANK-ADC-01
EventID       : 5136
Title         : ADObject Modified
TimeGenerated : 9/29/2021 10:31:12 AM
Content       : A directory service object was modified.
                	
                Subject:
                	Security ID:		S-1-5-21-2956518221-444034542-2043350422-87305
                	Account Name:		EU1MB9903$
                	Account Domain:		ROAYA
                	Logon ID:		0x7138AAF
                
                Directory Service:
                	Name:	Roaya.loc
                	Type:	Active Directory Domain Services
                	
                Object:
                	DN:	CN=mdarwish_silicon21.c,OU=silicon21.com.eg,OU=Mail,DC=Roaya,DC=loc
                	GUID:	{D7B3ADC3-7A30-4CF6-A857-8091BDF9F296}
                	Class:	user
                	
                Attribute:
                	LDAP Display Name:	msExchUserCulture
                	Syntax (OID):	2.5.5.12
                	Value:	en-US
                	
                Operation:
                	Type:	Value Added
                	Correlation ID:	{83BB5E10-8A63-4AC0-889B-87EA408261C4}
                	Application Correlation ID:	-

ComputerName  : FRANK-PDC
EventID       : 4740
Title         : User locked out
TimeGenerated : 9/29/2021 10:29:57 AM
Content       : A user account was locked out.
                
                Subject:
                	Security ID:		S-1-5-18
                	Account Name:		FRANK-PDC$
                	Account Domain:		ROAYA
                	Logon ID:		0x3E7
                
                Account That Was Locked Out:
                	Security ID:		S-1-5-21-2956518221-444034542-2043350422-36315
                	Account Name:		ahmedmagdy_redconcon
                
                Additional Information:
                	Caller Computer Name:	EU1FE3113

ComputerName  : FRANK-PDC
EventID       : 4740
Title         : User locked out
TimeGenerated : 9/29/2021 10:28:51 AM
Content       : A user account was locked out.
                
                Subject:
                	Security ID:		S-1-5-18
                	Account Name:		FRANK-PDC$
                	Account Domain:		ROAYA
                	Logon ID:		0x3E7
                
                Account That Was Locked Out:
                	Security ID:		S-1-5-21-2956518221-444034542-2043350422-30858
                	Account Name:		it-support_surgitech
                
                Additional Information:
                	Caller Computer Name:	FILE-SERVER

ComputerName  : FRANK-PDC
EventID       : 4740
Title         : User locked out
TimeGenerated : 9/29/2021 10:28:38 AM
Content       : A user account was locked out.
                
                Subject:
                	Security ID:		S-1-5-18
                	Account Name:		FRANK-PDC$
                	Account Domain:		ROAYA
                	Logon ID:		0x3E7
                
                Account That Was Locked Out:
                	Security ID:		S-1-5-21-2956518221-444034542-2043350422-53729
                	Account Name:		eslam.elgh_redconcon
                
                Additional Information:
                	Caller Computer Name:	ESLAM-RASHID

ComputerName  : FRANK-PDC
EventID       : 4740
Title         : User locked out
TimeGenerated : 9/29/2021 10:27:55 AM
Content       : A user account was locked out.
                
                Subject:
                	Security ID:		S-1-5-18
                	Account Name:		FRANK-PDC$
                	Account Domain:		ROAYA
                	Logon ID:		0x3E7
                
                Account That Was Locked Out:
                	Security ID:		S-1-5-21-2956518221-444034542-2043350422-28054
                	Account Name:		mohamed.ahmed1
                
                Additional Information:
                	Caller Computer Name:	ENG-MOHAMED-AHM

ComputerName  : FRANK-PDC
EventID       : 4740
Title         : User locked out
TimeGenerated : 9/29/2021 10:27:55 AM
Content       : A user account was locked out.
                
                Subject:
                	Security ID:		S-1-5-18
                	Account Name:		FRANK-PDC$
                	Account Domain:		ROAYA
                	Logon ID:		0x3E7
                
                Account That Was Locked Out:
                	Security ID:		S-1-5-21-2956518221-444034542-2043350422-28054
                	Account Name:		mohamed.ahmed1
                
                Additional Information:
                	Caller Computer Name:	ENG-MOHAMED-AHM

ComputerName  : FRANK-PDC
EventID       : 4740
Title         : User locked out
TimeGenerated : 9/29/2021 10:27:42 AM
Content       : A user account was locked out.
                
                Subject:
                	Security ID:		S-1-5-18
                	Account Name:		FRANK-PDC$
                	Account Domain:		ROAYA
                	Logon ID:		0x3E7
                
                Account That Was Locked Out:
                	Security ID:		S-1-5-21-2956518221-444034542-2043350422-51318
                	Account Name:		doe_cleopatraluxurym
                
                Additional Information:
                	Caller Computer Name:	ENG

ComputerName  : FRANK-PDC
EventID       : 4740
Title         : User locked out
TimeGenerated : 9/29/2021 10:27:02 AM
Content       : A user account was locked out.
                
                Subject:
                	Security ID:		S-1-5-18
                	Account Name:		FRANK-PDC$
                	Account Domain:		ROAYA
                	Logon ID:		0x3E7
                
                Account That Was Locked Out:
                	Security ID:		S-1-5-21-2956518221-444034542-2043350422-86557
                	Account Name:		w.shehata_aswaqfatha
                
                Additional Information:
                	Caller Computer Name:	ACC30-HQ

ComputerName  : FRANK-PDC
EventID       : 4740
Title         : User locked out
TimeGenerated : 9/29/2021 10:26:44 AM
Content       : A user account was locked out.
                
                Subject:
                	Security ID:		S-1-5-18
                	Account Name:		FRANK-PDC$
                	Account Domain:		ROAYA
                	Logon ID:		0x3E7
                
                Account That Was Locked Out:
                	Security ID:		S-1-5-21-2956518221-444034542-2043350422-65256
                	Account Name:		AFMHelpdes_dorra.com
                
                Additional Information:
                	Caller Computer Name:	EU1FE9444

ComputerName  : FRANK-D02
EventID       : 5136
Title         : ADObject Modified
TimeGenerated : 9/29/2021 10:21:51 AM
Content       : A directory service object was modified.
                	
                Subject:
                	Security ID:		S-1-5-21-2956518221-444034542-2043350422-88705
                	Account Name:		EU1MB9901$
                	Account Domain:		ROAYA
                	Logon ID:		0xD9C35C5
                
                Directory Service:
                	Name:	Roaya.loc
                	Type:	Active Directory Domain Services
                	
                Object:
                	DN:	CN=pooja_poolsuae.com,OU=poolsuae.com,OU=Mail,DC=Roaya,DC=loc
                	GUID:	{477371E1-DDBA-4662-AA5C-C44FCAC1E1C3}
                	Class:	user
                	
                Attribute:
                	LDAP Display Name:	msExchSafeSendersHash
                	Syntax (OID):	2.5.5.10
                	Value:	<Binary>
                	
                Operation:
                	Type:	Value Added
                	Correlation ID:	{66FF790F-7C36-4D9E-A106-F95E8189DF0B}
                	Application Correlation ID:	-

ComputerName  : FRANK-D02
EventID       : 5136
Title         : ADObject Modified
TimeGenerated : 9/29/2021 10:21:51 AM
Content       : A directory service object was modified.
                	
                Subject:
                	Security ID:		S-1-5-21-2956518221-444034542-2043350422-88705
                	Account Name:		EU1MB9901$
                	Account Domain:		ROAYA
                	Logon ID:		0xD9C35C5
                
                Directory Service:
                	Name:	Roaya.loc
                	Type:	Active Directory Domain Services
                	
                Object:
                	DN:	CN=pooja_poolsuae.com,OU=poolsuae.com,OU=Mail,DC=Roaya,DC=loc
                	GUID:	{477371E1-DDBA-4662-AA5C-C44FCAC1E1C3}
                	Class:	user
                	
                Attribute:
                	LDAP Display Name:	msExchSafeSendersHash
                	Syntax (OID):	2.5.5.10
                	Value:	<Binary>
                	
                Operation:
                	Type:	Value Deleted
                	Correlation ID:	{66FF790F-7C36-4D9E-A106-F95E8189DF0B}
                	Application Correlation ID:	-

ComputerName  : FRANK-D02
EventID       : 4724
Title         : An administrator changed a user password
TimeGenerated : 9/29/2021 10:20:47 AM
Content       : An attempt was made to reset an account's password.
                
                Subject:
                	Security ID:		S-1-5-21-2956518221-444034542-2043350422-87305
                	Account Name:		EU1MB9903$
                	Account Domain:		ROAYA
                	Logon ID:		0xE94A9EC
                
                Target Account:
                	Security ID:		S-1-5-21-2956518221-444034542-2043350422-94587
                	Account Name:		HealthMailbox3966dff
                	Account Domain:		ROAYA

ComputerName  : FRANK-D02
EventID       : 4738
Title         : User changed
TimeGenerated : 9/29/2021 10:20:47 AM
Content       : A user account was changed.
                
                Subject:
                	Security ID:		S-1-5-21-2956518221-444034542-2043350422-87305
                	Account Name:		EU1MB9903$
                	Account Domain:		ROAYA
                	Logon ID:		0xE94A9EC
                
                Target Account:
                	Security ID:		S-1-5-21-2956518221-444034542-2043350422-94587
                	Account Name:		HealthMailbox3966dff
                	Account Domain:		ROAYA
                
                Changed Attributes:
                	SAM Account Name:	-
                	Display Name:		-
                	User Principal Name:	-
                	Home Directory:		-
                	Home Drive:		-
                	Script Path:		-
                	Profile Path:		-
                	User Workstations:	-
                	Password Last Set:	9/29/2021 10:20:47 AM
                	Account Expires:		-
                	Primary Group ID:	-
                	AllowedToDelegateTo:	-
                	Old UAC Value:		-
                	New UAC Value:		-
                	User Account Control:	-
                	User Parameters:	-
                	SID History:		-
                	Logon Hours:		-
                
                Additional Information:
                	Privileges:		-

ComputerName  : FRANK-D02
EventID       : 4724
Title         : An administrator changed a user password
TimeGenerated : 9/29/2021 10:20:46 AM
Content       : An attempt was made to reset an account's password.
                
                Subject:
                	Security ID:		S-1-5-21-2956518221-444034542-2043350422-88723
                	Account Name:		EU1MB9902$
                	Account Domain:		ROAYA
                	Logon ID:		0xE94AA86
                
                Target Account:
                	Security ID:		S-1-5-21-2956518221-444034542-2043350422-91201
                	Account Name:		HealthMailbox56b4d4b
                	Account Domain:		ROAYA

ComputerName  : FRANK-D02
EventID       : 4738
Title         : User changed
TimeGenerated : 9/29/2021 10:20:46 AM
Content       : A user account was changed.
                
                Subject:
                	Security ID:		S-1-5-21-2956518221-444034542-2043350422-88723
                	Account Name:		EU1MB9902$
                	Account Domain:		ROAYA
                	Logon ID:		0xE94AA86
                
                Target Account:
                	Security ID:		S-1-5-21-2956518221-444034542-2043350422-91201
                	Account Name:		HealthMailbox56b4d4b
                	Account Domain:		ROAYA
                
                Changed Attributes:
                	SAM Account Name:	-
                	Display Name:		-
                	User Principal Name:	-
                	Home Directory:		-
                	Home Drive:		-
                	Script Path:		-
                	Profile Path:		-
                	User Workstations:	-
                	Password Last Set:	9/29/2021 10:20:46 AM
                	Account Expires:		-
                	Primary Group ID:	-
                	AllowedToDelegateTo:	-
                	Old UAC Value:		-
                	New UAC Value:		-
                	User Account Control:	-
                	User Parameters:	-
                	SID History:		-
                	Logon Hours:		-
                
                Additional Information:
                	Privileges:		-

ComputerName  : FRANK-ADC-02
EventID       : 4724
Title         : An administrator changed a user password
TimeGenerated : 9/29/2021 10:20:45 AM
Content       : An attempt was made to reset an account's password.
                
                Subject:
                	Security ID:		S-1-5-21-2956518221-444034542-2043350422-87305
                	Account Name:		EU1MB9903$
                	Account Domain:		ROAYA
                	Logon ID:		0x8DA5D9E
                
                Target Account:
                	Security ID:		S-1-5-21-2956518221-444034542-2043350422-94584
                	Account Name:		HealthMailboxe669884
                	Account Domain:		ROAYA

ComputerName  : FRANK-ADC-02
EventID       : 4738
Title         : User changed
TimeGenerated : 9/29/2021 10:20:45 AM
Content       : A user account was changed.
                
                Subject:
                	Security ID:		S-1-5-21-2956518221-444034542-2043350422-87305
                	Account Name:		EU1MB9903$
                	Account Domain:		ROAYA
                	Logon ID:		0x8DA5D9E
                
                Target Account:
                	Security ID:		S-1-5-21-2956518221-444034542-2043350422-94584
                	Account Name:		HealthMailboxe669884
                	Account Domain:		ROAYA
                
                Changed Attributes:
                	SAM Account Name:	-
                	Display Name:		-
                	User Principal Name:	-
                	Home Directory:		-
                	Home Drive:		-
                	Script Path:		-
                	Profile Path:		-
                	User Workstations:	-
                	Password Last Set:	9/29/2021 10:20:45 AM
                	Account Expires:		-
                	Primary Group ID:	-
                	AllowedToDelegateTo:	-
                	Old UAC Value:		-
                	New UAC Value:		-
                	User Account Control:	-
                	User Parameters:	-
                	SID History:		-
                	Logon Hours:		-
                
                Additional Information:
                	Privileges:		-

ComputerName  : FRANK-ADC-03
EventID       : 4724
Title         : An administrator changed a user password
TimeGenerated : 9/29/2021 10:20:43 AM
Content       : An attempt was made to reset an account's password.
                
                Subject:
                	Security ID:		S-1-5-21-2956518221-444034542-2043350422-87305
                	Account Name:		EU1MB9903$
                	Account Domain:		ROAYA
                	Logon ID:		0x8BE21350
                
                Target Account:
                	Security ID:		S-1-5-21-2956518221-444034542-2043350422-91688
                	Account Name:		HealthMailboxdc9b7b7
                	Account Domain:		ROAYA

ComputerName  : FRANK-ADC-03
EventID       : 4738
Title         : User changed
TimeGenerated : 9/29/2021 10:20:43 AM
Content       : A user account was changed.
                
                Subject:
                	Security ID:		S-1-5-21-2956518221-444034542-2043350422-87305
                	Account Name:		EU1MB9903$
                	Account Domain:		ROAYA
                	Logon ID:		0x8BE21350
                
                Target Account:
                	Security ID:		S-1-5-21-2956518221-444034542-2043350422-91688
                	Account Name:		HealthMailboxdc9b7b7
                	Account Domain:		ROAYA
                
                Changed Attributes:
                	SAM Account Name:	-
                	Display Name:		-
                	User Principal Name:	-
                	Home Directory:		-
                	Home Drive:		-
                	Script Path:		-
                	Profile Path:		-
                	User Workstations:	-
                	Password Last Set:	9/29/2021 10:20:43 AM
                	Account Expires:		-
                	Primary Group ID:	-
                	AllowedToDelegateTo:	-
                	Old UAC Value:		-
                	New UAC Value:		-
                	User Account Control:	-
                	User Parameters:	-
                	SID History:		-
                	Logon Hours:		-
                
                Additional Information:
                	Privileges:		-

ComputerName  : FRANK-D02
EventID       : 4724
Title         : An administrator changed a user password
TimeGenerated : 9/29/2021 10:20:42 AM
Content       : An attempt was made to reset an account's password.
                
                Subject:
                	Security ID:		S-1-5-21-2956518221-444034542-2043350422-88705
                	Account Name:		EU1MB9901$
                	Account Domain:		ROAYA
                	Logon ID:		0xE94A5DA
                
                Target Account:
                	Security ID:		S-1-5-21-2956518221-444034542-2043350422-92709
                	Account Name:		HealthMailboxa2bdc4c
                	Account Domain:		ROAYA

ComputerName  : FRANK-D02
EventID       : 4738
Title         : User changed
TimeGenerated : 9/29/2021 10:20:42 AM
Content       : A user account was changed.
                
                Subject:
                	Security ID:		S-1-5-21-2956518221-444034542-2043350422-88705
                	Account Name:		EU1MB9901$
                	Account Domain:		ROAYA
                	Logon ID:		0xE94A5DA
                
                Target Account:
                	Security ID:		S-1-5-21-2956518221-444034542-2043350422-92709
                	Account Name:		HealthMailboxa2bdc4c
                	Account Domain:		ROAYA
                
                Changed Attributes:
                	SAM Account Name:	-
                	Display Name:		-
                	User Principal Name:	-
                	Home Directory:		-
                	Home Drive:		-
                	Script Path:		-
                	Profile Path:		-
                	User Workstations:	-
                	Password Last Set:	9/29/2021 10:20:42 AM
                	Account Expires:		-
                	Primary Group ID:	-
                	AllowedToDelegateTo:	-
                	Old UAC Value:		-
                	New UAC Value:		-
                	User Account Control:	-
                	User Parameters:	-
                	SID History:		-
                	Logon Hours:		-
                
                Additional Information:
                	Privileges:		-

ComputerName  : FRANK-ADC-01
EventID       : 4724
Title         : An administrator changed a user password
TimeGenerated : 9/29/2021 10:20:41 AM
Content       : An attempt was made to reset an account's password.
                
                Subject:
                	Security ID:		S-1-5-21-2956518221-444034542-2043350422-88723
                	Account Name:		EU1MB9902$
                	Account Domain:		ROAYA
                	Logon ID:		0x7695947
                
                Target Account:
                	Security ID:		S-1-5-21-2956518221-444034542-2043350422-92172
                	Account Name:		HealthMailbox5ee4ec0
                	Account Domain:		ROAYA

ComputerName  : FRANK-ADC-01
EventID       : 4738
Title         : User changed
TimeGenerated : 9/29/2021 10:20:41 AM
Content       : A user account was changed.
                
                Subject:
                	Security ID:		S-1-5-21-2956518221-444034542-2043350422-88723
                	Account Name:		EU1MB9902$
                	Account Domain:		ROAYA
                	Logon ID:		0x7695947
                
                Target Account:
                	Security ID:		S-1-5-21-2956518221-444034542-2043350422-92172
                	Account Name:		HealthMailbox5ee4ec0
                	Account Domain:		ROAYA
                
                Changed Attributes:
                	SAM Account Name:	-
                	Display Name:		-
                	User Principal Name:	-
                	Home Directory:		-
                	Home Drive:		-
                	Script Path:		-
                	Profile Path:		-
                	User Workstations:	-
                	Password Last Set:	9/29/2021 10:20:41 AM
                	Account Expires:		-
                	Primary Group ID:	-
                	AllowedToDelegateTo:	-
                	Old UAC Value:		-
                	New UAC Value:		-
                	User Account Control:	-
                	User Parameters:	-
                	SID History:		-
                	Logon Hours:		-
                
                Additional Information:
                	Privileges:		-

ComputerName  : FRANK-ADC-02
EventID       : 4724
Title         : An administrator changed a user password
TimeGenerated : 9/29/2021 10:20:40 AM
Content       : An attempt was made to reset an account's password.
                
                Subject:
                	Security ID:		S-1-5-21-2956518221-444034542-2043350422-88705
                	Account Name:		EU1MB9901$
                	Account Domain:		ROAYA
                	Logon ID:		0x8DA4E6C
                
                Target Account:
                	Security ID:		S-1-5-21-2956518221-444034542-2043350422-89718
                	Account Name:		HealthMailbox052a9dc
                	Account Domain:		ROAYA

ComputerName  : FRANK-ADC-02
EventID       : 4738
Title         : User changed
TimeGenerated : 9/29/2021 10:20:40 AM
Content       : A user account was changed.
                
                Subject:
                	Security ID:		S-1-5-21-2956518221-444034542-2043350422-88705
                	Account Name:		EU1MB9901$
                	Account Domain:		ROAYA
                	Logon ID:		0x8DA4E6C
                
                Target Account:
                	Security ID:		S-1-5-21-2956518221-444034542-2043350422-89718
                	Account Name:		HealthMailbox052a9dc
                	Account Domain:		ROAYA
                
                Changed Attributes:
                	SAM Account Name:	-
                	Display Name:		-
                	User Principal Name:	-
                	Home Directory:		-
                	Home Drive:		-
                	Script Path:		-
                	Profile Path:		-
                	User Workstations:	-
                	Password Last Set:	9/29/2021 10:20:40 AM
                	Account Expires:		-
                	Primary Group ID:	-
                	AllowedToDelegateTo:	-
                	Old UAC Value:		-
                	New UAC Value:		-
                	User Account Control:	-
                	User Parameters:	-
                	SID History:		-
                	Logon Hours:		-
                
                Additional Information:
                	Privileges:		-

ComputerName  : FRANK-ADC-02
EventID       : 5136
Title         : ADObject Modified
TimeGenerated : 9/29/2021 10:12:10 AM
Content       : A directory service object was modified.
                	
                Subject:
                	Security ID:		S-1-5-21-2956518221-444034542-2043350422-88723
                	Account Name:		EU1MB9902$
                	Account Domain:		ROAYA
                	Logon ID:		0x77BEAC2
                
                Directory Service:
                	Name:	Roaya.loc
                	Type:	Active Directory Domain Services
                	
                Object:
                	DN:	CN=sanjay_poolsuae.com,OU=poolsuae.com,OU=Mail,DC=Roaya,DC=loc
                	GUID:	{A285821B-9792-4AEA-B4F5-5CEB4EB6A2B1}
                	Class:	user
                	
                Attribute:
                	LDAP Display Name:	msExchMailboxAuditLastDelegateAccess
                	Syntax (OID):	2.5.5.11
                	Value:	20210929081209.0Z
                	
                Operation:
                	Type:	Value Added
                	Correlation ID:	{DAD94C27-A2F9-4B6C-BF67-BF9BE03C75E8}
                	Application Correlation ID:	-

ComputerName  : FRANK-ADC-02
EventID       : 5136
Title         : ADObject Modified
TimeGenerated : 9/29/2021 10:12:10 AM
Content       : A directory service object was modified.
                	
                Subject:
                	Security ID:		S-1-5-21-2956518221-444034542-2043350422-88723
                	Account Name:		EU1MB9902$
                	Account Domain:		ROAYA
                	Logon ID:		0x77BEAC2
                
                Directory Service:
                	Name:	Roaya.loc
                	Type:	Active Directory Domain Services
                	
                Object:
                	DN:	CN=sanjay_poolsuae.com,OU=poolsuae.com,OU=Mail,DC=Roaya,DC=loc
                	GUID:	{A285821B-9792-4AEA-B4F5-5CEB4EB6A2B1}
                	Class:	user
                	
                Attribute:
                	LDAP Display Name:	msExchMailboxAuditLastDelegateAccess
                	Syntax (OID):	2.5.5.11
                	Value:	20210925083022.0Z
                	
                Operation:
                	Type:	Value Deleted
                	Correlation ID:	{DAD94C27-A2F9-4B6C-BF67-BF9BE03C75E8}
                	Application Correlation ID:	-

ComputerName  : FRANK-ADC-02
EventID       : 5136
Title         : ADObject Modified
TimeGenerated : 9/29/2021 10:12:10 AM
Content       : A directory service object was modified.
                	
                Subject:
                	Security ID:		S-1-5-21-2956518221-444034542-2043350422-88723
                	Account Name:		EU1MB9902$
                	Account Domain:		ROAYA
                	Logon ID:		0x77BEAC2
                
                Directory Service:
                	Name:	Roaya.loc
                	Type:	Active Directory Domain Services
                	
                Object:
                	DN:	CN=mselim@blueskygroup.net,OU=blueskygroup.net,OU=Mail,DC=Roaya,DC=loc
                	GUID:	{BA3CB60D-A01E-4B91-ABE0-A540F5B913DA}
                	Class:	user
                	
                Attribute:
                	LDAP Display Name:	msExchMailboxAuditLastDelegateAccess
                	Syntax (OID):	2.5.5.11
                	Value:	20210929081202.0Z
                	
                Operation:
                	Type:	Value Added
                	Correlation ID:	{54B3A461-DAAE-493B-A7A6-848F2A14D7E5}
                	Application Correlation ID:	-

ComputerName  : FRANK-ADC-02
EventID       : 5136
Title         : ADObject Modified
TimeGenerated : 9/29/2021 10:12:10 AM
Content       : A directory service object was modified.
                	
                Subject:
                	Security ID:		S-1-5-21-2956518221-444034542-2043350422-88723
                	Account Name:		EU1MB9902$
                	Account Domain:		ROAYA
                	Logon ID:		0x77BEAC2
                
                Directory Service:
                	Name:	Roaya.loc
                	Type:	Active Directory Domain Services
                	
                Object:
                	DN:	CN=mselim@blueskygroup.net,OU=blueskygroup.net,OU=Mail,DC=Roaya,DC=loc
                	GUID:	{BA3CB60D-A01E-4B91-ABE0-A540F5B913DA}
                	Class:	user
                	
                Attribute:
                	LDAP Display Name:	msExchMailboxAuditLastDelegateAccess
                	Syntax (OID):	2.5.5.11
                	Value:	20210927120305.0Z
                	
                Operation:
                	Type:	Value Deleted
                	Correlation ID:	{54B3A461-DAAE-493B-A7A6-848F2A14D7E5}
                	Application Correlation ID:	-

ComputerName  : FRANK-ADC-02
EventID       : 5136
Title         : ADObject Modified
TimeGenerated : 9/29/2021 10:06:48 AM
Content       : A directory service object was modified.
                	
                Subject:
                	Security ID:		S-1-5-21-2956518221-444034542-2043350422-87305
                	Account Name:		EU1MB9903$
                	Account Domain:		ROAYA
                	Logon ID:		0x791222B
                
                Directory Service:
                	Name:	Roaya.loc
                	Type:	Active Directory Domain Services
                	
                Object:
                	DN:	CN=Amr.Osama_tseppas.co,OU=tseppas.com,OU=Mail,DC=Roaya,DC=loc
                	GUID:	{B98F9AAB-7BBA-4A28-A38A-FC578EF4AE20}
                	Class:	user
                	
                Attribute:
                	LDAP Display Name:	msExchMailboxAuditLastDelegateAccess
                	Syntax (OID):	2.5.5.11
                	Value:	20210929080642.0Z
                	
                Operation:
                	Type:	Value Added
                	Correlation ID:	{76732498-EADB-4087-860D-879CF0B50E10}
                	Application Correlation ID:	-

ComputerName  : FRANK-ADC-02
EventID       : 5136
Title         : ADObject Modified
TimeGenerated : 9/29/2021 10:06:48 AM
Content       : A directory service object was modified.
                	
                Subject:
                	Security ID:		S-1-5-21-2956518221-444034542-2043350422-87305
                	Account Name:		EU1MB9903$
                	Account Domain:		ROAYA
                	Logon ID:		0x791222B
                
                Directory Service:
                	Name:	Roaya.loc
                	Type:	Active Directory Domain Services
                	
                Object:
                	DN:	CN=Amr.Osama_tseppas.co,OU=tseppas.com,OU=Mail,DC=Roaya,DC=loc
                	GUID:	{B98F9AAB-7BBA-4A28-A38A-FC578EF4AE20}
                	Class:	user
                	
                Attribute:
                	LDAP Display Name:	msExchMailboxAuditLastDelegateAccess
                	Syntax (OID):	2.5.5.11
                	Value:	20210928071107.0Z
                	
                Operation:
                	Type:	Value Deleted
                	Correlation ID:	{76732498-EADB-4087-860D-879CF0B50E10}
                	Application Correlation ID:	-



