ComputerName  : FRANK-PDC
EventID       : 5136
Title         : ADObject Modified
TimeGenerated : 8/5/2021 1:46:54 PM
Content       : A directory service object was modified.
                	
                Subject:
                	Security ID:		S-1-5-21-2956518221-444034542-2043350422-97789
                	Account Name:		LPC-SolidAdmin
                	Account Domain:		ROAYA
                	Logon ID:		0x2CF7DF93A
                
                Directory Service:
                	Name:	Roaya.loc
                	Type:	Active Directory Domain Services
                	
                Object:
                	DN:	CN=hossameldi_triviumbc,OU=triviumbc.com,OU=Mail,DC=Roaya,DC=loc
                	GUID:	{FC20CE49-8C2B-4122-8E1B-B8EF92547D3C}
                	Class:	user
                	
                Attribute:
                	LDAP Display Name:	showInAddressBook
                	Syntax (OID):	2.5.5.1
                	Value:	CN=inmaproperties.com Global Address List,CN=All Global Address Lists,CN=Address Lists 
                Container,CN=roaya,CN=Microsoft Exchange,CN=Services,CN=Configuration,DC=Roaya,DC=loc
                	
                Operation:
                	Type:	Value Added
                	Correlation ID:	{FBCDBDA0-F857-4C71-B4A5-040064F37597}
                	Application Correlation ID:	-

ComputerName  : FRANK-PDC
EventID       : 5136
Title         : ADObject Modified
TimeGenerated : 8/5/2021 1:46:54 PM
Content       : A directory service object was modified.
                	
                Subject:
                	Security ID:		S-1-5-21-2956518221-444034542-2043350422-97789
                	Account Name:		LPC-SolidAdmin
                	Account Domain:		ROAYA
                	Logon ID:		0x2CF7DF93A
                
                Directory Service:
                	Name:	Roaya.loc
                	Type:	Active Directory Domain Services
                	
                Object:
                	DN:	CN=hossameldi_triviumbc,OU=triviumbc.com,OU=Mail,DC=Roaya,DC=loc
                	GUID:	{FC20CE49-8C2B-4122-8E1B-B8EF92547D3C}
                	Class:	user
                	
                Attribute:
                	LDAP Display Name:	showInAddressBook
                	Syntax (OID):	2.5.5.1
                	Value:	CN=beebreakegypt.com Global Address List,CN=All Global Address Lists,CN=Address Lists 
                Container,CN=roaya,CN=Microsoft Exchange,CN=Services,CN=Configuration,DC=Roaya,DC=loc
                	
                Operation:
                	Type:	Value Added
                	Correlation ID:	{FBCDBDA0-F857-4C71-B4A5-040064F37597}
                	Application Correlation ID:	-

ComputerName  : FRANK-PDC
EventID       : 5136
Title         : ADObject Modified
TimeGenerated : 8/5/2021 1:46:54 PM
Content       : A directory service object was modified.
                	
                Subject:
                	Security ID:		S-1-5-21-2956518221-444034542-2043350422-97789
                	Account Name:		LPC-SolidAdmin
                	Account Domain:		ROAYA
                	Logon ID:		0x2CF7DF93A
                
                Directory Service:
                	Name:	Roaya.loc
                	Type:	Active Directory Domain Services
                	
                Object:
                	DN:	CN=hossameldi_triviumbc,OU=triviumbc.com,OU=Mail,DC=Roaya,DC=loc
                	GUID:	{FC20CE49-8C2B-4122-8E1B-B8EF92547D3C}
                	Class:	user
                	
                Attribute:
                	LDAP Display Name:	showInAddressBook
                	Syntax (OID):	2.5.5.1
                	Value:	CN=inmaconstruction.com Global Address List,CN=All Global Address Lists,CN=Address Lists 
                Container,CN=roaya,CN=Microsoft Exchange,CN=Services,CN=Configuration,DC=Roaya,DC=loc
                	
                Operation:
                	Type:	Value Added
                	Correlation ID:	{FBCDBDA0-F857-4C71-B4A5-040064F37597}
                	Application Correlation ID:	-

ComputerName  : FRANK-PDC
EventID       : 5136
Title         : ADObject Modified
TimeGenerated : 8/5/2021 1:46:54 PM
Content       : A directory service object was modified.
                	
                Subject:
                	Security ID:		S-1-5-21-2956518221-444034542-2043350422-97789
                	Account Name:		LPC-SolidAdmin
                	Account Domain:		ROAYA
                	Logon ID:		0x2CF7DF93A
                
                Directory Service:
                	Name:	Roaya.loc
                	Type:	Active Directory Domain Services
                	
                Object:
                	DN:	CN=hossameldi_triviumbc,OU=triviumbc.com,OU=Mail,DC=Roaya,DC=loc
                	GUID:	{FC20CE49-8C2B-4122-8E1B-B8EF92547D3C}
                	Class:	user
                	
                Attribute:
                	LDAP Display Name:	showInAddressBook
                	Syntax (OID):	2.5.5.1
                	Value:	CN=inma.com.eg Global Address List,CN=All Global Address Lists,CN=Address Lists 
                Container,CN=roaya,CN=Microsoft Exchange,CN=Services,CN=Configuration,DC=Roaya,DC=loc
                	
                Operation:
                	Type:	Value Added
                	Correlation ID:	{FBCDBDA0-F857-4C71-B4A5-040064F37597}
                	Application Correlation ID:	-

ComputerName  : FRANK-PDC
EventID       : 5136
Title         : ADObject Modified
TimeGenerated : 8/5/2021 1:46:54 PM
Content       : A directory service object was modified.
                	
                Subject:
                	Security ID:		S-1-5-21-2956518221-444034542-2043350422-97789
                	Account Name:		LPC-SolidAdmin
                	Account Domain:		ROAYA
                	Logon ID:		0x2CF7DF93A
                
                Directory Service:
                	Name:	Roaya.loc
                	Type:	Active Directory Domain Services
                	
                Object:
                	DN:	CN=hossameldi_triviumbc,OU=triviumbc.com,OU=Mail,DC=Roaya,DC=loc
                	GUID:	{FC20CE49-8C2B-4122-8E1B-B8EF92547D3C}
                	Class:	user
                	
                Attribute:
                	LDAP Display Name:	showInAddressBook
                	Syntax (OID):	2.5.5.1
                	Value:	CN=inmadevelopments.com Global Address List,CN=All Global Address Lists,CN=Address Lists 
                Container,CN=roaya,CN=Microsoft Exchange,CN=Services,CN=Configuration,DC=Roaya,DC=loc
                	
                Operation:
                	Type:	Value Added
                	Correlation ID:	{FBCDBDA0-F857-4C71-B4A5-040064F37597}
                	Application Correlation ID:	-

ComputerName  : FRANK-PDC
EventID       : 5136
Title         : ADObject Modified
TimeGenerated : 8/5/2021 1:46:54 PM
Content       : A directory service object was modified.
                	
                Subject:
                	Security ID:		S-1-5-21-2956518221-444034542-2043350422-97789
                	Account Name:		LPC-SolidAdmin
                	Account Domain:		ROAYA
                	Logon ID:		0x2CF7DF93A
                
                Directory Service:
                	Name:	Roaya.loc
                	Type:	Active Directory Domain Services
                	
                Object:
                	DN:	CN=hossameldi_triviumbc,OU=triviumbc.com,OU=Mail,DC=Roaya,DC=loc
                	GUID:	{FC20CE49-8C2B-4122-8E1B-B8EF92547D3C}
                	Class:	user
                	
                Attribute:
                	LDAP Display Name:	showInAddressBook
                	Syntax (OID):	2.5.5.1
                	Value:	CN=genena Global Address List,CN=All Global Address Lists,CN=Address Lists 
                Container,CN=roaya,CN=Microsoft Exchange,CN=Services,CN=Configuration,DC=Roaya,DC=loc
                	
                Operation:
                	Type:	Value Added
                	Correlation ID:	{FBCDBDA0-F857-4C71-B4A5-040064F37597}
                	Application Correlation ID:	-

ComputerName  : FRANK-PDC
EventID       : 5136
Title         : ADObject Modified
TimeGenerated : 8/5/2021 1:46:54 PM
Content       : A directory service object was modified.
                	
                Subject:
                	Security ID:		S-1-5-21-2956518221-444034542-2043350422-97789
                	Account Name:		LPC-SolidAdmin
                	Account Domain:		ROAYA
                	Logon ID:		0x2CF7DF93A
                
                Directory Service:
                	Name:	Roaya.loc
                	Type:	Active Directory Domain Services
                	
                Object:
                	DN:	CN=hossameldi_triviumbc,OU=triviumbc.com,OU=Mail,DC=Roaya,DC=loc
                	GUID:	{FC20CE49-8C2B-4122-8E1B-B8EF92547D3C}
                	Class:	user
                	
                Attribute:
                	LDAP Display Name:	msExchAddressBookPolicyLink
                	Syntax (OID):	2.5.5.1
                	Value:	CN=triviumbc.com Address Policy,CN=AddressBook Mailbox Policies,CN=roaya,CN=Microsoft 
                Exchange,CN=Services,CN=Configuration,DC=Roaya,DC=loc
                	
                Operation:
                	Type:	Value Added
                	Correlation ID:	{FBCDBDA0-F857-4C71-B4A5-040064F37597}
                	Application Correlation ID:	-

ComputerName  : FRANK-PDC
EventID       : 5136
Title         : ADObject Modified
TimeGenerated : 8/5/2021 1:46:54 PM
Content       : A directory service object was modified.
                	
                Subject:
                	Security ID:		S-1-5-21-2956518221-444034542-2043350422-87305
                	Account Name:		EU1MB9903$
                	Account Domain:		ROAYA
                	Logon ID:		0x2CF7F215F
                
                Directory Service:
                	Name:	Roaya.loc
                	Type:	Active Directory Domain Services
                	
                Object:
                	DN:	CN=betaegypt.com Offline Address Book,CN=Offline Address Lists,CN=Address Lists 
                Container,CN=roaya,CN=Microsoft Exchange,CN=Services,CN=Configuration,DC=Roaya,DC=loc
                	GUID:	{5C2DF3DE-5D2E-4437-9B81-F8CEFBB02BB3}
                	Class:	msExchOAB
                	
                Attribute:
                	LDAP Display Name:	msExchConfigurationXML
                	Syntax (OID):	2.5.5.12
                	Value:	<OfflineAddressBookConfigXML><ManifestVersion><AddressLists 
                AddressListId="4fb1b37a-70d5-4c69-bb79-d3c5192ee635" Sequence="888" 
                /></ManifestVersion><LastFailedTime p2:nil="true" xmlns:p2="http://www.w3.org/2001/XMLSchema-instance" 
                /><LastGeneratingData><MailboxGuid>feea8dd2-5615-42ce-a176-1f29ddbca752</MailboxGuid><DatabaseGuid>77c5
                ed34-31bb-4d80-988c-932fec22ef7e</DatabaseGuid><ServerFqdn>EU1MB9903.Roaya.loc</ServerFqdn></LastGenera
                tingData><HttpHomeMdbLastProcessedBucket>0</HttpHomeMdbLastProcessedBucket><FullOabDownloadPreventionTh
                reshold>0</FullOabDownloadPreventionThreshold><ZipOabFilesBeforeUploading>false</ZipOabFilesBeforeUploa
                ding></OfflineAddressBookConfigXML>
                	
                Operation:
                	Type:	Value Added
                	Correlation ID:	{917C36B0-CF0A-4BFE-ABFB-C15753E64945}
                	Application Correlation ID:	-

ComputerName  : FRANK-PDC
EventID       : 5136
Title         : ADObject Modified
TimeGenerated : 8/5/2021 1:46:54 PM
Content       : A directory service object was modified.
                	
                Subject:
                	Security ID:		S-1-5-21-2956518221-444034542-2043350422-87305
                	Account Name:		EU1MB9903$
                	Account Domain:		ROAYA
                	Logon ID:		0x2CF7F215F
                
                Directory Service:
                	Name:	Roaya.loc
                	Type:	Active Directory Domain Services
                	
                Object:
                	DN:	CN=betaegypt.com Offline Address Book,CN=Offline Address Lists,CN=Address Lists 
                Container,CN=roaya,CN=Microsoft Exchange,CN=Services,CN=Configuration,DC=Roaya,DC=loc
                	GUID:	{5C2DF3DE-5D2E-4437-9B81-F8CEFBB02BB3}
                	Class:	msExchOAB
                	
                Attribute:
                	LDAP Display Name:	msExchConfigurationXML
                	Syntax (OID):	2.5.5.12
                	Value:	<OfflineAddressBookConfigXML><ManifestVersion><AddressLists 
                AddressListId="4fb1b37a-70d5-4c69-bb79-d3c5192ee635" Sequence="887" 
                /></ManifestVersion><LastFailedTime p2:nil="true" xmlns:p2="http://www.w3.org/2001/XMLSchema-instance" 
                /><LastGeneratingData><MailboxGuid>feea8dd2-5615-42ce-a176-1f29ddbca752</MailboxGuid><DatabaseGuid>77c5
                ed34-31bb-4d80-988c-932fec22ef7e</DatabaseGuid><ServerFqdn>EU1MB9903.Roaya.loc</ServerFqdn></LastGenera
                tingData><HttpHomeMdbLastProcessedBucket>0</HttpHomeMdbLastProcessedBucket><FullOabDownloadPreventionTh
                reshold>0</FullOabDownloadPreventionThreshold><ZipOabFilesBeforeUploading>false</ZipOabFilesBeforeUploa
                ding></OfflineAddressBookConfigXML>
                	
                Operation:
                	Type:	Value Deleted
                	Correlation ID:	{917C36B0-CF0A-4BFE-ABFB-C15753E64945}
                	Application Correlation ID:	-

ComputerName  : FRANK-PDC
EventID       : 5136
Title         : ADObject Modified
TimeGenerated : 8/5/2021 1:46:54 PM
Content       : A directory service object was modified.
                	
                Subject:
                	Security ID:		S-1-5-21-2956518221-444034542-2043350422-87305
                	Account Name:		EU1MB9903$
                	Account Domain:		ROAYA
                	Logon ID:		0x2CF7F215F
                
                Directory Service:
                	Name:	Roaya.loc
                	Type:	Active Directory Domain Services
                	
                Object:
                	DN:	CN=betaegypt.com Offline Address Book,CN=Offline Address Lists,CN=Address Lists 
                Container,CN=roaya,CN=Microsoft Exchange,CN=Services,CN=Configuration,DC=Roaya,DC=loc
                	GUID:	{5C2DF3DE-5D2E-4437-9B81-F8CEFBB02BB3}
                	Class:	msExchOAB
                	
                Attribute:
                	LDAP Display Name:	msExchOABLastTouchedTime
                	Syntax (OID):	2.5.5.11
                	Value:	20210805114658.0Z
                	
                Operation:
                	Type:	Value Added
                	Correlation ID:	{917C36B0-CF0A-4BFE-ABFB-C15753E64945}
                	Application Correlation ID:	-

ComputerName  : FRANK-PDC
EventID       : 5136
Title         : ADObject Modified
TimeGenerated : 8/5/2021 1:46:54 PM
Content       : A directory service object was modified.
                	
                Subject:
                	Security ID:		S-1-5-21-2956518221-444034542-2043350422-87305
                	Account Name:		EU1MB9903$
                	Account Domain:		ROAYA
                	Logon ID:		0x2CF7F215F
                
                Directory Service:
                	Name:	Roaya.loc
                	Type:	Active Directory Domain Services
                	
                Object:
                	DN:	CN=betaegypt.com Offline Address Book,CN=Offline Address Lists,CN=Address Lists 
                Container,CN=roaya,CN=Microsoft Exchange,CN=Services,CN=Configuration,DC=Roaya,DC=loc
                	GUID:	{5C2DF3DE-5D2E-4437-9B81-F8CEFBB02BB3}
                	Class:	msExchOAB
                	
                Attribute:
                	LDAP Display Name:	msExchOABLastTouchedTime
                	Syntax (OID):	2.5.5.11
                	Value:	20210805052435.0Z
                	
                Operation:
                	Type:	Value Deleted
                	Correlation ID:	{917C36B0-CF0A-4BFE-ABFB-C15753E64945}
                	Application Correlation ID:	-

ComputerName  : FRANK-ADC-02
EventID       : 5136
Title         : ADObject Modified
TimeGenerated : 8/5/2021 1:46:45 PM
Content       : A directory service object was modified.
                	
                Subject:
                	Security ID:		S-1-5-21-2956518221-444034542-2043350422-87305
                	Account Name:		EU1MB9903$
                	Account Domain:		ROAYA
                	Logon ID:		0x1913E0395
                
                Directory Service:
                	Name:	Roaya.loc
                	Type:	Active Directory Domain Services
                	
                Object:
                	DN:	CN=hossameldi_triviumbc,OU=triviumbc.com,OU=Mail,DC=Roaya,DC=loc
                	GUID:	{FC20CE49-8C2B-4122-8E1B-B8EF92547D3C}
                	Class:	user
                	
                Attribute:
                	LDAP Display Name:	msExchTextMessagingState
                	Syntax (OID):	2.5.5.9
                	Value:	302120705
                	
                Operation:
                	Type:	Value Added
                	Correlation ID:	{F1E9375F-B6BD-4B5F-8515-BB025C19DD89}
                	Application Correlation ID:	-

ComputerName  : FRANK-ADC-02
EventID       : 5136
Title         : ADObject Modified
TimeGenerated : 8/5/2021 1:46:45 PM
Content       : A directory service object was modified.
                	
                Subject:
                	Security ID:		S-1-5-21-2956518221-444034542-2043350422-87305
                	Account Name:		EU1MB9903$
                	Account Domain:		ROAYA
                	Logon ID:		0x1913E0395
                
                Directory Service:
                	Name:	Roaya.loc
                	Type:	Active Directory Domain Services
                	
                Object:
                	DN:	CN=hossameldi_triviumbc,OU=triviumbc.com,OU=Mail,DC=Roaya,DC=loc
                	GUID:	{FC20CE49-8C2B-4122-8E1B-B8EF92547D3C}
                	Class:	user
                	
                Attribute:
                	LDAP Display Name:	msExchTextMessagingState
                	Syntax (OID):	2.5.5.9
                	Value:	16842751
                	
                Operation:
                	Type:	Value Added
                	Correlation ID:	{F1E9375F-B6BD-4B5F-8515-BB025C19DD89}
                	Application Correlation ID:	-

ComputerName  : FRANK-PDC
EventID       : 5136
Title         : ADObject Modified
TimeGenerated : 8/5/2021 1:46:44 PM
Content       : A directory service object was modified.
                	
                Subject:
                	Security ID:		S-1-5-21-2956518221-444034542-2043350422-87305
                	Account Name:		EU1MB9903$
                	Account Domain:		ROAYA
                	Logon ID:		0x2CF7F215F
                
                Directory Service:
                	Name:	Roaya.loc
                	Type:	Active Directory Domain Services
                	
                Object:
                	DN:	CN=rara.rara Offline Address Book,CN=Offline Address Lists,CN=Address Lists 
                Container,CN=roaya,CN=Microsoft Exchange,CN=Services,CN=Configuration,DC=Roaya,DC=loc
                	GUID:	{DA57FB74-F298-45C2-884B-284D192E7B04}
                	Class:	msExchOAB
                	
                Attribute:
                	LDAP Display Name:	msExchOABLastTouchedTime
                	Syntax (OID):	2.5.5.11
                	Value:	20210805114648.0Z
                	
                Operation:
                	Type:	Value Added
                	Correlation ID:	{11D03BA1-10EA-4649-8EE3-44A8F61CD387}
                	Application Correlation ID:	-

ComputerName  : FRANK-PDC
EventID       : 5136
Title         : ADObject Modified
TimeGenerated : 8/5/2021 1:46:44 PM
Content       : A directory service object was modified.
                	
                Subject:
                	Security ID:		S-1-5-21-2956518221-444034542-2043350422-87305
                	Account Name:		EU1MB9903$
                	Account Domain:		ROAYA
                	Logon ID:		0x2CF7F215F
                
                Directory Service:
                	Name:	Roaya.loc
                	Type:	Active Directory Domain Services
                	
                Object:
                	DN:	CN=rara.rara Offline Address Book,CN=Offline Address Lists,CN=Address Lists 
                Container,CN=roaya,CN=Microsoft Exchange,CN=Services,CN=Configuration,DC=Roaya,DC=loc
                	GUID:	{DA57FB74-F298-45C2-884B-284D192E7B04}
                	Class:	msExchOAB
                	
                Attribute:
                	LDAP Display Name:	msExchOABLastTouchedTime
                	Syntax (OID):	2.5.5.11
                	Value:	20210805052426.0Z
                	
                Operation:
                	Type:	Value Deleted
                	Correlation ID:	{11D03BA1-10EA-4649-8EE3-44A8F61CD387}
                	Application Correlation ID:	-

ComputerName  : FRANK-PDC
EventID       : 5136
Title         : ADObject Modified
TimeGenerated : 8/5/2021 1:46:34 PM
Content       : A directory service object was modified.
                	
                Subject:
                	Security ID:		S-1-5-21-2956518221-444034542-2043350422-97789
                	Account Name:		LPC-SolidAdmin
                	Account Domain:		ROAYA
                	Logon ID:		0x2CF987EBB
                
                Directory Service:
                	Name:	Roaya.loc
                	Type:	Active Directory Domain Services
                	
                Object:
                	DN:	CN=triviumbc.com,OU=triviumbc.com,OU=Mail,DC=roaya,DC=loc
                	GUID:	{D8A72B31-227D-47B6-9B12-5EF75E0952CD}
                	Class:	group
                	
                Attribute:
                	LDAP Display Name:	member
                	Syntax (OID):	2.5.5.1
                	Value:	CN=hossameldi_triviumbc,OU=triviumbc.com,OU=Mail,DC=roaya,DC=loc
                	
                Operation:
                	Type:	Value Added
                	Correlation ID:	{5CE283D0-AEE3-4386-955C-F21FEFEB9192}
                	Application Correlation ID:	-

ComputerName  : FRANK-PDC
EventID       : 5136
Title         : ADObject Modified
TimeGenerated : 8/5/2021 1:46:34 PM
Content       : A directory service object was modified.
                	
                Subject:
                	Security ID:		S-1-5-21-2956518221-444034542-2043350422-97789
                	Account Name:		LPC-SolidAdmin
                	Account Domain:		ROAYA
                	Logon ID:		0x2CF987EBB
                
                Directory Service:
                	Name:	Roaya.loc
                	Type:	Active Directory Domain Services
                	
                Object:
                	DN:	CN=hossameldi_triviumbc,OU=triviumbc.com,OU=Mail,DC=roaya,DC=loc
                	GUID:	{FC20CE49-8C2B-4122-8E1B-B8EF92547D3C}
                	Class:	user
                	
                Attribute:
                	LDAP Display Name:	userPrincipalName
                	Syntax (OID):	2.5.5.12
                	Value:	hossameldin.mohamed@triviumbc.com
                	
                Operation:
                	Type:	Value Added
                	Correlation ID:	{D8C150DF-A71D-4B74-8D20-22F236569A6C}
                	Application Correlation ID:	-

ComputerName  : FRANK-PDC
EventID       : 5136
Title         : ADObject Modified
TimeGenerated : 8/5/2021 1:46:34 PM
Content       : A directory service object was modified.
                	
                Subject:
                	Security ID:		S-1-5-21-2956518221-444034542-2043350422-97789
                	Account Name:		LPC-SolidAdmin
                	Account Domain:		ROAYA
                	Logon ID:		0x2CF987EBB
                
                Directory Service:
                	Name:	Roaya.loc
                	Type:	Active Directory Domain Services
                	
                Object:
                	DN:	CN=hossameldi_triviumbc,OU=triviumbc.com,OU=Mail,DC=roaya,DC=loc
                	GUID:	{FC20CE49-8C2B-4122-8E1B-B8EF92547D3C}
                	Class:	user
                	
                Attribute:
                	LDAP Display Name:	userAccountControl
                	Syntax (OID):	2.5.5.9
                	Value:	560
                	
                Operation:
                	Type:	Value Added
                	Correlation ID:	{16B84A54-C6EC-4357-9740-F6E652AD6279}
                	Application Correlation ID:	-

ComputerName  : FRANK-PDC
EventID       : 5136
Title         : ADObject Modified
TimeGenerated : 8/5/2021 1:46:34 PM
Content       : A directory service object was modified.
                	
                Subject:
                	Security ID:		S-1-5-21-2956518221-444034542-2043350422-97789
                	Account Name:		LPC-SolidAdmin
                	Account Domain:		ROAYA
                	Logon ID:		0x2CF987EBB
                
                Directory Service:
                	Name:	Roaya.loc
                	Type:	Active Directory Domain Services
                	
                Object:
                	DN:	CN=hossameldi_triviumbc,OU=triviumbc.com,OU=Mail,DC=roaya,DC=loc
                	GUID:	{FC20CE49-8C2B-4122-8E1B-B8EF92547D3C}
                	Class:	user
                	
                Attribute:
                	LDAP Display Name:	userAccountControl
                	Syntax (OID):	2.5.5.9
                	Value:	546
                	
                Operation:
                	Type:	Value Deleted
                	Correlation ID:	{16B84A54-C6EC-4357-9740-F6E652AD6279}
                	Application Correlation ID:	-

ComputerName  : FRANK-PDC
EventID       : 5136
Title         : ADObject Modified
TimeGenerated : 8/5/2021 1:46:34 PM
Content       : A directory service object was modified.
                	
                Subject:
                	Security ID:		S-1-5-21-2956518221-444034542-2043350422-87305
                	Account Name:		EU1MB9903$
                	Account Domain:		ROAYA
                	Logon ID:		0x2CF7F215F
                
                Directory Service:
                	Name:	Roaya.loc
                	Type:	Active Directory Domain Services
                	
                Object:
                	DN:	CN=olicolube.com Offline Address Book,CN=Offline Address Lists,CN=Address Lists 
                Container,CN=roaya,CN=Microsoft Exchange,CN=Services,CN=Configuration,DC=Roaya,DC=loc
                	GUID:	{77E849FA-E0C5-47C6-BBF6-80B9F0EEAC34}
                	Class:	msExchOAB
                	
                Attribute:
                	LDAP Display Name:	msExchConfigurationXML
                	Syntax (OID):	2.5.5.12
                	Value:	<OfflineAddressBookConfigXML><ManifestVersion><AddressLists 
                AddressListId="ec8c2206-0197-455a-8ad4-f6368e8bef8f" Sequence="522" 
                /></ManifestVersion><LastFailedTime p2:nil="true" xmlns:p2="http://www.w3.org/2001/XMLSchema-instance" 
                /><LastGeneratingData><MailboxGuid>feea8dd2-5615-42ce-a176-1f29ddbca752</MailboxGuid><DatabaseGuid>77c5
                ed34-31bb-4d80-988c-932fec22ef7e</DatabaseGuid><ServerFqdn>EU1MB9903.Roaya.loc</ServerFqdn></LastGenera
                tingData><HttpHomeMdbLastProcessedBucket>0</HttpHomeMdbLastProcessedBucket><FullOabDownloadPreventionTh
                reshold>0</FullOabDownloadPreventionThreshold><ZipOabFilesBeforeUploading>false</ZipOabFilesBeforeUploa
                ding></OfflineAddressBookConfigXML>
                	
                Operation:
                	Type:	Value Added
                	Correlation ID:	{F5F6873D-4DDF-411A-843C-039FE5692100}
                	Application Correlation ID:	-

ComputerName  : FRANK-PDC
EventID       : 5136
Title         : ADObject Modified
TimeGenerated : 8/5/2021 1:46:34 PM
Content       : A directory service object was modified.
                	
                Subject:
                	Security ID:		S-1-5-21-2956518221-444034542-2043350422-87305
                	Account Name:		EU1MB9903$
                	Account Domain:		ROAYA
                	Logon ID:		0x2CF7F215F
                
                Directory Service:
                	Name:	Roaya.loc
                	Type:	Active Directory Domain Services
                	
                Object:
                	DN:	CN=olicolube.com Offline Address Book,CN=Offline Address Lists,CN=Address Lists 
                Container,CN=roaya,CN=Microsoft Exchange,CN=Services,CN=Configuration,DC=Roaya,DC=loc
                	GUID:	{77E849FA-E0C5-47C6-BBF6-80B9F0EEAC34}
                	Class:	msExchOAB
                	
                Attribute:
                	LDAP Display Name:	msExchConfigurationXML
                	Syntax (OID):	2.5.5.12
                	Value:	<OfflineAddressBookConfigXML><ManifestVersion><AddressLists 
                AddressListId="ec8c2206-0197-455a-8ad4-f6368e8bef8f" Sequence="521" 
                /></ManifestVersion><LastFailedTime p2:nil="true" xmlns:p2="http://www.w3.org/2001/XMLSchema-instance" 
                /><LastGeneratingData><MailboxGuid>feea8dd2-5615-42ce-a176-1f29ddbca752</MailboxGuid><DatabaseGuid>77c5
                ed34-31bb-4d80-988c-932fec22ef7e</DatabaseGuid><ServerFqdn>EU1MB9903.Roaya.loc</ServerFqdn></LastGenera
                tingData><HttpHomeMdbLastProcessedBucket>0</HttpHomeMdbLastProcessedBucket><FullOabDownloadPreventionTh
                reshold>0</FullOabDownloadPreventionThreshold><ZipOabFilesBeforeUploading>false</ZipOabFilesBeforeUploa
                ding></OfflineAddressBookConfigXML>
                	
                Operation:
                	Type:	Value Deleted
                	Correlation ID:	{F5F6873D-4DDF-411A-843C-039FE5692100}
                	Application Correlation ID:	-

ComputerName  : FRANK-PDC
EventID       : 5136
Title         : ADObject Modified
TimeGenerated : 8/5/2021 1:46:34 PM
Content       : A directory service object was modified.
                	
                Subject:
                	Security ID:		S-1-5-21-2956518221-444034542-2043350422-87305
                	Account Name:		EU1MB9903$
                	Account Domain:		ROAYA
                	Logon ID:		0x2CF7F215F
                
                Directory Service:
                	Name:	Roaya.loc
                	Type:	Active Directory Domain Services
                	
                Object:
                	DN:	CN=olicolube.com Offline Address Book,CN=Offline Address Lists,CN=Address Lists 
                Container,CN=roaya,CN=Microsoft Exchange,CN=Services,CN=Configuration,DC=Roaya,DC=loc
                	GUID:	{77E849FA-E0C5-47C6-BBF6-80B9F0EEAC34}
                	Class:	msExchOAB
                	
                Attribute:
                	LDAP Display Name:	msExchOABLastTouchedTime
                	Syntax (OID):	2.5.5.11
                	Value:	20210805114641.0Z
                	
                Operation:
                	Type:	Value Added
                	Correlation ID:	{F5F6873D-4DDF-411A-843C-039FE5692100}
                	Application Correlation ID:	-

ComputerName  : FRANK-PDC
EventID       : 5136
Title         : ADObject Modified
TimeGenerated : 8/5/2021 1:46:34 PM
Content       : A directory service object was modified.
                	
                Subject:
                	Security ID:		S-1-5-21-2956518221-444034542-2043350422-87305
                	Account Name:		EU1MB9903$
                	Account Domain:		ROAYA
                	Logon ID:		0x2CF7F215F
                
                Directory Service:
                	Name:	Roaya.loc
                	Type:	Active Directory Domain Services
                	
                Object:
                	DN:	CN=olicolube.com Offline Address Book,CN=Offline Address Lists,CN=Address Lists 
                Container,CN=roaya,CN=Microsoft Exchange,CN=Services,CN=Configuration,DC=Roaya,DC=loc
                	GUID:	{77E849FA-E0C5-47C6-BBF6-80B9F0EEAC34}
                	Class:	msExchOAB
                	
                Attribute:
                	LDAP Display Name:	msExchOABLastTouchedTime
                	Syntax (OID):	2.5.5.11
                	Value:	20210805052420.0Z
                	
                Operation:
                	Type:	Value Deleted
                	Correlation ID:	{F5F6873D-4DDF-411A-843C-039FE5692100}
                	Application Correlation ID:	-

ComputerName  : FRANK-PDC
EventID       : 5136
Title         : ADObject Modified
TimeGenerated : 8/5/2021 1:46:34 PM
Content       : A directory service object was modified.
                	
                Subject:
                	Security ID:		S-1-5-21-2956518221-444034542-2043350422-97789
                	Account Name:		LPC-SolidAdmin
                	Account Domain:		ROAYA
                	Logon ID:		0x2CF987EBB
                
                Directory Service:
                	Name:	Roaya.loc
                	Type:	Active Directory Domain Services
                	
                Object:
                	DN:	CN=hossameldi_triviumbc,OU=triviumbc.com,OU=Mail,DC=roaya,DC=loc
                	GUID:	{FC20CE49-8C2B-4122-8E1B-B8EF92547D3C}
                	Class:	user
                	
                Attribute:
                	LDAP Display Name:	objectClass
                	Syntax (OID):	2.5.5.2
                	Value:	1.2.840.113556.1.5.9
                	
                Operation:
                	Type:	Value Added
                	Correlation ID:	{DC3762CF-079A-4116-8830-DDADE4106B29}
                	Application Correlation ID:	-

ComputerName  : FRANK-PDC
EventID       : 5136
Title         : ADObject Modified
TimeGenerated : 8/5/2021 1:46:34 PM
Content       : A directory service object was modified.
                	
                Subject:
                	Security ID:		S-1-5-21-2956518221-444034542-2043350422-97789
                	Account Name:		LPC-SolidAdmin
                	Account Domain:		ROAYA
                	Logon ID:		0x2CF987EBB
                
                Directory Service:
                	Name:	Roaya.loc
                	Type:	Active Directory Domain Services
                	
                Object:
                	DN:	CN=hossameldi_triviumbc,OU=triviumbc.com,OU=Mail,DC=roaya,DC=loc
                	GUID:	{FC20CE49-8C2B-4122-8E1B-B8EF92547D3C}
                	Class:	user
                	
                Attribute:
                	LDAP Display Name:	displayName
                	Syntax (OID):	2.5.5.12
                	Value:	Hossam El-din Mohamed
                	
                Operation:
                	Type:	Value Added
                	Correlation ID:	{DC3762CF-079A-4116-8830-DDADE4106B29}
                	Application Correlation ID:	-

ComputerName  : FRANK-PDC
EventID       : 5136
Title         : ADObject Modified
TimeGenerated : 8/5/2021 1:46:34 PM
Content       : A directory service object was modified.
                	
                Subject:
                	Security ID:		S-1-5-21-2956518221-444034542-2043350422-97789
                	Account Name:		LPC-SolidAdmin
                	Account Domain:		ROAYA
                	Logon ID:		0x2CF987EBB
                
                Directory Service:
                	Name:	Roaya.loc
                	Type:	Active Directory Domain Services
                	
                Object:
                	DN:	CN=hossameldi_triviumbc,OU=triviumbc.com,OU=Mail,DC=roaya,DC=loc
                	GUID:	{FC20CE49-8C2B-4122-8E1B-B8EF92547D3C}
                	Class:	user
                	
                Attribute:
                	LDAP Display Name:	sAMAccountName
                	Syntax (OID):	2.5.5.12
                	Value:	hossameldi_triviumbc
                	
                Operation:
                	Type:	Value Added
                	Correlation ID:	{DC3762CF-079A-4116-8830-DDADE4106B29}
                	Application Correlation ID:	-

ComputerName  : FRANK-PDC
EventID       : 5137
Title         : ADobject Created
TimeGenerated : 8/5/2021 1:46:34 PM
Content       : A directory service object was created.
                	
                Subject:
                	Security ID:		S-1-5-21-2956518221-444034542-2043350422-97789
                	Account Name:		LPC-SolidAdmin
                	Account Domain:		ROAYA
                	Logon ID:		0x2CF987EBB
                	
                Directory Service:
                	Name:	Roaya.loc
                	Type:	Active Directory Domain Services
                	
                Object:
                	DN:	CN=hossameldi_triviumbc,OU=triviumbc.com,OU=Mail,DC=roaya,DC=loc
                	GUID:	{FC20CE49-8C2B-4122-8E1B-B8EF92547D3C}
                	Class:	user
                	
                Operation:
                	Correlation ID:	{DC3762CF-079A-4116-8830-DDADE4106B29}
                	Application Correlation ID:	-

ComputerName  : FRANK-PDC
EventID       : 5136
Title         : ADObject Modified
TimeGenerated : 8/5/2021 1:46:34 PM
Content       : A directory service object was modified.
                	
                Subject:
                	Security ID:		S-1-5-21-2956518221-444034542-2043350422-87305
                	Account Name:		EU1MB9903$
                	Account Domain:		ROAYA
                	Logon ID:		0x2CF7F215F
                
                Directory Service:
                	Name:	Roaya.loc
                	Type:	Active Directory Domain Services
                	
                Object:
                	DN:	CN=good.com Offline Address Book,CN=Offline Address Lists,CN=Address Lists 
                Container,CN=roaya,CN=Microsoft Exchange,CN=Services,CN=Configuration,DC=Roaya,DC=loc
                	GUID:	{5648DD8A-AF2F-48F4-841A-37D4FCCA68EB}
                	Class:	msExchOAB
                	
                Attribute:
                	LDAP Display Name:	msExchOABLastTouchedTime
                	Syntax (OID):	2.5.5.11
                	Value:	20210805114634.0Z
                	
                Operation:
                	Type:	Value Added
                	Correlation ID:	{CE80DC46-E7CD-4C96-BE15-DE29D8A442CD}
                	Application Correlation ID:	-

ComputerName  : FRANK-PDC
EventID       : 5136
Title         : ADObject Modified
TimeGenerated : 8/5/2021 1:46:34 PM
Content       : A directory service object was modified.
                	
                Subject:
                	Security ID:		S-1-5-21-2956518221-444034542-2043350422-87305
                	Account Name:		EU1MB9903$
                	Account Domain:		ROAYA
                	Logon ID:		0x2CF7F215F
                
                Directory Service:
                	Name:	Roaya.loc
                	Type:	Active Directory Domain Services
                	
                Object:
                	DN:	CN=good.com Offline Address Book,CN=Offline Address Lists,CN=Address Lists 
                Container,CN=roaya,CN=Microsoft Exchange,CN=Services,CN=Configuration,DC=Roaya,DC=loc
                	GUID:	{5648DD8A-AF2F-48F4-841A-37D4FCCA68EB}
                	Class:	msExchOAB
                	
                Attribute:
                	LDAP Display Name:	msExchOABLastTouchedTime
                	Syntax (OID):	2.5.5.11
                	Value:	20210805052415.0Z
                	
                Operation:
                	Type:	Value Deleted
                	Correlation ID:	{CE80DC46-E7CD-4C96-BE15-DE29D8A442CD}
                	Application Correlation ID:	-

ComputerName  : FRANK-PDC
EventID       : 5136
Title         : ADObject Modified
TimeGenerated : 8/5/2021 1:46:34 PM
Content       : A directory service object was modified.
                	
                Subject:
                	Security ID:		S-1-5-21-2956518221-444034542-2043350422-87305
                	Account Name:		EU1MB9903$
                	Account Domain:		ROAYA
                	Logon ID:		0x2CF7F215F
                
                Directory Service:
                	Name:	Roaya.loc
                	Type:	Active Directory Domain Services
                	
                Object:
                	DN:	CN=ba.ba Offline Address Book,CN=Offline Address Lists,CN=Address Lists 
                Container,CN=roaya,CN=Microsoft Exchange,CN=Services,CN=Configuration,DC=Roaya,DC=loc
                	GUID:	{FCF05847-99C6-4DF8-A66E-35952002A768}
                	Class:	msExchOAB
                	
                Attribute:
                	LDAP Display Name:	msExchOABLastTouchedTime
                	Syntax (OID):	2.5.5.11
                	Value:	20210805114632.0Z
                	
                Operation:
                	Type:	Value Added
                	Correlation ID:	{0B12130F-40C7-4C7E-8CBE-B47AA5B5AB92}
                	Application Correlation ID:	-

ComputerName  : FRANK-PDC
EventID       : 5136
Title         : ADObject Modified
TimeGenerated : 8/5/2021 1:46:34 PM
Content       : A directory service object was modified.
                	
                Subject:
                	Security ID:		S-1-5-21-2956518221-444034542-2043350422-87305
                	Account Name:		EU1MB9903$
                	Account Domain:		ROAYA
                	Logon ID:		0x2CF7F215F
                
                Directory Service:
                	Name:	Roaya.loc
                	Type:	Active Directory Domain Services
                	
                Object:
                	DN:	CN=ba.ba Offline Address Book,CN=Offline Address Lists,CN=Address Lists 
                Container,CN=roaya,CN=Microsoft Exchange,CN=Services,CN=Configuration,DC=Roaya,DC=loc
                	GUID:	{FCF05847-99C6-4DF8-A66E-35952002A768}
                	Class:	msExchOAB
                	
                Attribute:
                	LDAP Display Name:	msExchOABLastTouchedTime
                	Syntax (OID):	2.5.5.11
                	Value:	20210805052413.0Z
                	
                Operation:
                	Type:	Value Deleted
                	Correlation ID:	{0B12130F-40C7-4C7E-8CBE-B47AA5B5AB92}
                	Application Correlation ID:	-

ComputerName  : FRANK-PDC
EventID       : 5136
Title         : ADObject Modified
TimeGenerated : 8/5/2021 1:46:34 PM
Content       : A directory service object was modified.
                	
                Subject:
                	Security ID:		S-1-5-21-2956518221-444034542-2043350422-87305
                	Account Name:		EU1MB9903$
                	Account Domain:		ROAYA
                	Logon ID:		0x2CF7F215F
                
                Directory Service:
                	Name:	Roaya.loc
                	Type:	Active Directory Domain Services
                	
                Object:
                	DN:	CN=tanatel.com.sa Offline Address Book,CN=Offline Address Lists,CN=Address Lists 
                Container,CN=roaya,CN=Microsoft Exchange,CN=Services,CN=Configuration,DC=Roaya,DC=loc
                	GUID:	{2B93BC50-D419-42FE-825C-F80D428C7B49}
                	Class:	msExchOAB
                	
                Attribute:
                	LDAP Display Name:	msExchOABLastTouchedTime
                	Syntax (OID):	2.5.5.11
                	Value:	20210805114637.0Z
                	
                Operation:
                	Type:	Value Added
                	Correlation ID:	{71CFC8F2-2903-4C4A-B646-9B3370EC092E}
                	Application Correlation ID:	-

ComputerName  : FRANK-PDC
EventID       : 5136
Title         : ADObject Modified
TimeGenerated : 8/5/2021 1:46:34 PM
Content       : A directory service object was modified.
                	
                Subject:
                	Security ID:		S-1-5-21-2956518221-444034542-2043350422-87305
                	Account Name:		EU1MB9903$
                	Account Domain:		ROAYA
                	Logon ID:		0x2CF7F215F
                
                Directory Service:
                	Name:	Roaya.loc
                	Type:	Active Directory Domain Services
                	
                Object:
                	DN:	CN=tanatel.com.sa Offline Address Book,CN=Offline Address Lists,CN=Address Lists 
                Container,CN=roaya,CN=Microsoft Exchange,CN=Services,CN=Configuration,DC=Roaya,DC=loc
                	GUID:	{2B93BC50-D419-42FE-825C-F80D428C7B49}
                	Class:	msExchOAB
                	
                Attribute:
                	LDAP Display Name:	msExchOABLastTouchedTime
                	Syntax (OID):	2.5.5.11
                	Value:	20210805052417.0Z
                	
                Operation:
                	Type:	Value Deleted
                	Correlation ID:	{71CFC8F2-2903-4C4A-B646-9B3370EC092E}
                	Application Correlation ID:	-

ComputerName  : FRANK-PDC
EventID       : 5136
Title         : ADObject Modified
TimeGenerated : 8/5/2021 1:46:34 PM
Content       : A directory service object was modified.
                	
                Subject:
                	Security ID:		S-1-5-21-2956518221-444034542-2043350422-97789
                	Account Name:		LPC-SolidAdmin
                	Account Domain:		ROAYA
                	Logon ID:		0x2CF7DF93A
                
                Directory Service:
                	Name:	Roaya.loc
                	Type:	Active Directory Domain Services
                	
                Object:
                	DN:	CN=b.ahmed_egyptbestpro,OU=egyptbestproperties.com,OU=Mail,DC=Roaya,DC=loc
                	GUID:	{4067889A-1C58-40D2-84CC-3A3C9B2D32C4}
                	Class:	user
                	
                Attribute:
                	LDAP Display Name:	msExchMailboxTemplateLink
                	Syntax (OID):	2.5.5.1
                	Value:	CN=SCPPolicy153_200GB,CN=Retention Policies Container,CN=roaya,CN=Microsoft 
                Exchange,CN=Services,CN=Configuration,DC=Roaya,DC=loc
                	
                Operation:
                	Type:	Value Added
                	Correlation ID:	{16E9919E-D800-4B5A-BD7E-59A99A381C20}
                	Application Correlation ID:	-

ComputerName  : FRANK-PDC
EventID       : 5136
Title         : ADObject Modified
TimeGenerated : 8/5/2021 1:46:34 PM
Content       : A directory service object was modified.
                	
                Subject:
                	Security ID:		S-1-5-21-2956518221-444034542-2043350422-97789
                	Account Name:		LPC-SolidAdmin
                	Account Domain:		ROAYA
                	Logon ID:		0x2CF7DF93A
                
                Directory Service:
                	Name:	Roaya.loc
                	Type:	Active Directory Domain Services
                	
                Object:
                	DN:	CN=b.ahmed_egyptbestpro,OU=egyptbestproperties.com,OU=Mail,DC=Roaya,DC=loc
                	GUID:	{4067889A-1C58-40D2-84CC-3A3C9B2D32C4}
                	Class:	user
                	
                Attribute:
                	LDAP Display Name:	msExchELCMailboxFlags
                	Syntax (OID):	2.5.5.9
                	Value:	18
                	
                Operation:
                	Type:	Value Added
                	Correlation ID:	{16E9919E-D800-4B5A-BD7E-59A99A381C20}
                	Application Correlation ID:	-

ComputerName  : FRANK-PDC
EventID       : 5136
Title         : ADObject Modified
TimeGenerated : 8/5/2021 1:46:34 PM
Content       : A directory service object was modified.
                	
                Subject:
                	Security ID:		S-1-5-21-2956518221-444034542-2043350422-97789
                	Account Name:		LPC-SolidAdmin
                	Account Domain:		ROAYA
                	Logon ID:		0x2CF7DF93A
                
                Directory Service:
                	Name:	Roaya.loc
                	Type:	Active Directory Domain Services
                	
                Object:
                	DN:	CN=b.ahmed_egyptbestpro,OU=egyptbestproperties.com,OU=Mail,DC=Roaya,DC=loc
                	GUID:	{4067889A-1C58-40D2-84CC-3A3C9B2D32C4}
                	Class:	user
                	
                Attribute:
                	LDAP Display Name:	msExchELCMailboxFlags
                	Syntax (OID):	2.5.5.9
                	Value:	146
                	
                Operation:
                	Type:	Value Deleted
                	Correlation ID:	{16E9919E-D800-4B5A-BD7E-59A99A381C20}
                	Application Correlation ID:	-

ComputerName  : FRANK-PDC
EventID       : 5136
Title         : ADObject Modified
TimeGenerated : 8/5/2021 1:46:34 PM
Content       : A directory service object was modified.
                	
                Subject:
                	Security ID:		S-1-5-21-2956518221-444034542-2043350422-97789
                	Account Name:		LPC-SolidAdmin
                	Account Domain:		ROAYA
                	Logon ID:		0x2CF7DF93A
                
                Directory Service:
                	Name:	Roaya.loc
                	Type:	Active Directory Domain Services
                	
                Object:
                	DN:	CN=b.ahmed_egyptbestpro,OU=egyptbestproperties.com,OU=Mail,DC=Roaya,DC=loc
                	GUID:	{4067889A-1C58-40D2-84CC-3A3C9B2D32C4}
                	Class:	user
                	
                Attribute:
                	LDAP Display Name:	msExchThrottlingPolicyDN
                	Syntax (OID):	2.5.5.1
                	Value:	CN=LimitMessagesSent1000,CN=Global Settings,CN=roaya,CN=Microsoft 
                Exchange,CN=Services,CN=Configuration,DC=Roaya,DC=loc
                	
                Operation:
                	Type:	Value Added
                	Correlation ID:	{51EC0C38-5325-4538-A950-027DC9D2FFD5}
                	Application Correlation ID:	-

