ComputerName  : FRANK-PDC
EventID       : 4756
Title         : Universal security group member added
TimeGenerated : 8/5/2021 1:46:34 PM
Content       : A member was added to a security-enabled universal group.
                
                Subject:
                	Security ID:		S-1-5-21-2956518221-444034542-2043350422-97789
                	Account Name:		LPC-SolidAdmin
                	Account Domain:		ROAYA
                	Logon ID:		0x2CF987EBB
                
                Member:
                	Security ID:		S-1-5-21-2956518221-444034542-2043350422-98801
                	Account Name:		CN=hossameldi_triviumbc,OU=triviumbc.com,OU=Mail,DC=roaya,DC=loc
                
                Group:
                	Security ID:		S-1-5-21-2956518221-444034542-2043350422-52585
                	Account Name:		triviumbc.com
                	Account Domain:		ROAYA
                
                Additional Information:
                	Privileges:		-

ComputerName  : FRANK-PDC
EventID       : 4755
Title         : Universal security group changed
TimeGenerated : 8/5/2021 1:46:34 PM
Content       : A security-enabled universal group was changed.
                
                Subject:
                	Security ID:		S-1-5-21-2956518221-444034542-2043350422-97789
                	Account Name:		LPC-SolidAdmin
                	Account Domain:		ROAYA
                	Logon ID:		0x2CF987EBB
                
                Group:
                	Security ID:		S-1-5-21-2956518221-444034542-2043350422-52585
                	Group Name:		triviumbc.com
                	Group Domain:		ROAYA
                
                Changed Attributes:
                	SAM Account Name:	-
                	SID History:		-
                
                Additional Information:
                	Privileges:		-

ComputerName  : FRANK-PDC
EventID       : 4738
Title         : User changed
TimeGenerated : 8/5/2021 1:46:34 PM
Content       : A user account was changed.
                
                Subject:
                	Security ID:		S-1-5-21-2956518221-444034542-2043350422-97789
                	Account Name:		LPC-SolidAdmin
                	Account Domain:		ROAYA
                	Logon ID:		0x2CF987EBB
                
                Target Account:
                	Security ID:		S-1-5-21-2956518221-444034542-2043350422-98801
                	Account Name:		hossameldi_triviumbc
                	Account Domain:		ROAYA
                
                Changed Attributes:
                	SAM Account Name:	-
                	Display Name:		-
                	User Principal Name:	hossameldin.mohamed@triviumbc.com
                	Home Directory:		-
                	Home Drive:		-
                	Script Path:		-
                	Profile Path:		-
                	User Workstations:	-
                	Password Last Set:	-
                	Account Expires:		-
                	Primary Group ID:	-
                	AllowedToDelegateTo:	-
                	Old UAC Value:		-
                	New UAC Value:		-
                	User Account Control:	-
                	User Parameters:	-
                	SID History:		-
                	Logon Hours:		-
                
                Additional Information:
                	Privileges:		-

ComputerName  : FRANK-PDC
EventID       : 4722
Title         : User enabled
TimeGenerated : 8/5/2021 1:46:34 PM
Content       : A user account was enabled.
                
                Subject:
                	Security ID:		S-1-5-21-2956518221-444034542-2043350422-97789
                	Account Name:		LPC-SolidAdmin
                	Account Domain:		ROAYA
                	Logon ID:		0x2CF987EBB
                
                Target Account:
                	Security ID:		S-1-5-21-2956518221-444034542-2043350422-98801
                	Account Name:		hossameldi_triviumbc
                	Account Domain:		ROAYA

ComputerName  : FRANK-PDC
EventID       : 4738
Title         : User changed
TimeGenerated : 8/5/2021 1:46:34 PM
Content       : A user account was changed.
                
                Subject:
                	Security ID:		S-1-5-21-2956518221-444034542-2043350422-97789
                	Account Name:		LPC-SolidAdmin
                	Account Domain:		ROAYA
                	Logon ID:		0x2CF987EBB
                
                Target Account:
                	Security ID:		S-1-5-21-2956518221-444034542-2043350422-98801
                	Account Name:		hossameldi_triviumbc
                	Account Domain:		ROAYA
                
                Changed Attributes:
                	SAM Account Name:	-
                	Display Name:		-
                	User Principal Name:	-
                	Home Directory:		-
                	Home Drive:		-
                	Script Path:		-
                	Profile Path:		-
                	User Workstations:	-
                	Password Last Set:	-
                	Account Expires:		-
                	Primary Group ID:	-
                	AllowedToDelegateTo:	-
                	Old UAC Value:		0x15
                	New UAC Value:		0x14
                	User Account Control:	
                		Account Enabled
                	User Parameters:	-
                	SID History:		-
                	Logon Hours:		-
                
                Additional Information:
                	Privileges:		-

ComputerName  : FRANK-PDC
EventID       : 4724
Title         : An administrator changed a user password
TimeGenerated : 8/5/2021 1:46:34 PM
Content       : An attempt was made to reset an account's password.
                
                Subject:
                	Security ID:		S-1-5-21-2956518221-444034542-2043350422-97789
                	Account Name:		LPC-SolidAdmin
                	Account Domain:		ROAYA
                	Logon ID:		0x2CF987F20
                
                Target Account:
                	Security ID:		S-1-5-21-2956518221-444034542-2043350422-98801
                	Account Name:		hossameldi_triviumbc
                	Account Domain:		ROAYA

ComputerName  : FRANK-PDC
EventID       : 4738
Title         : User changed
TimeGenerated : 8/5/2021 1:46:34 PM
Content       : A user account was changed.
                
                Subject:
                	Security ID:		S-1-5-21-2956518221-444034542-2043350422-97789
                	Account Name:		LPC-SolidAdmin
                	Account Domain:		ROAYA
                	Logon ID:		0x2CF987F20
                
                Target Account:
                	Security ID:		S-1-5-21-2956518221-444034542-2043350422-98801
                	Account Name:		hossameldi_triviumbc
                	Account Domain:		ROAYA
                
                Changed Attributes:
                	SAM Account Name:	-
                	Display Name:		-
                	User Principal Name:	-
                	Home Directory:		-
                	Home Drive:		-
                	Script Path:		-
                	Profile Path:		-
                	User Workstations:	-
                	Password Last Set:	8/5/2021 1:46:34 PM
                	Account Expires:		-
                	Primary Group ID:	-
                	AllowedToDelegateTo:	-
                	Old UAC Value:		-
                	New UAC Value:		-
                	User Account Control:	-
                	User Parameters:	-
                	SID History:		-
                	Logon Hours:		-
                
                Additional Information:
                	Privileges:		-

ComputerName  : FRANK-PDC
EventID       : 4720
Title         : User created
TimeGenerated : 8/5/2021 1:46:34 PM
Content       : A user account was created.
                
                Subject:
                	Security ID:		S-1-5-21-2956518221-444034542-2043350422-97789
                	Account Name:		LPC-SolidAdmin
                	Account Domain:		ROAYA
                	Logon ID:		0x2CF987EBB
                
                New Account:
                	Security ID:		S-1-5-21-2956518221-444034542-2043350422-98801
                	Account Name:		hossameldi_triviumbc
                	Account Domain:		ROAYA
                
                Attributes:
                	SAM Account Name:	hossameldi_triviumbc
                	Display Name:		Hossam El-din Mohamed
                	User Principal Name:	-
                	Home Directory:		-
                	Home Drive:		-
                	Script Path:		-
                	Profile Path:		-
                	User Workstations:	-
                	Password Last Set:	<never>
                	Account Expires:		<never>
                	Primary Group ID:	513
                	Allowed To Delegate To:	-
                	Old UAC Value:		0x0
                	New UAC Value:		0x15
                	User Account Control:	
                		Account Disabled
                		'Password Not Required' - Enabled
                		'Normal Account' - Enabled
                	User Parameters:	-
                	SID History:		-
                	Logon Hours:		<value not set>
                
                Additional Information:
                	Privileges		-

ComputerName  : FRANK-PDC
EventID       : 5136
Title         : ADObject Modified
TimeGenerated : 8/5/2021 1:46:24 PM
Content       : A directory service object was modified.
                	
                Subject:
                	Security ID:		S-1-5-21-2956518221-444034542-2043350422-87305
                	Account Name:		EU1MB9903$
                	Account Domain:		ROAYA
                	Logon ID:		0x2CF7F215F
                
                Directory Service:
                	Name:	Roaya.loc
                	Type:	Active Directory Domain Services
                	
                Object:
                	DN:	CN=lalala.lalal Offline Address Book,CN=Offline Address Lists,CN=Address Lists 
                Container,CN=roaya,CN=Microsoft Exchange,CN=Services,CN=Configuration,DC=Roaya,DC=loc
                	GUID:	{4B61B01D-6CFA-4F4D-BAD7-543245388863}
                	Class:	msExchOAB
                	
                Attribute:
                	LDAP Display Name:	msExchOABLastTouchedTime
                	Syntax (OID):	2.5.5.11
                	Value:	20210805114622.0Z
                	
                Operation:
                	Type:	Value Added
                	Correlation ID:	{6A804ABA-E9E6-4E2B-86CC-B22E4D5BFC53}
                	Application Correlation ID:	-

ComputerName  : FRANK-PDC
EventID       : 5136
Title         : ADObject Modified
TimeGenerated : 8/5/2021 1:46:24 PM
Content       : A directory service object was modified.
                	
                Subject:
                	Security ID:		S-1-5-21-2956518221-444034542-2043350422-87305
                	Account Name:		EU1MB9903$
                	Account Domain:		ROAYA
                	Logon ID:		0x2CF7F215F
                
                Directory Service:
                	Name:	Roaya.loc
                	Type:	Active Directory Domain Services
                	
                Object:
                	DN:	CN=lalala.lalal Offline Address Book,CN=Offline Address Lists,CN=Address Lists 
                Container,CN=roaya,CN=Microsoft Exchange,CN=Services,CN=Configuration,DC=Roaya,DC=loc
                	GUID:	{4B61B01D-6CFA-4F4D-BAD7-543245388863}
                	Class:	msExchOAB
                	
                Attribute:
                	LDAP Display Name:	msExchOABLastTouchedTime
                	Syntax (OID):	2.5.5.11
                	Value:	20210805052402.0Z
                	
                Operation:
                	Type:	Value Deleted
                	Correlation ID:	{6A804ABA-E9E6-4E2B-86CC-B22E4D5BFC53}
                	Application Correlation ID:	-

ComputerName  : FRANK-PDC
EventID       : 5136
Title         : ADObject Modified
TimeGenerated : 8/5/2021 1:46:24 PM
Content       : A directory service object was modified.
                	
                Subject:
                	Security ID:		S-1-5-21-2956518221-444034542-2043350422-97789
                	Account Name:		LPC-SolidAdmin
                	Account Domain:		ROAYA
                	Logon ID:		0x2CF7DF93A
                
                Directory Service:
                	Name:	Roaya.loc
                	Type:	Active Directory Domain Services
                	
                Object:
                	DN:	CN=b.ahmed_egyptbestpro,OU=egyptbestproperties.com,OU=Mail,DC=Roaya,DC=loc
                	GUID:	{4067889A-1C58-40D2-84CC-3A3C9B2D32C4}
                	Class:	user
                	
                Attribute:
                	LDAP Display Name:	msExchArchiveWarnQuota
                	Syntax (OID):	2.5.5.16
                	Value:	94371840
                	
                Operation:
                	Type:	Value Added
                	Correlation ID:	{894DF5EC-BDE2-4F65-927A-912CEDC63D00}
                	Application Correlation ID:	-

ComputerName  : FRANK-PDC
EventID       : 5136
Title         : ADObject Modified
TimeGenerated : 8/5/2021 1:46:24 PM
Content       : A directory service object was modified.
                	
                Subject:
                	Security ID:		S-1-5-21-2956518221-444034542-2043350422-97789
                	Account Name:		LPC-SolidAdmin
                	Account Domain:		ROAYA
                	Logon ID:		0x2CF7DF93A
                
                Directory Service:
                	Name:	Roaya.loc
                	Type:	Active Directory Domain Services
                	
                Object:
                	DN:	CN=b.ahmed_egyptbestpro,OU=egyptbestproperties.com,OU=Mail,DC=Roaya,DC=loc
                	GUID:	{4067889A-1C58-40D2-84CC-3A3C9B2D32C4}
                	Class:	user
                	
                Attribute:
                	LDAP Display Name:	msExchArchiveQuota
                	Syntax (OID):	2.5.5.16
                	Value:	104857600
                	
                Operation:
                	Type:	Value Added
                	Correlation ID:	{894DF5EC-BDE2-4F65-927A-912CEDC63D00}
                	Application Correlation ID:	-

ComputerName  : FRANK-PDC
EventID       : 5136
Title         : ADObject Modified
TimeGenerated : 8/5/2021 1:46:24 PM
Content       : A directory service object was modified.
                	
                Subject:
                	Security ID:		S-1-5-21-2956518221-444034542-2043350422-97789
                	Account Name:		LPC-SolidAdmin
                	Account Domain:		ROAYA
                	Logon ID:		0x2CF7DF93A
                
                Directory Service:
                	Name:	Roaya.loc
                	Type:	Active Directory Domain Services
                	
                Object:
                	DN:	CN=b.ahmed_egyptbestpro,OU=egyptbestproperties.com,OU=Mail,DC=Roaya,DC=loc
                	GUID:	{4067889A-1C58-40D2-84CC-3A3C9B2D32C4}
                	Class:	user
                	
                Attribute:
                	LDAP Display Name:	msExchCalendarLoggingQuota
                	Syntax (OID):	2.5.5.9
                	Value:	6291456
                	
                Operation:
                	Type:	Value Added
                	Correlation ID:	{894DF5EC-BDE2-4F65-927A-912CEDC63D00}
                	Application Correlation ID:	-

ComputerName  : FRANK-PDC
EventID       : 5136
Title         : ADObject Modified
TimeGenerated : 8/5/2021 1:46:24 PM
Content       : A directory service object was modified.
                	
                Subject:
                	Security ID:		S-1-5-21-2956518221-444034542-2043350422-97789
                	Account Name:		LPC-SolidAdmin
                	Account Domain:		ROAYA
                	Logon ID:		0x2CF7DF93A
                
                Directory Service:
                	Name:	Roaya.loc
                	Type:	Active Directory Domain Services
                	
                Object:
                	DN:	CN=b.ahmed_egyptbestpro,OU=egyptbestproperties.com,OU=Mail,DC=Roaya,DC=loc
                	GUID:	{4067889A-1C58-40D2-84CC-3A3C9B2D32C4}
                	Class:	user
                	
                Attribute:
                	LDAP Display Name:	msExchDumpsterWarningQuota
                	Syntax (OID):	2.5.5.9
                	Value:	20971520
                	
                Operation:
                	Type:	Value Added
                	Correlation ID:	{894DF5EC-BDE2-4F65-927A-912CEDC63D00}
                	Application Correlation ID:	-

ComputerName  : FRANK-PDC
EventID       : 5136
Title         : ADObject Modified
TimeGenerated : 8/5/2021 1:46:24 PM
Content       : A directory service object was modified.
                	
                Subject:
                	Security ID:		S-1-5-21-2956518221-444034542-2043350422-97789
                	Account Name:		LPC-SolidAdmin
                	Account Domain:		ROAYA
                	Logon ID:		0x2CF7DF93A
                
                Directory Service:
                	Name:	Roaya.loc
                	Type:	Active Directory Domain Services
                	
                Object:
                	DN:	CN=b.ahmed_egyptbestpro,OU=egyptbestproperties.com,OU=Mail,DC=Roaya,DC=loc
                	GUID:	{4067889A-1C58-40D2-84CC-3A3C9B2D32C4}
                	Class:	user
                	
                Attribute:
                	LDAP Display Name:	msExchDumpsterQuota
                	Syntax (OID):	2.5.5.9
                	Value:	31457280
                	
                Operation:
                	Type:	Value Added
                	Correlation ID:	{894DF5EC-BDE2-4F65-927A-912CEDC63D00}
                	Application Correlation ID:	-

ComputerName  : FRANK-PDC
EventID       : 5136
Title         : ADObject Modified
TimeGenerated : 8/5/2021 1:46:24 PM
Content       : A directory service object was modified.
                	
                Subject:
                	Security ID:		S-1-5-21-2956518221-444034542-2043350422-97789
                	Account Name:		LPC-SolidAdmin
                	Account Domain:		ROAYA
                	Logon ID:		0x2CF7DF93A
                
                Directory Service:
                	Name:	Roaya.loc
                	Type:	Active Directory Domain Services
                	
                Object:
                	DN:	CN=b.ahmed_egyptbestpro,OU=egyptbestproperties.com,OU=Mail,DC=Roaya,DC=loc
                	GUID:	{4067889A-1C58-40D2-84CC-3A3C9B2D32C4}
                	Class:	user
                	
                Attribute:
                	LDAP Display Name:	msExchUserAccountControl
                	Syntax (OID):	2.5.5.9
                	Value:	0
                	
                Operation:
                	Type:	Value Added
                	Correlation ID:	{894DF5EC-BDE2-4F65-927A-912CEDC63D00}
                	Application Correlation ID:	-

ComputerName  : FRANK-PDC
EventID       : 5136
Title         : ADObject Modified
TimeGenerated : 8/5/2021 1:46:24 PM
Content       : A directory service object was modified.
                	
                Subject:
                	Security ID:		S-1-5-21-2956518221-444034542-2043350422-97789
                	Account Name:		LPC-SolidAdmin
                	Account Domain:		ROAYA
                	Logon ID:		0x2CF7DF93A
                
                Directory Service:
                	Name:	Roaya.loc
                	Type:	Active Directory Domain Services
                	
                Object:
                	DN:	CN=b.ahmed_egyptbestpro,OU=egyptbestproperties.com,OU=Mail,DC=Roaya,DC=loc
                	GUID:	{4067889A-1C58-40D2-84CC-3A3C9B2D32C4}
                	Class:	user
                	
                Attribute:
                	LDAP Display Name:	msExchWhenMailboxCreated
                	Syntax (OID):	2.5.5.11
                	Value:	20210805114600.0Z
                	
                Operation:
                	Type:	Value Added
                	Correlation ID:	{894DF5EC-BDE2-4F65-927A-912CEDC63D00}
                	Application Correlation ID:	-

ComputerName  : FRANK-PDC
EventID       : 5136
Title         : ADObject Modified
TimeGenerated : 8/5/2021 1:46:24 PM
Content       : A directory service object was modified.
                	
                Subject:
                	Security ID:		S-1-5-21-2956518221-444034542-2043350422-97789
                	Account Name:		LPC-SolidAdmin
                	Account Domain:		ROAYA
                	Logon ID:		0x2CF7DF93A
                
                Directory Service:
                	Name:	Roaya.loc
                	Type:	Active Directory Domain Services
                	
                Object:
                	DN:	CN=b.ahmed_egyptbestpro,OU=egyptbestproperties.com,OU=Mail,DC=Roaya,DC=loc
                	GUID:	{4067889A-1C58-40D2-84CC-3A3C9B2D32C4}
                	Class:	user
                	
                Attribute:
                	LDAP Display Name:	mDBUseDefaults
                	Syntax (OID):	2.5.5.8
                	Value:	TRUE
                	
                Operation:
                	Type:	Value Added
                	Correlation ID:	{894DF5EC-BDE2-4F65-927A-912CEDC63D00}
                	Application Correlation ID:	-

ComputerName  : FRANK-PDC
EventID       : 5136
Title         : ADObject Modified
TimeGenerated : 8/5/2021 1:46:24 PM
Content       : A directory service object was modified.
                	
                Subject:
                	Security ID:		S-1-5-21-2956518221-444034542-2043350422-97789
                	Account Name:		LPC-SolidAdmin
                	Account Domain:		ROAYA
                	Logon ID:		0x2CF7DF93A
                
                Directory Service:
                	Name:	Roaya.loc
                	Type:	Active Directory Domain Services
                	
                Object:
                	DN:	CN=b.ahmed_egyptbestpro,OU=egyptbestproperties.com,OU=Mail,DC=Roaya,DC=loc
                	GUID:	{4067889A-1C58-40D2-84CC-3A3C9B2D32C4}
                	Class:	user
                	
                Attribute:
                	LDAP Display Name:	msExchMailboxSecurityDescriptor
                	Syntax (OID):	2.5.5.15
                	Value:	O:PSG:PSD:(A;CI;CCRC;;;PS)
                	
                Operation:
                	Type:	Value Added
                	Correlation ID:	{894DF5EC-BDE2-4F65-927A-912CEDC63D00}
                	Application Correlation ID:	-

ComputerName  : FRANK-PDC
EventID       : 5136
Title         : ADObject Modified
TimeGenerated : 8/5/2021 1:46:24 PM
Content       : A directory service object was modified.
                	
                Subject:
                	Security ID:		S-1-5-21-2956518221-444034542-2043350422-97789
                	Account Name:		LPC-SolidAdmin
                	Account Domain:		ROAYA
                	Logon ID:		0x2CF7DF93A
                
                Directory Service:
                	Name:	Roaya.loc
                	Type:	Active Directory Domain Services
                	
                Object:
                	DN:	CN=b.ahmed_egyptbestpro,OU=egyptbestproperties.com,OU=Mail,DC=Roaya,DC=loc
                	GUID:	{4067889A-1C58-40D2-84CC-3A3C9B2D32C4}
                	Class:	user
                	
                Attribute:
                	LDAP Display Name:	msExchHomeServerName
                	Syntax (OID):	2.5.5.12
                	Value:	/o=roaya/ou=Exchange Administrative Group 
                (FYDIBOHF23SPDLT)/cn=Configuration/cn=Servers/cn=EU1MB9903
                	
                Operation:
                	Type:	Value Added
                	Correlation ID:	{894DF5EC-BDE2-4F65-927A-912CEDC63D00}
                	Application Correlation ID:	-

ComputerName  : FRANK-PDC
EventID       : 5136
Title         : ADObject Modified
TimeGenerated : 8/5/2021 1:46:24 PM
Content       : A directory service object was modified.
                	
                Subject:
                	Security ID:		S-1-5-21-2956518221-444034542-2043350422-97789
                	Account Name:		LPC-SolidAdmin
                	Account Domain:		ROAYA
                	Logon ID:		0x2CF7DF93A
                
                Directory Service:
                	Name:	Roaya.loc
                	Type:	Active Directory Domain Services
                	
                Object:
                	DN:	CN=b.ahmed_egyptbestpro,OU=egyptbestproperties.com,OU=Mail,DC=Roaya,DC=loc
                	GUID:	{4067889A-1C58-40D2-84CC-3A3C9B2D32C4}
                	Class:	user
                	
                Attribute:
                	LDAP Display Name:	msExchRBACPolicyLink
                	Syntax (OID):	2.5.5.1
                	Value:	CN=Default Role Assignment Policy,CN=Policies,CN=RBAC,CN=roaya,CN=Microsoft 
                Exchange,CN=Services,CN=Configuration,DC=Roaya,DC=loc
                	
                Operation:
                	Type:	Value Added
                	Correlation ID:	{894DF5EC-BDE2-4F65-927A-912CEDC63D00}
                	Application Correlation ID:	-

ComputerName  : FRANK-PDC
EventID       : 5136
Title         : ADObject Modified
TimeGenerated : 8/5/2021 1:46:24 PM
Content       : A directory service object was modified.
                	
                Subject:
                	Security ID:		S-1-5-21-2956518221-444034542-2043350422-97789
                	Account Name:		LPC-SolidAdmin
                	Account Domain:		ROAYA
                	Logon ID:		0x2CF7DF93A
                
                Directory Service:
                	Name:	Roaya.loc
                	Type:	Active Directory Domain Services
                	
                Object:
                	DN:	CN=b.ahmed_egyptbestpro,OU=egyptbestproperties.com,OU=Mail,DC=Roaya,DC=loc
                	GUID:	{4067889A-1C58-40D2-84CC-3A3C9B2D32C4}
                	Class:	user
                	
                Attribute:
                	LDAP Display Name:	homeMDB
                	Syntax (OID):	2.5.5.1
                	Value:	CN=001-UDB108-S,CN=Databases,CN=Exchange Administrative Group 
                (FYDIBOHF23SPDLT),CN=Administrative Groups,CN=roaya,CN=Microsoft 
                Exchange,CN=Services,CN=Configuration,DC=Roaya,DC=loc
                	
                Operation:
                	Type:	Value Added
                	Correlation ID:	{894DF5EC-BDE2-4F65-927A-912CEDC63D00}
                	Application Correlation ID:	-

ComputerName  : FRANK-PDC
EventID       : 5136
Title         : ADObject Modified
TimeGenerated : 8/5/2021 1:46:24 PM
Content       : A directory service object was modified.
                	
                Subject:
                	Security ID:		S-1-5-21-2956518221-444034542-2043350422-97789
                	Account Name:		LPC-SolidAdmin
                	Account Domain:		ROAYA
                	Logon ID:		0x2CF7DF93A
                
                Directory Service:
                	Name:	Roaya.loc
                	Type:	Active Directory Domain Services
                	
                Object:
                	DN:	CN=b.ahmed_egyptbestpro,OU=egyptbestproperties.com,OU=Mail,DC=Roaya,DC=loc
                	GUID:	{4067889A-1C58-40D2-84CC-3A3C9B2D32C4}
                	Class:	user
                	
                Attribute:
                	LDAP Display Name:	msExchMailboxGuid
                	Syntax (OID):	2.5.5.10
                	Value:	<Binary>
                	
                Operation:
                	Type:	Value Added
                	Correlation ID:	{894DF5EC-BDE2-4F65-927A-912CEDC63D00}
                	Application Correlation ID:	-

ComputerName  : FRANK-PDC
EventID       : 5136
Title         : ADObject Modified
TimeGenerated : 8/5/2021 1:46:24 PM
Content       : A directory service object was modified.
                	
                Subject:
                	Security ID:		S-1-5-21-2956518221-444034542-2043350422-97789
                	Account Name:		LPC-SolidAdmin
                	Account Domain:		ROAYA
                	Logon ID:		0x2CF7DF93A
                
                Directory Service:
                	Name:	Roaya.loc
                	Type:	Active Directory Domain Services
                	
                Object:
                	DN:	CN=b.ahmed_egyptbestpro,OU=egyptbestproperties.com,OU=Mail,DC=Roaya,DC=loc
                	GUID:	{4067889A-1C58-40D2-84CC-3A3C9B2D32C4}
                	Class:	user
                	
                Attribute:
                	LDAP Display Name:	msExchELCMailboxFlags
                	Syntax (OID):	2.5.5.9
                	Value:	130
                	
                Operation:
                	Type:	Value Added
                	Correlation ID:	{894DF5EC-BDE2-4F65-927A-912CEDC63D00}
                	Application Correlation ID:	-

ComputerName  : FRANK-PDC
EventID       : 5136
Title         : ADObject Modified
TimeGenerated : 8/5/2021 1:46:24 PM
Content       : A directory service object was modified.
                	
                Subject:
                	Security ID:		S-1-5-21-2956518221-444034542-2043350422-97789
                	Account Name:		LPC-SolidAdmin
                	Account Domain:		ROAYA
                	Logon ID:		0x2CF7DF93A
                
                Directory Service:
                	Name:	Roaya.loc
                	Type:	Active Directory Domain Services
                	
                Object:
                	DN:	CN=b.ahmed_egyptbestpro,OU=egyptbestproperties.com,OU=Mail,DC=Roaya,DC=loc
                	GUID:	{4067889A-1C58-40D2-84CC-3A3C9B2D32C4}
                	Class:	user
                	
                Attribute:
                	LDAP Display Name:	msExchRecipientTypeDetails
                	Syntax (OID):	2.5.5.16
                	Value:	1
                	
                Operation:
                	Type:	Value Added
                	Correlation ID:	{894DF5EC-BDE2-4F65-927A-912CEDC63D00}
                	Application Correlation ID:	-

ComputerName  : FRANK-PDC
EventID       : 5136
Title         : ADObject Modified
TimeGenerated : 8/5/2021 1:46:24 PM
Content       : A directory service object was modified.
                	
                Subject:
                	Security ID:		S-1-5-21-2956518221-444034542-2043350422-97789
                	Account Name:		LPC-SolidAdmin
                	Account Domain:		ROAYA
                	Logon ID:		0x2CF7DF93A
                
                Directory Service:
                	Name:	Roaya.loc
                	Type:	Active Directory Domain Services
                	
                Object:
                	DN:	CN=b.ahmed_egyptbestpro,OU=egyptbestproperties.com,OU=Mail,DC=Roaya,DC=loc
                	GUID:	{4067889A-1C58-40D2-84CC-3A3C9B2D32C4}
                	Class:	user
                	
                Attribute:
                	LDAP Display Name:	msExchRecipientDisplayType
                	Syntax (OID):	2.5.5.9
                	Value:	1073741824
                	
                Operation:
                	Type:	Value Added
                	Correlation ID:	{894DF5EC-BDE2-4F65-927A-912CEDC63D00}
                	Application Correlation ID:	-

ComputerName  : FRANK-PDC
EventID       : 5136
Title         : ADObject Modified
TimeGenerated : 8/5/2021 1:46:24 PM
Content       : A directory service object was modified.
                	
                Subject:
                	Security ID:		S-1-5-21-2956518221-444034542-2043350422-97789
                	Account Name:		LPC-SolidAdmin
                	Account Domain:		ROAYA
                	Logon ID:		0x2CF7DF93A
                
                Directory Service:
                	Name:	Roaya.loc
                	Type:	Active Directory Domain Services
                	
                Object:
                	DN:	CN=b.ahmed_egyptbestpro,OU=egyptbestproperties.com,OU=Mail,DC=Roaya,DC=loc
                	GUID:	{4067889A-1C58-40D2-84CC-3A3C9B2D32C4}
                	Class:	user
                	
                Attribute:
                	LDAP Display Name:	mail
                	Syntax (OID):	2.5.5.12
                	Value:	b.ahmed_egyptbestpro@worldposta.cloud
                	
                Operation:
                	Type:	Value Added
                	Correlation ID:	{894DF5EC-BDE2-4F65-927A-912CEDC63D00}
                	Application Correlation ID:	-

ComputerName  : FRANK-PDC
EventID       : 5136
Title         : ADObject Modified
TimeGenerated : 8/5/2021 1:46:24 PM
Content       : A directory service object was modified.
                	
                Subject:
                	Security ID:		S-1-5-21-2956518221-444034542-2043350422-97789
                	Account Name:		LPC-SolidAdmin
                	Account Domain:		ROAYA
                	Logon ID:		0x2CF7DF93A
                
                Directory Service:
                	Name:	Roaya.loc
                	Type:	Active Directory Domain Services
                	
                Object:
                	DN:	CN=b.ahmed_egyptbestpro,OU=egyptbestproperties.com,OU=Mail,DC=Roaya,DC=loc
                	GUID:	{4067889A-1C58-40D2-84CC-3A3C9B2D32C4}
                	Class:	user
                	
                Attribute:
                	LDAP Display Name:	msExchUMDtmfMap
                	Syntax (OID):	2.5.5.12
                	Value:	emailAddress:224633349782378776
                	
                Operation:
                	Type:	Value Added
                	Correlation ID:	{894DF5EC-BDE2-4F65-927A-912CEDC63D00}
                	Application Correlation ID:	-

ComputerName  : FRANK-PDC
EventID       : 5136
Title         : ADObject Modified
TimeGenerated : 8/5/2021 1:46:24 PM
Content       : A directory service object was modified.
                	
                Subject:
                	Security ID:		S-1-5-21-2956518221-444034542-2043350422-97789
                	Account Name:		LPC-SolidAdmin
                	Account Domain:		ROAYA
                	Logon ID:		0x2CF7DF93A
                
                Directory Service:
                	Name:	Roaya.loc
                	Type:	Active Directory Domain Services
                	
                Object:
                	DN:	CN=b.ahmed_egyptbestpro,OU=egyptbestproperties.com,OU=Mail,DC=Roaya,DC=loc
                	GUID:	{4067889A-1C58-40D2-84CC-3A3C9B2D32C4}
                	Class:	user
                	
                Attribute:
                	LDAP Display Name:	msExchUMDtmfMap
                	Syntax (OID):	2.5.5.12
                	Value:	lastNameFirstName:2276224633
                	
                Operation:
                	Type:	Value Added
                	Correlation ID:	{894DF5EC-BDE2-4F65-927A-912CEDC63D00}
                	Application Correlation ID:	-

ComputerName  : FRANK-PDC
EventID       : 5136
Title         : ADObject Modified
TimeGenerated : 8/5/2021 1:46:24 PM
Content       : A directory service object was modified.
                	
                Subject:
                	Security ID:		S-1-5-21-2956518221-444034542-2043350422-97789
                	Account Name:		LPC-SolidAdmin
                	Account Domain:		ROAYA
                	Logon ID:		0x2CF7DF93A
                
                Directory Service:
                	Name:	Roaya.loc
                	Type:	Active Directory Domain Services
                	
                Object:
                	DN:	CN=b.ahmed_egyptbestpro,OU=egyptbestproperties.com,OU=Mail,DC=Roaya,DC=loc
                	GUID:	{4067889A-1C58-40D2-84CC-3A3C9B2D32C4}
                	Class:	user
                	
                Attribute:
                	LDAP Display Name:	msExchUMDtmfMap
                	Syntax (OID):	2.5.5.12
                	Value:	firstNameLastName:2276224633
                	
                Operation:
                	Type:	Value Added
                	Correlation ID:	{894DF5EC-BDE2-4F65-927A-912CEDC63D00}
                	Application Correlation ID:	-

ComputerName  : FRANK-PDC
EventID       : 5136
Title         : ADObject Modified
TimeGenerated : 8/5/2021 1:46:24 PM
Content       : A directory service object was modified.
                	
                Subject:
                	Security ID:		S-1-5-21-2956518221-444034542-2043350422-97789
                	Account Name:		LPC-SolidAdmin
                	Account Domain:		ROAYA
                	Logon ID:		0x2CF7DF93A
                
                Directory Service:
                	Name:	Roaya.loc
                	Type:	Active Directory Domain Services
                	
                Object:
                	DN:	CN=b.ahmed_egyptbestpro,OU=egyptbestproperties.com,OU=Mail,DC=Roaya,DC=loc
                	GUID:	{4067889A-1C58-40D2-84CC-3A3C9B2D32C4}
                	Class:	user
                	
                Attribute:
                	LDAP Display Name:	msExchPoliciesIncluded
                	Syntax (OID):	2.5.5.12
                	Value:	9ce9209e-862a-44ec-a788-f63f6d7d35f1
                	
                Operation:
                	Type:	Value Added
                	Correlation ID:	{894DF5EC-BDE2-4F65-927A-912CEDC63D00}
                	Application Correlation ID:	-

ComputerName  : FRANK-PDC
EventID       : 5136
Title         : ADObject Modified
TimeGenerated : 8/5/2021 1:46:24 PM
Content       : A directory service object was modified.
                	
                Subject:
                	Security ID:		S-1-5-21-2956518221-444034542-2043350422-97789
                	Account Name:		LPC-SolidAdmin
                	Account Domain:		ROAYA
                	Logon ID:		0x2CF7DF93A
                
                Directory Service:
                	Name:	Roaya.loc
                	Type:	Active Directory Domain Services
                	
                Object:
                	DN:	CN=b.ahmed_egyptbestpro,OU=egyptbestproperties.com,OU=Mail,DC=Roaya,DC=loc
                	GUID:	{4067889A-1C58-40D2-84CC-3A3C9B2D32C4}
                	Class:	user
                	
                Attribute:
                	LDAP Display Name:	msExchPoliciesIncluded
                	Syntax (OID):	2.5.5.12
                	Value:	{26491cfc-9e50-4857-861b-0cb8df22b5d7}
                	
                Operation:
                	Type:	Value Added
                	Correlation ID:	{894DF5EC-BDE2-4F65-927A-912CEDC63D00}
                	Application Correlation ID:	-

ComputerName  : FRANK-PDC
EventID       : 5136
Title         : ADObject Modified
TimeGenerated : 8/5/2021 1:46:24 PM
Content       : A directory service object was modified.
                	
                Subject:
                	Security ID:		S-1-5-21-2956518221-444034542-2043350422-97789
                	Account Name:		LPC-SolidAdmin
                	Account Domain:		ROAYA
                	Logon ID:		0x2CF7DF93A
                
                Directory Service:
                	Name:	Roaya.loc
                	Type:	Active Directory Domain Services
                	
                Object:
                	DN:	CN=b.ahmed_egyptbestpro,OU=egyptbestproperties.com,OU=Mail,DC=Roaya,DC=loc
                	GUID:	{4067889A-1C58-40D2-84CC-3A3C9B2D32C4}
                	Class:	user
                	
                Attribute:
                	LDAP Display Name:	legacyExchangeDN
                	Syntax (OID):	2.5.5.4
                	Value:	/o=roaya/ou=Exchange Administrative Group 
                (FYDIBOHF23SPDLT)/cn=Recipients/cn=40ecd17b01b34b11be5cb11327e08992-b.ahmed_egyptbestp
                	
                Operation:
                	Type:	Value Added
                	Correlation ID:	{894DF5EC-BDE2-4F65-927A-912CEDC63D00}
                	Application Correlation ID:	-

ComputerName  : FRANK-PDC
EventID       : 5136
Title         : ADObject Modified
TimeGenerated : 8/5/2021 1:46:24 PM
Content       : A directory service object was modified.
                	
                Subject:
                	Security ID:		S-1-5-21-2956518221-444034542-2043350422-97789
                	Account Name:		LPC-SolidAdmin
                	Account Domain:		ROAYA
                	Logon ID:		0x2CF7DF93A
                
                Directory Service:
                	Name:	Roaya.loc
                	Type:	Active Directory Domain Services
                	
                Object:
                	DN:	CN=b.ahmed_egyptbestpro,OU=egyptbestproperties.com,OU=Mail,DC=Roaya,DC=loc
                	GUID:	{4067889A-1C58-40D2-84CC-3A3C9B2D32C4}
                	Class:	user
                	
                Attribute:
                	LDAP Display Name:	proxyAddresses
                	Syntax (OID):	2.5.5.12
                	Value:	SMTP:b.ahmed_egyptbestpro@worldposta.cloud
                	
                Operation:
                	Type:	Value Added
                	Correlation ID:	{894DF5EC-BDE2-4F65-927A-912CEDC63D00}
                	Application Correlation ID:	-

ComputerName  : FRANK-PDC
EventID       : 5136
Title         : ADObject Modified
TimeGenerated : 8/5/2021 1:46:24 PM
Content       : A directory service object was modified.
                	
                Subject:
                	Security ID:		S-1-5-21-2956518221-444034542-2043350422-97789
                	Account Name:		LPC-SolidAdmin
                	Account Domain:		ROAYA
                	Logon ID:		0x2CF7DF93A
                
                Directory Service:
                	Name:	Roaya.loc
                	Type:	Active Directory Domain Services
                	
                Object:
                	DN:	CN=b.ahmed_egyptbestpro,OU=egyptbestproperties.com,OU=Mail,DC=Roaya,DC=loc
                	GUID:	{4067889A-1C58-40D2-84CC-3A3C9B2D32C4}
                	Class:	user
                	
                Attribute:
                	LDAP Display Name:	mailNickname
                	Syntax (OID):	2.5.5.12
                	Value:	b.ahmed_egyptbestpro
                	
                Operation:
                	Type:	Value Added
                	Correlation ID:	{894DF5EC-BDE2-4F65-927A-912CEDC63D00}
                	Application Correlation ID:	-

ComputerName  : FRANK-PDC
EventID       : 5136
Title         : ADObject Modified
TimeGenerated : 8/5/2021 1:46:24 PM
Content       : A directory service object was modified.
                	
                Subject:
                	Security ID:		S-1-5-21-2956518221-444034542-2043350422-97789
                	Account Name:		LPC-SolidAdmin
                	Account Domain:		ROAYA
                	Logon ID:		0x2CF7DF93A
                
                Directory Service:
                	Name:	Roaya.loc
                	Type:	Active Directory Domain Services
                	
                Object:
                	DN:	CN=b.ahmed_egyptbestpro,OU=egyptbestproperties.com,OU=Mail,DC=Roaya,DC=loc
                	GUID:	{4067889A-1C58-40D2-84CC-3A3C9B2D32C4}
                	Class:	user
                	
                Attribute:
                	LDAP Display Name:	showInAddressBook
                	Syntax (OID):	2.5.5.1
                	Value:	CN=All Users,CN=All Address Lists,CN=Address Lists Container,CN=roaya,CN=Microsoft 
                Exchange,CN=Services,CN=Configuration,DC=Roaya,DC=loc
                	
                Operation:
                	Type:	Value Added
                	Correlation ID:	{894DF5EC-BDE2-4F65-927A-912CEDC63D00}
                	Application Correlation ID:	-

ComputerName  : FRANK-PDC
EventID       : 5136
Title         : ADObject Modified
TimeGenerated : 8/5/2021 1:46:24 PM
Content       : A directory service object was modified.
                	
                Subject:
                	Security ID:		S-1-5-21-2956518221-444034542-2043350422-97789
                	Account Name:		LPC-SolidAdmin
                	Account Domain:		ROAYA
                	Logon ID:		0x2CF7DF93A
                
                Directory Service:
                	Name:	Roaya.loc
                	Type:	Active Directory Domain Services
                	
                Object:
                	DN:	CN=b.ahmed_egyptbestpro,OU=egyptbestproperties.com,OU=Mail,DC=Roaya,DC=loc
                	GUID:	{4067889A-1C58-40D2-84CC-3A3C9B2D32C4}
                	Class:	user
                	
                Attribute:
                	LDAP Display Name:	showInAddressBook
                	Syntax (OID):	2.5.5.1
                	Value:	CN=Mailboxes(VLV),CN=All System Address Lists,CN=Address Lists Container,CN=roaya,CN=Microsoft 
                Exchange,CN=Services,CN=Configuration,DC=Roaya,DC=loc
                	
                Operation:
                	Type:	Value Added
                	Correlation ID:	{894DF5EC-BDE2-4F65-927A-912CEDC63D00}
                	Application Correlation ID:	-

ComputerName  : FRANK-PDC
EventID       : 5136
Title         : ADObject Modified
TimeGenerated : 8/5/2021 1:46:24 PM
Content       : A directory service object was modified.
                	
                Subject:
                	Security ID:		S-1-5-21-2956518221-444034542-2043350422-97789
                	Account Name:		LPC-SolidAdmin
                	Account Domain:		ROAYA
                	Logon ID:		0x2CF7DF93A
                
                Directory Service:
                	Name:	Roaya.loc
                	Type:	Active Directory Domain Services
                	
                Object:
                	DN:	CN=b.ahmed_egyptbestpro,OU=egyptbestproperties.com,OU=Mail,DC=Roaya,DC=loc
                	GUID:	{4067889A-1C58-40D2-84CC-3A3C9B2D32C4}
                	Class:	user
                	
                Attribute:
                	LDAP Display Name:	showInAddressBook
                	Syntax (OID):	2.5.5.1
                	Value:	CN=All Mailboxes(VLV),CN=All System Address Lists,CN=Address Lists 
                Container,CN=roaya,CN=Microsoft Exchange,CN=Services,CN=Configuration,DC=Roaya,DC=loc
                	
                Operation:
                	Type:	Value Added
                	Correlation ID:	{894DF5EC-BDE2-4F65-927A-912CEDC63D00}
                	Application Correlation ID:	-

ComputerName  : FRANK-PDC
EventID       : 5136
Title         : ADObject Modified
TimeGenerated : 8/5/2021 1:46:24 PM
Content       : A directory service object was modified.
                	
                Subject:
                	Security ID:		S-1-5-21-2956518221-444034542-2043350422-97789
                	Account Name:		LPC-SolidAdmin
                	Account Domain:		ROAYA
                	Logon ID:		0x2CF7DF93A
                
                Directory Service:
                	Name:	Roaya.loc
                	Type:	Active Directory Domain Services
                	
                Object:
                	DN:	CN=b.ahmed_egyptbestpro,OU=egyptbestproperties.com,OU=Mail,DC=Roaya,DC=loc
                	GUID:	{4067889A-1C58-40D2-84CC-3A3C9B2D32C4}
                	Class:	user
                	
                Attribute:
                	LDAP Display Name:	showInAddressBook
                	Syntax (OID):	2.5.5.1
                	Value:	CN=All Recipients(VLV),CN=All System Address Lists,CN=Address Lists 
                Container,CN=roaya,CN=Microsoft Exchange,CN=Services,CN=Configuration,DC=Roaya,DC=loc
                	
                Operation:
                	Type:	Value Added
                	Correlation ID:	{894DF5EC-BDE2-4F65-927A-912CEDC63D00}
                	Application Correlation ID:	-

ComputerName  : FRANK-PDC
EventID       : 5136
Title         : ADObject Modified
TimeGenerated : 8/5/2021 1:46:24 PM
Content       : A directory service object was modified.
                	
                Subject:
                	Security ID:		S-1-5-21-2956518221-444034542-2043350422-97789
                	Account Name:		LPC-SolidAdmin
                	Account Domain:		ROAYA
                	Logon ID:		0x2CF7DF93A
                
                Directory Service:
                	Name:	Roaya.loc
                	Type:	Active Directory Domain Services
                	
                Object:
                	DN:	CN=b.ahmed_egyptbestpro,OU=egyptbestproperties.com,OU=Mail,DC=Roaya,DC=loc
                	GUID:	{4067889A-1C58-40D2-84CC-3A3C9B2D32C4}
                	Class:	user
                	
                Attribute:
                	LDAP Display Name:	showInAddressBook
                	Syntax (OID):	2.5.5.1
                	Value:	CN=Default Global Address List,CN=All Global Address Lists,CN=Address Lists 
                Container,CN=roaya,CN=Microsoft Exchange,CN=Services,CN=Configuration,DC=Roaya,DC=loc
                	
                Operation:
                	Type:	Value Added
                	Correlation ID:	{894DF5EC-BDE2-4F65-927A-912CEDC63D00}
                	Application Correlation ID:	-

