ComputerName  : FRANK-PDC
EventID       : 5136
Title         : ADObject Modified
TimeGenerated : 8/18/2021 9:20:53 AM
Content       : A directory service object was modified.
                	
                Subject:
                	Security ID:		S-1-5-21-2956518221-444034542-2043350422-97789
                	Account Name:		LPC-SolidAdmin
                	Account Domain:		ROAYA
                	Logon ID:		0xD45F2CB7
                
                Directory Service:
                	Name:	Roaya.loc
                	Type:	Active Directory Domain Services
                	
                Object:
                	DN:	CN=mohamed.s3_cleopatra,OU=cleopatradevelopments.com,OU=Mail,DC=Roaya,DC=loc
                	GUID:	{F2E0AB56-766A-4DAD-A554-3FD92B4B0E9D}
                	Class:	user
                	
                Attribute:
                	LDAP Display Name:	showInAddressBook
                	Syntax (OID):	2.5.5.1
                	Value:	CN=All Recipients(VLV),CN=All System Address Lists,CN=Address Lists 
                Container,CN=roaya,CN=Microsoft Exchange,CN=Services,CN=Configuration,DC=Roaya,DC=loc
                	
                Operation:
                	Type:	Value Added
                	Correlation ID:	{B696DD79-5ACE-44A0-9990-3300E1C73612}
                	Application Correlation ID:	-

ComputerName  : FRANK-PDC
EventID       : 5136
Title         : ADObject Modified
TimeGenerated : 8/18/2021 9:20:53 AM
Content       : A directory service object was modified.
                	
                Subject:
                	Security ID:		S-1-5-21-2956518221-444034542-2043350422-97789
                	Account Name:		LPC-SolidAdmin
                	Account Domain:		ROAYA
                	Logon ID:		0xD45F2CB7
                
                Directory Service:
                	Name:	Roaya.loc
                	Type:	Active Directory Domain Services
                	
                Object:
                	DN:	CN=mohamed.s3_cleopatra,OU=cleopatradevelopments.com,OU=Mail,DC=Roaya,DC=loc
                	GUID:	{F2E0AB56-766A-4DAD-A554-3FD92B4B0E9D}
                	Class:	user
                	
                Attribute:
                	LDAP Display Name:	showInAddressBook
                	Syntax (OID):	2.5.5.1
                	Value:	CN=Default Global Address List,CN=All Global Address Lists,CN=Address Lists 
                Container,CN=roaya,CN=Microsoft Exchange,CN=Services,CN=Configuration,DC=Roaya,DC=loc
                	
                Operation:
                	Type:	Value Added
                	Correlation ID:	{B696DD79-5ACE-44A0-9990-3300E1C73612}
                	Application Correlation ID:	-

ComputerName  : FRANK-PDC
EventID       : 5136
Title         : ADObject Modified
TimeGenerated : 8/18/2021 9:20:43 AM
Content       : A directory service object was modified.
                	
                Subject:
                	Security ID:		S-1-5-21-2956518221-444034542-2043350422-97789
                	Account Name:		LPC-SolidAdmin
                	Account Domain:		ROAYA
                	Logon ID:		0xD45F2CB7
                
                Directory Service:
                	Name:	Roaya.loc
                	Type:	Active Directory Domain Services
                	
                Object:
                	DN:	CN=mohamed.s3_cleopatra,OU=cleopatradevelopments.com,OU=Mail,DC=Roaya,DC=loc
                	GUID:	{F2E0AB56-766A-4DAD-A554-3FD92B4B0E9D}
                	Class:	user
                	
                Attribute:
                	LDAP Display Name:	msExchVersion
                	Syntax (OID):	2.5.5.16
                	Value:	88218628259840
                	
                Operation:
                	Type:	Value Added
                	Correlation ID:	{499C3148-D581-4624-B486-7EFED615649A}
                	Application Correlation ID:	-

ComputerName  : FRANK-PDC
EventID       : 5136
Title         : ADObject Modified
TimeGenerated : 8/18/2021 9:20:33 AM
Content       : A directory service object was modified.
                	
                Subject:
                	Security ID:		S-1-5-21-2956518221-444034542-2043350422-97789
                	Account Name:		LPC-SolidAdmin
                	Account Domain:		ROAYA
                	Logon ID:		0xD44FF324
                
                Directory Service:
                	Name:	Roaya.loc
                	Type:	Active Directory Domain Services
                	
                Object:
                	DN:	CN=cleopatradevelopments.com,OU=cleopatradevelopments.com,OU=Mail,DC=roaya,DC=loc
                	GUID:	{184E7AE8-1B4E-490B-84D0-2FA45E038F67}
                	Class:	group
                	
                Attribute:
                	LDAP Display Name:	member
                	Syntax (OID):	2.5.5.1
                	Value:	CN=mohamed.s3_cleopatra,OU=cleopatradevelopments.com,OU=Mail,DC=roaya,DC=loc
                	
                Operation:
                	Type:	Value Added
                	Correlation ID:	{7E3829E3-72AC-4876-9F20-4A41CC7859FE}
                	Application Correlation ID:	-

ComputerName  : FRANK-PDC
EventID       : 5136
Title         : ADObject Modified
TimeGenerated : 8/18/2021 9:20:33 AM
Content       : A directory service object was modified.
                	
                Subject:
                	Security ID:		S-1-5-21-2956518221-444034542-2043350422-97789
                	Account Name:		LPC-SolidAdmin
                	Account Domain:		ROAYA
                	Logon ID:		0xD44FF324
                
                Directory Service:
                	Name:	Roaya.loc
                	Type:	Active Directory Domain Services
                	
                Object:
                	DN:	CN=mohamed.s3_cleopatra,OU=cleopatradevelopments.com,OU=Mail,DC=roaya,DC=loc
                	GUID:	{F2E0AB56-766A-4DAD-A554-3FD92B4B0E9D}
                	Class:	user
                	
                Attribute:
                	LDAP Display Name:	userPrincipalName
                	Syntax (OID):	2.5.5.12
                	Value:	mohamed.salah@Cleopatradevelopments.com
                	
                Operation:
                	Type:	Value Added
                	Correlation ID:	{C74168E5-3E0C-4867-9E74-CD12020CF5CD}
                	Application Correlation ID:	-

ComputerName  : FRANK-PDC
EventID       : 5136
Title         : ADObject Modified
TimeGenerated : 8/18/2021 9:20:33 AM
Content       : A directory service object was modified.
                	
                Subject:
                	Security ID:		S-1-5-21-2956518221-444034542-2043350422-97789
                	Account Name:		LPC-SolidAdmin
                	Account Domain:		ROAYA
                	Logon ID:		0xD44FF324
                
                Directory Service:
                	Name:	Roaya.loc
                	Type:	Active Directory Domain Services
                	
                Object:
                	DN:	CN=mohamed.s3_cleopatra,OU=cleopatradevelopments.com,OU=Mail,DC=roaya,DC=loc
                	GUID:	{F2E0AB56-766A-4DAD-A554-3FD92B4B0E9D}
                	Class:	user
                	
                Attribute:
                	LDAP Display Name:	userAccountControl
                	Syntax (OID):	2.5.5.9
                	Value:	560
                	
                Operation:
                	Type:	Value Added
                	Correlation ID:	{5E7E4F73-7428-40A9-BB00-3B4EA1867B3C}
                	Application Correlation ID:	-

ComputerName  : FRANK-PDC
EventID       : 5136
Title         : ADObject Modified
TimeGenerated : 8/18/2021 9:20:33 AM
Content       : A directory service object was modified.
                	
                Subject:
                	Security ID:		S-1-5-21-2956518221-444034542-2043350422-97789
                	Account Name:		LPC-SolidAdmin
                	Account Domain:		ROAYA
                	Logon ID:		0xD44FF324
                
                Directory Service:
                	Name:	Roaya.loc
                	Type:	Active Directory Domain Services
                	
                Object:
                	DN:	CN=mohamed.s3_cleopatra,OU=cleopatradevelopments.com,OU=Mail,DC=roaya,DC=loc
                	GUID:	{F2E0AB56-766A-4DAD-A554-3FD92B4B0E9D}
                	Class:	user
                	
                Attribute:
                	LDAP Display Name:	userAccountControl
                	Syntax (OID):	2.5.5.9
                	Value:	546
                	
                Operation:
                	Type:	Value Deleted
                	Correlation ID:	{5E7E4F73-7428-40A9-BB00-3B4EA1867B3C}
                	Application Correlation ID:	-

ComputerName  : FRANK-PDC
EventID       : 5136
Title         : ADObject Modified
TimeGenerated : 8/18/2021 9:20:33 AM
Content       : A directory service object was modified.
                	
                Subject:
                	Security ID:		S-1-5-21-2956518221-444034542-2043350422-97789
                	Account Name:		LPC-SolidAdmin
                	Account Domain:		ROAYA
                	Logon ID:		0xD44FF324
                
                Directory Service:
                	Name:	Roaya.loc
                	Type:	Active Directory Domain Services
                	
                Object:
                	DN:	CN=mohamed.s3_cleopatra,OU=cleopatradevelopments.com,OU=Mail,DC=roaya,DC=loc
                	GUID:	{F2E0AB56-766A-4DAD-A554-3FD92B4B0E9D}
                	Class:	user
                	
                Attribute:
                	LDAP Display Name:	objectClass
                	Syntax (OID):	2.5.5.2
                	Value:	1.2.840.113556.1.5.9
                	
                Operation:
                	Type:	Value Added
                	Correlation ID:	{FCC35FC8-77DE-4520-8DD4-F4E103D79454}
                	Application Correlation ID:	-

ComputerName  : FRANK-PDC
EventID       : 5136
Title         : ADObject Modified
TimeGenerated : 8/18/2021 9:20:33 AM
Content       : A directory service object was modified.
                	
                Subject:
                	Security ID:		S-1-5-21-2956518221-444034542-2043350422-97789
                	Account Name:		LPC-SolidAdmin
                	Account Domain:		ROAYA
                	Logon ID:		0xD44FF324
                
                Directory Service:
                	Name:	Roaya.loc
                	Type:	Active Directory Domain Services
                	
                Object:
                	DN:	CN=mohamed.s3_cleopatra,OU=cleopatradevelopments.com,OU=Mail,DC=roaya,DC=loc
                	GUID:	{F2E0AB56-766A-4DAD-A554-3FD92B4B0E9D}
                	Class:	user
                	
                Attribute:
                	LDAP Display Name:	displayName
                	Syntax (OID):	2.5.5.12
                	Value:	mohamed   salah
                	
                Operation:
                	Type:	Value Added
                	Correlation ID:	{FCC35FC8-77DE-4520-8DD4-F4E103D79454}
                	Application Correlation ID:	-

ComputerName  : FRANK-PDC
EventID       : 5136
Title         : ADObject Modified
TimeGenerated : 8/18/2021 9:20:33 AM
Content       : A directory service object was modified.
                	
                Subject:
                	Security ID:		S-1-5-21-2956518221-444034542-2043350422-97789
                	Account Name:		LPC-SolidAdmin
                	Account Domain:		ROAYA
                	Logon ID:		0xD44FF324
                
                Directory Service:
                	Name:	Roaya.loc
                	Type:	Active Directory Domain Services
                	
                Object:
                	DN:	CN=mohamed.s3_cleopatra,OU=cleopatradevelopments.com,OU=Mail,DC=roaya,DC=loc
                	GUID:	{F2E0AB56-766A-4DAD-A554-3FD92B4B0E9D}
                	Class:	user
                	
                Attribute:
                	LDAP Display Name:	sAMAccountName
                	Syntax (OID):	2.5.5.12
                	Value:	mohamed.s3_cleopatra
                	
                Operation:
                	Type:	Value Added
                	Correlation ID:	{FCC35FC8-77DE-4520-8DD4-F4E103D79454}
                	Application Correlation ID:	-

ComputerName  : FRANK-PDC
EventID       : 5137
Title         : ADobject Created
TimeGenerated : 8/18/2021 9:20:33 AM
Content       : A directory service object was created.
                	
                Subject:
                	Security ID:		S-1-5-21-2956518221-444034542-2043350422-97789
                	Account Name:		LPC-SolidAdmin
                	Account Domain:		ROAYA
                	Logon ID:		0xD44FF324
                	
                Directory Service:
                	Name:	Roaya.loc
                	Type:	Active Directory Domain Services
                	
                Object:
                	DN:	CN=mohamed.s3_cleopatra,OU=cleopatradevelopments.com,OU=Mail,DC=roaya,DC=loc
                	GUID:	{F2E0AB56-766A-4DAD-A554-3FD92B4B0E9D}
                	Class:	user
                	
                Operation:
                	Correlation ID:	{FCC35FC8-77DE-4520-8DD4-F4E103D79454}
                	Application Correlation ID:	-

ComputerName  : FRANK-PDC
EventID       : 4756
Title         : Universal security group member added
TimeGenerated : 8/18/2021 9:20:30 AM
Content       : A member was added to a security-enabled universal group.
                
                Subject:
                	Security ID:		S-1-5-21-2956518221-444034542-2043350422-97789
                	Account Name:		LPC-SolidAdmin
                	Account Domain:		ROAYA
                	Logon ID:		0xD44FF324
                
                Member:
                	Security ID:		S-1-5-21-2956518221-444034542-2043350422-99131
                	Account Name:		CN=mohamed.s3_cleopatra,OU=cleopatradevelopments.com,OU=Mail,DC=roaya,DC=loc
                
                Group:
                	Security ID:		S-1-5-21-2956518221-444034542-2043350422-94759
                	Account Name:		cleopatradevelopments.com
                	Account Domain:		ROAYA
                
                Additional Information:
                	Privileges:		-

ComputerName  : FRANK-PDC
EventID       : 4755
Title         : Universal security group changed
TimeGenerated : 8/18/2021 9:20:30 AM
Content       : A security-enabled universal group was changed.
                
                Subject:
                	Security ID:		S-1-5-21-2956518221-444034542-2043350422-97789
                	Account Name:		LPC-SolidAdmin
                	Account Domain:		ROAYA
                	Logon ID:		0xD44FF324
                
                Group:
                	Security ID:		S-1-5-21-2956518221-444034542-2043350422-94759
                	Group Name:		cleopatradevelopments.com
                	Group Domain:		ROAYA
                
                Changed Attributes:
                	SAM Account Name:	-
                	SID History:		-
                
                Additional Information:
                	Privileges:		-

ComputerName  : FRANK-PDC
EventID       : 4738
Title         : User changed
TimeGenerated : 8/18/2021 9:20:30 AM
Content       : A user account was changed.
                
                Subject:
                	Security ID:		S-1-5-21-2956518221-444034542-2043350422-97789
                	Account Name:		LPC-SolidAdmin
                	Account Domain:		ROAYA
                	Logon ID:		0xD44FF324
                
                Target Account:
                	Security ID:		S-1-5-21-2956518221-444034542-2043350422-99131
                	Account Name:		mohamed.s3_cleopatra
                	Account Domain:		ROAYA
                
                Changed Attributes:
                	SAM Account Name:	-
                	Display Name:		-
                	User Principal Name:	mohamed.salah@Cleopatradevelopments.com
                	Home Directory:		-
                	Home Drive:		-
                	Script Path:		-
                	Profile Path:		-
                	User Workstations:	-
                	Password Last Set:	-
                	Account Expires:		-
                	Primary Group ID:	-
                	AllowedToDelegateTo:	-
                	Old UAC Value:		-
                	New UAC Value:		-
                	User Account Control:	-
                	User Parameters:	-
                	SID History:		-
                	Logon Hours:		-
                
                Additional Information:
                	Privileges:		-

ComputerName  : FRANK-PDC
EventID       : 4722
Title         : User enabled
TimeGenerated : 8/18/2021 9:20:30 AM
Content       : A user account was enabled.
                
                Subject:
                	Security ID:		S-1-5-21-2956518221-444034542-2043350422-97789
                	Account Name:		LPC-SolidAdmin
                	Account Domain:		ROAYA
                	Logon ID:		0xD44FF324
                
                Target Account:
                	Security ID:		S-1-5-21-2956518221-444034542-2043350422-99131
                	Account Name:		mohamed.s3_cleopatra
                	Account Domain:		ROAYA

ComputerName  : FRANK-PDC
EventID       : 4738
Title         : User changed
TimeGenerated : 8/18/2021 9:20:30 AM
Content       : A user account was changed.
                
                Subject:
                	Security ID:		S-1-5-21-2956518221-444034542-2043350422-97789
                	Account Name:		LPC-SolidAdmin
                	Account Domain:		ROAYA
                	Logon ID:		0xD44FF324
                
                Target Account:
                	Security ID:		S-1-5-21-2956518221-444034542-2043350422-99131
                	Account Name:		mohamed.s3_cleopatra
                	Account Domain:		ROAYA
                
                Changed Attributes:
                	SAM Account Name:	-
                	Display Name:		-
                	User Principal Name:	-
                	Home Directory:		-
                	Home Drive:		-
                	Script Path:		-
                	Profile Path:		-
                	User Workstations:	-
                	Password Last Set:	-
                	Account Expires:		-
                	Primary Group ID:	-
                	AllowedToDelegateTo:	-
                	Old UAC Value:		0x15
                	New UAC Value:		0x14
                	User Account Control:	
                		Account Enabled
                	User Parameters:	-
                	SID History:		-
                	Logon Hours:		-
                
                Additional Information:
                	Privileges:		-

ComputerName  : FRANK-PDC
EventID       : 4724
Title         : An administrator changed a user password
TimeGenerated : 8/18/2021 9:20:30 AM
Content       : An attempt was made to reset an account's password.
                
                Subject:
                	Security ID:		S-1-5-21-2956518221-444034542-2043350422-97789
                	Account Name:		LPC-SolidAdmin
                	Account Domain:		ROAYA
                	Logon ID:		0xD45F10E5
                
                Target Account:
                	Security ID:		S-1-5-21-2956518221-444034542-2043350422-99131
                	Account Name:		mohamed.s3_cleopatra
                	Account Domain:		ROAYA

ComputerName  : FRANK-PDC
EventID       : 4738
Title         : User changed
TimeGenerated : 8/18/2021 9:20:30 AM
Content       : A user account was changed.
                
                Subject:
                	Security ID:		S-1-5-21-2956518221-444034542-2043350422-97789
                	Account Name:		LPC-SolidAdmin
                	Account Domain:		ROAYA
                	Logon ID:		0xD45F10E5
                
                Target Account:
                	Security ID:		S-1-5-21-2956518221-444034542-2043350422-99131
                	Account Name:		mohamed.s3_cleopatra
                	Account Domain:		ROAYA
                
                Changed Attributes:
                	SAM Account Name:	-
                	Display Name:		-
                	User Principal Name:	-
                	Home Directory:		-
                	Home Drive:		-
                	Script Path:		-
                	Profile Path:		-
                	User Workstations:	-
                	Password Last Set:	8/18/2021 9:20:30 AM
                	Account Expires:		-
                	Primary Group ID:	-
                	AllowedToDelegateTo:	-
                	Old UAC Value:		-
                	New UAC Value:		-
                	User Account Control:	-
                	User Parameters:	-
                	SID History:		-
                	Logon Hours:		-
                
                Additional Information:
                	Privileges:		-

ComputerName  : FRANK-PDC
EventID       : 4720
Title         : User created
TimeGenerated : 8/18/2021 9:20:30 AM
Content       : A user account was created.
                
                Subject:
                	Security ID:		S-1-5-21-2956518221-444034542-2043350422-97789
                	Account Name:		LPC-SolidAdmin
                	Account Domain:		ROAYA
                	Logon ID:		0xD44FF324
                
                New Account:
                	Security ID:		S-1-5-21-2956518221-444034542-2043350422-99131
                	Account Name:		mohamed.s3_cleopatra
                	Account Domain:		ROAYA
                
                Attributes:
                	SAM Account Name:	mohamed.s3_cleopatra
                	Display Name:		mohamed   salah
                	User Principal Name:	-
                	Home Directory:		-
                	Home Drive:		-
                	Script Path:		-
                	Profile Path:		-
                	User Workstations:	-
                	Password Last Set:	<never>
                	Account Expires:		<never>
                	Primary Group ID:	513
                	Allowed To Delegate To:	-
                	Old UAC Value:		0x0
                	New UAC Value:		0x15
                	User Account Control:	
                		Account Disabled
                		'Password Not Required' - Enabled
                		'Normal Account' - Enabled
                	User Parameters:	-
                	SID History:		-
                	Logon Hours:		<value not set>
                
                Additional Information:
                	Privileges		-

ComputerName  : FRANK-PDC
EventID       : 4740
Title         : User locked out
TimeGenerated : 8/18/2021 9:20:19 AM
Content       : A user account was locked out.
                
                Subject:
                	Security ID:		S-1-5-18
                	Account Name:		FRANK-PDC$
                	Account Domain:		ROAYA
                	Logon ID:		0x3E7
                
                Account That Was Locked Out:
                	Security ID:		S-1-5-21-2956518221-444034542-2043350422-25106
                	Account Name:		info1548404
                
                Additional Information:
                	Caller Computer Name:	EU1FE3111

ComputerName  : FRANK-ADC-02
EventID       : 4723
Title         : User changed his own password
TimeGenerated : 8/18/2021 9:19:28 AM
Content       : An attempt was made to change an account's password.
                
                Subject:
                	Security ID:		S-1-5-21-2956518221-444034542-2043350422-95824
                	Account Name:		s065_misrpharmacies
                	Account Domain:		ROAYA
                	Logon ID:		0x78BCF6B9
                
                Target Account:
                	Security ID:		S-1-5-21-2956518221-444034542-2043350422-95824
                	Account Name:		s065_misrpharmacies
                	Account Domain:		ROAYA
                
                Additional Information:
                	Privileges		-

ComputerName  : FRANK-ADC-02
EventID       : 4723
Title         : User changed his own password
TimeGenerated : 8/18/2021 9:19:23 AM
Content       : An attempt was made to change an account's password.
                
                Subject:
                	Security ID:		S-1-5-21-2956518221-444034542-2043350422-95824
                	Account Name:		s065_misrpharmacies
                	Account Domain:		ROAYA
                	Logon ID:		0x78BC9AAC
                
                Target Account:
                	Security ID:		S-1-5-21-2956518221-444034542-2043350422-95824
                	Account Name:		s065_misrpharmacies
                	Account Domain:		ROAYA
                
                Additional Information:
                	Privileges		-

ComputerName  : FRANK-ADC-02
EventID       : 4723
Title         : User changed his own password
TimeGenerated : 8/18/2021 9:19:16 AM
Content       : An attempt was made to change an account's password.
                
                Subject:
                	Security ID:		S-1-5-21-2956518221-444034542-2043350422-23161
                	Account Name:		rana-rafaat
                	Account Domain:		ROAYA
                	Logon ID:		0x78BA586C
                
                Target Account:
                	Security ID:		S-1-5-21-2956518221-444034542-2043350422-23161
                	Account Name:		rana-rafaat
                	Account Domain:		ROAYA
                
                Additional Information:
                	Privileges		-

ComputerName  : FRANK-ADC-02
EventID       : 4723
Title         : User changed his own password
TimeGenerated : 8/18/2021 9:18:36 AM
Content       : An attempt was made to change an account's password.
                
                Subject:
                	Security ID:		S-1-5-21-2956518221-444034542-2043350422-23161
                	Account Name:		rana-rafaat
                	Account Domain:		ROAYA
                	Logon ID:		0x78B6C355
                
                Target Account:
                	Security ID:		S-1-5-21-2956518221-444034542-2043350422-23161
                	Account Name:		rana-rafaat
                	Account Domain:		ROAYA
                
                Additional Information:
                	Privileges		-

ComputerName  : FRANK-PDC
EventID       : 4740
Title         : User locked out
TimeGenerated : 8/18/2021 9:18:21 AM
Content       : A user account was locked out.
                
                Subject:
                	Security ID:		S-1-5-18
                	Account Name:		FRANK-PDC$
                	Account Domain:		ROAYA
                	Logon ID:		0x3E7
                
                Account That Was Locked Out:
                	Security ID:		S-1-5-21-2956518221-444034542-2043350422-43895
                	Account Name:		merna-mich_blueskygr
                
                Additional Information:
                	Caller Computer Name:	AVIATION-RADWA1

ComputerName  : FRANK-ADC-03
EventID       : 4740
Title         : User locked out
TimeGenerated : 8/18/2021 9:18:21 AM
Content       : A user account was locked out.
                
                Subject:
                	Security ID:		S-1-5-18
                	Account Name:		FRANK-ADC-03$
                	Account Domain:		ROAYA
                	Logon ID:		0x3E7
                
                Account That Was Locked Out:
                	Security ID:		S-1-5-21-2956518221-444034542-2043350422-43895
                	Account Name:		merna-mich_blueskygr
                
                Additional Information:
                	Caller Computer Name:	AVIATION-RADWA1

ComputerName  : FRANK-PDC
EventID       : 4740
Title         : User locked out
TimeGenerated : 8/18/2021 9:18:18 AM
Content       : A user account was locked out.
                
                Subject:
                	Security ID:		S-1-5-18
                	Account Name:		FRANK-PDC$
                	Account Domain:		ROAYA
                	Logon ID:		0x3E7
                
                Account That Was Locked Out:
                	Security ID:		S-1-5-21-2956518221-444034542-2043350422-27617
                	Account Name:		rahma-elmaghraby
                
                Additional Information:
                	Caller Computer Name:	VISA-ABDELAZEM

ComputerName  : FRANK-ADC-03
EventID       : 4723
Title         : User changed his own password
TimeGenerated : 8/18/2021 9:18:08 AM
Content       : An attempt was made to change an account's password.
                
                Subject:
                	Security ID:		S-1-5-21-2956518221-444034542-2043350422-23163
                	Account Name:		maureen-youssef
                	Account Domain:		ROAYA
                	Logon ID:		0xB43FA800
                
                Target Account:
                	Security ID:		S-1-5-21-2956518221-444034542-2043350422-23163
                	Account Name:		maureen-youssef
                	Account Domain:		ROAYA
                
                Additional Information:
                	Privileges		-

ComputerName  : FRANK-ADC-03
EventID       : 4738
Title         : User changed
TimeGenerated : 8/18/2021 9:18:08 AM
Content       : A user account was changed.
                
                Subject:
                	Security ID:		S-1-5-7
                	Account Name:		ANONYMOUS LOGON
                	Account Domain:		NT AUTHORITY
                	Logon ID:		0x3E6
                
                Target Account:
                	Security ID:		S-1-5-21-2956518221-444034542-2043350422-23163
                	Account Name:		maureen-youssef
                	Account Domain:		ROAYA
                
                Changed Attributes:
                	SAM Account Name:	-
                	Display Name:		-
                	User Principal Name:	-
                	Home Directory:		-
                	Home Drive:		-
                	Script Path:		-
                	Profile Path:		-
                	User Workstations:	-
                	Password Last Set:	8/18/2021 9:18:08 AM
                	Account Expires:		-
                	Primary Group ID:	-
                	AllowedToDelegateTo:	-
                	Old UAC Value:		-
                	New UAC Value:		-
                	User Account Control:	-
                	User Parameters:	-
                	SID History:		-
                	Logon Hours:		-
                
                Additional Information:
                	Privileges:		-

ComputerName  : FRANK-PDC
EventID       : 4740
Title         : User locked out
TimeGenerated : 8/18/2021 9:18:02 AM
Content       : A user account was locked out.
                
                Subject:
                	Security ID:		S-1-5-18
                	Account Name:		FRANK-PDC$
                	Account Domain:		ROAYA
                	Logon ID:		0x3E7
                
                Account That Was Locked Out:
                	Security ID:		S-1-5-21-2956518221-444034542-2043350422-82283
                	Account Name:		eslam.khed_arabia-ho
                
                Additional Information:
                	Caller Computer Name:	EU1FE9444

ComputerName  : FRANK-PDC
EventID       : 4740
Title         : User locked out
TimeGenerated : 8/18/2021 9:15:43 AM
Content       : A user account was locked out.
                
                Subject:
                	Security ID:		S-1-5-18
                	Account Name:		FRANK-PDC$
                	Account Domain:		ROAYA
                	Logon ID:		0x3E7
                
                Account That Was Locked Out:
                	Security ID:		S-1-5-21-2956518221-444034542-2043350422-42919
                	Account Name:		reham-refa_blueskygr
                
                Additional Information:
                	Caller Computer Name:	OB-REHAMREFAAT

ComputerName  : FRANK-ADC-02
EventID       : 4723
Title         : User changed his own password
TimeGenerated : 8/18/2021 9:15:42 AM
Content       : An attempt was made to change an account's password.
                
                Subject:
                	Security ID:		S-1-5-21-2956518221-444034542-2043350422-23144
                	Account Name:		ahmed-rashad
                	Account Domain:		ROAYA
                	Logon ID:		0x78AC507B
                
                Target Account:
                	Security ID:		S-1-5-21-2956518221-444034542-2043350422-23144
                	Account Name:		ahmed-rashad
                	Account Domain:		ROAYA
                
                Additional Information:
                	Privileges		-

ComputerName  : FRANK-ADC-02
EventID       : 4738
Title         : User changed
TimeGenerated : 8/18/2021 9:15:42 AM
Content       : A user account was changed.
                
                Subject:
                	Security ID:		S-1-5-7
                	Account Name:		ANONYMOUS LOGON
                	Account Domain:		NT AUTHORITY
                	Logon ID:		0x3E6
                
                Target Account:
                	Security ID:		S-1-5-21-2956518221-444034542-2043350422-23144
                	Account Name:		ahmed-rashad
                	Account Domain:		ROAYA
                
                Changed Attributes:
                	SAM Account Name:	-
                	Display Name:		-
                	User Principal Name:	-
                	Home Directory:		-
                	Home Drive:		-
                	Script Path:		-
                	Profile Path:		-
                	User Workstations:	-
                	Password Last Set:	8/18/2021 9:15:42 AM
                	Account Expires:		-
                	Primary Group ID:	-
                	AllowedToDelegateTo:	-
                	Old UAC Value:		-
                	New UAC Value:		-
                	User Account Control:	-
                	User Parameters:	-
                	SID History:		-
                	Logon Hours:		-
                
                Additional Information:
                	Privileges:		-

ComputerName  : FRANK-PDC
EventID       : 4740
Title         : User locked out
TimeGenerated : 8/18/2021 9:15:13 AM
Content       : A user account was locked out.
                
                Subject:
                	Security ID:		S-1-5-18
                	Account Name:		FRANK-PDC$
                	Account Domain:		ROAYA
                	Logon ID:		0x3E7
                
                Account That Was Locked Out:
                	Security ID:		S-1-5-21-2956518221-444034542-2043350422-81787
                	Account Name:		vat-invoic_blueskygr
                
                Additional Information:
                	Caller Computer Name:	ACC-AALSHAZLY

ComputerName  : FRANK-PDC
EventID       : 4740
Title         : User locked out
TimeGenerated : 8/18/2021 9:15:11 AM
Content       : A user account was locked out.
                
                Subject:
                	Security ID:		S-1-5-18
                	Account Name:		FRANK-PDC$
                	Account Domain:		ROAYA
                	Logon ID:		0x3E7
                
                Account That Was Locked Out:
                	Security ID:		S-1-5-21-2956518221-444034542-2043350422-30698
                	Account Name:		bassem.aly
                
                Additional Information:
                	Caller Computer Name:	HUSSIEN

ComputerName  : FRANK-PDC
EventID       : 4740
Title         : User locked out
TimeGenerated : 8/18/2021 9:14:23 AM
Content       : A user account was locked out.
                
                Subject:
                	Security ID:		S-1-5-18
                	Account Name:		FRANK-PDC$
                	Account Domain:		ROAYA
                	Logon ID:		0x3E7
                
                Account That Was Locked Out:
                	Security ID:		S-1-5-21-2956518221-444034542-2043350422-71417
                	Account Name:		CIB-invoic_blueskygr
                
                Additional Information:
                	Caller Computer Name:	ACC-ETAWFIK

ComputerName  : FRANK-PDC
EventID       : 4740
Title         : User locked out
TimeGenerated : 8/18/2021 9:13:40 AM
Content       : A user account was locked out.
                
                Subject:
                	Security ID:		S-1-5-18
                	Account Name:		FRANK-PDC$
                	Account Domain:		ROAYA
                	Logon ID:		0x3E7
                
                Account That Was Locked Out:
                	Security ID:		S-1-5-21-2956518221-444034542-2043350422-61442
                	Account Name:		abdelaziz._powerlube
                
                Additional Information:
                	Caller Computer Name:	DESKTOP-LA1AQMI

ComputerName  : FRANK-PDC
EventID       : 4740
Title         : User locked out
TimeGenerated : 8/18/2021 9:13:30 AM
Content       : A user account was locked out.
                
                Subject:
                	Security ID:		S-1-5-18
                	Account Name:		FRANK-PDC$
                	Account Domain:		ROAYA
                	Logon ID:		0x3E7
                
                Account That Was Locked Out:
                	Security ID:		S-1-5-21-2956518221-444034542-2043350422-24915
                	Account Name:		osama2
                
                Additional Information:
                	Caller Computer Name:	EU1FE3113

ComputerName  : FRANK-ADC-03
EventID       : 4740
Title         : User locked out
TimeGenerated : 8/18/2021 9:13:09 AM
Content       : A user account was locked out.
                
                Subject:
                	Security ID:		S-1-5-18
                	Account Name:		FRANK-ADC-03$
                	Account Domain:		ROAYA
                	Logon ID:		0x3E7
                
                Account That Was Locked Out:
                	Security ID:		S-1-5-21-2956518221-444034542-2043350422-52604
                	Account Name:		d.hamed_easternegypt
                
                Additional Information:
                	Caller Computer Name:	DESKTOP-SFKNUI5

ComputerName  : FRANK-ADC-04
EventID       : 5136
Title         : ADObject Modified
TimeGenerated : 8/18/2021 9:11:59 AM
Content       : A directory service object was modified.
                	
                Subject:
                	Security ID:		S-1-5-21-2956518221-444034542-2043350422-88723
                	Account Name:		EU1MB9902$
                	Account Domain:		ROAYA
                	Logon ID:		0x7D4841EA
                
                Directory Service:
                	Name:	Roaya.loc
                	Type:	Active Directory Domain Services
                	
                Object:
                	DN:	CN=hr_poolsuae.com,OU=poolsuae.com,OU=Mail,DC=Roaya,DC=loc
                	GUID:	{7BC13DAB-C89D-45F1-A7C1-477EA8AAF0EB}
                	Class:	user
                	
                Attribute:
                	LDAP Display Name:	msExchSafeSendersHash
                	Syntax (OID):	2.5.5.10
                	Value:	<Binary>
                	
                Operation:
                	Type:	Value Added
                	Correlation ID:	{4FB3E33E-0656-423C-AB0A-14881C124B39}
                	Application Correlation ID:	-

ComputerName  : FRANK-ADC-04
EventID       : 5136
Title         : ADObject Modified
TimeGenerated : 8/18/2021 9:11:59 AM
Content       : A directory service object was modified.
                	
                Subject:
                	Security ID:		S-1-5-21-2956518221-444034542-2043350422-88723
                	Account Name:		EU1MB9902$
                	Account Domain:		ROAYA
                	Logon ID:		0x7D4841EA
                
                Directory Service:
                	Name:	Roaya.loc
                	Type:	Active Directory Domain Services
                	
                Object:
                	DN:	CN=hr_poolsuae.com,OU=poolsuae.com,OU=Mail,DC=Roaya,DC=loc
                	GUID:	{7BC13DAB-C89D-45F1-A7C1-477EA8AAF0EB}
                	Class:	user
                	
                Attribute:
                	LDAP Display Name:	msExchSafeSendersHash
                	Syntax (OID):	2.5.5.10
                	Value:	<Binary>
                	
                Operation:
                	Type:	Value Deleted
                	Correlation ID:	{4FB3E33E-0656-423C-AB0A-14881C124B39}
                	Application Correlation ID:	-

ComputerName  : FRANK-ADC-02
EventID       : 5136
Title         : ADObject Modified
TimeGenerated : 8/18/2021 9:10:42 AM
Content       : A directory service object was modified.
                	
                Subject:
                	Security ID:		S-1-5-21-2956518221-444034542-2043350422-88705
                	Account Name:		EU1MB9901$
                	Account Domain:		ROAYA
                	Logon ID:		0x76DA370D
                
                Directory Service:
                	Name:	Roaya.loc
                	Type:	Active Directory Domain Services
                	
                Object:
                	DN:	CN=Paula.Gerg_alfamarke,OU=alfamarket.com.eg,OU=Mail,DC=Roaya,DC=loc
                	GUID:	{69C431D2-E606-4CD9-8975-3E0DB58E8EB1}
                	Class:	user
                	
                Attribute:
                	LDAP Display Name:	msExchMobileMailboxFlags
                	Syntax (OID):	2.5.5.9
                	Value:	1
                	
                Operation:
                	Type:	Value Added
                	Correlation ID:	{EF6FFED6-DB17-4CD1-B360-20DDC7D2BC13}
                	Application Correlation ID:	-

ComputerName  : FRANK-ADC-01
EventID       : 5136
Title         : ADObject Modified
TimeGenerated : 8/18/2021 9:10:37 AM
Content       : A directory service object was modified.
                	
                Subject:
                	Security ID:		S-1-5-21-2956518221-444034542-2043350422-88705
                	Account Name:		EU1MB9901$
                	Account Domain:		ROAYA
                	Logon ID:		0x7105CDE6
                
                Directory Service:
                	Name:	Roaya.loc
                	Type:	Active Directory Domain Services
                	
                Object:
                	DN:	CN=Paula.Gerg_alfamarke,OU=alfamarket.com.eg,OU=Mail,DC=Roaya,DC=loc
                	GUID:	{69C431D2-E606-4CD9-8975-3E0DB58E8EB1}
                	Class:	user
                	
                Attribute:
                	LDAP Display Name:	msExchMobileMailboxFlags
                	Syntax (OID):	2.5.5.9
                	Value:	1
                	
                Operation:
                	Type:	Value Added
                	Correlation ID:	{6F951B45-1B4C-4D2C-818C-4E81B77916F4}
                	Application Correlation ID:	-

ComputerName  : FRANK-D02
EventID       : 5136
Title         : ADObject Modified
TimeGenerated : 8/18/2021 9:10:06 AM
Content       : A directory service object was modified.
                	
                Subject:
                	Security ID:		S-1-5-21-2956518221-444034542-2043350422-88705
                	Account Name:		EU1MB9901$
                	Account Domain:		ROAYA
                	Logon ID:		0x869629D1
                
                Directory Service:
                	Name:	Roaya.loc
                	Type:	Active Directory Domain Services
                	
                Object:
                	DN:	CN=Rizk.Moham_alfamarke,OU=alfamarket.com.eg,OU=Mail,DC=Roaya,DC=loc
                	GUID:	{EDA991AA-34D8-4A55-8EAE-335919C50B4C}
                	Class:	user
                	
                Attribute:
                	LDAP Display Name:	msExchMailboxAuditLastDelegateAccess
                	Syntax (OID):	2.5.5.11
                	Value:	20210818071000.0Z
                	
                Operation:
                	Type:	Value Added
                	Correlation ID:	{C8EBC1B3-2461-42C6-8EFB-B597CE54B362}
                	Application Correlation ID:	-

ComputerName  : FRANK-D02
EventID       : 5136
Title         : ADObject Modified
TimeGenerated : 8/18/2021 9:10:06 AM
Content       : A directory service object was modified.
                	
                Subject:
                	Security ID:		S-1-5-21-2956518221-444034542-2043350422-88705
                	Account Name:		EU1MB9901$
                	Account Domain:		ROAYA
                	Logon ID:		0x869629D1
                
                Directory Service:
                	Name:	Roaya.loc
                	Type:	Active Directory Domain Services
                	
                Object:
                	DN:	CN=Rizk.Moham_alfamarke,OU=alfamarket.com.eg,OU=Mail,DC=Roaya,DC=loc
                	GUID:	{EDA991AA-34D8-4A55-8EAE-335919C50B4C}
                	Class:	user
                	
                Attribute:
                	LDAP Display Name:	msExchMailboxAuditLastDelegateAccess
                	Syntax (OID):	2.5.5.11
                	Value:	20210817070732.0Z
                	
                Operation:
                	Type:	Value Deleted
                	Correlation ID:	{C8EBC1B3-2461-42C6-8EFB-B597CE54B362}
                	Application Correlation ID:	-

ComputerName  : FRANK-ADC-03
EventID       : 4740
Title         : User locked out
TimeGenerated : 8/18/2021 9:10:04 AM
Content       : A user account was locked out.
                
                Subject:
                	Security ID:		S-1-5-18
                	Account Name:		FRANK-ADC-03$
                	Account Domain:		ROAYA
                	Logon ID:		0x3E7
                
                Account That Was Locked Out:
                	Security ID:		S-1-5-21-2956518221-444034542-2043350422-94162
                	Account Name:		nahla-gala_blueskygr
                
                Additional Information:
                	Caller Computer Name:	ADMIN-SHAHINDA

ComputerName  : FRANK-ADC-03
EventID       : 4740
Title         : User locked out
TimeGenerated : 8/18/2021 9:07:06 AM
Content       : A user account was locked out.
                
                Subject:
                	Security ID:		S-1-5-18
                	Account Name:		FRANK-ADC-03$
                	Account Domain:		ROAYA
                	Logon ID:		0x3E7
                
                Account That Was Locked Out:
                	Security ID:		S-1-5-21-2956518221-444034542-2043350422-77024
                	Account Name:		mostafa-s1_blueskygr
                
                Additional Information:
                	Caller Computer Name:	ACC-MSAMY

ComputerName  : FRANK-D02
EventID       : 5136
Title         : ADObject Modified
TimeGenerated : 8/18/2021 9:04:44 AM
Content       : A directory service object was modified.
                	
                Subject:
                	Security ID:		S-1-5-21-2956518221-444034542-2043350422-87999
                	Account Name:		KSE
                	Account Domain:		ROAYA
                	Logon ID:		0x8746FD71
                
                Directory Service:
                	Name:	Roaya.loc
                	Type:	Active Directory Domain Services
                	
                Object:
                	DN:	CN=ILicensingDataSubset,CN=WorldPostad07c8cfe-be45-46bd-9b5f-9588d4d71e08,CN=KSEProfiles,CN=KSE8.0
                ,CN=KasperskyLab,CN=Services,CN=Configuration,DC=Roaya,DC=loc
                	GUID:	{727DB931-D436-4A86-B6FC-19AA817B2CD5}
                	Class:	msDS-App-Configuration
                	
                Attribute:
                	LDAP Display Name:	msDS-ByteArray
                	Syntax (OID):	2.5.5.10
                	Value:	<Binary>
                	
                Operation:
                	Type:	Value Added
                	Correlation ID:	{773A42B7-E1B9-4AC7-8998-78E2A1027D9B}
                	Application Correlation ID:	-

ComputerName  : FRANK-D02
EventID       : 5136
Title         : ADObject Modified
TimeGenerated : 8/18/2021 9:04:44 AM
Content       : A directory service object was modified.
                	
                Subject:
                	Security ID:		S-1-5-21-2956518221-444034542-2043350422-87999
                	Account Name:		KSE
                	Account Domain:		ROAYA
                	Logon ID:		0x8746FD71
                
                Directory Service:
                	Name:	Roaya.loc
                	Type:	Active Directory Domain Services
                	
                Object:
                	DN:	CN=ILicensingDataSubset,CN=WorldPostad07c8cfe-be45-46bd-9b5f-9588d4d71e08,CN=KSEProfiles,CN=KSE8.0
                ,CN=KasperskyLab,CN=Services,CN=Configuration,DC=Roaya,DC=loc
                	GUID:	{727DB931-D436-4A86-B6FC-19AA817B2CD5}
                	Class:	msDS-App-Configuration
                	
                Attribute:
                	LDAP Display Name:	msDS-ByteArray
                	Syntax (OID):	2.5.5.10
                	Value:	<Binary>
                	
                Operation:
                	Type:	Value Deleted
                	Correlation ID:	{773A42B7-E1B9-4AC7-8998-78E2A1027D9B}
                	Application Correlation ID:	-

ComputerName  : FRANK-ADC-01
EventID       : 5136
Title         : ADObject Modified
TimeGenerated : 8/18/2021 9:03:36 AM
Content       : A directory service object was modified.
                	
                Subject:
                	Security ID:		S-1-5-21-2956518221-444034542-2043350422-87305
                	Account Name:		EU1MB9903$
                	Account Domain:		ROAYA
                	Logon ID:		0x71037C76
                
                Directory Service:
                	Name:	Roaya.loc
                	Type:	Active Directory Domain Services
                	
                Object:
                	DN:	CN=M.Metwali_elahlyia.c,OU=elahlyia.com.eg,OU=Mail,DC=Roaya,DC=loc
                	GUID:	{D881F394-B188-4665-9FE2-E239D682124C}
                	Class:	user
                	
                Attribute:
                	LDAP Display Name:	msExchMailboxAuditLastDelegateAccess
                	Syntax (OID):	2.5.5.11
                	Value:	20210818070329.0Z
                	
                Operation:
                	Type:	Value Added
                	Correlation ID:	{D91FB64F-29F5-4A27-9393-60E757654DAF}
                	Application Correlation ID:	-

