ComputerName  : FRANK-ADC-01
EventID       : 5136
Title         : ADObject Modified
TimeGenerated : 8/5/2021 1:46:54 PM
Content       : A directory service object was modified.
                	
                Subject:
                	Security ID:		S-1-5-21-2956518221-444034542-2043350422-81263
                	Account Name:		FRANK-D02$
                	Account Domain:		ROAYA
                	Logon ID:		0x2AD24CEED
                
                Directory Service:
                	Name:	Roaya.loc
                	Type:	Active Directory Domain Services
                	
                Object:
                	DN:	DC=@,DC=Roaya.loc,cn=MicrosoftDNS,DC=DomainDnsZones,DC=Roaya,DC=loc
                	GUID:	{94913B2F-21F4-4F85-86C6-2A0466A18819}
                	Class:	dnsNode
                	
                Attribute:
                	LDAP Display Name:	dnsRecord
                	Syntax (OID):	2.5.5.10
                	Value:	<Binary>
                	
                Operation:
                	Type:	Value Deleted
                	Correlation ID:	{2C7F1D6D-6DB9-4B3B-9475-EFE8D6384A68}
                	Application Correlation ID:	-

ComputerName  : FRANK-ADC-01
EventID       : 5136
Title         : ADObject Modified
TimeGenerated : 8/5/2021 1:46:54 PM
Content       : A directory service object was modified.
                	
                Subject:
                	Security ID:		S-1-5-21-2956518221-444034542-2043350422-81263
                	Account Name:		FRANK-D02$
                	Account Domain:		ROAYA
                	Logon ID:		0x2AD24CEED
                
                Directory Service:
                	Name:	Roaya.loc
                	Type:	Active Directory Domain Services
                	
                Object:
                	DN:	DC=@,DC=Roaya.loc,cn=MicrosoftDNS,DC=DomainDnsZones,DC=Roaya,DC=loc
                	GUID:	{94913B2F-21F4-4F85-86C6-2A0466A18819}
                	Class:	dnsNode
                	
                Attribute:
                	LDAP Display Name:	dnsRecord
                	Syntax (OID):	2.5.5.10
                	Value:	<Binary>
                	
                Operation:
                	Type:	Value Deleted
                	Correlation ID:	{2C7F1D6D-6DB9-4B3B-9475-EFE8D6384A68}
                	Application Correlation ID:	-

ComputerName  : FRANK-PDC
EventID       : 5136
Title         : ADObject Modified
TimeGenerated : 8/5/2021 1:46:54 PM
Content       : A directory service object was modified.
                	
                Subject:
                	Security ID:		S-1-5-21-2956518221-444034542-2043350422-97789
                	Account Name:		LPC-SolidAdmin
                	Account Domain:		ROAYA
                	Logon ID:		0x2CF7DF93A
                
                Directory Service:
                	Name:	Roaya.loc
                	Type:	Active Directory Domain Services
                	
                Object:
                	DN:	CN=hossameldi_triviumbc,OU=triviumbc.com,OU=Mail,DC=Roaya,DC=loc
                	GUID:	{FC20CE49-8C2B-4122-8E1B-B8EF92547D3C}
                	Class:	user
                	
                Attribute:
                	LDAP Display Name:	msExchDumpsterWarningQuota
                	Syntax (OID):	2.5.5.9
                	Value:	20971520
                	
                Operation:
                	Type:	Value Added
                	Correlation ID:	{AFCB5BE7-432F-4B30-80CD-C8C58AAB9E54}
                	Application Correlation ID:	-

ComputerName  : FRANK-ADC-01
EventID       : 5136
Title         : ADObject Modified
TimeGenerated : 8/5/2021 1:46:54 PM
Content       : A directory service object was modified.
                	
                Subject:
                	Security ID:		S-1-5-21-2956518221-444034542-2043350422-81263
                	Account Name:		FRANK-D02$
                	Account Domain:		ROAYA
                	Logon ID:		0x2AD24CEED
                
                Directory Service:
                	Name:	Roaya.loc
                	Type:	Active Directory Domain Services
                	
                Object:
                	DN:	DC=@,DC=Roaya.loc,cn=MicrosoftDNS,DC=DomainDnsZones,DC=Roaya,DC=loc
                	GUID:	{94913B2F-21F4-4F85-86C6-2A0466A18819}
                	Class:	dnsNode
                	
                Attribute:
                	LDAP Display Name:	dnsRecord
                	Syntax (OID):	2.5.5.10
                	Value:	<Binary>
                	
                Operation:
                	Type:	Value Deleted
                	Correlation ID:	{2C7F1D6D-6DB9-4B3B-9475-EFE8D6384A68}
                	Application Correlation ID:	-

ComputerName  : FRANK-ADC-01
EventID       : 5136
Title         : ADObject Modified
TimeGenerated : 8/5/2021 1:46:54 PM
Content       : A directory service object was modified.
                	
                Subject:
                	Security ID:		S-1-5-21-2956518221-444034542-2043350422-81263
                	Account Name:		FRANK-D02$
                	Account Domain:		ROAYA
                	Logon ID:		0x2AD24CEED
                
                Directory Service:
                	Name:	Roaya.loc
                	Type:	Active Directory Domain Services
                	
                Object:
                	DN:	DC=@,DC=Roaya.loc,cn=MicrosoftDNS,DC=DomainDnsZones,DC=Roaya,DC=loc
                	GUID:	{94913B2F-21F4-4F85-86C6-2A0466A18819}
                	Class:	dnsNode
                	
                Attribute:
                	LDAP Display Name:	dnsRecord
                	Syntax (OID):	2.5.5.10
                	Value:	<Binary>
                	
                Operation:
                	Type:	Value Deleted
                	Correlation ID:	{2C7F1D6D-6DB9-4B3B-9475-EFE8D6384A68}
                	Application Correlation ID:	-

ComputerName  : FRANK-PDC
EventID       : 5136
Title         : ADObject Modified
TimeGenerated : 8/5/2021 1:46:54 PM
Content       : A directory service object was modified.
                	
                Subject:
                	Security ID:		S-1-5-21-2956518221-444034542-2043350422-97789
                	Account Name:		LPC-SolidAdmin
                	Account Domain:		ROAYA
                	Logon ID:		0x2CF7DF93A
                
                Directory Service:
                	Name:	Roaya.loc
                	Type:	Active Directory Domain Services
                	
                Object:
                	DN:	CN=hossameldi_triviumbc,OU=triviumbc.com,OU=Mail,DC=Roaya,DC=loc
                	GUID:	{FC20CE49-8C2B-4122-8E1B-B8EF92547D3C}
                	Class:	user
                	
                Attribute:
                	LDAP Display Name:	msExchDumpsterQuota
                	Syntax (OID):	2.5.5.9
                	Value:	31457280
                	
                Operation:
                	Type:	Value Added
                	Correlation ID:	{AFCB5BE7-432F-4B30-80CD-C8C58AAB9E54}
                	Application Correlation ID:	-

ComputerName  : FRANK-ADC-01
EventID       : 5136
Title         : ADObject Modified
TimeGenerated : 8/5/2021 1:46:54 PM
Content       : A directory service object was modified.
                	
                Subject:
                	Security ID:		S-1-5-21-2956518221-444034542-2043350422-81263
                	Account Name:		FRANK-D02$
                	Account Domain:		ROAYA
                	Logon ID:		0x2AD24CEED
                
                Directory Service:
                	Name:	Roaya.loc
                	Type:	Active Directory Domain Services
                	
                Object:
                	DN:	DC=@,DC=Roaya.loc,cn=MicrosoftDNS,DC=DomainDnsZones,DC=Roaya,DC=loc
                	GUID:	{94913B2F-21F4-4F85-86C6-2A0466A18819}
                	Class:	dnsNode
                	
                Attribute:
                	LDAP Display Name:	dnsRecord
                	Syntax (OID):	2.5.5.10
                	Value:	<Binary>
                	
                Operation:
                	Type:	Value Deleted
                	Correlation ID:	{2C7F1D6D-6DB9-4B3B-9475-EFE8D6384A68}
                	Application Correlation ID:	-

ComputerName  : FRANK-PDC
EventID       : 5136
Title         : ADObject Modified
TimeGenerated : 8/5/2021 1:46:54 PM
Content       : A directory service object was modified.
                	
                Subject:
                	Security ID:		S-1-5-21-2956518221-444034542-2043350422-97789
                	Account Name:		LPC-SolidAdmin
                	Account Domain:		ROAYA
                	Logon ID:		0x2CF7DF93A
                
                Directory Service:
                	Name:	Roaya.loc
                	Type:	Active Directory Domain Services
                	
                Object:
                	DN:	CN=hossameldi_triviumbc,OU=triviumbc.com,OU=Mail,DC=Roaya,DC=loc
                	GUID:	{FC20CE49-8C2B-4122-8E1B-B8EF92547D3C}
                	Class:	user
                	
                Attribute:
                	LDAP Display Name:	msExchUserAccountControl
                	Syntax (OID):	2.5.5.9
                	Value:	0
                	
                Operation:
                	Type:	Value Added
                	Correlation ID:	{AFCB5BE7-432F-4B30-80CD-C8C58AAB9E54}
                	Application Correlation ID:	-

ComputerName  : FRANK-PDC
EventID       : 5136
Title         : ADObject Modified
TimeGenerated : 8/5/2021 1:46:54 PM
Content       : A directory service object was modified.
                	
                Subject:
                	Security ID:		S-1-5-21-2956518221-444034542-2043350422-97789
                	Account Name:		LPC-SolidAdmin
                	Account Domain:		ROAYA
                	Logon ID:		0x2CF7DF93A
                
                Directory Service:
                	Name:	Roaya.loc
                	Type:	Active Directory Domain Services
                	
                Object:
                	DN:	CN=hossameldi_triviumbc,OU=triviumbc.com,OU=Mail,DC=Roaya,DC=loc
                	GUID:	{FC20CE49-8C2B-4122-8E1B-B8EF92547D3C}
                	Class:	user
                	
                Attribute:
                	LDAP Display Name:	msExchWhenMailboxCreated
                	Syntax (OID):	2.5.5.11
                	Value:	20210805114631.0Z
                	
                Operation:
                	Type:	Value Added
                	Correlation ID:	{AFCB5BE7-432F-4B30-80CD-C8C58AAB9E54}
                	Application Correlation ID:	-

ComputerName  : FRANK-PDC
EventID       : 5136
Title         : ADObject Modified
TimeGenerated : 8/5/2021 1:46:54 PM
Content       : A directory service object was modified.
                	
                Subject:
                	Security ID:		S-1-5-21-2956518221-444034542-2043350422-97789
                	Account Name:		LPC-SolidAdmin
                	Account Domain:		ROAYA
                	Logon ID:		0x2CF7DF93A
                
                Directory Service:
                	Name:	Roaya.loc
                	Type:	Active Directory Domain Services
                	
                Object:
                	DN:	CN=hossameldi_triviumbc,OU=triviumbc.com,OU=Mail,DC=Roaya,DC=loc
                	GUID:	{FC20CE49-8C2B-4122-8E1B-B8EF92547D3C}
                	Class:	user
                	
                Attribute:
                	LDAP Display Name:	mDBUseDefaults
                	Syntax (OID):	2.5.5.8
                	Value:	TRUE
                	
                Operation:
                	Type:	Value Added
                	Correlation ID:	{AFCB5BE7-432F-4B30-80CD-C8C58AAB9E54}
                	Application Correlation ID:	-

ComputerName  : FRANK-PDC
EventID       : 5136
Title         : ADObject Modified
TimeGenerated : 8/5/2021 1:46:54 PM
Content       : A directory service object was modified.
                	
                Subject:
                	Security ID:		S-1-5-21-2956518221-444034542-2043350422-97789
                	Account Name:		LPC-SolidAdmin
                	Account Domain:		ROAYA
                	Logon ID:		0x2CF7DF93A
                
                Directory Service:
                	Name:	Roaya.loc
                	Type:	Active Directory Domain Services
                	
                Object:
                	DN:	CN=hossameldi_triviumbc,OU=triviumbc.com,OU=Mail,DC=Roaya,DC=loc
                	GUID:	{FC20CE49-8C2B-4122-8E1B-B8EF92547D3C}
                	Class:	user
                	
                Attribute:
                	LDAP Display Name:	msExchMailboxSecurityDescriptor
                	Syntax (OID):	2.5.5.15
                	Value:	O:PSG:PSD:(A;CI;CCRC;;;PS)
                	
                Operation:
                	Type:	Value Added
                	Correlation ID:	{AFCB5BE7-432F-4B30-80CD-C8C58AAB9E54}
                	Application Correlation ID:	-

ComputerName  : FRANK-PDC
EventID       : 5136
Title         : ADObject Modified
TimeGenerated : 8/5/2021 1:46:54 PM
Content       : A directory service object was modified.
                	
                Subject:
                	Security ID:		S-1-5-21-2956518221-444034542-2043350422-97789
                	Account Name:		LPC-SolidAdmin
                	Account Domain:		ROAYA
                	Logon ID:		0x2CF7DF93A
                
                Directory Service:
                	Name:	Roaya.loc
                	Type:	Active Directory Domain Services
                	
                Object:
                	DN:	CN=hossameldi_triviumbc,OU=triviumbc.com,OU=Mail,DC=Roaya,DC=loc
                	GUID:	{FC20CE49-8C2B-4122-8E1B-B8EF92547D3C}
                	Class:	user
                	
                Attribute:
                	LDAP Display Name:	msExchHomeServerName
                	Syntax (OID):	2.5.5.12
                	Value:	/o=roaya/ou=Exchange Administrative Group 
                (FYDIBOHF23SPDLT)/cn=Configuration/cn=Servers/cn=EU1MB9903
                	
                Operation:
                	Type:	Value Added
                	Correlation ID:	{AFCB5BE7-432F-4B30-80CD-C8C58AAB9E54}
                	Application Correlation ID:	-

ComputerName  : FRANK-PDC
EventID       : 5136
Title         : ADObject Modified
TimeGenerated : 8/5/2021 1:46:54 PM
Content       : A directory service object was modified.
                	
                Subject:
                	Security ID:		S-1-5-21-2956518221-444034542-2043350422-97789
                	Account Name:		LPC-SolidAdmin
                	Account Domain:		ROAYA
                	Logon ID:		0x2CF7DF93A
                
                Directory Service:
                	Name:	Roaya.loc
                	Type:	Active Directory Domain Services
                	
                Object:
                	DN:	CN=hossameldi_triviumbc,OU=triviumbc.com,OU=Mail,DC=Roaya,DC=loc
                	GUID:	{FC20CE49-8C2B-4122-8E1B-B8EF92547D3C}
                	Class:	user
                	
                Attribute:
                	LDAP Display Name:	msExchRBACPolicyLink
                	Syntax (OID):	2.5.5.1
                	Value:	CN=Default Role Assignment Policy,CN=Policies,CN=RBAC,CN=roaya,CN=Microsoft 
                Exchange,CN=Services,CN=Configuration,DC=Roaya,DC=loc
                	
                Operation:
                	Type:	Value Added
                	Correlation ID:	{AFCB5BE7-432F-4B30-80CD-C8C58AAB9E54}
                	Application Correlation ID:	-

ComputerName  : FRANK-PDC
EventID       : 5136
Title         : ADObject Modified
TimeGenerated : 8/5/2021 1:46:54 PM
Content       : A directory service object was modified.
                	
                Subject:
                	Security ID:		S-1-5-21-2956518221-444034542-2043350422-97789
                	Account Name:		LPC-SolidAdmin
                	Account Domain:		ROAYA
                	Logon ID:		0x2CF7DF93A
                
                Directory Service:
                	Name:	Roaya.loc
                	Type:	Active Directory Domain Services
                	
                Object:
                	DN:	CN=hossameldi_triviumbc,OU=triviumbc.com,OU=Mail,DC=Roaya,DC=loc
                	GUID:	{FC20CE49-8C2B-4122-8E1B-B8EF92547D3C}
                	Class:	user
                	
                Attribute:
                	LDAP Display Name:	homeMDB
                	Syntax (OID):	2.5.5.1
                	Value:	CN=001-UDB109-T,CN=Databases,CN=Exchange Administrative Group 
                (FYDIBOHF23SPDLT),CN=Administrative Groups,CN=roaya,CN=Microsoft 
                Exchange,CN=Services,CN=Configuration,DC=Roaya,DC=loc
                	
                Operation:
                	Type:	Value Added
                	Correlation ID:	{AFCB5BE7-432F-4B30-80CD-C8C58AAB9E54}
                	Application Correlation ID:	-

ComputerName  : FRANK-PDC
EventID       : 5136
Title         : ADObject Modified
TimeGenerated : 8/5/2021 1:46:54 PM
Content       : A directory service object was modified.
                	
                Subject:
                	Security ID:		S-1-5-21-2956518221-444034542-2043350422-97789
                	Account Name:		LPC-SolidAdmin
                	Account Domain:		ROAYA
                	Logon ID:		0x2CF7DF93A
                
                Directory Service:
                	Name:	Roaya.loc
                	Type:	Active Directory Domain Services
                	
                Object:
                	DN:	CN=hossameldi_triviumbc,OU=triviumbc.com,OU=Mail,DC=Roaya,DC=loc
                	GUID:	{FC20CE49-8C2B-4122-8E1B-B8EF92547D3C}
                	Class:	user
                	
                Attribute:
                	LDAP Display Name:	msExchMailboxGuid
                	Syntax (OID):	2.5.5.10
                	Value:	<Binary>
                	
                Operation:
                	Type:	Value Added
                	Correlation ID:	{AFCB5BE7-432F-4B30-80CD-C8C58AAB9E54}
                	Application Correlation ID:	-

ComputerName  : FRANK-PDC
EventID       : 5136
Title         : ADObject Modified
TimeGenerated : 8/5/2021 1:46:54 PM
Content       : A directory service object was modified.
                	
                Subject:
                	Security ID:		S-1-5-21-2956518221-444034542-2043350422-97789
                	Account Name:		LPC-SolidAdmin
                	Account Domain:		ROAYA
                	Logon ID:		0x2CF7DF93A
                
                Directory Service:
                	Name:	Roaya.loc
                	Type:	Active Directory Domain Services
                	
                Object:
                	DN:	CN=hossameldi_triviumbc,OU=triviumbc.com,OU=Mail,DC=Roaya,DC=loc
                	GUID:	{FC20CE49-8C2B-4122-8E1B-B8EF92547D3C}
                	Class:	user
                	
                Attribute:
                	LDAP Display Name:	msExchELCMailboxFlags
                	Syntax (OID):	2.5.5.9
                	Value:	130
                	
                Operation:
                	Type:	Value Added
                	Correlation ID:	{AFCB5BE7-432F-4B30-80CD-C8C58AAB9E54}
                	Application Correlation ID:	-

ComputerName  : FRANK-PDC
EventID       : 5136
Title         : ADObject Modified
TimeGenerated : 8/5/2021 1:46:54 PM
Content       : A directory service object was modified.
                	
                Subject:
                	Security ID:		S-1-5-21-2956518221-444034542-2043350422-97789
                	Account Name:		LPC-SolidAdmin
                	Account Domain:		ROAYA
                	Logon ID:		0x2CF7DF93A
                
                Directory Service:
                	Name:	Roaya.loc
                	Type:	Active Directory Domain Services
                	
                Object:
                	DN:	CN=hossameldi_triviumbc,OU=triviumbc.com,OU=Mail,DC=Roaya,DC=loc
                	GUID:	{FC20CE49-8C2B-4122-8E1B-B8EF92547D3C}
                	Class:	user
                	
                Attribute:
                	LDAP Display Name:	msExchRecipientTypeDetails
                	Syntax (OID):	2.5.5.16
                	Value:	1
                	
                Operation:
                	Type:	Value Added
                	Correlation ID:	{AFCB5BE7-432F-4B30-80CD-C8C58AAB9E54}
                	Application Correlation ID:	-

ComputerName  : FRANK-PDC
EventID       : 5136
Title         : ADObject Modified
TimeGenerated : 8/5/2021 1:46:54 PM
Content       : A directory service object was modified.
                	
                Subject:
                	Security ID:		S-1-5-21-2956518221-444034542-2043350422-97789
                	Account Name:		LPC-SolidAdmin
                	Account Domain:		ROAYA
                	Logon ID:		0x2CF7DF93A
                
                Directory Service:
                	Name:	Roaya.loc
                	Type:	Active Directory Domain Services
                	
                Object:
                	DN:	CN=hossameldi_triviumbc,OU=triviumbc.com,OU=Mail,DC=Roaya,DC=loc
                	GUID:	{FC20CE49-8C2B-4122-8E1B-B8EF92547D3C}
                	Class:	user
                	
                Attribute:
                	LDAP Display Name:	msExchRecipientDisplayType
                	Syntax (OID):	2.5.5.9
                	Value:	1073741824
                	
                Operation:
                	Type:	Value Added
                	Correlation ID:	{AFCB5BE7-432F-4B30-80CD-C8C58AAB9E54}
                	Application Correlation ID:	-

ComputerName  : FRANK-PDC
EventID       : 5136
Title         : ADObject Modified
TimeGenerated : 8/5/2021 1:46:54 PM
Content       : A directory service object was modified.
                	
                Subject:
                	Security ID:		S-1-5-21-2956518221-444034542-2043350422-97789
                	Account Name:		LPC-SolidAdmin
                	Account Domain:		ROAYA
                	Logon ID:		0x2CF7DF93A
                
                Directory Service:
                	Name:	Roaya.loc
                	Type:	Active Directory Domain Services
                	
                Object:
                	DN:	CN=hossameldi_triviumbc,OU=triviumbc.com,OU=Mail,DC=Roaya,DC=loc
                	GUID:	{FC20CE49-8C2B-4122-8E1B-B8EF92547D3C}
                	Class:	user
                	
                Attribute:
                	LDAP Display Name:	mail
                	Syntax (OID):	2.5.5.12
                	Value:	hossameldi_triviumbc@worldposta.cloud
                	
                Operation:
                	Type:	Value Added
                	Correlation ID:	{AFCB5BE7-432F-4B30-80CD-C8C58AAB9E54}
                	Application Correlation ID:	-

ComputerName  : FRANK-PDC
EventID       : 5136
Title         : ADObject Modified
TimeGenerated : 8/5/2021 1:46:54 PM
Content       : A directory service object was modified.
                	
                Subject:
                	Security ID:		S-1-5-21-2956518221-444034542-2043350422-97789
                	Account Name:		LPC-SolidAdmin
                	Account Domain:		ROAYA
                	Logon ID:		0x2CF7DF93A
                
                Directory Service:
                	Name:	Roaya.loc
                	Type:	Active Directory Domain Services
                	
                Object:
                	DN:	CN=hossameldi_triviumbc,OU=triviumbc.com,OU=Mail,DC=Roaya,DC=loc
                	GUID:	{FC20CE49-8C2B-4122-8E1B-B8EF92547D3C}
                	Class:	user
                	
                Attribute:
                	LDAP Display Name:	msExchUMDtmfMap
                	Syntax (OID):	2.5.5.12
                	Value:	emailAddress:4677263534874848622
                	
                Operation:
                	Type:	Value Added
                	Correlation ID:	{AFCB5BE7-432F-4B30-80CD-C8C58AAB9E54}
                	Application Correlation ID:	-

ComputerName  : FRANK-PDC
EventID       : 5136
Title         : ADObject Modified
TimeGenerated : 8/5/2021 1:46:54 PM
Content       : A directory service object was modified.
                	
                Subject:
                	Security ID:		S-1-5-21-2956518221-444034542-2043350422-97789
                	Account Name:		LPC-SolidAdmin
                	Account Domain:		ROAYA
                	Logon ID:		0x2CF7DF93A
                
                Directory Service:
                	Name:	Roaya.loc
                	Type:	Active Directory Domain Services
                	
                Object:
                	DN:	CN=hossameldi_triviumbc,OU=triviumbc.com,OU=Mail,DC=Roaya,DC=loc
                	GUID:	{FC20CE49-8C2B-4122-8E1B-B8EF92547D3C}
                	Class:	user
                	
                Attribute:
                	LDAP Display Name:	msExchUMDtmfMap
                	Syntax (OID):	2.5.5.12
                	Value:	lastNameFirstName:467726353466642633
                	
                Operation:
                	Type:	Value Added
                	Correlation ID:	{AFCB5BE7-432F-4B30-80CD-C8C58AAB9E54}
                	Application Correlation ID:	-

ComputerName  : FRANK-PDC
EventID       : 5136
Title         : ADObject Modified
TimeGenerated : 8/5/2021 1:46:54 PM
Content       : A directory service object was modified.
                	
                Subject:
                	Security ID:		S-1-5-21-2956518221-444034542-2043350422-97789
                	Account Name:		LPC-SolidAdmin
                	Account Domain:		ROAYA
                	Logon ID:		0x2CF7DF93A
                
                Directory Service:
                	Name:	Roaya.loc
                	Type:	Active Directory Domain Services
                	
                Object:
                	DN:	CN=hossameldi_triviumbc,OU=triviumbc.com,OU=Mail,DC=Roaya,DC=loc
                	GUID:	{FC20CE49-8C2B-4122-8E1B-B8EF92547D3C}
                	Class:	user
                	
                Attribute:
                	LDAP Display Name:	msExchUMDtmfMap
                	Syntax (OID):	2.5.5.12
                	Value:	firstNameLastName:467726353466642633
                	
                Operation:
                	Type:	Value Added
                	Correlation ID:	{AFCB5BE7-432F-4B30-80CD-C8C58AAB9E54}
                	Application Correlation ID:	-

ComputerName  : FRANK-PDC
EventID       : 5136
Title         : ADObject Modified
TimeGenerated : 8/5/2021 1:46:54 PM
Content       : A directory service object was modified.
                	
                Subject:
                	Security ID:		S-1-5-21-2956518221-444034542-2043350422-97789
                	Account Name:		LPC-SolidAdmin
                	Account Domain:		ROAYA
                	Logon ID:		0x2CF7DF93A
                
                Directory Service:
                	Name:	Roaya.loc
                	Type:	Active Directory Domain Services
                	
                Object:
                	DN:	CN=hossameldi_triviumbc,OU=triviumbc.com,OU=Mail,DC=Roaya,DC=loc
                	GUID:	{FC20CE49-8C2B-4122-8E1B-B8EF92547D3C}
                	Class:	user
                	
                Attribute:
                	LDAP Display Name:	msExchPoliciesIncluded
                	Syntax (OID):	2.5.5.12
                	Value:	9ce9209e-862a-44ec-a788-f63f6d7d35f1
                	
                Operation:
                	Type:	Value Added
                	Correlation ID:	{AFCB5BE7-432F-4B30-80CD-C8C58AAB9E54}
                	Application Correlation ID:	-

ComputerName  : FRANK-PDC
EventID       : 5136
Title         : ADObject Modified
TimeGenerated : 8/5/2021 1:46:54 PM
Content       : A directory service object was modified.
                	
                Subject:
                	Security ID:		S-1-5-21-2956518221-444034542-2043350422-97789
                	Account Name:		LPC-SolidAdmin
                	Account Domain:		ROAYA
                	Logon ID:		0x2CF7DF93A
                
                Directory Service:
                	Name:	Roaya.loc
                	Type:	Active Directory Domain Services
                	
                Object:
                	DN:	CN=hossameldi_triviumbc,OU=triviumbc.com,OU=Mail,DC=Roaya,DC=loc
                	GUID:	{FC20CE49-8C2B-4122-8E1B-B8EF92547D3C}
                	Class:	user
                	
                Attribute:
                	LDAP Display Name:	msExchPoliciesIncluded
                	Syntax (OID):	2.5.5.12
                	Value:	{26491cfc-9e50-4857-861b-0cb8df22b5d7}
                	
                Operation:
                	Type:	Value Added
                	Correlation ID:	{AFCB5BE7-432F-4B30-80CD-C8C58AAB9E54}
                	Application Correlation ID:	-

ComputerName  : FRANK-PDC
EventID       : 5136
Title         : ADObject Modified
TimeGenerated : 8/5/2021 1:46:54 PM
Content       : A directory service object was modified.
                	
                Subject:
                	Security ID:		S-1-5-21-2956518221-444034542-2043350422-97789
                	Account Name:		LPC-SolidAdmin
                	Account Domain:		ROAYA
                	Logon ID:		0x2CF7DF93A
                
                Directory Service:
                	Name:	Roaya.loc
                	Type:	Active Directory Domain Services
                	
                Object:
                	DN:	CN=hossameldi_triviumbc,OU=triviumbc.com,OU=Mail,DC=Roaya,DC=loc
                	GUID:	{FC20CE49-8C2B-4122-8E1B-B8EF92547D3C}
                	Class:	user
                	
                Attribute:
                	LDAP Display Name:	legacyExchangeDN
                	Syntax (OID):	2.5.5.4
                	Value:	/o=roaya/ou=Exchange Administrative Group 
                (FYDIBOHF23SPDLT)/cn=Recipients/cn=3b99ab5f8b42426b8367fa940b965e1d-hossameldi_trivium
                	
                Operation:
                	Type:	Value Added
                	Correlation ID:	{AFCB5BE7-432F-4B30-80CD-C8C58AAB9E54}
                	Application Correlation ID:	-

ComputerName  : FRANK-PDC
EventID       : 5136
Title         : ADObject Modified
TimeGenerated : 8/5/2021 1:46:54 PM
Content       : A directory service object was modified.
                	
                Subject:
                	Security ID:		S-1-5-21-2956518221-444034542-2043350422-97789
                	Account Name:		LPC-SolidAdmin
                	Account Domain:		ROAYA
                	Logon ID:		0x2CF7DF93A
                
                Directory Service:
                	Name:	Roaya.loc
                	Type:	Active Directory Domain Services
                	
                Object:
                	DN:	CN=hossameldi_triviumbc,OU=triviumbc.com,OU=Mail,DC=Roaya,DC=loc
                	GUID:	{FC20CE49-8C2B-4122-8E1B-B8EF92547D3C}
                	Class:	user
                	
                Attribute:
                	LDAP Display Name:	proxyAddresses
                	Syntax (OID):	2.5.5.12
                	Value:	SMTP:hossameldi_triviumbc@worldposta.cloud
                	
                Operation:
                	Type:	Value Added
                	Correlation ID:	{AFCB5BE7-432F-4B30-80CD-C8C58AAB9E54}
                	Application Correlation ID:	-

ComputerName  : FRANK-PDC
EventID       : 5136
Title         : ADObject Modified
TimeGenerated : 8/5/2021 1:46:54 PM
Content       : A directory service object was modified.
                	
                Subject:
                	Security ID:		S-1-5-21-2956518221-444034542-2043350422-97789
                	Account Name:		LPC-SolidAdmin
                	Account Domain:		ROAYA
                	Logon ID:		0x2CF7DF93A
                
                Directory Service:
                	Name:	Roaya.loc
                	Type:	Active Directory Domain Services
                	
                Object:
                	DN:	CN=hossameldi_triviumbc,OU=triviumbc.com,OU=Mail,DC=Roaya,DC=loc
                	GUID:	{FC20CE49-8C2B-4122-8E1B-B8EF92547D3C}
                	Class:	user
                	
                Attribute:
                	LDAP Display Name:	mailNickname
                	Syntax (OID):	2.5.5.12
                	Value:	hossameldi_triviumbc
                	
                Operation:
                	Type:	Value Added
                	Correlation ID:	{AFCB5BE7-432F-4B30-80CD-C8C58AAB9E54}
                	Application Correlation ID:	-

ComputerName  : FRANK-PDC
EventID       : 5136
Title         : ADObject Modified
TimeGenerated : 8/5/2021 1:46:54 PM
Content       : A directory service object was modified.
                	
                Subject:
                	Security ID:		S-1-5-21-2956518221-444034542-2043350422-97789
                	Account Name:		LPC-SolidAdmin
                	Account Domain:		ROAYA
                	Logon ID:		0x2CF7DF93A
                
                Directory Service:
                	Name:	Roaya.loc
                	Type:	Active Directory Domain Services
                	
                Object:
                	DN:	CN=hossameldi_triviumbc,OU=triviumbc.com,OU=Mail,DC=Roaya,DC=loc
                	GUID:	{FC20CE49-8C2B-4122-8E1B-B8EF92547D3C}
                	Class:	user
                	
                Attribute:
                	LDAP Display Name:	showInAddressBook
                	Syntax (OID):	2.5.5.1
                	Value:	CN=All Users,CN=All Address Lists,CN=Address Lists Container,CN=roaya,CN=Microsoft 
                Exchange,CN=Services,CN=Configuration,DC=Roaya,DC=loc
                	
                Operation:
                	Type:	Value Added
                	Correlation ID:	{AFCB5BE7-432F-4B30-80CD-C8C58AAB9E54}
                	Application Correlation ID:	-

ComputerName  : FRANK-PDC
EventID       : 5136
Title         : ADObject Modified
TimeGenerated : 8/5/2021 1:46:54 PM
Content       : A directory service object was modified.
                	
                Subject:
                	Security ID:		S-1-5-21-2956518221-444034542-2043350422-97789
                	Account Name:		LPC-SolidAdmin
                	Account Domain:		ROAYA
                	Logon ID:		0x2CF7DF93A
                
                Directory Service:
                	Name:	Roaya.loc
                	Type:	Active Directory Domain Services
                	
                Object:
                	DN:	CN=hossameldi_triviumbc,OU=triviumbc.com,OU=Mail,DC=Roaya,DC=loc
                	GUID:	{FC20CE49-8C2B-4122-8E1B-B8EF92547D3C}
                	Class:	user
                	
                Attribute:
                	LDAP Display Name:	showInAddressBook
                	Syntax (OID):	2.5.5.1
                	Value:	CN=Mailboxes(VLV),CN=All System Address Lists,CN=Address Lists Container,CN=roaya,CN=Microsoft 
                Exchange,CN=Services,CN=Configuration,DC=Roaya,DC=loc
                	
                Operation:
                	Type:	Value Added
                	Correlation ID:	{AFCB5BE7-432F-4B30-80CD-C8C58AAB9E54}
                	Application Correlation ID:	-

ComputerName  : FRANK-PDC
EventID       : 5136
Title         : ADObject Modified
TimeGenerated : 8/5/2021 1:46:54 PM
Content       : A directory service object was modified.
                	
                Subject:
                	Security ID:		S-1-5-21-2956518221-444034542-2043350422-97789
                	Account Name:		LPC-SolidAdmin
                	Account Domain:		ROAYA
                	Logon ID:		0x2CF7DF93A
                
                Directory Service:
                	Name:	Roaya.loc
                	Type:	Active Directory Domain Services
                	
                Object:
                	DN:	CN=hossameldi_triviumbc,OU=triviumbc.com,OU=Mail,DC=Roaya,DC=loc
                	GUID:	{FC20CE49-8C2B-4122-8E1B-B8EF92547D3C}
                	Class:	user
                	
                Attribute:
                	LDAP Display Name:	showInAddressBook
                	Syntax (OID):	2.5.5.1
                	Value:	CN=All Mailboxes(VLV),CN=All System Address Lists,CN=Address Lists 
                Container,CN=roaya,CN=Microsoft Exchange,CN=Services,CN=Configuration,DC=Roaya,DC=loc
                	
                Operation:
                	Type:	Value Added
                	Correlation ID:	{AFCB5BE7-432F-4B30-80CD-C8C58AAB9E54}
                	Application Correlation ID:	-

ComputerName  : FRANK-PDC
EventID       : 5136
Title         : ADObject Modified
TimeGenerated : 8/5/2021 1:46:54 PM
Content       : A directory service object was modified.
                	
                Subject:
                	Security ID:		S-1-5-21-2956518221-444034542-2043350422-97789
                	Account Name:		LPC-SolidAdmin
                	Account Domain:		ROAYA
                	Logon ID:		0x2CF7DF93A
                
                Directory Service:
                	Name:	Roaya.loc
                	Type:	Active Directory Domain Services
                	
                Object:
                	DN:	CN=hossameldi_triviumbc,OU=triviumbc.com,OU=Mail,DC=Roaya,DC=loc
                	GUID:	{FC20CE49-8C2B-4122-8E1B-B8EF92547D3C}
                	Class:	user
                	
                Attribute:
                	LDAP Display Name:	showInAddressBook
                	Syntax (OID):	2.5.5.1
                	Value:	CN=All Recipients(VLV),CN=All System Address Lists,CN=Address Lists 
                Container,CN=roaya,CN=Microsoft Exchange,CN=Services,CN=Configuration,DC=Roaya,DC=loc
                	
                Operation:
                	Type:	Value Added
                	Correlation ID:	{AFCB5BE7-432F-4B30-80CD-C8C58AAB9E54}
                	Application Correlation ID:	-

ComputerName  : FRANK-PDC
EventID       : 5136
Title         : ADObject Modified
TimeGenerated : 8/5/2021 1:46:54 PM
Content       : A directory service object was modified.
                	
                Subject:
                	Security ID:		S-1-5-21-2956518221-444034542-2043350422-97789
                	Account Name:		LPC-SolidAdmin
                	Account Domain:		ROAYA
                	Logon ID:		0x2CF7DF93A
                
                Directory Service:
                	Name:	Roaya.loc
                	Type:	Active Directory Domain Services
                	
                Object:
                	DN:	CN=hossameldi_triviumbc,OU=triviumbc.com,OU=Mail,DC=Roaya,DC=loc
                	GUID:	{FC20CE49-8C2B-4122-8E1B-B8EF92547D3C}
                	Class:	user
                	
                Attribute:
                	LDAP Display Name:	showInAddressBook
                	Syntax (OID):	2.5.5.1
                	Value:	CN=Default Global Address List,CN=All Global Address Lists,CN=Address Lists 
                Container,CN=roaya,CN=Microsoft Exchange,CN=Services,CN=Configuration,DC=Roaya,DC=loc
                	
                Operation:
                	Type:	Value Added
                	Correlation ID:	{AFCB5BE7-432F-4B30-80CD-C8C58AAB9E54}
                	Application Correlation ID:	-

ComputerName  : FRANK-PDC
EventID       : 5136
Title         : ADObject Modified
TimeGenerated : 8/5/2021 1:46:54 PM
Content       : A directory service object was modified.
                	
                Subject:
                	Security ID:		S-1-5-21-2956518221-444034542-2043350422-87305
                	Account Name:		EU1MB9903$
                	Account Domain:		ROAYA
                	Logon ID:		0x2CF7F215F
                
                Directory Service:
                	Name:	Roaya.loc
                	Type:	Active Directory Domain Services
                	
                Object:
                	DN:	CN=freddo-egypt.com Offline Address Book,CN=Offline Address Lists,CN=Address Lists 
                Container,CN=roaya,CN=Microsoft Exchange,CN=Services,CN=Configuration,DC=Roaya,DC=loc
                	GUID:	{8355FBE1-F671-4961-A949-44D570AA036C}
                	Class:	msExchOAB
                	
                Attribute:
                	LDAP Display Name:	msExchConfigurationXML
                	Syntax (OID):	2.5.5.12
                	Value:	<OfflineAddressBookConfigXML><ManifestVersion><AddressLists 
                AddressListId="f5baca2d-fad1-4450-a763-8b8d6d67f722" Sequence="442" 
                /></ManifestVersion><LastFailedTime p2:nil="true" xmlns:p2="http://www.w3.org/2001/XMLSchema-instance" 
                /><LastGeneratingData><MailboxGuid>feea8dd2-5615-42ce-a176-1f29ddbca752</MailboxGuid><DatabaseGuid>77c5
                ed34-31bb-4d80-988c-932fec22ef7e</DatabaseGuid><ServerFqdn>EU1MB9903.Roaya.loc</ServerFqdn></LastGenera
                tingData><HttpHomeMdbLastProcessedBucket>0</HttpHomeMdbLastProcessedBucket><FullOabDownloadPreventionTh
                reshold>0</FullOabDownloadPreventionThreshold><ZipOabFilesBeforeUploading>false</ZipOabFilesBeforeUploa
                ding></OfflineAddressBookConfigXML>
                	
                Operation:
                	Type:	Value Added
                	Correlation ID:	{C957A8DB-09F9-4A06-9903-5A3BC9BBB472}
                	Application Correlation ID:	-

ComputerName  : FRANK-PDC
EventID       : 5136
Title         : ADObject Modified
TimeGenerated : 8/5/2021 1:46:54 PM
Content       : A directory service object was modified.
                	
                Subject:
                	Security ID:		S-1-5-21-2956518221-444034542-2043350422-87305
                	Account Name:		EU1MB9903$
                	Account Domain:		ROAYA
                	Logon ID:		0x2CF7F215F
                
                Directory Service:
                	Name:	Roaya.loc
                	Type:	Active Directory Domain Services
                	
                Object:
                	DN:	CN=freddo-egypt.com Offline Address Book,CN=Offline Address Lists,CN=Address Lists 
                Container,CN=roaya,CN=Microsoft Exchange,CN=Services,CN=Configuration,DC=Roaya,DC=loc
                	GUID:	{8355FBE1-F671-4961-A949-44D570AA036C}
                	Class:	msExchOAB
                	
                Attribute:
                	LDAP Display Name:	msExchConfigurationXML
                	Syntax (OID):	2.5.5.12
                	Value:	<OfflineAddressBookConfigXML><ManifestVersion><AddressLists 
                AddressListId="f5baca2d-fad1-4450-a763-8b8d6d67f722" Sequence="441" 
                /></ManifestVersion><LastFailedTime p2:nil="true" xmlns:p2="http://www.w3.org/2001/XMLSchema-instance" 
                /><LastGeneratingData><MailboxGuid>feea8dd2-5615-42ce-a176-1f29ddbca752</MailboxGuid><DatabaseGuid>77c5
                ed34-31bb-4d80-988c-932fec22ef7e</DatabaseGuid><ServerFqdn>EU1MB9903.Roaya.loc</ServerFqdn></LastGenera
                tingData><HttpHomeMdbLastProcessedBucket>0</HttpHomeMdbLastProcessedBucket><FullOabDownloadPreventionTh
                reshold>0</FullOabDownloadPreventionThreshold><ZipOabFilesBeforeUploading>false</ZipOabFilesBeforeUploa
                ding></OfflineAddressBookConfigXML>
                	
                Operation:
                	Type:	Value Deleted
                	Correlation ID:	{C957A8DB-09F9-4A06-9903-5A3BC9BBB472}
                	Application Correlation ID:	-

ComputerName  : FRANK-PDC
EventID       : 5136
Title         : ADObject Modified
TimeGenerated : 8/5/2021 1:46:54 PM
Content       : A directory service object was modified.
                	
                Subject:
                	Security ID:		S-1-5-21-2956518221-444034542-2043350422-87305
                	Account Name:		EU1MB9903$
                	Account Domain:		ROAYA
                	Logon ID:		0x2CF7F215F
                
                Directory Service:
                	Name:	Roaya.loc
                	Type:	Active Directory Domain Services
                	
                Object:
                	DN:	CN=freddo-egypt.com Offline Address Book,CN=Offline Address Lists,CN=Address Lists 
                Container,CN=roaya,CN=Microsoft Exchange,CN=Services,CN=Configuration,DC=Roaya,DC=loc
                	GUID:	{8355FBE1-F671-4961-A949-44D570AA036C}
                	Class:	msExchOAB
                	
                Attribute:
                	LDAP Display Name:	msExchOABLastTouchedTime
                	Syntax (OID):	2.5.5.11
                	Value:	20210805114651.0Z
                	
                Operation:
                	Type:	Value Added
                	Correlation ID:	{C957A8DB-09F9-4A06-9903-5A3BC9BBB472}
                	Application Correlation ID:	-

ComputerName  : FRANK-PDC
EventID       : 5136
Title         : ADObject Modified
TimeGenerated : 8/5/2021 1:46:54 PM
Content       : A directory service object was modified.
                	
                Subject:
                	Security ID:		S-1-5-21-2956518221-444034542-2043350422-87305
                	Account Name:		EU1MB9903$
                	Account Domain:		ROAYA
                	Logon ID:		0x2CF7F215F
                
                Directory Service:
                	Name:	Roaya.loc
                	Type:	Active Directory Domain Services
                	
                Object:
                	DN:	CN=freddo-egypt.com Offline Address Book,CN=Offline Address Lists,CN=Address Lists 
                Container,CN=roaya,CN=Microsoft Exchange,CN=Services,CN=Configuration,DC=Roaya,DC=loc
                	GUID:	{8355FBE1-F671-4961-A949-44D570AA036C}
                	Class:	msExchOAB
                	
                Attribute:
                	LDAP Display Name:	msExchOABLastTouchedTime
                	Syntax (OID):	2.5.5.11
                	Value:	20210805052429.0Z
                	
                Operation:
                	Type:	Value Deleted
                	Correlation ID:	{C957A8DB-09F9-4A06-9903-5A3BC9BBB472}
                	Application Correlation ID:	-

ComputerName  : FRANK-PDC
EventID       : 5136
Title         : ADObject Modified
TimeGenerated : 8/5/2021 1:46:54 PM
Content       : A directory service object was modified.
                	
                Subject:
                	Security ID:		S-1-5-21-2956518221-444034542-2043350422-97789
                	Account Name:		LPC-SolidAdmin
                	Account Domain:		ROAYA
                	Logon ID:		0x2CF7DF93A
                
                Directory Service:
                	Name:	Roaya.loc
                	Type:	Active Directory Domain Services
                	
                Object:
                	DN:	CN=hossameldi_triviumbc,OU=triviumbc.com,OU=Mail,DC=Roaya,DC=loc
                	GUID:	{FC20CE49-8C2B-4122-8E1B-B8EF92547D3C}
                	Class:	user
                	
                Attribute:
                	LDAP Display Name:	msExchVersion
                	Syntax (OID):	2.5.5.16
                	Value:	88218628259840
                	
                Operation:
                	Type:	Value Added
                	Correlation ID:	{915A75D1-9F6E-4A1A-AD45-09B19A477B93}
                	Application Correlation ID:	-

ComputerName  : FRANK-PDC
EventID       : 5136
Title         : ADObject Modified
TimeGenerated : 8/5/2021 1:46:54 PM
Content       : A directory service object was modified.
                	
                Subject:
                	Security ID:		S-1-5-21-2956518221-444034542-2043350422-97789
                	Account Name:		LPC-SolidAdmin
                	Account Domain:		ROAYA
                	Logon ID:		0x2CF7DF93A
                
                Directory Service:
                	Name:	Roaya.loc
                	Type:	Active Directory Domain Services
                	
                Object:
                	DN:	CN=hossameldi_triviumbc,OU=triviumbc.com,OU=Mail,DC=Roaya,DC=loc
                	GUID:	{FC20CE49-8C2B-4122-8E1B-B8EF92547D3C}
                	Class:	user
                	
                Attribute:
                	LDAP Display Name:	mDBUseDefaults
                	Syntax (OID):	2.5.5.8
                	Value:	FALSE
                	
                Operation:
                	Type:	Value Added
                	Correlation ID:	{FBCDBDA0-F857-4C71-B4A5-040064F37597}
                	Application Correlation ID:	-

ComputerName  : FRANK-PDC
EventID       : 5136
Title         : ADObject Modified
TimeGenerated : 8/5/2021 1:46:54 PM
Content       : A directory service object was modified.
                	
                Subject:
                	Security ID:		S-1-5-21-2956518221-444034542-2043350422-97789
                	Account Name:		LPC-SolidAdmin
                	Account Domain:		ROAYA
                	Logon ID:		0x2CF7DF93A
                
                Directory Service:
                	Name:	Roaya.loc
                	Type:	Active Directory Domain Services
                	
                Object:
                	DN:	CN=hossameldi_triviumbc,OU=triviumbc.com,OU=Mail,DC=Roaya,DC=loc
                	GUID:	{FC20CE49-8C2B-4122-8E1B-B8EF92547D3C}
                	Class:	user
                	
                Attribute:
                	LDAP Display Name:	mDBUseDefaults
                	Syntax (OID):	2.5.5.8
                	Value:	TRUE
                	
                Operation:
                	Type:	Value Deleted
                	Correlation ID:	{FBCDBDA0-F857-4C71-B4A5-040064F37597}
                	Application Correlation ID:	-

ComputerName  : FRANK-PDC
EventID       : 5136
Title         : ADObject Modified
TimeGenerated : 8/5/2021 1:46:54 PM
Content       : A directory service object was modified.
                	
                Subject:
                	Security ID:		S-1-5-21-2956518221-444034542-2043350422-97789
                	Account Name:		LPC-SolidAdmin
                	Account Domain:		ROAYA
                	Logon ID:		0x2CF7DF93A
                
                Directory Service:
                	Name:	Roaya.loc
                	Type:	Active Directory Domain Services
                	
                Object:
                	DN:	CN=hossameldi_triviumbc,OU=triviumbc.com,OU=Mail,DC=Roaya,DC=loc
                	GUID:	{FC20CE49-8C2B-4122-8E1B-B8EF92547D3C}
                	Class:	user
                	
                Attribute:
                	LDAP Display Name:	mDBOverHardQuotaLimit
                	Syntax (OID):	2.5.5.9
                	Value:	52428800
                	
                Operation:
                	Type:	Value Added
                	Correlation ID:	{FBCDBDA0-F857-4C71-B4A5-040064F37597}
                	Application Correlation ID:	-

