ComputerName  : FRANK-PDC
EventID       : 5136
Title         : ADObject Modified
TimeGenerated : 8/5/2021 2:01:15 PM
Content       : A directory service object was modified.
                	
                Subject:
                	Security ID:		S-1-5-21-2956518221-444034542-2043350422-87305
                	Account Name:		EU1MB9903$
                	Account Domain:		ROAYA
                	Logon ID:		0x2CF7F215F
                
                Directory Service:
                	Name:	Roaya.loc
                	Type:	Active Directory Domain Services
                	
                Object:
                	DN:	CN=dfdfd.dfdfdf Offline Address Book,CN=Offline Address Lists,CN=Address Lists 
                Container,CN=roaya,CN=Microsoft Exchange,CN=Services,CN=Configuration,DC=Roaya,DC=loc
                	GUID:	{C673FCFF-A6CB-46DD-95A9-0A533EB56D3B}
                	Class:	msExchOAB
                	
                Attribute:
                	LDAP Display Name:	msExchOABLastTouchedTime
                	Syntax (OID):	2.5.5.11
                	Value:	20210805053713.0Z
                	
                Operation:
                	Type:	Value Deleted
                	Correlation ID:	{6A8FE4D4-A9E5-4726-B6B1-F5EC9904E7EA}
                	Application Correlation ID:	-

ComputerName  : FRANK-PDC
EventID       : 5136
Title         : ADObject Modified
TimeGenerated : 8/5/2021 2:01:05 PM
Content       : A directory service object was modified.
                	
                Subject:
                	Security ID:		S-1-5-21-2956518221-444034542-2043350422-87305
                	Account Name:		EU1MB9903$
                	Account Domain:		ROAYA
                	Logon ID:		0x2CF7F215F
                
                Directory Service:
                	Name:	Roaya.loc
                	Type:	Active Directory Domain Services
                	
                Object:
                	DN:	CN=jumia.cm Offline Address Book,CN=Offline Address Lists,CN=Address Lists 
                Container,CN=roaya,CN=Microsoft Exchange,CN=Services,CN=Configuration,DC=Roaya,DC=loc
                	GUID:	{AD8DD5A9-8C52-4DBC-9B28-5FAA78E2DF0E}
                	Class:	msExchOAB
                	
                Attribute:
                	LDAP Display Name:	msExchOABLastTouchedTime
                	Syntax (OID):	2.5.5.11
                	Value:	20210805120106.0Z
                	
                Operation:
                	Type:	Value Added
                	Correlation ID:	{3A640523-5368-4199-A9DF-FE9B77A55806}
                	Application Correlation ID:	-

ComputerName  : FRANK-PDC
EventID       : 5136
Title         : ADObject Modified
TimeGenerated : 8/5/2021 2:01:05 PM
Content       : A directory service object was modified.
                	
                Subject:
                	Security ID:		S-1-5-21-2956518221-444034542-2043350422-87305
                	Account Name:		EU1MB9903$
                	Account Domain:		ROAYA
                	Logon ID:		0x2CF7F215F
                
                Directory Service:
                	Name:	Roaya.loc
                	Type:	Active Directory Domain Services
                	
                Object:
                	DN:	CN=jumia.cm Offline Address Book,CN=Offline Address Lists,CN=Address Lists 
                Container,CN=roaya,CN=Microsoft Exchange,CN=Services,CN=Configuration,DC=Roaya,DC=loc
                	GUID:	{AD8DD5A9-8C52-4DBC-9B28-5FAA78E2DF0E}
                	Class:	msExchOAB
                	
                Attribute:
                	LDAP Display Name:	msExchOABLastTouchedTime
                	Syntax (OID):	2.5.5.11
                	Value:	20210805053702.0Z
                	
                Operation:
                	Type:	Value Deleted
                	Correlation ID:	{3A640523-5368-4199-A9DF-FE9B77A55806}
                	Application Correlation ID:	-

ComputerName  : FRANK-PDC
EventID       : 5136
Title         : ADObject Modified
TimeGenerated : 8/5/2021 2:01:05 PM
Content       : A directory service object was modified.
                	
                Subject:
                	Security ID:		S-1-5-21-2956518221-444034542-2043350422-87305
                	Account Name:		EU1MB9903$
                	Account Domain:		ROAYA
                	Logon ID:		0x2CF7F215F
                
                Directory Service:
                	Name:	Roaya.loc
                	Type:	Active Directory Domain Services
                	
                Object:
                	DN:	CN=4season-travel.com Offline Address Book,CN=Offline Address Lists,CN=Address Lists 
                Container,CN=roaya,CN=Microsoft Exchange,CN=Services,CN=Configuration,DC=Roaya,DC=loc
                	GUID:	{F9A8D659-AB85-407A-99F9-E98D56C00397}
                	Class:	msExchOAB
                	
                Attribute:
                	LDAP Display Name:	msExchConfigurationXML
                	Syntax (OID):	2.5.5.12
                	Value:	<OfflineAddressBookConfigXML><ManifestVersion><AddressLists 
                AddressListId="1ad0fb6e-cdc8-4ad6-ac98-63296990ff1c" Sequence="424" 
                /></ManifestVersion><LastFailedTime p2:nil="true" xmlns:p2="http://www.w3.org/2001/XMLSchema-instance" 
                /><LastGeneratingData><MailboxGuid>feea8dd2-5615-42ce-a176-1f29ddbca752</MailboxGuid><DatabaseGuid>77c5
                ed34-31bb-4d80-988c-932fec22ef7e</DatabaseGuid><ServerFqdn>EU1MB9903.Roaya.loc</ServerFqdn></LastGenera
                tingData><HttpHomeMdbLastProcessedBucket>0</HttpHomeMdbLastProcessedBucket><FullOabDownloadPreventionTh
                reshold>0</FullOabDownloadPreventionThreshold><ZipOabFilesBeforeUploading>false</ZipOabFilesBeforeUploa
                ding></OfflineAddressBookConfigXML>
                	
                Operation:
                	Type:	Value Added
                	Correlation ID:	{4E7C012A-7500-4208-849C-C371E5DAB17E}
                	Application Correlation ID:	-

ComputerName  : FRANK-PDC
EventID       : 5136
Title         : ADObject Modified
TimeGenerated : 8/5/2021 2:01:05 PM
Content       : A directory service object was modified.
                	
                Subject:
                	Security ID:		S-1-5-21-2956518221-444034542-2043350422-87305
                	Account Name:		EU1MB9903$
                	Account Domain:		ROAYA
                	Logon ID:		0x2CF7F215F
                
                Directory Service:
                	Name:	Roaya.loc
                	Type:	Active Directory Domain Services
                	
                Object:
                	DN:	CN=4season-travel.com Offline Address Book,CN=Offline Address Lists,CN=Address Lists 
                Container,CN=roaya,CN=Microsoft Exchange,CN=Services,CN=Configuration,DC=Roaya,DC=loc
                	GUID:	{F9A8D659-AB85-407A-99F9-E98D56C00397}
                	Class:	msExchOAB
                	
                Attribute:
                	LDAP Display Name:	msExchConfigurationXML
                	Syntax (OID):	2.5.5.12
                	Value:	<OfflineAddressBookConfigXML><ManifestVersion><AddressLists 
                AddressListId="1ad0fb6e-cdc8-4ad6-ac98-63296990ff1c" Sequence="423" 
                /></ManifestVersion><LastFailedTime p2:nil="true" xmlns:p2="http://www.w3.org/2001/XMLSchema-instance" 
                /><LastGeneratingData><MailboxGuid>feea8dd2-5615-42ce-a176-1f29ddbca752</MailboxGuid><DatabaseGuid>77c5
                ed34-31bb-4d80-988c-932fec22ef7e</DatabaseGuid><ServerFqdn>EU1MB9903.Roaya.loc</ServerFqdn></LastGenera
                tingData><HttpHomeMdbLastProcessedBucket>0</HttpHomeMdbLastProcessedBucket><FullOabDownloadPreventionTh
                reshold>0</FullOabDownloadPreventionThreshold><ZipOabFilesBeforeUploading>false</ZipOabFilesBeforeUploa
                ding></OfflineAddressBookConfigXML>
                	
                Operation:
                	Type:	Value Deleted
                	Correlation ID:	{4E7C012A-7500-4208-849C-C371E5DAB17E}
                	Application Correlation ID:	-

ComputerName  : FRANK-PDC
EventID       : 5136
Title         : ADObject Modified
TimeGenerated : 8/5/2021 2:01:05 PM
Content       : A directory service object was modified.
                	
                Subject:
                	Security ID:		S-1-5-21-2956518221-444034542-2043350422-87305
                	Account Name:		EU1MB9903$
                	Account Domain:		ROAYA
                	Logon ID:		0x2CF7F215F
                
                Directory Service:
                	Name:	Roaya.loc
                	Type:	Active Directory Domain Services
                	
                Object:
                	DN:	CN=4season-travel.com Offline Address Book,CN=Offline Address Lists,CN=Address Lists 
                Container,CN=roaya,CN=Microsoft Exchange,CN=Services,CN=Configuration,DC=Roaya,DC=loc
                	GUID:	{F9A8D659-AB85-407A-99F9-E98D56C00397}
                	Class:	msExchOAB
                	
                Attribute:
                	LDAP Display Name:	msExchOABLastTouchedTime
                	Syntax (OID):	2.5.5.11
                	Value:	20210805120111.0Z
                	
                Operation:
                	Type:	Value Added
                	Correlation ID:	{4E7C012A-7500-4208-849C-C371E5DAB17E}
                	Application Correlation ID:	-

ComputerName  : FRANK-PDC
EventID       : 5136
Title         : ADObject Modified
TimeGenerated : 8/5/2021 2:01:05 PM
Content       : A directory service object was modified.
                	
                Subject:
                	Security ID:		S-1-5-21-2956518221-444034542-2043350422-87305
                	Account Name:		EU1MB9903$
                	Account Domain:		ROAYA
                	Logon ID:		0x2CF7F215F
                
                Directory Service:
                	Name:	Roaya.loc
                	Type:	Active Directory Domain Services
                	
                Object:
                	DN:	CN=4season-travel.com Offline Address Book,CN=Offline Address Lists,CN=Address Lists 
                Container,CN=roaya,CN=Microsoft Exchange,CN=Services,CN=Configuration,DC=Roaya,DC=loc
                	GUID:	{F9A8D659-AB85-407A-99F9-E98D56C00397}
                	Class:	msExchOAB
                	
                Attribute:
                	LDAP Display Name:	msExchOABLastTouchedTime
                	Syntax (OID):	2.5.5.11
                	Value:	20210805053707.0Z
                	
                Operation:
                	Type:	Value Deleted
                	Correlation ID:	{4E7C012A-7500-4208-849C-C371E5DAB17E}
                	Application Correlation ID:	-

ComputerName  : FRANK-PDC
EventID       : 5136
Title         : ADObject Modified
TimeGenerated : 8/5/2021 2:01:05 PM
Content       : A directory service object was modified.
                	
                Subject:
                	Security ID:		S-1-5-21-2956518221-444034542-2043350422-87305
                	Account Name:		EU1MB9903$
                	Account Domain:		ROAYA
                	Logon ID:		0x2CF7F215F
                
                Directory Service:
                	Name:	Roaya.loc
                	Type:	Active Directory Domain Services
                	
                Object:
                	DN:	CN=amalmereish.com Offline Address Book,CN=Offline Address Lists,CN=Address Lists 
                Container,CN=roaya,CN=Microsoft Exchange,CN=Services,CN=Configuration,DC=Roaya,DC=loc
                	GUID:	{C28B19F7-9D54-4B67-9E1D-C88B1A64DC87}
                	Class:	msExchOAB
                	
                Attribute:
                	LDAP Display Name:	msExchOABLastTouchedTime
                	Syntax (OID):	2.5.5.11
                	Value:	20210805120108.0Z
                	
                Operation:
                	Type:	Value Added
                	Correlation ID:	{133CBD2C-3D26-4EB9-ACFC-F77F8BDB292B}
                	Application Correlation ID:	-

ComputerName  : FRANK-PDC
EventID       : 5136
Title         : ADObject Modified
TimeGenerated : 8/5/2021 2:01:05 PM
Content       : A directory service object was modified.
                	
                Subject:
                	Security ID:		S-1-5-21-2956518221-444034542-2043350422-87305
                	Account Name:		EU1MB9903$
                	Account Domain:		ROAYA
                	Logon ID:		0x2CF7F215F
                
                Directory Service:
                	Name:	Roaya.loc
                	Type:	Active Directory Domain Services
                	
                Object:
                	DN:	CN=amalmereish.com Offline Address Book,CN=Offline Address Lists,CN=Address Lists 
                Container,CN=roaya,CN=Microsoft Exchange,CN=Services,CN=Configuration,DC=Roaya,DC=loc
                	GUID:	{C28B19F7-9D54-4B67-9E1D-C88B1A64DC87}
                	Class:	msExchOAB
                	
                Attribute:
                	LDAP Display Name:	msExchOABLastTouchedTime
                	Syntax (OID):	2.5.5.11
                	Value:	20210805053704.0Z
                	
                Operation:
                	Type:	Value Deleted
                	Correlation ID:	{133CBD2C-3D26-4EB9-ACFC-F77F8BDB292B}
                	Application Correlation ID:	-

ComputerName  : FRANK-PDC
EventID       : 5136
Title         : ADObject Modified
TimeGenerated : 8/5/2021 2:00:55 PM
Content       : A directory service object was modified.
                	
                Subject:
                	Security ID:		S-1-5-21-2956518221-444034542-2043350422-87305
                	Account Name:		EU1MB9903$
                	Account Domain:		ROAYA
                	Logon ID:		0x2CF7F215F
                
                Directory Service:
                	Name:	Roaya.loc
                	Type:	Active Directory Domain Services
                	
                Object:
                	DN:	CN=kdsjfks.co Offline Address Book,CN=Offline Address Lists,CN=Address Lists 
                Container,CN=roaya,CN=Microsoft Exchange,CN=Services,CN=Configuration,DC=Roaya,DC=loc
                	GUID:	{0BF7E5FD-2C54-4013-9445-75EA9810D8BB}
                	Class:	msExchOAB
                	
                Attribute:
                	LDAP Display Name:	msExchOABLastTouchedTime
                	Syntax (OID):	2.5.5.11
                	Value:	20210805120056.0Z
                	
                Operation:
                	Type:	Value Added
                	Correlation ID:	{A77F3426-A14B-4011-9332-C871B6D72F36}
                	Application Correlation ID:	-

ComputerName  : FRANK-PDC
EventID       : 5136
Title         : ADObject Modified
TimeGenerated : 8/5/2021 2:00:55 PM
Content       : A directory service object was modified.
                	
                Subject:
                	Security ID:		S-1-5-21-2956518221-444034542-2043350422-87305
                	Account Name:		EU1MB9903$
                	Account Domain:		ROAYA
                	Logon ID:		0x2CF7F215F
                
                Directory Service:
                	Name:	Roaya.loc
                	Type:	Active Directory Domain Services
                	
                Object:
                	DN:	CN=kdsjfks.co Offline Address Book,CN=Offline Address Lists,CN=Address Lists 
                Container,CN=roaya,CN=Microsoft Exchange,CN=Services,CN=Configuration,DC=Roaya,DC=loc
                	GUID:	{0BF7E5FD-2C54-4013-9445-75EA9810D8BB}
                	Class:	msExchOAB
                	
                Attribute:
                	LDAP Display Name:	msExchOABLastTouchedTime
                	Syntax (OID):	2.5.5.11
                	Value:	20210805053654.0Z
                	
                Operation:
                	Type:	Value Deleted
                	Correlation ID:	{A77F3426-A14B-4011-9332-C871B6D72F36}
                	Application Correlation ID:	-

ComputerName  : FRANK-PDC
EventID       : 5136
Title         : ADObject Modified
TimeGenerated : 8/5/2021 2:00:55 PM
Content       : A directory service object was modified.
                	
                Subject:
                	Security ID:		S-1-5-21-2956518221-444034542-2043350422-87305
                	Account Name:		EU1MB9903$
                	Account Domain:		ROAYA
                	Logon ID:		0x2CF7F215F
                
                Directory Service:
                	Name:	Roaya.loc
                	Type:	Active Directory Domain Services
                	
                Object:
                	DN:	CN=srmberjayaent.com Offline Address Book,CN=Offline Address Lists,CN=Address Lists 
                Container,CN=roaya,CN=Microsoft Exchange,CN=Services,CN=Configuration,DC=Roaya,DC=loc
                	GUID:	{B69FF5F8-0A30-4B32-B1A2-C8E7E4AC531D}
                	Class:	msExchOAB
                	
                Attribute:
                	LDAP Display Name:	msExchOABLastTouchedTime
                	Syntax (OID):	2.5.5.11
                	Value:	20210805120103.0Z
                	
                Operation:
                	Type:	Value Added
                	Correlation ID:	{BA8DBF69-E2E1-4785-B617-ED4981231FA9}
                	Application Correlation ID:	-

ComputerName  : FRANK-PDC
EventID       : 5136
Title         : ADObject Modified
TimeGenerated : 8/5/2021 2:00:55 PM
Content       : A directory service object was modified.
                	
                Subject:
                	Security ID:		S-1-5-21-2956518221-444034542-2043350422-87305
                	Account Name:		EU1MB9903$
                	Account Domain:		ROAYA
                	Logon ID:		0x2CF7F215F
                
                Directory Service:
                	Name:	Roaya.loc
                	Type:	Active Directory Domain Services
                	
                Object:
                	DN:	CN=srmberjayaent.com Offline Address Book,CN=Offline Address Lists,CN=Address Lists 
                Container,CN=roaya,CN=Microsoft Exchange,CN=Services,CN=Configuration,DC=Roaya,DC=loc
                	GUID:	{B69FF5F8-0A30-4B32-B1A2-C8E7E4AC531D}
                	Class:	msExchOAB
                	
                Attribute:
                	LDAP Display Name:	msExchOABLastTouchedTime
                	Syntax (OID):	2.5.5.11
                	Value:	20210805053700.0Z
                	
                Operation:
                	Type:	Value Deleted
                	Correlation ID:	{BA8DBF69-E2E1-4785-B617-ED4981231FA9}
                	Application Correlation ID:	-

ComputerName  : FRANK-PDC
EventID       : 5136
Title         : ADObject Modified
TimeGenerated : 8/5/2021 2:00:55 PM
Content       : A directory service object was modified.
                	
                Subject:
                	Security ID:		S-1-5-21-2956518221-444034542-2043350422-87305
                	Account Name:		EU1MB9903$
                	Account Domain:		ROAYA
                	Logon ID:		0x2CF7F215F
                
                Directory Service:
                	Name:	Roaya.loc
                	Type:	Active Directory Domain Services
                	
                Object:
                	DN:	CN=jkpaw.com Offline Address Book,CN=Offline Address Lists,CN=Address Lists 
                Container,CN=roaya,CN=Microsoft Exchange,CN=Services,CN=Configuration,DC=Roaya,DC=loc
                	GUID:	{4EE4C07E-4E1B-467E-90CA-B0B2CA21B6C4}
                	Class:	msExchOAB
                	
                Attribute:
                	LDAP Display Name:	msExchOABLastTouchedTime
                	Syntax (OID):	2.5.5.11
                	Value:	20210805120101.0Z
                	
                Operation:
                	Type:	Value Added
                	Correlation ID:	{41833EEA-C95A-4355-9597-206015033491}
                	Application Correlation ID:	-

ComputerName  : FRANK-PDC
EventID       : 5136
Title         : ADObject Modified
TimeGenerated : 8/5/2021 2:00:55 PM
Content       : A directory service object was modified.
                	
                Subject:
                	Security ID:		S-1-5-21-2956518221-444034542-2043350422-87305
                	Account Name:		EU1MB9903$
                	Account Domain:		ROAYA
                	Logon ID:		0x2CF7F215F
                
                Directory Service:
                	Name:	Roaya.loc
                	Type:	Active Directory Domain Services
                	
                Object:
                	DN:	CN=jkpaw.com Offline Address Book,CN=Offline Address Lists,CN=Address Lists 
                Container,CN=roaya,CN=Microsoft Exchange,CN=Services,CN=Configuration,DC=Roaya,DC=loc
                	GUID:	{4EE4C07E-4E1B-467E-90CA-B0B2CA21B6C4}
                	Class:	msExchOAB
                	
                Attribute:
                	LDAP Display Name:	msExchOABLastTouchedTime
                	Syntax (OID):	2.5.5.11
                	Value:	20210805053658.0Z
                	
                Operation:
                	Type:	Value Deleted
                	Correlation ID:	{41833EEA-C95A-4355-9597-206015033491}
                	Application Correlation ID:	-

ComputerName  : FRANK-PDC
EventID       : 5136
Title         : ADObject Modified
TimeGenerated : 8/5/2021 2:00:55 PM
Content       : A directory service object was modified.
                	
                Subject:
                	Security ID:		S-1-5-21-2956518221-444034542-2043350422-87305
                	Account Name:		EU1MB9903$
                	Account Domain:		ROAYA
                	Logon ID:		0x2CF7F215F
                
                Directory Service:
                	Name:	Roaya.loc
                	Type:	Active Directory Domain Services
                	
                Object:
                	DN:	CN=ikaf.net Offline Address Book,CN=Offline Address Lists,CN=Address Lists 
                Container,CN=roaya,CN=Microsoft Exchange,CN=Services,CN=Configuration,DC=Roaya,DC=loc
                	GUID:	{A31B6901-1FD7-40AF-ADCE-BCEC63EC9EE1}
                	Class:	msExchOAB
                	
                Attribute:
                	LDAP Display Name:	msExchOABLastTouchedTime
                	Syntax (OID):	2.5.5.11
                	Value:	20210805120059.0Z
                	
                Operation:
                	Type:	Value Added
                	Correlation ID:	{E6D933D6-BF77-42B0-AD9E-36EBE45634F9}
                	Application Correlation ID:	-

ComputerName  : FRANK-PDC
EventID       : 5136
Title         : ADObject Modified
TimeGenerated : 8/5/2021 2:00:55 PM
Content       : A directory service object was modified.
                	
                Subject:
                	Security ID:		S-1-5-21-2956518221-444034542-2043350422-87305
                	Account Name:		EU1MB9903$
                	Account Domain:		ROAYA
                	Logon ID:		0x2CF7F215F
                
                Directory Service:
                	Name:	Roaya.loc
                	Type:	Active Directory Domain Services
                	
                Object:
                	DN:	CN=ikaf.net Offline Address Book,CN=Offline Address Lists,CN=Address Lists 
                Container,CN=roaya,CN=Microsoft Exchange,CN=Services,CN=Configuration,DC=Roaya,DC=loc
                	GUID:	{A31B6901-1FD7-40AF-ADCE-BCEC63EC9EE1}
                	Class:	msExchOAB
                	
                Attribute:
                	LDAP Display Name:	msExchOABLastTouchedTime
                	Syntax (OID):	2.5.5.11
                	Value:	20210805053656.0Z
                	
                Operation:
                	Type:	Value Deleted
                	Correlation ID:	{E6D933D6-BF77-42B0-AD9E-36EBE45634F9}
                	Application Correlation ID:	-

ComputerName  : FRANK-PDC
EventID       : 5136
Title         : ADObject Modified
TimeGenerated : 8/5/2021 2:00:45 PM
Content       : A directory service object was modified.
                	
                Subject:
                	Security ID:		S-1-5-21-2956518221-444034542-2043350422-87305
                	Account Name:		EU1MB9903$
                	Account Domain:		ROAYA
                	Logon ID:		0x2CF7F215F
                
                Directory Service:
                	Name:	Roaya.loc
                	Type:	Active Directory Domain Services
                	
                Object:
                	DN:	CN=haseeb.vk Offline Address Book,CN=Offline Address Lists,CN=Address Lists 
                Container,CN=roaya,CN=Microsoft Exchange,CN=Services,CN=Configuration,DC=Roaya,DC=loc
                	GUID:	{8413B34D-9D03-4C93-A9D1-5EAE6172E38D}
                	Class:	msExchOAB
                	
                Attribute:
                	LDAP Display Name:	msExchOABLastTouchedTime
                	Syntax (OID):	2.5.5.11
                	Value:	20210805120052.0Z
                	
                Operation:
                	Type:	Value Added
                	Correlation ID:	{0F94BFA4-6B0F-4761-8543-D3283ABF2412}
                	Application Correlation ID:	-

ComputerName  : FRANK-PDC
EventID       : 5136
Title         : ADObject Modified
TimeGenerated : 8/5/2021 2:00:45 PM
Content       : A directory service object was modified.
                	
                Subject:
                	Security ID:		S-1-5-21-2956518221-444034542-2043350422-87305
                	Account Name:		EU1MB9903$
                	Account Domain:		ROAYA
                	Logon ID:		0x2CF7F215F
                
                Directory Service:
                	Name:	Roaya.loc
                	Type:	Active Directory Domain Services
                	
                Object:
                	DN:	CN=haseeb.vk Offline Address Book,CN=Offline Address Lists,CN=Address Lists 
                Container,CN=roaya,CN=Microsoft Exchange,CN=Services,CN=Configuration,DC=Roaya,DC=loc
                	GUID:	{8413B34D-9D03-4C93-A9D1-5EAE6172E38D}
                	Class:	msExchOAB
                	
                Attribute:
                	LDAP Display Name:	msExchOABLastTouchedTime
                	Syntax (OID):	2.5.5.11
                	Value:	20210805053650.0Z
                	
                Operation:
                	Type:	Value Deleted
                	Correlation ID:	{0F94BFA4-6B0F-4761-8543-D3283ABF2412}
                	Application Correlation ID:	-

ComputerName  : FRANK-PDC
EventID       : 5136
Title         : ADObject Modified
TimeGenerated : 8/5/2021 2:00:45 PM
Content       : A directory service object was modified.
                	
                Subject:
                	Security ID:		S-1-5-21-2956518221-444034542-2043350422-87305
                	Account Name:		EU1MB9903$
                	Account Domain:		ROAYA
                	Logon ID:		0x2CF7F215F
                
                Directory Service:
                	Name:	Roaya.loc
                	Type:	Active Directory Domain Services
                	
                Object:
                	DN:	CN=fgfg.gfgfg Offline Address Book,CN=Offline Address Lists,CN=Address Lists 
                Container,CN=roaya,CN=Microsoft Exchange,CN=Services,CN=Configuration,DC=Roaya,DC=loc
                	GUID:	{EB49A25A-8E0E-4324-808E-53333C722E4D}
                	Class:	msExchOAB
                	
                Attribute:
                	LDAP Display Name:	msExchOABLastTouchedTime
                	Syntax (OID):	2.5.5.11
                	Value:	20210805120054.0Z
                	
                Operation:
                	Type:	Value Added
                	Correlation ID:	{7844677B-C995-42A1-892E-0A648065653A}
                	Application Correlation ID:	-

ComputerName  : FRANK-PDC
EventID       : 5136
Title         : ADObject Modified
TimeGenerated : 8/5/2021 2:00:45 PM
Content       : A directory service object was modified.
                	
                Subject:
                	Security ID:		S-1-5-21-2956518221-444034542-2043350422-87305
                	Account Name:		EU1MB9903$
                	Account Domain:		ROAYA
                	Logon ID:		0x2CF7F215F
                
                Directory Service:
                	Name:	Roaya.loc
                	Type:	Active Directory Domain Services
                	
                Object:
                	DN:	CN=fgfg.gfgfg Offline Address Book,CN=Offline Address Lists,CN=Address Lists 
                Container,CN=roaya,CN=Microsoft Exchange,CN=Services,CN=Configuration,DC=Roaya,DC=loc
                	GUID:	{EB49A25A-8E0E-4324-808E-53333C722E4D}
                	Class:	msExchOAB
                	
                Attribute:
                	LDAP Display Name:	msExchOABLastTouchedTime
                	Syntax (OID):	2.5.5.11
                	Value:	20210805053652.0Z
                	
                Operation:
                	Type:	Value Deleted
                	Correlation ID:	{7844677B-C995-42A1-892E-0A648065653A}
                	Application Correlation ID:	-

ComputerName  : FRANK-PDC
EventID       : 5136
Title         : ADObject Modified
TimeGenerated : 8/5/2021 2:00:45 PM
Content       : A directory service object was modified.
                	
                Subject:
                	Security ID:		S-1-5-21-2956518221-444034542-2043350422-87305
                	Account Name:		EU1MB9903$
                	Account Domain:		ROAYA
                	Logon ID:		0x2CF7F215F
                
                Directory Service:
                	Name:	Roaya.loc
                	Type:	Active Directory Domain Services
                	
                Object:
                	DN:	CN=www.finefitter.com.pk Offline Address Book,CN=Offline Address Lists,CN=Address Lists 
                Container,CN=roaya,CN=Microsoft Exchange,CN=Services,CN=Configuration,DC=Roaya,DC=loc
                	GUID:	{D346BA2E-67F4-4BC3-97B2-872F6A30D5A8}
                	Class:	msExchOAB
                	
                Attribute:
                	LDAP Display Name:	msExchOABLastTouchedTime
                	Syntax (OID):	2.5.5.11
                	Value:	20210805120047.0Z
                	
                Operation:
                	Type:	Value Added
                	Correlation ID:	{024E195A-FB9B-46E6-B3C1-7CC529E8E259}
                	Application Correlation ID:	-

ComputerName  : FRANK-PDC
EventID       : 5136
Title         : ADObject Modified
TimeGenerated : 8/5/2021 2:00:45 PM
Content       : A directory service object was modified.
                	
                Subject:
                	Security ID:		S-1-5-21-2956518221-444034542-2043350422-87305
                	Account Name:		EU1MB9903$
                	Account Domain:		ROAYA
                	Logon ID:		0x2CF7F215F
                
                Directory Service:
                	Name:	Roaya.loc
                	Type:	Active Directory Domain Services
                	
                Object:
                	DN:	CN=www.finefitter.com.pk Offline Address Book,CN=Offline Address Lists,CN=Address Lists 
                Container,CN=roaya,CN=Microsoft Exchange,CN=Services,CN=Configuration,DC=Roaya,DC=loc
                	GUID:	{D346BA2E-67F4-4BC3-97B2-872F6A30D5A8}
                	Class:	msExchOAB
                	
                Attribute:
                	LDAP Display Name:	msExchOABLastTouchedTime
                	Syntax (OID):	2.5.5.11
                	Value:	20210805053646.0Z
                	
                Operation:
                	Type:	Value Deleted
                	Correlation ID:	{024E195A-FB9B-46E6-B3C1-7CC529E8E259}
                	Application Correlation ID:	-

ComputerName  : FRANK-PDC
EventID       : 5136
Title         : ADObject Modified
TimeGenerated : 8/5/2021 2:00:45 PM
Content       : A directory service object was modified.
                	
                Subject:
                	Security ID:		S-1-5-21-2956518221-444034542-2043350422-87305
                	Account Name:		EU1MB9903$
                	Account Domain:		ROAYA
                	Logon ID:		0x2CF7F215F
                
                Directory Service:
                	Name:	Roaya.loc
                	Type:	Active Directory Domain Services
                	
                Object:
                	DN:	CN=catsmode.com Offline Address Book,CN=Offline Address Lists,CN=Address Lists 
                Container,CN=roaya,CN=Microsoft Exchange,CN=Services,CN=Configuration,DC=Roaya,DC=loc
                	GUID:	{BB4CA2D4-3E72-4B19-9FE7-0AD1BAAAEFED}
                	Class:	msExchOAB
                	
                Attribute:
                	LDAP Display Name:	msExchOABLastTouchedTime
                	Syntax (OID):	2.5.5.11
                	Value:	20210805120045.0Z
                	
                Operation:
                	Type:	Value Added
                	Correlation ID:	{B98DD099-5B36-4FB8-8CFC-AE9F76624ED5}
                	Application Correlation ID:	-

ComputerName  : FRANK-PDC
EventID       : 5136
Title         : ADObject Modified
TimeGenerated : 8/5/2021 2:00:45 PM
Content       : A directory service object was modified.
                	
                Subject:
                	Security ID:		S-1-5-21-2956518221-444034542-2043350422-87305
                	Account Name:		EU1MB9903$
                	Account Domain:		ROAYA
                	Logon ID:		0x2CF7F215F
                
                Directory Service:
                	Name:	Roaya.loc
                	Type:	Active Directory Domain Services
                	
                Object:
                	DN:	CN=catsmode.com Offline Address Book,CN=Offline Address Lists,CN=Address Lists 
                Container,CN=roaya,CN=Microsoft Exchange,CN=Services,CN=Configuration,DC=Roaya,DC=loc
                	GUID:	{BB4CA2D4-3E72-4B19-9FE7-0AD1BAAAEFED}
                	Class:	msExchOAB
                	
                Attribute:
                	LDAP Display Name:	msExchOABLastTouchedTime
                	Syntax (OID):	2.5.5.11
                	Value:	20210805053644.0Z
                	
                Operation:
                	Type:	Value Deleted
                	Correlation ID:	{B98DD099-5B36-4FB8-8CFC-AE9F76624ED5}
                	Application Correlation ID:	-

ComputerName  : FRANK-PDC
EventID       : 5136
Title         : ADObject Modified
TimeGenerated : 8/5/2021 2:00:45 PM
Content       : A directory service object was modified.
                	
                Subject:
                	Security ID:		S-1-5-21-2956518221-444034542-2043350422-87305
                	Account Name:		EU1MB9903$
                	Account Domain:		ROAYA
                	Logon ID:		0x2CF7F215F
                
                Directory Service:
                	Name:	Roaya.loc
                	Type:	Active Directory Domain Services
                	
                Object:
                	DN:	CN=reviewsdaily.co Offline Address Book,CN=Offline Address Lists,CN=Address Lists 
                Container,CN=roaya,CN=Microsoft Exchange,CN=Services,CN=Configuration,DC=Roaya,DC=loc
                	GUID:	{477C778A-AD20-49A7-9BB6-DB7AE9619E9E}
                	Class:	msExchOAB
                	
                Attribute:
                	LDAP Display Name:	msExchOABLastTouchedTime
                	Syntax (OID):	2.5.5.11
                	Value:	20210805120049.0Z
                	
                Operation:
                	Type:	Value Added
                	Correlation ID:	{283CC32C-3388-4D10-907E-EEDE95EFDFE4}
                	Application Correlation ID:	-

ComputerName  : FRANK-PDC
EventID       : 5136
Title         : ADObject Modified
TimeGenerated : 8/5/2021 2:00:45 PM
Content       : A directory service object was modified.
                	
                Subject:
                	Security ID:		S-1-5-21-2956518221-444034542-2043350422-87305
                	Account Name:		EU1MB9903$
                	Account Domain:		ROAYA
                	Logon ID:		0x2CF7F215F
                
                Directory Service:
                	Name:	Roaya.loc
                	Type:	Active Directory Domain Services
                	
                Object:
                	DN:	CN=reviewsdaily.co Offline Address Book,CN=Offline Address Lists,CN=Address Lists 
                Container,CN=roaya,CN=Microsoft Exchange,CN=Services,CN=Configuration,DC=Roaya,DC=loc
                	GUID:	{477C778A-AD20-49A7-9BB6-DB7AE9619E9E}
                	Class:	msExchOAB
                	
                Attribute:
                	LDAP Display Name:	msExchOABLastTouchedTime
                	Syntax (OID):	2.5.5.11
                	Value:	20210805053648.0Z
                	
                Operation:
                	Type:	Value Deleted
                	Correlation ID:	{283CC32C-3388-4D10-907E-EEDE95EFDFE4}
                	Application Correlation ID:	-

ComputerName  : FRANK-PDC
EventID       : 5136
Title         : ADObject Modified
TimeGenerated : 8/5/2021 2:00:35 PM
Content       : A directory service object was modified.
                	
                Subject:
                	Security ID:		S-1-5-21-2956518221-444034542-2043350422-87305
                	Account Name:		EU1MB9903$
                	Account Domain:		ROAYA
                	Logon ID:		0x2CF7F215F
                
                Directory Service:
                	Name:	Roaya.loc
                	Type:	Active Directory Domain Services
                	
                Object:
                	DN:	CN=agfgfgttcfct.mj Offline Address Book,CN=Offline Address Lists,CN=Address Lists 
                Container,CN=roaya,CN=Microsoft Exchange,CN=Services,CN=Configuration,DC=Roaya,DC=loc
                	GUID:	{7E95EF67-F936-40E2-8401-824FCF10257C}
                	Class:	msExchOAB
                	
                Attribute:
                	LDAP Display Name:	msExchOABLastTouchedTime
                	Syntax (OID):	2.5.5.11
                	Value:	20210805120042.0Z
                	
                Operation:
                	Type:	Value Added
                	Correlation ID:	{2DB7078F-C7A7-4C7F-9A94-04920A2AE6B2}
                	Application Correlation ID:	-

ComputerName  : FRANK-PDC
EventID       : 5136
Title         : ADObject Modified
TimeGenerated : 8/5/2021 2:00:35 PM
Content       : A directory service object was modified.
                	
                Subject:
                	Security ID:		S-1-5-21-2956518221-444034542-2043350422-87305
                	Account Name:		EU1MB9903$
                	Account Domain:		ROAYA
                	Logon ID:		0x2CF7F215F
                
                Directory Service:
                	Name:	Roaya.loc
                	Type:	Active Directory Domain Services
                	
                Object:
                	DN:	CN=agfgfgttcfct.mj Offline Address Book,CN=Offline Address Lists,CN=Address Lists 
                Container,CN=roaya,CN=Microsoft Exchange,CN=Services,CN=Configuration,DC=Roaya,DC=loc
                	GUID:	{7E95EF67-F936-40E2-8401-824FCF10257C}
                	Class:	msExchOAB
                	
                Attribute:
                	LDAP Display Name:	msExchOABLastTouchedTime
                	Syntax (OID):	2.5.5.11
                	Value:	20210805053642.0Z
                	
                Operation:
                	Type:	Value Deleted
                	Correlation ID:	{2DB7078F-C7A7-4C7F-9A94-04920A2AE6B2}
                	Application Correlation ID:	-

ComputerName  : FRANK-PDC
EventID       : 5136
Title         : ADObject Modified
TimeGenerated : 8/5/2021 2:00:35 PM
Content       : A directory service object was modified.
                	
                Subject:
                	Security ID:		S-1-5-21-2956518221-444034542-2043350422-87305
                	Account Name:		EU1MB9903$
                	Account Domain:		ROAYA
                	Logon ID:		0x2CF7F215F
                
                Directory Service:
                	Name:	Roaya.loc
                	Type:	Active Directory Domain Services
                	
                Object:
                	DN:	CN=sdjkfhdsjf.sa Offline Address Book,CN=Offline Address Lists,CN=Address Lists 
                Container,CN=roaya,CN=Microsoft Exchange,CN=Services,CN=Configuration,DC=Roaya,DC=loc
                	GUID:	{3046DD6F-F51F-4CE5-8C6A-85CAFF3AE392}
                	Class:	msExchOAB
                	
                Attribute:
                	LDAP Display Name:	msExchConfigurationXML
                	Syntax (OID):	2.5.5.12
                	Value:	<OfflineAddressBookConfigXML><ManifestVersion><AddressLists 
                AddressListId="165553c2-c0ca-452e-83dc-f24a6a644840" Sequence="421" 
                /></ManifestVersion><LastFailedTime p2:nil="true" xmlns:p2="http://www.w3.org/2001/XMLSchema-instance" 
                /><LastGeneratingData><MailboxGuid>feea8dd2-5615-42ce-a176-1f29ddbca752</MailboxGuid><DatabaseGuid>77c5
                ed34-31bb-4d80-988c-932fec22ef7e</DatabaseGuid><ServerFqdn>EU1MB9903.Roaya.loc</ServerFqdn></LastGenera
                tingData><HttpHomeMdbLastProcessedBucket>0</HttpHomeMdbLastProcessedBucket><FullOabDownloadPreventionTh
                reshold>0</FullOabDownloadPreventionThreshold><ZipOabFilesBeforeUploading>false</ZipOabFilesBeforeUploa
                ding></OfflineAddressBookConfigXML>
                	
                Operation:
                	Type:	Value Added
                	Correlation ID:	{460DC447-50A8-41AB-8808-64B080C0D907}
                	Application Correlation ID:	-

ComputerName  : FRANK-PDC
EventID       : 5136
Title         : ADObject Modified
TimeGenerated : 8/5/2021 2:00:35 PM
Content       : A directory service object was modified.
                	
                Subject:
                	Security ID:		S-1-5-21-2956518221-444034542-2043350422-87305
                	Account Name:		EU1MB9903$
                	Account Domain:		ROAYA
                	Logon ID:		0x2CF7F215F
                
                Directory Service:
                	Name:	Roaya.loc
                	Type:	Active Directory Domain Services
                	
                Object:
                	DN:	CN=sdjkfhdsjf.sa Offline Address Book,CN=Offline Address Lists,CN=Address Lists 
                Container,CN=roaya,CN=Microsoft Exchange,CN=Services,CN=Configuration,DC=Roaya,DC=loc
                	GUID:	{3046DD6F-F51F-4CE5-8C6A-85CAFF3AE392}
                	Class:	msExchOAB
                	
                Attribute:
                	LDAP Display Name:	msExchConfigurationXML
                	Syntax (OID):	2.5.5.12
                	Value:	<OfflineAddressBookConfigXML><ManifestVersion><AddressLists 
                AddressListId="165553c2-c0ca-452e-83dc-f24a6a644840" Sequence="420" 
                /></ManifestVersion><LastFailedTime p2:nil="true" xmlns:p2="http://www.w3.org/2001/XMLSchema-instance" 
                /><LastGeneratingData><MailboxGuid>feea8dd2-5615-42ce-a176-1f29ddbca752</MailboxGuid><DatabaseGuid>77c5
                ed34-31bb-4d80-988c-932fec22ef7e</DatabaseGuid><ServerFqdn>EU1MB9903.Roaya.loc</ServerFqdn></LastGenera
                tingData><HttpHomeMdbLastProcessedBucket>0</HttpHomeMdbLastProcessedBucket><FullOabDownloadPreventionTh
                reshold>0</FullOabDownloadPreventionThreshold><ZipOabFilesBeforeUploading>false</ZipOabFilesBeforeUploa
                ding></OfflineAddressBookConfigXML>
                	
                Operation:
                	Type:	Value Deleted
                	Correlation ID:	{460DC447-50A8-41AB-8808-64B080C0D907}
                	Application Correlation ID:	-

ComputerName  : FRANK-PDC
EventID       : 5136
Title         : ADObject Modified
TimeGenerated : 8/5/2021 2:00:35 PM
Content       : A directory service object was modified.
                	
                Subject:
                	Security ID:		S-1-5-21-2956518221-444034542-2043350422-87305
                	Account Name:		EU1MB9903$
                	Account Domain:		ROAYA
                	Logon ID:		0x2CF7F215F
                
                Directory Service:
                	Name:	Roaya.loc
                	Type:	Active Directory Domain Services
                	
                Object:
                	DN:	CN=sdjkfhdsjf.sa Offline Address Book,CN=Offline Address Lists,CN=Address Lists 
                Container,CN=roaya,CN=Microsoft Exchange,CN=Services,CN=Configuration,DC=Roaya,DC=loc
                	GUID:	{3046DD6F-F51F-4CE5-8C6A-85CAFF3AE392}
                	Class:	msExchOAB
                	
                Attribute:
                	LDAP Display Name:	msExchOABLastTouchedTime
                	Syntax (OID):	2.5.5.11
                	Value:	20210805120037.0Z
                	
                Operation:
                	Type:	Value Added
                	Correlation ID:	{460DC447-50A8-41AB-8808-64B080C0D907}
                	Application Correlation ID:	-

ComputerName  : FRANK-PDC
EventID       : 5136
Title         : ADObject Modified
TimeGenerated : 8/5/2021 2:00:35 PM
Content       : A directory service object was modified.
                	
                Subject:
                	Security ID:		S-1-5-21-2956518221-444034542-2043350422-87305
                	Account Name:		EU1MB9903$
                	Account Domain:		ROAYA
                	Logon ID:		0x2CF7F215F
                
                Directory Service:
                	Name:	Roaya.loc
                	Type:	Active Directory Domain Services
                	
                Object:
                	DN:	CN=sdjkfhdsjf.sa Offline Address Book,CN=Offline Address Lists,CN=Address Lists 
                Container,CN=roaya,CN=Microsoft Exchange,CN=Services,CN=Configuration,DC=Roaya,DC=loc
                	GUID:	{3046DD6F-F51F-4CE5-8C6A-85CAFF3AE392}
                	Class:	msExchOAB
                	
                Attribute:
                	LDAP Display Name:	msExchOABLastTouchedTime
                	Syntax (OID):	2.5.5.11
                	Value:	20210805053636.0Z
                	
                Operation:
                	Type:	Value Deleted
                	Correlation ID:	{460DC447-50A8-41AB-8808-64B080C0D907}
                	Application Correlation ID:	-

ComputerName  : FRANK-PDC
EventID       : 4740
Title         : User locked out
TimeGenerated : 8/5/2021 2:00:27 PM
Content       : A user account was locked out.
                
                Subject:
                	Security ID:		S-1-5-18
                	Account Name:		FRANK-PDC$
                	Account Domain:		ROAYA
                	Logon ID:		0x3E7
                
                Account That Was Locked Out:
                	Security ID:		S-1-5-21-2956518221-444034542-2043350422-63518
                	Account Name:		omar.gamal_morshedy
                
                Additional Information:
                	Caller Computer Name:	PROBOOK_G3

ComputerName  : FRANK-PDC
EventID       : 5136
Title         : ADObject Modified
TimeGenerated : 8/5/2021 2:00:25 PM
Content       : A directory service object was modified.
                	
                Subject:
                	Security ID:		S-1-5-21-2956518221-444034542-2043350422-87305
                	Account Name:		EU1MB9903$
                	Account Domain:		ROAYA
                	Logon ID:		0x2CF7F215F
                
                Directory Service:
                	Name:	Roaya.loc
                	Type:	Active Directory Domain Services
                	
                Object:
                	DN:	CN=lambingan.mobi Offline Address Book,CN=Offline Address Lists,CN=Address Lists 
                Container,CN=roaya,CN=Microsoft Exchange,CN=Services,CN=Configuration,DC=Roaya,DC=loc
                	GUID:	{FDFF8544-0085-43ED-B9C8-842CAC66C3FE}
                	Class:	msExchOAB
                	
                Attribute:
                	LDAP Display Name:	msExchConfigurationXML
                	Syntax (OID):	2.5.5.12
                	Value:	<OfflineAddressBookConfigXML><ManifestVersion><AddressLists 
                AddressListId="8665e2dd-1c87-48a7-888c-758decc52b90" Sequence="477" 
                /></ManifestVersion><LastFailedTime p2:nil="true" xmlns:p2="http://www.w3.org/2001/XMLSchema-instance" 
                /><LastGeneratingData><MailboxGuid>feea8dd2-5615-42ce-a176-1f29ddbca752</MailboxGuid><DatabaseGuid>77c5
                ed34-31bb-4d80-988c-932fec22ef7e</DatabaseGuid><ServerFqdn>EU1MB9903.Roaya.loc</ServerFqdn></LastGenera
                tingData><HttpHomeMdbLastProcessedBucket>0</HttpHomeMdbLastProcessedBucket><FullOabDownloadPreventionTh
                reshold>0</FullOabDownloadPreventionThreshold><ZipOabFilesBeforeUploading>false</ZipOabFilesBeforeUploa
                ding></OfflineAddressBookConfigXML>
                	
                Operation:
                	Type:	Value Added
                	Correlation ID:	{E893AD47-D65E-474D-A49D-788D852E30AC}
                	Application Correlation ID:	-

