ComputerName  : FRANK-PDC
EventID       : 5136
Title         : ADObject Modified
TimeGenerated : 8/5/2021 1:46:24 PM
Content       : A directory service object was modified.
                	
                Subject:
                	Security ID:		S-1-5-21-2956518221-444034542-2043350422-87305
                	Account Name:		EU1MB9903$
                	Account Domain:		ROAYA
                	Logon ID:		0x2CF7F215F
                
                Directory Service:
                	Name:	Roaya.loc
                	Type:	Active Directory Domain Services
                	
                Object:
                	DN:	CN=accurateeg.com Offline Address Book,CN=Offline Address Lists,CN=Address Lists 
                Container,CN=roaya,CN=Microsoft Exchange,CN=Services,CN=Configuration,DC=Roaya,DC=loc
                	GUID:	{AC68E1CF-8416-427A-A55F-44EAA3091968}
                	Class:	msExchOAB
                	
                Attribute:
                	LDAP Display Name:	msExchConfigurationXML
                	Syntax (OID):	2.5.5.12
                	Value:	<OfflineAddressBookConfigXML><ManifestVersion><AddressLists 
                AddressListId="9e21b08c-6d4d-47a2-ae53-282ad917763b" Sequence="486" 
                /></ManifestVersion><LastFailedTime p2:nil="true" xmlns:p2="http://www.w3.org/2001/XMLSchema-instance" 
                /><LastGeneratingData><MailboxGuid>feea8dd2-5615-42ce-a176-1f29ddbca752</MailboxGuid><DatabaseGuid>77c5
                ed34-31bb-4d80-988c-932fec22ef7e</DatabaseGuid><ServerFqdn>EU1MB9903.Roaya.loc</ServerFqdn></LastGenera
                tingData><HttpHomeMdbLastProcessedBucket>0</HttpHomeMdbLastProcessedBucket><FullOabDownloadPreventionTh
                reshold>0</FullOabDownloadPreventionThreshold><ZipOabFilesBeforeUploading>false</ZipOabFilesBeforeUploa
                ding></OfflineAddressBookConfigXML>
                	
                Operation:
                	Type:	Value Added
                	Correlation ID:	{06F0A5CD-8BA4-4C1D-A647-E56D2F1FF238}
                	Application Correlation ID:	-

ComputerName  : FRANK-PDC
EventID       : 5136
Title         : ADObject Modified
TimeGenerated : 8/5/2021 1:46:24 PM
Content       : A directory service object was modified.
                	
                Subject:
                	Security ID:		S-1-5-21-2956518221-444034542-2043350422-87305
                	Account Name:		EU1MB9903$
                	Account Domain:		ROAYA
                	Logon ID:		0x2CF7F215F
                
                Directory Service:
                	Name:	Roaya.loc
                	Type:	Active Directory Domain Services
                	
                Object:
                	DN:	CN=accurateeg.com Offline Address Book,CN=Offline Address Lists,CN=Address Lists 
                Container,CN=roaya,CN=Microsoft Exchange,CN=Services,CN=Configuration,DC=Roaya,DC=loc
                	GUID:	{AC68E1CF-8416-427A-A55F-44EAA3091968}
                	Class:	msExchOAB
                	
                Attribute:
                	LDAP Display Name:	msExchConfigurationXML
                	Syntax (OID):	2.5.5.12
                	Value:	<OfflineAddressBookConfigXML><ManifestVersion><AddressLists 
                AddressListId="9e21b08c-6d4d-47a2-ae53-282ad917763b" Sequence="485" 
                /></ManifestVersion><LastFailedTime p2:nil="true" xmlns:p2="http://www.w3.org/2001/XMLSchema-instance" 
                /><LastGeneratingData><MailboxGuid>feea8dd2-5615-42ce-a176-1f29ddbca752</MailboxGuid><DatabaseGuid>77c5
                ed34-31bb-4d80-988c-932fec22ef7e</DatabaseGuid><ServerFqdn>EU1MB9903.Roaya.loc</ServerFqdn></LastGenera
                tingData><HttpHomeMdbLastProcessedBucket>0</HttpHomeMdbLastProcessedBucket><FullOabDownloadPreventionTh
                reshold>0</FullOabDownloadPreventionThreshold><ZipOabFilesBeforeUploading>false</ZipOabFilesBeforeUploa
                ding></OfflineAddressBookConfigXML>
                	
                Operation:
                	Type:	Value Deleted
                	Correlation ID:	{06F0A5CD-8BA4-4C1D-A647-E56D2F1FF238}
                	Application Correlation ID:	-

ComputerName  : FRANK-PDC
EventID       : 5136
Title         : ADObject Modified
TimeGenerated : 8/5/2021 1:46:24 PM
Content       : A directory service object was modified.
                	
                Subject:
                	Security ID:		S-1-5-21-2956518221-444034542-2043350422-87305
                	Account Name:		EU1MB9903$
                	Account Domain:		ROAYA
                	Logon ID:		0x2CF7F215F
                
                Directory Service:
                	Name:	Roaya.loc
                	Type:	Active Directory Domain Services
                	
                Object:
                	DN:	CN=accurateeg.com Offline Address Book,CN=Offline Address Lists,CN=Address Lists 
                Container,CN=roaya,CN=Microsoft Exchange,CN=Services,CN=Configuration,DC=Roaya,DC=loc
                	GUID:	{AC68E1CF-8416-427A-A55F-44EAA3091968}
                	Class:	msExchOAB
                	
                Attribute:
                	LDAP Display Name:	msExchOABLastTouchedTime
                	Syntax (OID):	2.5.5.11
                	Value:	20210805114625.0Z
                	
                Operation:
                	Type:	Value Added
                	Correlation ID:	{06F0A5CD-8BA4-4C1D-A647-E56D2F1FF238}
                	Application Correlation ID:	-

ComputerName  : FRANK-PDC
EventID       : 5136
Title         : ADObject Modified
TimeGenerated : 8/5/2021 1:46:24 PM
Content       : A directory service object was modified.
                	
                Subject:
                	Security ID:		S-1-5-21-2956518221-444034542-2043350422-87305
                	Account Name:		EU1MB9903$
                	Account Domain:		ROAYA
                	Logon ID:		0x2CF7F215F
                
                Directory Service:
                	Name:	Roaya.loc
                	Type:	Active Directory Domain Services
                	
                Object:
                	DN:	CN=accurateeg.com Offline Address Book,CN=Offline Address Lists,CN=Address Lists 
                Container,CN=roaya,CN=Microsoft Exchange,CN=Services,CN=Configuration,DC=Roaya,DC=loc
                	GUID:	{AC68E1CF-8416-427A-A55F-44EAA3091968}
                	Class:	msExchOAB
                	
                Attribute:
                	LDAP Display Name:	msExchOABLastTouchedTime
                	Syntax (OID):	2.5.5.11
                	Value:	20210805052406.0Z
                	
                Operation:
                	Type:	Value Deleted
                	Correlation ID:	{06F0A5CD-8BA4-4C1D-A647-E56D2F1FF238}
                	Application Correlation ID:	-

ComputerName  : FRANK-PDC
EventID       : 5136
Title         : ADObject Modified
TimeGenerated : 8/5/2021 1:46:24 PM
Content       : A directory service object was modified.
                	
                Subject:
                	Security ID:		S-1-5-21-2956518221-444034542-2043350422-97789
                	Account Name:		LPC-SolidAdmin
                	Account Domain:		ROAYA
                	Logon ID:		0x2CF7DF93A
                
                Directory Service:
                	Name:	Roaya.loc
                	Type:	Active Directory Domain Services
                	
                Object:
                	DN:	CN=b.ahmed_egyptbestpro,OU=egyptbestproperties.com,OU=Mail,DC=Roaya,DC=loc
                	GUID:	{4067889A-1C58-40D2-84CC-3A3C9B2D32C4}
                	Class:	user
                	
                Attribute:
                	LDAP Display Name:	msExchVersion
                	Syntax (OID):	2.5.5.16
                	Value:	88218628259840
                	
                Operation:
                	Type:	Value Added
                	Correlation ID:	{A25ED175-A415-475A-9117-921AB7073CCB}
                	Application Correlation ID:	-

ComputerName  : FRANK-PDC
EventID       : 5136
Title         : ADObject Modified
TimeGenerated : 8/5/2021 1:46:24 PM
Content       : A directory service object was modified.
                	
                Subject:
                	Security ID:		S-1-5-21-2956518221-444034542-2043350422-97789
                	Account Name:		LPC-SolidAdmin
                	Account Domain:		ROAYA
                	Logon ID:		0x2CF7DF93A
                
                Directory Service:
                	Name:	Roaya.loc
                	Type:	Active Directory Domain Services
                	
                Object:
                	DN:	CN=b.ahmed_egyptbestpro,OU=egyptbestproperties.com,OU=Mail,DC=Roaya,DC=loc
                	GUID:	{4067889A-1C58-40D2-84CC-3A3C9B2D32C4}
                	Class:	user
                	
                Attribute:
                	LDAP Display Name:	msExchMobileMailboxPolicyLink
                	Syntax (OID):	2.5.5.1
                	Value:	CN=egyptbestproperties.com,CN=Mobile Mailbox Policies,CN=roaya,CN=Microsoft 
                Exchange,CN=Services,CN=Configuration,DC=Roaya,DC=loc
                	
                Operation:
                	Type:	Value Added
                	Correlation ID:	{176A4160-40B4-4B9A-A5E5-3A625F8083DE}
                	Application Correlation ID:	-

ComputerName  : FRANK-PDC
EventID       : 5136
Title         : ADObject Modified
TimeGenerated : 8/5/2021 1:46:24 PM
Content       : A directory service object was modified.
                	
                Subject:
                	Security ID:		S-1-5-21-2956518221-444034542-2043350422-97789
                	Account Name:		LPC-SolidAdmin
                	Account Domain:		ROAYA
                	Logon ID:		0x2CF7DF93A
                
                Directory Service:
                	Name:	Roaya.loc
                	Type:	Active Directory Domain Services
                	
                Object:
                	DN:	CN=b.ahmed_egyptbestpro,OU=egyptbestproperties.com,OU=Mail,DC=Roaya,DC=loc
                	GUID:	{4067889A-1C58-40D2-84CC-3A3C9B2D32C4}
                	Class:	user
                	
                Attribute:
                	LDAP Display Name:	protocolSettings
                	Syntax (OID):	2.5.5.12
                	Value:	IMAP41
                	
                Operation:
                	Type:	Value Added
                	Correlation ID:	{176A4160-40B4-4B9A-A5E5-3A625F8083DE}
                	Application Correlation ID:	-

ComputerName  : FRANK-PDC
EventID       : 5136
Title         : ADObject Modified
TimeGenerated : 8/5/2021 1:46:24 PM
Content       : A directory service object was modified.
                	
                Subject:
                	Security ID:		S-1-5-21-2956518221-444034542-2043350422-97789
                	Account Name:		LPC-SolidAdmin
                	Account Domain:		ROAYA
                	Logon ID:		0x2CF7DF93A
                
                Directory Service:
                	Name:	Roaya.loc
                	Type:	Active Directory Domain Services
                	
                Object:
                	DN:	CN=b.ahmed_egyptbestpro,OU=egyptbestproperties.com,OU=Mail,DC=Roaya,DC=loc
                	GUID:	{4067889A-1C58-40D2-84CC-3A3C9B2D32C4}
                	Class:	user
                	
                Attribute:
                	LDAP Display Name:	protocolSettings
                	Syntax (OID):	2.5.5.12
                	Value:	POP30
                	
                Operation:
                	Type:	Value Added
                	Correlation ID:	{176A4160-40B4-4B9A-A5E5-3A625F8083DE}
                	Application Correlation ID:	-

ComputerName  : FRANK-PDC
EventID       : 5136
Title         : ADObject Modified
TimeGenerated : 8/5/2021 1:46:24 PM
Content       : A directory service object was modified.
                	
                Subject:
                	Security ID:		S-1-5-21-2956518221-444034542-2043350422-97789
                	Account Name:		LPC-SolidAdmin
                	Account Domain:		ROAYA
                	Logon ID:		0x2CF7DF93A
                
                Directory Service:
                	Name:	Roaya.loc
                	Type:	Active Directory Domain Services
                	
                Object:
                	DN:	CN=b.ahmed_egyptbestpro,OU=egyptbestproperties.com,OU=Mail,DC=Roaya,DC=loc
                	GUID:	{4067889A-1C58-40D2-84CC-3A3C9B2D32C4}
                	Class:	user
                	
                Attribute:
                	LDAP Display Name:	protocolSettings
                	Syntax (OID):	2.5.5.12
                	Value:	MAPI1
                	
                Operation:
                	Type:	Value Added
                	Correlation ID:	{176A4160-40B4-4B9A-A5E5-3A625F8083DE}
                	Application Correlation ID:	-

ComputerName  : FRANK-PDC
EventID       : 5136
Title         : ADObject Modified
TimeGenerated : 8/5/2021 1:46:24 PM
Content       : A directory service object was modified.
                	
                Subject:
                	Security ID:		S-1-5-21-2956518221-444034542-2043350422-97789
                	Account Name:		LPC-SolidAdmin
                	Account Domain:		ROAYA
                	Logon ID:		0x2CF7DF93A
                
                Directory Service:
                	Name:	Roaya.loc
                	Type:	Active Directory Domain Services
                	
                Object:
                	DN:	CN=b.ahmed_egyptbestpro,OU=egyptbestproperties.com,OU=Mail,DC=Roaya,DC=loc
                	GUID:	{4067889A-1C58-40D2-84CC-3A3C9B2D32C4}
                	Class:	user
                	
                Attribute:
                	LDAP Display Name:	protocolSettings
                	Syntax (OID):	2.5.5.12
                	Value:	HTTP11
                	
                Operation:
                	Type:	Value Added
                	Correlation ID:	{176A4160-40B4-4B9A-A5E5-3A625F8083DE}
                	Application Correlation ID:	-

ComputerName  : FRANK-PDC
EventID       : 5136
Title         : ADObject Modified
TimeGenerated : 8/5/2021 1:46:24 PM
Content       : A directory service object was modified.
                	
                Subject:
                	Security ID:		S-1-5-21-2956518221-444034542-2043350422-97789
                	Account Name:		LPC-SolidAdmin
                	Account Domain:		ROAYA
                	Logon ID:		0x2CF7DF93A
                
                Directory Service:
                	Name:	Roaya.loc
                	Type:	Active Directory Domain Services
                	
                Object:
                	DN:	CN=b.ahmed_egyptbestpro,OU=egyptbestproperties.com,OU=Mail,DC=Roaya,DC=loc
                	GUID:	{4067889A-1C58-40D2-84CC-3A3C9B2D32C4}
                	Class:	user
                	
                Attribute:
                	LDAP Display Name:	protocolSettings
                	Syntax (OID):	2.5.5.12
                	Value:	OWA1
                	
                Operation:
                	Type:	Value Added
                	Correlation ID:	{176A4160-40B4-4B9A-A5E5-3A625F8083DE}
                	Application Correlation ID:	-

ComputerName  : FRANK-PDC
EventID       : 5136
Title         : ADObject Modified
TimeGenerated : 8/5/2021 1:46:24 PM
Content       : A directory service object was modified.
                	
                Subject:
                	Security ID:		S-1-5-21-2956518221-444034542-2043350422-97789
                	Account Name:		LPC-SolidAdmin
                	Account Domain:		ROAYA
                	Logon ID:		0x2CF7DF93A
                
                Directory Service:
                	Name:	Roaya.loc
                	Type:	Active Directory Domain Services
                	
                Object:
                	DN:	CN=b.ahmed_egyptbestpro,OU=egyptbestproperties.com,OU=Mail,DC=Roaya,DC=loc
                	GUID:	{4067889A-1C58-40D2-84CC-3A3C9B2D32C4}
                	Class:	user
                	
                Attribute:
                	LDAP Display Name:	mDBUseDefaults
                	Syntax (OID):	2.5.5.8
                	Value:	FALSE
                	
                Operation:
                	Type:	Value Added
                	Correlation ID:	{BCF7EDB3-002C-449C-AF6D-7717E8665742}
                	Application Correlation ID:	-

ComputerName  : FRANK-PDC
EventID       : 5136
Title         : ADObject Modified
TimeGenerated : 8/5/2021 1:46:24 PM
Content       : A directory service object was modified.
                	
                Subject:
                	Security ID:		S-1-5-21-2956518221-444034542-2043350422-97789
                	Account Name:		LPC-SolidAdmin
                	Account Domain:		ROAYA
                	Logon ID:		0x2CF7DF93A
                
                Directory Service:
                	Name:	Roaya.loc
                	Type:	Active Directory Domain Services
                	
                Object:
                	DN:	CN=b.ahmed_egyptbestpro,OU=egyptbestproperties.com,OU=Mail,DC=Roaya,DC=loc
                	GUID:	{4067889A-1C58-40D2-84CC-3A3C9B2D32C4}
                	Class:	user
                	
                Attribute:
                	LDAP Display Name:	mDBUseDefaults
                	Syntax (OID):	2.5.5.8
                	Value:	TRUE
                	
                Operation:
                	Type:	Value Deleted
                	Correlation ID:	{BCF7EDB3-002C-449C-AF6D-7717E8665742}
                	Application Correlation ID:	-

ComputerName  : FRANK-PDC
EventID       : 5136
Title         : ADObject Modified
TimeGenerated : 8/5/2021 1:46:24 PM
Content       : A directory service object was modified.
                	
                Subject:
                	Security ID:		S-1-5-21-2956518221-444034542-2043350422-97789
                	Account Name:		LPC-SolidAdmin
                	Account Domain:		ROAYA
                	Logon ID:		0x2CF7DF93A
                
                Directory Service:
                	Name:	Roaya.loc
                	Type:	Active Directory Domain Services
                	
                Object:
                	DN:	CN=b.ahmed_egyptbestpro,OU=egyptbestproperties.com,OU=Mail,DC=Roaya,DC=loc
                	GUID:	{4067889A-1C58-40D2-84CC-3A3C9B2D32C4}
                	Class:	user
                	
                Attribute:
                	LDAP Display Name:	mDBOverHardQuotaLimit
                	Syntax (OID):	2.5.5.9
                	Value:	209715200
                	
                Operation:
                	Type:	Value Added
                	Correlation ID:	{BCF7EDB3-002C-449C-AF6D-7717E8665742}
                	Application Correlation ID:	-

ComputerName  : FRANK-PDC
EventID       : 5136
Title         : ADObject Modified
TimeGenerated : 8/5/2021 1:46:24 PM
Content       : A directory service object was modified.
                	
                Subject:
                	Security ID:		S-1-5-21-2956518221-444034542-2043350422-97789
                	Account Name:		LPC-SolidAdmin
                	Account Domain:		ROAYA
                	Logon ID:		0x2CF7DF93A
                
                Directory Service:
                	Name:	Roaya.loc
                	Type:	Active Directory Domain Services
                	
                Object:
                	DN:	CN=b.ahmed_egyptbestpro,OU=egyptbestproperties.com,OU=Mail,DC=Roaya,DC=loc
                	GUID:	{4067889A-1C58-40D2-84CC-3A3C9B2D32C4}
                	Class:	user
                	
                Attribute:
                	LDAP Display Name:	mDBOverQuotaLimit
                	Syntax (OID):	2.5.5.9
                	Value:	209715200
                	
                Operation:
                	Type:	Value Added
                	Correlation ID:	{BCF7EDB3-002C-449C-AF6D-7717E8665742}
                	Application Correlation ID:	-

ComputerName  : FRANK-PDC
EventID       : 5136
Title         : ADObject Modified
TimeGenerated : 8/5/2021 1:46:24 PM
Content       : A directory service object was modified.
                	
                Subject:
                	Security ID:		S-1-5-21-2956518221-444034542-2043350422-97789
                	Account Name:		LPC-SolidAdmin
                	Account Domain:		ROAYA
                	Logon ID:		0x2CF7DF93A
                
                Directory Service:
                	Name:	Roaya.loc
                	Type:	Active Directory Domain Services
                	
                Object:
                	DN:	CN=b.ahmed_egyptbestpro,OU=egyptbestproperties.com,OU=Mail,DC=Roaya,DC=loc
                	GUID:	{4067889A-1C58-40D2-84CC-3A3C9B2D32C4}
                	Class:	user
                	
                Attribute:
                	LDAP Display Name:	msExchUseOAB
                	Syntax (OID):	2.5.5.1
                	Value:	CN=egyptbestproperties.com Offline Address Book,CN=Offline Address Lists,CN=Address Lists 
                Container,CN=roaya,CN=Microsoft Exchange,CN=Services,CN=Configuration,DC=Roaya,DC=loc
                	
                Operation:
                	Type:	Value Added
                	Correlation ID:	{BCF7EDB3-002C-449C-AF6D-7717E8665742}
                	Application Correlation ID:	-

ComputerName  : FRANK-PDC
EventID       : 5136
Title         : ADObject Modified
TimeGenerated : 8/5/2021 1:46:24 PM
Content       : A directory service object was modified.
                	
                Subject:
                	Security ID:		S-1-5-21-2956518221-444034542-2043350422-97789
                	Account Name:		LPC-SolidAdmin
                	Account Domain:		ROAYA
                	Logon ID:		0x2CF7DF93A
                
                Directory Service:
                	Name:	Roaya.loc
                	Type:	Active Directory Domain Services
                	
                Object:
                	DN:	CN=b.ahmed_egyptbestpro,OU=egyptbestproperties.com,OU=Mail,DC=Roaya,DC=loc
                	GUID:	{4067889A-1C58-40D2-84CC-3A3C9B2D32C4}
                	Class:	user
                	
                Attribute:
                	LDAP Display Name:	mDBStorageQuota
                	Syntax (OID):	2.5.5.9
                	Value:	199229440
                	
                Operation:
                	Type:	Value Added
                	Correlation ID:	{BCF7EDB3-002C-449C-AF6D-7717E8665742}
                	Application Correlation ID:	-

ComputerName  : FRANK-PDC
EventID       : 5136
Title         : ADObject Modified
TimeGenerated : 8/5/2021 1:46:24 PM
Content       : A directory service object was modified.
                	
                Subject:
                	Security ID:		S-1-5-21-2956518221-444034542-2043350422-97789
                	Account Name:		LPC-SolidAdmin
                	Account Domain:		ROAYA
                	Logon ID:		0x2CF7DF93A
                
                Directory Service:
                	Name:	Roaya.loc
                	Type:	Active Directory Domain Services
                	
                Object:
                	DN:	CN=b.ahmed_egyptbestpro,OU=egyptbestproperties.com,OU=Mail,DC=Roaya,DC=loc
                	GUID:	{4067889A-1C58-40D2-84CC-3A3C9B2D32C4}
                	Class:	user
                	
                Attribute:
                	LDAP Display Name:	garbageCollPeriod
                	Syntax (OID):	2.5.5.9
                	Value:	5270400
                	
                Operation:
                	Type:	Value Added
                	Correlation ID:	{BCF7EDB3-002C-449C-AF6D-7717E8665742}
                	Application Correlation ID:	-

ComputerName  : FRANK-PDC
EventID       : 5136
Title         : ADObject Modified
TimeGenerated : 8/5/2021 1:46:24 PM
Content       : A directory service object was modified.
                	
                Subject:
                	Security ID:		S-1-5-21-2956518221-444034542-2043350422-97789
                	Account Name:		LPC-SolidAdmin
                	Account Domain:		ROAYA
                	Logon ID:		0x2CF7DF93A
                
                Directory Service:
                	Name:	Roaya.loc
                	Type:	Active Directory Domain Services
                	
                Object:
                	DN:	CN=b.ahmed_egyptbestpro,OU=egyptbestproperties.com,OU=Mail,DC=Roaya,DC=loc
                	GUID:	{4067889A-1C58-40D2-84CC-3A3C9B2D32C4}
                	Class:	user
                	
                Attribute:
                	LDAP Display Name:	deletedItemFlags
                	Syntax (OID):	2.5.5.9
                	Value:	5
                	
                Operation:
                	Type:	Value Added
                	Correlation ID:	{BCF7EDB3-002C-449C-AF6D-7717E8665742}
                	Application Correlation ID:	-

ComputerName  : FRANK-PDC
EventID       : 5136
Title         : ADObject Modified
TimeGenerated : 8/5/2021 1:46:24 PM
Content       : A directory service object was modified.
                	
                Subject:
                	Security ID:		S-1-5-21-2956518221-444034542-2043350422-97789
                	Account Name:		LPC-SolidAdmin
                	Account Domain:		ROAYA
                	Logon ID:		0x2CF7DF93A
                
                Directory Service:
                	Name:	Roaya.loc
                	Type:	Active Directory Domain Services
                	
                Object:
                	DN:	CN=b.ahmed_egyptbestpro,OU=egyptbestproperties.com,OU=Mail,DC=Roaya,DC=loc
                	GUID:	{4067889A-1C58-40D2-84CC-3A3C9B2D32C4}
                	Class:	user
                	
                Attribute:
                	LDAP Display Name:	msExchPublicFolderMailbox
                	Syntax (OID):	2.5.5.1
                	Value:	CN=egyptbestproperties.com Public Folder 
                Mailbox,OU=egyptbestproperties.com,OU=Mail,DC=Roaya,DC=loc
                	
                Operation:
                	Type:	Value Added
                	Correlation ID:	{BCF7EDB3-002C-449C-AF6D-7717E8665742}
                	Application Correlation ID:	-

ComputerName  : FRANK-PDC
EventID       : 5136
Title         : ADObject Modified
TimeGenerated : 8/5/2021 1:46:24 PM
Content       : A directory service object was modified.
                	
                Subject:
                	Security ID:		S-1-5-21-2956518221-444034542-2043350422-97789
                	Account Name:		LPC-SolidAdmin
                	Account Domain:		ROAYA
                	Logon ID:		0x2CF7DF93A
                
                Directory Service:
                	Name:	Roaya.loc
                	Type:	Active Directory Domain Services
                	
                Object:
                	DN:	CN=b.ahmed_egyptbestpro,OU=egyptbestproperties.com,OU=Mail,DC=Roaya,DC=loc
                	GUID:	{4067889A-1C58-40D2-84CC-3A3C9B2D32C4}
                	Class:	user
                	
                Attribute:
                	LDAP Display Name:	delivContLength
                	Syntax (OID):	2.5.5.9
                	Value:	36000
                	
                Operation:
                	Type:	Value Added
                	Correlation ID:	{BCF7EDB3-002C-449C-AF6D-7717E8665742}
                	Application Correlation ID:	-

ComputerName  : FRANK-PDC
EventID       : 5136
Title         : ADObject Modified
TimeGenerated : 8/5/2021 1:46:24 PM
Content       : A directory service object was modified.
                	
                Subject:
                	Security ID:		S-1-5-21-2956518221-444034542-2043350422-97789
                	Account Name:		LPC-SolidAdmin
                	Account Domain:		ROAYA
                	Logon ID:		0x2CF7DF93A
                
                Directory Service:
                	Name:	Roaya.loc
                	Type:	Active Directory Domain Services
                	
                Object:
                	DN:	CN=b.ahmed_egyptbestpro,OU=egyptbestproperties.com,OU=Mail,DC=Roaya,DC=loc
                	GUID:	{4067889A-1C58-40D2-84CC-3A3C9B2D32C4}
                	Class:	user
                	
                Attribute:
                	LDAP Display Name:	submissionContLength
                	Syntax (OID):	2.5.5.9
                	Value:	36000
                	
                Operation:
                	Type:	Value Added
                	Correlation ID:	{BCF7EDB3-002C-449C-AF6D-7717E8665742}
                	Application Correlation ID:	-

ComputerName  : FRANK-PDC
EventID       : 5136
Title         : ADObject Modified
TimeGenerated : 8/5/2021 1:46:24 PM
Content       : A directory service object was modified.
                	
                Subject:
                	Security ID:		S-1-5-21-2956518221-444034542-2043350422-97789
                	Account Name:		LPC-SolidAdmin
                	Account Domain:		ROAYA
                	Logon ID:		0x2CF7DF93A
                
                Directory Service:
                	Name:	Roaya.loc
                	Type:	Active Directory Domain Services
                	
                Object:
                	DN:	CN=b.ahmed_egyptbestpro,OU=egyptbestproperties.com,OU=Mail,DC=Roaya,DC=loc
                	GUID:	{4067889A-1C58-40D2-84CC-3A3C9B2D32C4}
                	Class:	user
                	
                Attribute:
                	LDAP Display Name:	msExchELCMailboxFlags
                	Syntax (OID):	2.5.5.9
                	Value:	146
                	
                Operation:
                	Type:	Value Added
                	Correlation ID:	{BCF7EDB3-002C-449C-AF6D-7717E8665742}
                	Application Correlation ID:	-

ComputerName  : FRANK-PDC
EventID       : 5136
Title         : ADObject Modified
TimeGenerated : 8/5/2021 1:46:24 PM
Content       : A directory service object was modified.
                	
                Subject:
                	Security ID:		S-1-5-21-2956518221-444034542-2043350422-97789
                	Account Name:		LPC-SolidAdmin
                	Account Domain:		ROAYA
                	Logon ID:		0x2CF7DF93A
                
                Directory Service:
                	Name:	Roaya.loc
                	Type:	Active Directory Domain Services
                	
                Object:
                	DN:	CN=b.ahmed_egyptbestpro,OU=egyptbestproperties.com,OU=Mail,DC=Roaya,DC=loc
                	GUID:	{4067889A-1C58-40D2-84CC-3A3C9B2D32C4}
                	Class:	user
                	
                Attribute:
                	LDAP Display Name:	msExchELCMailboxFlags
                	Syntax (OID):	2.5.5.9
                	Value:	130
                	
                Operation:
                	Type:	Value Deleted
                	Correlation ID:	{BCF7EDB3-002C-449C-AF6D-7717E8665742}
                	Application Correlation ID:	-

ComputerName  : FRANK-PDC
EventID       : 5136
Title         : ADObject Modified
TimeGenerated : 8/5/2021 1:46:24 PM
Content       : A directory service object was modified.
                	
                Subject:
                	Security ID:		S-1-5-21-2956518221-444034542-2043350422-97789
                	Account Name:		LPC-SolidAdmin
                	Account Domain:		ROAYA
                	Logon ID:		0x2CF7DF93A
                
                Directory Service:
                	Name:	Roaya.loc
                	Type:	Active Directory Domain Services
                	
                Object:
                	DN:	CN=b.ahmed_egyptbestpro,OU=egyptbestproperties.com,OU=Mail,DC=Roaya,DC=loc
                	GUID:	{4067889A-1C58-40D2-84CC-3A3C9B2D32C4}
                	Class:	user
                	
                Attribute:
                	LDAP Display Name:	mail
                	Syntax (OID):	2.5.5.12
                	Value:	b.ahmed@egyptbestproperties.com
                	
                Operation:
                	Type:	Value Added
                	Correlation ID:	{BCF7EDB3-002C-449C-AF6D-7717E8665742}
                	Application Correlation ID:	-

ComputerName  : FRANK-PDC
EventID       : 5136
Title         : ADObject Modified
TimeGenerated : 8/5/2021 1:46:24 PM
Content       : A directory service object was modified.
                	
                Subject:
                	Security ID:		S-1-5-21-2956518221-444034542-2043350422-97789
                	Account Name:		LPC-SolidAdmin
                	Account Domain:		ROAYA
                	Logon ID:		0x2CF7DF93A
                
                Directory Service:
                	Name:	Roaya.loc
                	Type:	Active Directory Domain Services
                	
                Object:
                	DN:	CN=b.ahmed_egyptbestpro,OU=egyptbestproperties.com,OU=Mail,DC=Roaya,DC=loc
                	GUID:	{4067889A-1C58-40D2-84CC-3A3C9B2D32C4}
                	Class:	user
                	
                Attribute:
                	LDAP Display Name:	mail
                	Syntax (OID):	2.5.5.12
                	Value:	b.ahmed_egyptbestpro@worldposta.cloud
                	
                Operation:
                	Type:	Value Deleted
                	Correlation ID:	{BCF7EDB3-002C-449C-AF6D-7717E8665742}
                	Application Correlation ID:	-

ComputerName  : FRANK-PDC
EventID       : 5136
Title         : ADObject Modified
TimeGenerated : 8/5/2021 1:46:24 PM
Content       : A directory service object was modified.
                	
                Subject:
                	Security ID:		S-1-5-21-2956518221-444034542-2043350422-97789
                	Account Name:		LPC-SolidAdmin
                	Account Domain:		ROAYA
                	Logon ID:		0x2CF7DF93A
                
                Directory Service:
                	Name:	Roaya.loc
                	Type:	Active Directory Domain Services
                	
                Object:
                	DN:	CN=b.ahmed_egyptbestpro,OU=egyptbestproperties.com,OU=Mail,DC=Roaya,DC=loc
                	GUID:	{4067889A-1C58-40D2-84CC-3A3C9B2D32C4}
                	Class:	user
                	
                Attribute:
                	LDAP Display Name:	msExchUMDtmfMap
                	Syntax (OID):	2.5.5.12
                	Value:	emailAddress:224633
                	
                Operation:
                	Type:	Value Added
                	Correlation ID:	{BCF7EDB3-002C-449C-AF6D-7717E8665742}
                	Application Correlation ID:	-

ComputerName  : FRANK-PDC
EventID       : 5136
Title         : ADObject Modified
TimeGenerated : 8/5/2021 1:46:24 PM
Content       : A directory service object was modified.
                	
                Subject:
                	Security ID:		S-1-5-21-2956518221-444034542-2043350422-97789
                	Account Name:		LPC-SolidAdmin
                	Account Domain:		ROAYA
                	Logon ID:		0x2CF7DF93A
                
                Directory Service:
                	Name:	Roaya.loc
                	Type:	Active Directory Domain Services
                	
                Object:
                	DN:	CN=b.ahmed_egyptbestpro,OU=egyptbestproperties.com,OU=Mail,DC=Roaya,DC=loc
                	GUID:	{4067889A-1C58-40D2-84CC-3A3C9B2D32C4}
                	Class:	user
                	
                Attribute:
                	LDAP Display Name:	msExchUMDtmfMap
                	Syntax (OID):	2.5.5.12
                	Value:	lastNameFirstName:2276224633
                	
                Operation:
                	Type:	Value Added
                	Correlation ID:	{BCF7EDB3-002C-449C-AF6D-7717E8665742}
                	Application Correlation ID:	-

ComputerName  : FRANK-PDC
EventID       : 5136
Title         : ADObject Modified
TimeGenerated : 8/5/2021 1:46:24 PM
Content       : A directory service object was modified.
                	
                Subject:
                	Security ID:		S-1-5-21-2956518221-444034542-2043350422-97789
                	Account Name:		LPC-SolidAdmin
                	Account Domain:		ROAYA
                	Logon ID:		0x2CF7DF93A
                
                Directory Service:
                	Name:	Roaya.loc
                	Type:	Active Directory Domain Services
                	
                Object:
                	DN:	CN=b.ahmed_egyptbestpro,OU=egyptbestproperties.com,OU=Mail,DC=Roaya,DC=loc
                	GUID:	{4067889A-1C58-40D2-84CC-3A3C9B2D32C4}
                	Class:	user
                	
                Attribute:
                	LDAP Display Name:	msExchUMDtmfMap
                	Syntax (OID):	2.5.5.12
                	Value:	firstNameLastName:2276224633
                	
                Operation:
                	Type:	Value Added
                	Correlation ID:	{BCF7EDB3-002C-449C-AF6D-7717E8665742}
                	Application Correlation ID:	-

ComputerName  : FRANK-PDC
EventID       : 5136
Title         : ADObject Modified
TimeGenerated : 8/5/2021 1:46:24 PM
Content       : A directory service object was modified.
                	
                Subject:
                	Security ID:		S-1-5-21-2956518221-444034542-2043350422-97789
                	Account Name:		LPC-SolidAdmin
                	Account Domain:		ROAYA
                	Logon ID:		0x2CF7DF93A
                
                Directory Service:
                	Name:	Roaya.loc
                	Type:	Active Directory Domain Services
                	
                Object:
                	DN:	CN=b.ahmed_egyptbestpro,OU=egyptbestproperties.com,OU=Mail,DC=Roaya,DC=loc
                	GUID:	{4067889A-1C58-40D2-84CC-3A3C9B2D32C4}
                	Class:	user
                	
                Attribute:
                	LDAP Display Name:	msExchUMDtmfMap
                	Syntax (OID):	2.5.5.12
                	Value:	emailAddress:224633349782378776
                	
                Operation:
                	Type:	Value Deleted
                	Correlation ID:	{BCF7EDB3-002C-449C-AF6D-7717E8665742}
                	Application Correlation ID:	-

ComputerName  : FRANK-PDC
EventID       : 5136
Title         : ADObject Modified
TimeGenerated : 8/5/2021 1:46:24 PM
Content       : A directory service object was modified.
                	
                Subject:
                	Security ID:		S-1-5-21-2956518221-444034542-2043350422-97789
                	Account Name:		LPC-SolidAdmin
                	Account Domain:		ROAYA
                	Logon ID:		0x2CF7DF93A
                
                Directory Service:
                	Name:	Roaya.loc
                	Type:	Active Directory Domain Services
                	
                Object:
                	DN:	CN=b.ahmed_egyptbestpro,OU=egyptbestproperties.com,OU=Mail,DC=Roaya,DC=loc
                	GUID:	{4067889A-1C58-40D2-84CC-3A3C9B2D32C4}
                	Class:	user
                	
                Attribute:
                	LDAP Display Name:	msExchUMDtmfMap
                	Syntax (OID):	2.5.5.12
                	Value:	lastNameFirstName:2276224633
                	
                Operation:
                	Type:	Value Deleted
                	Correlation ID:	{BCF7EDB3-002C-449C-AF6D-7717E8665742}
                	Application Correlation ID:	-

ComputerName  : FRANK-PDC
EventID       : 5136
Title         : ADObject Modified
TimeGenerated : 8/5/2021 1:46:24 PM
Content       : A directory service object was modified.
                	
                Subject:
                	Security ID:		S-1-5-21-2956518221-444034542-2043350422-97789
                	Account Name:		LPC-SolidAdmin
                	Account Domain:		ROAYA
                	Logon ID:		0x2CF7DF93A
                
                Directory Service:
                	Name:	Roaya.loc
                	Type:	Active Directory Domain Services
                	
                Object:
                	DN:	CN=b.ahmed_egyptbestpro,OU=egyptbestproperties.com,OU=Mail,DC=Roaya,DC=loc
                	GUID:	{4067889A-1C58-40D2-84CC-3A3C9B2D32C4}
                	Class:	user
                	
                Attribute:
                	LDAP Display Name:	msExchUMDtmfMap
                	Syntax (OID):	2.5.5.12
                	Value:	firstNameLastName:2276224633
                	
                Operation:
                	Type:	Value Deleted
                	Correlation ID:	{BCF7EDB3-002C-449C-AF6D-7717E8665742}
                	Application Correlation ID:	-

ComputerName  : FRANK-PDC
EventID       : 5136
Title         : ADObject Modified
TimeGenerated : 8/5/2021 1:46:24 PM
Content       : A directory service object was modified.
                	
                Subject:
                	Security ID:		S-1-5-21-2956518221-444034542-2043350422-97789
                	Account Name:		LPC-SolidAdmin
                	Account Domain:		ROAYA
                	Logon ID:		0x2CF7DF93A
                
                Directory Service:
                	Name:	Roaya.loc
                	Type:	Active Directory Domain Services
                	
                Object:
                	DN:	CN=b.ahmed_egyptbestpro,OU=egyptbestproperties.com,OU=Mail,DC=Roaya,DC=loc
                	GUID:	{4067889A-1C58-40D2-84CC-3A3C9B2D32C4}
                	Class:	user
                	
                Attribute:
                	LDAP Display Name:	msExchRecipLimit
                	Syntax (OID):	2.5.5.9
                	Value:	50
                	
                Operation:
                	Type:	Value Added
                	Correlation ID:	{BCF7EDB3-002C-449C-AF6D-7717E8665742}
                	Application Correlation ID:	-

ComputerName  : FRANK-PDC
EventID       : 5136
Title         : ADObject Modified
TimeGenerated : 8/5/2021 1:46:24 PM
Content       : A directory service object was modified.
                	
                Subject:
                	Security ID:		S-1-5-21-2956518221-444034542-2043350422-97789
                	Account Name:		LPC-SolidAdmin
                	Account Domain:		ROAYA
                	Logon ID:		0x2CF7DF93A
                
                Directory Service:
                	Name:	Roaya.loc
                	Type:	Active Directory Domain Services
                	
                Object:
                	DN:	CN=b.ahmed_egyptbestpro,OU=egyptbestproperties.com,OU=Mail,DC=Roaya,DC=loc
                	GUID:	{4067889A-1C58-40D2-84CC-3A3C9B2D32C4}
                	Class:	user
                	
                Attribute:
                	LDAP Display Name:	msExchPoliciesExcluded
                	Syntax (OID):	2.5.5.12
                	Value:	{26491cfc-9e50-4857-861b-0cb8df22b5d7}
                	
                Operation:
                	Type:	Value Added
                	Correlation ID:	{BCF7EDB3-002C-449C-AF6D-7717E8665742}
                	Application Correlation ID:	-

ComputerName  : FRANK-PDC
EventID       : 5136
Title         : ADObject Modified
TimeGenerated : 8/5/2021 1:46:24 PM
Content       : A directory service object was modified.
                	
                Subject:
                	Security ID:		S-1-5-21-2956518221-444034542-2043350422-97789
                	Account Name:		LPC-SolidAdmin
                	Account Domain:		ROAYA
                	Logon ID:		0x2CF7DF93A
                
                Directory Service:
                	Name:	Roaya.loc
                	Type:	Active Directory Domain Services
                	
                Object:
                	DN:	CN=b.ahmed_egyptbestpro,OU=egyptbestproperties.com,OU=Mail,DC=Roaya,DC=loc
                	GUID:	{4067889A-1C58-40D2-84CC-3A3C9B2D32C4}
                	Class:	user
                	
                Attribute:
                	LDAP Display Name:	msExchPoliciesIncluded
                	Syntax (OID):	2.5.5.12
                	Value:	9ce9209e-862a-44ec-a788-f63f6d7d35f1
                	
                Operation:
                	Type:	Value Deleted
                	Correlation ID:	{BCF7EDB3-002C-449C-AF6D-7717E8665742}
                	Application Correlation ID:	-

ComputerName  : FRANK-PDC
EventID       : 5136
Title         : ADObject Modified
TimeGenerated : 8/5/2021 1:46:24 PM
Content       : A directory service object was modified.
                	
                Subject:
                	Security ID:		S-1-5-21-2956518221-444034542-2043350422-97789
                	Account Name:		LPC-SolidAdmin
                	Account Domain:		ROAYA
                	Logon ID:		0x2CF7DF93A
                
                Directory Service:
                	Name:	Roaya.loc
                	Type:	Active Directory Domain Services
                	
                Object:
                	DN:	CN=b.ahmed_egyptbestpro,OU=egyptbestproperties.com,OU=Mail,DC=Roaya,DC=loc
                	GUID:	{4067889A-1C58-40D2-84CC-3A3C9B2D32C4}
                	Class:	user
                	
                Attribute:
                	LDAP Display Name:	msExchPoliciesIncluded
                	Syntax (OID):	2.5.5.12
                	Value:	{26491cfc-9e50-4857-861b-0cb8df22b5d7}
                	
                Operation:
                	Type:	Value Deleted
                	Correlation ID:	{BCF7EDB3-002C-449C-AF6D-7717E8665742}
                	Application Correlation ID:	-

ComputerName  : FRANK-PDC
EventID       : 5136
Title         : ADObject Modified
TimeGenerated : 8/5/2021 1:46:24 PM
Content       : A directory service object was modified.
                	
                Subject:
                	Security ID:		S-1-5-21-2956518221-444034542-2043350422-97789
                	Account Name:		LPC-SolidAdmin
                	Account Domain:		ROAYA
                	Logon ID:		0x2CF7DF93A
                
                Directory Service:
                	Name:	Roaya.loc
                	Type:	Active Directory Domain Services
                	
                Object:
                	DN:	CN=b.ahmed_egyptbestpro,OU=egyptbestproperties.com,OU=Mail,DC=Roaya,DC=loc
                	GUID:	{4067889A-1C58-40D2-84CC-3A3C9B2D32C4}
                	Class:	user
                	
                Attribute:
                	LDAP Display Name:	proxyAddresses
                	Syntax (OID):	2.5.5.12
                	Value:	SMTP:b.ahmed@egyptbestproperties.com
                	
                Operation:
                	Type:	Value Added
                	Correlation ID:	{BCF7EDB3-002C-449C-AF6D-7717E8665742}
                	Application Correlation ID:	-

ComputerName  : FRANK-PDC
EventID       : 5136
Title         : ADObject Modified
TimeGenerated : 8/5/2021 1:46:24 PM
Content       : A directory service object was modified.
                	
                Subject:
                	Security ID:		S-1-5-21-2956518221-444034542-2043350422-97789
                	Account Name:		LPC-SolidAdmin
                	Account Domain:		ROAYA
                	Logon ID:		0x2CF7DF93A
                
                Directory Service:
                	Name:	Roaya.loc
                	Type:	Active Directory Domain Services
                	
                Object:
                	DN:	CN=b.ahmed_egyptbestpro,OU=egyptbestproperties.com,OU=Mail,DC=Roaya,DC=loc
                	GUID:	{4067889A-1C58-40D2-84CC-3A3C9B2D32C4}
                	Class:	user
                	
                Attribute:
                	LDAP Display Name:	proxyAddresses
                	Syntax (OID):	2.5.5.12
                	Value:	smtp:b.ahmed_egyptbestpro@worldposta.cloud
                	
                Operation:
                	Type:	Value Added
                	Correlation ID:	{BCF7EDB3-002C-449C-AF6D-7717E8665742}
                	Application Correlation ID:	-

ComputerName  : FRANK-PDC
EventID       : 5136
Title         : ADObject Modified
TimeGenerated : 8/5/2021 1:46:24 PM
Content       : A directory service object was modified.
                	
                Subject:
                	Security ID:		S-1-5-21-2956518221-444034542-2043350422-97789
                	Account Name:		LPC-SolidAdmin
                	Account Domain:		ROAYA
                	Logon ID:		0x2CF7DF93A
                
                Directory Service:
                	Name:	Roaya.loc
                	Type:	Active Directory Domain Services
                	
                Object:
                	DN:	CN=b.ahmed_egyptbestpro,OU=egyptbestproperties.com,OU=Mail,DC=Roaya,DC=loc
                	GUID:	{4067889A-1C58-40D2-84CC-3A3C9B2D32C4}
                	Class:	user
                	
                Attribute:
                	LDAP Display Name:	proxyAddresses
                	Syntax (OID):	2.5.5.12
                	Value:	SMTP:b.ahmed_egyptbestpro@worldposta.cloud
                	
                Operation:
                	Type:	Value Deleted
                	Correlation ID:	{BCF7EDB3-002C-449C-AF6D-7717E8665742}
                	Application Correlation ID:	-

ComputerName  : FRANK-PDC
EventID       : 5136
Title         : ADObject Modified
TimeGenerated : 8/5/2021 1:46:24 PM
Content       : A directory service object was modified.
                	
                Subject:
                	Security ID:		S-1-5-21-2956518221-444034542-2043350422-97789
                	Account Name:		LPC-SolidAdmin
                	Account Domain:		ROAYA
                	Logon ID:		0x2CF7DF93A
                
                Directory Service:
                	Name:	Roaya.loc
                	Type:	Active Directory Domain Services
                	
                Object:
                	DN:	CN=b.ahmed_egyptbestpro,OU=egyptbestproperties.com,OU=Mail,DC=Roaya,DC=loc
                	GUID:	{4067889A-1C58-40D2-84CC-3A3C9B2D32C4}
                	Class:	user
                	
                Attribute:
                	LDAP Display Name:	extensionAttribute7
                	Syntax (OID):	2.5.5.12
                	Value:	0 GB
                	
                Operation:
                	Type:	Value Added
                	Correlation ID:	{BCF7EDB3-002C-449C-AF6D-7717E8665742}
                	Application Correlation ID:	-

