08/18/2021 09:27:24 [!] AD Changes detected. Sending mail.


ComputerName  : FRANK-ADC-04
EventID       : 5136
Title         : ADObject Modified
TimeGenerated : 8/18/2021 9:25:50 AM
Content       : A directory service object was modified.
                	
                Subject:
                	Security ID:		S-1-5-21-2956518221-444034542-2043350422-88723
                	Account Name:		EU1MB9902$
                	Account Domain:		ROAYA
                	Logon ID:		0x7E4241F2
                
                Directory Service:
                	Name:	Roaya.loc
                	Type:	Active Directory Domain Services
                	
                Object:
                	DN:	CN=warehouse@elahlyia.com.eg,OU=elahlyia.com.eg,OU=Mail,DC=Roaya,DC=loc
                	GUID:	{83AEB6B9-08F8-449A-AE5C-4F469A832053}
                	Class:	user
                	
                Attribute:
                	LDAP Display Name:	msExchMailboxAuditLastDelegateAccess
                	Syntax (OID):	2.5.5.11
                	Value:	20210818072541.0Z
                	
                Operation:
                	Type:	Value Added
                	Correlation ID:	{1CF53EC5-7351-4E60-A7FB-BA816CE4484E}
                	Application Correlation ID:	-

ComputerName  : FRANK-ADC-04
EventID       : 5136
Title         : ADObject Modified
TimeGenerated : 8/18/2021 9:25:50 AM
Content       : A directory service object was modified.
                	
                Subject:
                	Security ID:		S-1-5-21-2956518221-444034542-2043350422-88723
                	Account Name:		EU1MB9902$
                	Account Domain:		ROAYA
                	Logon ID:		0x7E4241F2
                
                Directory Service:
                	Name:	Roaya.loc
                	Type:	Active Directory Domain Services
                	
                Object:
                	DN:	CN=warehouse@elahlyia.com.eg,OU=elahlyia.com.eg,OU=Mail,DC=Roaya,DC=loc
                	GUID:	{83AEB6B9-08F8-449A-AE5C-4F469A832053}
                	Class:	user
                	
                Attribute:
                	LDAP Display Name:	msExchMailboxAuditLastDelegateAccess
                	Syntax (OID):	2.5.5.11
                	Value:	20210801142156.0Z
                	
                Operation:
                	Type:	Value Deleted
                	Correlation ID:	{1CF53EC5-7351-4E60-A7FB-BA816CE4484E}
                	Application Correlation ID:	-

ComputerName  : FRANK-PDC
EventID       : 4740
Title         : User locked out
TimeGenerated : 8/18/2021 9:25:35 AM
Content       : A user account was locked out.
                
                Subject:
                	Security ID:		S-1-5-18
                	Account Name:		FRANK-PDC$
                	Account Domain:		ROAYA
                	Logon ID:		0x3E7
                
                Account That Was Locked Out:
                	Security ID:		S-1-5-21-2956518221-444034542-2043350422-40801
                	Account Name:		a.ali_easternegypt.c
                
                Additional Information:
                	Caller Computer Name:	EU1FE3113

ComputerName  : FRANK-PDC
EventID       : 4740
Title         : User locked out
TimeGenerated : 8/18/2021 9:22:49 AM
Content       : A user account was locked out.
                
                Subject:
                	Security ID:		S-1-5-18
                	Account Name:		FRANK-PDC$
                	Account Domain:		ROAYA
                	Logon ID:		0x3E7
                
                Account That Was Locked Out:
                	Security ID:		S-1-5-21-2956518221-444034542-2043350422-23176
                	Account Name:		amr-gheith
                
                Additional Information:
                	Caller Computer Name:	DM6PR02MB3913

ComputerName  : FRANK-ADC-03
EventID       : 4723
Title         : User changed his own password
TimeGenerated : 8/18/2021 9:22:00 AM
Content       : An attempt was made to change an account's password.
                
                Subject:
                	Security ID:		S-1-5-21-2956518221-444034542-2043350422-21953
                	Account Name:		qnbalahli
                	Account Domain:		ROAYA
                	Logon ID:		0xB453EDFC
                
                Target Account:
                	Security ID:		S-1-5-21-2956518221-444034542-2043350422-21953
                	Account Name:		qnbalahli
                	Account Domain:		ROAYA
                
                Additional Information:
                	Privileges		-

ComputerName  : FRANK-ADC-03
EventID       : 4738
Title         : User changed
TimeGenerated : 8/18/2021 9:22:00 AM
Content       : A user account was changed.
                
                Subject:
                	Security ID:		S-1-5-7
                	Account Name:		ANONYMOUS LOGON
                	Account Domain:		NT AUTHORITY
                	Logon ID:		0x3E6
                
                Target Account:
                	Security ID:		S-1-5-21-2956518221-444034542-2043350422-21953
                	Account Name:		qnbalahli
                	Account Domain:		ROAYA
                
                Changed Attributes:
                	SAM Account Name:	-
                	Display Name:		-
                	User Principal Name:	-
                	Home Directory:		-
                	Home Drive:		-
                	Script Path:		-
                	Profile Path:		-
                	User Workstations:	-
                	Password Last Set:	8/18/2021 9:22:00 AM
                	Account Expires:		-
                	Primary Group ID:	-
                	AllowedToDelegateTo:	-
                	Old UAC Value:		-
                	New UAC Value:		-
                	User Account Control:	-
                	User Parameters:	-
                	SID History:		-
                	Logon Hours:		-
                
                Additional Information:
                	Privileges:		-

ComputerName  : FRANK-ADC-03
EventID       : 4740
Title         : User locked out
TimeGenerated : 8/18/2021 9:21:22 AM
Content       : A user account was locked out.
                
                Subject:
                	Security ID:		S-1-5-18
                	Account Name:		FRANK-ADC-03$
                	Account Domain:		ROAYA
                	Logon ID:		0x3E7
                
                Account That Was Locked Out:
                	Security ID:		S-1-5-21-2956518221-444034542-2043350422-30698
                	Account Name:		bassem.aly
                
                Additional Information:
                	Caller Computer Name:	HUSSIEN

ComputerName  : FRANK-PDC
EventID       : 4740
Title         : User locked out
TimeGenerated : 8/18/2021 9:21:19 AM
Content       : A user account was locked out.
                
                Subject:
                	Security ID:		S-1-5-18
                	Account Name:		FRANK-PDC$
                	Account Domain:		ROAYA
                	Logon ID:		0x3E7
                
                Account That Was Locked Out:
                	Security ID:		S-1-5-21-2956518221-444034542-2043350422-23211
                	Account Name:		hagar-mohamed
                
                Additional Information:
                	Caller Computer Name:	ACC-HAGAR

ComputerName  : FRANK-ADC-02
EventID       : 4740
Title         : User locked out
TimeGenerated : 8/18/2021 9:21:09 AM
Content       : A user account was locked out.
                
                Subject:
                	Security ID:		S-1-5-18
                	Account Name:		FRANK-ADC-02$
                	Account Domain:		ROAYA
                	Logon ID:		0x3E7
                
                Account That Was Locked Out:
                	Security ID:		S-1-5-21-2956518221-444034542-2043350422-65256
                	Account Name:		AFMHelpdes_dorra.com
                
                Additional Information:
                	Caller Computer Name:	EU1FE9111

ComputerName  : FRANK-PDC
EventID       : 4740
Title         : User locked out
TimeGenerated : 8/18/2021 9:21:09 AM
Content       : A user account was locked out.
                
                Subject:
                	Security ID:		S-1-5-18
                	Account Name:		FRANK-PDC$
                	Account Domain:		ROAYA
                	Logon ID:		0x3E7
                
                Account That Was Locked Out:
                	Security ID:		S-1-5-21-2956518221-444034542-2043350422-65256
                	Account Name:		AFMHelpdes_dorra.com
                
                Additional Information:
                	Caller Computer Name:	EU1FE9111

ComputerName  : FRANK-ADC-03
EventID       : 5136
Title         : ADObject Modified
TimeGenerated : 8/18/2021 9:20:59 AM
Content       : A directory service object was modified.
                	
                Subject:
                	Security ID:		S-1-5-21-2956518221-444034542-2043350422-87305
                	Account Name:		EU1MB9903$
                	Account Domain:		ROAYA
                	Logon ID:		0xB33138E2
                
                Directory Service:
                	Name:	Roaya.loc
                	Type:	Active Directory Domain Services
                	
                Object:
                	DN:	CN=mohamed.s3_cleopatra,OU=cleopatradevelopments.com,OU=Mail,DC=Roaya,DC=loc
                	GUID:	{F2E0AB56-766A-4DAD-A554-3FD92B4B0E9D}
                	Class:	user
                	
                Attribute:
                	LDAP Display Name:	msExchTextMessagingState
                	Syntax (OID):	2.5.5.9
                	Value:	302120705
                	
                Operation:
                	Type:	Value Added
                	Correlation ID:	{CA837FD9-637C-43EA-AD27-B61C2DD50302}
                	Application Correlation ID:	-

ComputerName  : FRANK-ADC-03
EventID       : 5136
Title         : ADObject Modified
TimeGenerated : 8/18/2021 9:20:59 AM
Content       : A directory service object was modified.
                	
                Subject:
                	Security ID:		S-1-5-21-2956518221-444034542-2043350422-87305
                	Account Name:		EU1MB9903$
                	Account Domain:		ROAYA
                	Logon ID:		0xB33138E2
                
                Directory Service:
                	Name:	Roaya.loc
                	Type:	Active Directory Domain Services
                	
                Object:
                	DN:	CN=mohamed.s3_cleopatra,OU=cleopatradevelopments.com,OU=Mail,DC=Roaya,DC=loc
                	GUID:	{F2E0AB56-766A-4DAD-A554-3FD92B4B0E9D}
                	Class:	user
                	
                Attribute:
                	LDAP Display Name:	msExchTextMessagingState
                	Syntax (OID):	2.5.5.9
                	Value:	16842751
                	
                Operation:
                	Type:	Value Added
                	Correlation ID:	{CA837FD9-637C-43EA-AD27-B61C2DD50302}
                	Application Correlation ID:	-

ComputerName  : FRANK-PDC
EventID       : 5136
Title         : ADObject Modified
TimeGenerated : 8/18/2021 9:20:56 AM
Content       : A directory service object was modified.
                	
                Subject:
                	Security ID:		S-1-5-21-2956518221-444034542-2043350422-97789
                	Account Name:		LPC-SolidAdmin
                	Account Domain:		ROAYA
                	Logon ID:		0xD45F2CB7
                
                Directory Service:
                	Name:	Roaya.loc
                	Type:	Active Directory Domain Services
                	
                Object:
                	DN:	CN=mohamed.s3_cleopatra,OU=cleopatradevelopments.com,OU=Mail,DC=Roaya,DC=loc
                	GUID:	{F2E0AB56-766A-4DAD-A554-3FD92B4B0E9D}
                	Class:	user
                	
                Attribute:
                	LDAP Display Name:	msExchMailboxTemplateLink
                	Syntax (OID):	2.5.5.1
                	Value:	CN=SCPPolicy7743_BusinessPlan,CN=Retention Policies Container,CN=roaya,CN=Microsoft 
                Exchange,CN=Services,CN=Configuration,DC=Roaya,DC=loc
                	
                Operation:
                	Type:	Value Added
                	Correlation ID:	{E2841C34-B9F9-4FC4-A1D6-000822DC7F4F}
                	Application Correlation ID:	-

ComputerName  : FRANK-PDC
EventID       : 5136
Title         : ADObject Modified
TimeGenerated : 8/18/2021 9:20:56 AM
Content       : A directory service object was modified.
                	
                Subject:
                	Security ID:		S-1-5-21-2956518221-444034542-2043350422-97789
                	Account Name:		LPC-SolidAdmin
                	Account Domain:		ROAYA
                	Logon ID:		0xD45F2CB7
                
                Directory Service:
                	Name:	Roaya.loc
                	Type:	Active Directory Domain Services
                	
                Object:
                	DN:	CN=mohamed.s3_cleopatra,OU=cleopatradevelopments.com,OU=Mail,DC=Roaya,DC=loc
                	GUID:	{F2E0AB56-766A-4DAD-A554-3FD92B4B0E9D}
                	Class:	user
                	
                Attribute:
                	LDAP Display Name:	msExchELCMailboxFlags
                	Syntax (OID):	2.5.5.9
                	Value:	18
                	
                Operation:
                	Type:	Value Added
                	Correlation ID:	{E2841C34-B9F9-4FC4-A1D6-000822DC7F4F}
                	Application Correlation ID:	-

ComputerName  : FRANK-PDC
EventID       : 5136
Title         : ADObject Modified
TimeGenerated : 8/18/2021 9:20:56 AM
Content       : A directory service object was modified.
                	
                Subject:
                	Security ID:		S-1-5-21-2956518221-444034542-2043350422-97789
                	Account Name:		LPC-SolidAdmin
                	Account Domain:		ROAYA
                	Logon ID:		0xD45F2CB7
                
                Directory Service:
                	Name:	Roaya.loc
                	Type:	Active Directory Domain Services
                	
                Object:
                	DN:	CN=mohamed.s3_cleopatra,OU=cleopatradevelopments.com,OU=Mail,DC=Roaya,DC=loc
                	GUID:	{F2E0AB56-766A-4DAD-A554-3FD92B4B0E9D}
                	Class:	user
                	
                Attribute:
                	LDAP Display Name:	msExchELCMailboxFlags
                	Syntax (OID):	2.5.5.9
                	Value:	146
                	
                Operation:
                	Type:	Value Deleted
                	Correlation ID:	{E2841C34-B9F9-4FC4-A1D6-000822DC7F4F}
                	Application Correlation ID:	-

ComputerName  : FRANK-PDC
EventID       : 5136
Title         : ADObject Modified
TimeGenerated : 8/18/2021 9:20:53 AM
Content       : A directory service object was modified.
                	
                Subject:
                	Security ID:		S-1-5-21-2956518221-444034542-2043350422-97789
                	Account Name:		LPC-SolidAdmin
                	Account Domain:		ROAYA
                	Logon ID:		0xD45F2CB7
                
                Directory Service:
                	Name:	Roaya.loc
                	Type:	Active Directory Domain Services
                	
                Object:
                	DN:	CN=mohamed.s3_cleopatra,OU=cleopatradevelopments.com,OU=Mail,DC=Roaya,DC=loc
                	GUID:	{F2E0AB56-766A-4DAD-A554-3FD92B4B0E9D}
                	Class:	user
                	
                Attribute:
                	LDAP Display Name:	msExchMobileMailboxPolicyLink
                	Syntax (OID):	2.5.5.1
                	Value:	CN=cleopatradevelopments.com,CN=Mobile Mailbox Policies,CN=roaya,CN=Microsoft 
                Exchange,CN=Services,CN=Configuration,DC=Roaya,DC=loc
                	
                Operation:
                	Type:	Value Added
                	Correlation ID:	{9BCB230B-8D28-446F-ACD8-1AC4774C97CD}
                	Application Correlation ID:	-

ComputerName  : FRANK-PDC
EventID       : 5136
Title         : ADObject Modified
TimeGenerated : 8/18/2021 9:20:53 AM
Content       : A directory service object was modified.
                	
                Subject:
                	Security ID:		S-1-5-21-2956518221-444034542-2043350422-97789
                	Account Name:		LPC-SolidAdmin
                	Account Domain:		ROAYA
                	Logon ID:		0xD45F2CB7
                
                Directory Service:
                	Name:	Roaya.loc
                	Type:	Active Directory Domain Services
                	
                Object:
                	DN:	CN=mohamed.s3_cleopatra,OU=cleopatradevelopments.com,OU=Mail,DC=Roaya,DC=loc
                	GUID:	{F2E0AB56-766A-4DAD-A554-3FD92B4B0E9D}
                	Class:	user
                	
                Attribute:
                	LDAP Display Name:	protocolSettings
                	Syntax (OID):	2.5.5.12
                	Value:	IMAP41
                	
                Operation:
                	Type:	Value Added
                	Correlation ID:	{9BCB230B-8D28-446F-ACD8-1AC4774C97CD}
                	Application Correlation ID:	-

ComputerName  : FRANK-PDC
EventID       : 5136
Title         : ADObject Modified
TimeGenerated : 8/18/2021 9:20:53 AM
Content       : A directory service object was modified.
                	
                Subject:
                	Security ID:		S-1-5-21-2956518221-444034542-2043350422-97789
                	Account Name:		LPC-SolidAdmin
                	Account Domain:		ROAYA
                	Logon ID:		0xD45F2CB7
                
                Directory Service:
                	Name:	Roaya.loc
                	Type:	Active Directory Domain Services
                	
                Object:
                	DN:	CN=mohamed.s3_cleopatra,OU=cleopatradevelopments.com,OU=Mail,DC=Roaya,DC=loc
                	GUID:	{F2E0AB56-766A-4DAD-A554-3FD92B4B0E9D}
                	Class:	user
                	
                Attribute:
                	LDAP Display Name:	protocolSettings
                	Syntax (OID):	2.5.5.12
                	Value:	POP30
                	
                Operation:
                	Type:	Value Added
                	Correlation ID:	{9BCB230B-8D28-446F-ACD8-1AC4774C97CD}
                	Application Correlation ID:	-

ComputerName  : FRANK-PDC
EventID       : 5136
Title         : ADObject Modified
TimeGenerated : 8/18/2021 9:20:53 AM
Content       : A directory service object was modified.
                	
                Subject:
                	Security ID:		S-1-5-21-2956518221-444034542-2043350422-97789
                	Account Name:		LPC-SolidAdmin
                	Account Domain:		ROAYA
                	Logon ID:		0xD45F2CB7
                
                Directory Service:
                	Name:	Roaya.loc
                	Type:	Active Directory Domain Services
                	
                Object:
                	DN:	CN=mohamed.s3_cleopatra,OU=cleopatradevelopments.com,OU=Mail,DC=Roaya,DC=loc
                	GUID:	{F2E0AB56-766A-4DAD-A554-3FD92B4B0E9D}
                	Class:	user
                	
                Attribute:
                	LDAP Display Name:	protocolSettings
                	Syntax (OID):	2.5.5.12
                	Value:	MAPI1
                	
                Operation:
                	Type:	Value Added
                	Correlation ID:	{9BCB230B-8D28-446F-ACD8-1AC4774C97CD}
                	Application Correlation ID:	-

ComputerName  : FRANK-PDC
EventID       : 5136
Title         : ADObject Modified
TimeGenerated : 8/18/2021 9:20:53 AM
Content       : A directory service object was modified.
                	
                Subject:
                	Security ID:		S-1-5-21-2956518221-444034542-2043350422-97789
                	Account Name:		LPC-SolidAdmin
                	Account Domain:		ROAYA
                	Logon ID:		0xD45F2CB7
                
                Directory Service:
                	Name:	Roaya.loc
                	Type:	Active Directory Domain Services
                	
                Object:
                	DN:	CN=mohamed.s3_cleopatra,OU=cleopatradevelopments.com,OU=Mail,DC=Roaya,DC=loc
                	GUID:	{F2E0AB56-766A-4DAD-A554-3FD92B4B0E9D}
                	Class:	user
                	
                Attribute:
                	LDAP Display Name:	protocolSettings
                	Syntax (OID):	2.5.5.12
                	Value:	HTTP11
                	
                Operation:
                	Type:	Value Added
                	Correlation ID:	{9BCB230B-8D28-446F-ACD8-1AC4774C97CD}
                	Application Correlation ID:	-

ComputerName  : FRANK-PDC
EventID       : 5136
Title         : ADObject Modified
TimeGenerated : 8/18/2021 9:20:53 AM
Content       : A directory service object was modified.
                	
                Subject:
                	Security ID:		S-1-5-21-2956518221-444034542-2043350422-97789
                	Account Name:		LPC-SolidAdmin
                	Account Domain:		ROAYA
                	Logon ID:		0xD45F2CB7
                
                Directory Service:
                	Name:	Roaya.loc
                	Type:	Active Directory Domain Services
                	
                Object:
                	DN:	CN=mohamed.s3_cleopatra,OU=cleopatradevelopments.com,OU=Mail,DC=Roaya,DC=loc
                	GUID:	{F2E0AB56-766A-4DAD-A554-3FD92B4B0E9D}
                	Class:	user
                	
                Attribute:
                	LDAP Display Name:	protocolSettings
                	Syntax (OID):	2.5.5.12
                	Value:	OWA1
                	
                Operation:
                	Type:	Value Added
                	Correlation ID:	{9BCB230B-8D28-446F-ACD8-1AC4774C97CD}
                	Application Correlation ID:	-

ComputerName  : FRANK-PDC
EventID       : 5136
Title         : ADObject Modified
TimeGenerated : 8/18/2021 9:20:53 AM
Content       : A directory service object was modified.
                	
                Subject:
                	Security ID:		S-1-5-21-2956518221-444034542-2043350422-97789
                	Account Name:		LPC-SolidAdmin
                	Account Domain:		ROAYA
                	Logon ID:		0xD45F2CB7
                
                Directory Service:
                	Name:	Roaya.loc
                	Type:	Active Directory Domain Services
                	
                Object:
                	DN:	CN=mohamed.s3_cleopatra,OU=cleopatradevelopments.com,OU=Mail,DC=Roaya,DC=loc
                	GUID:	{F2E0AB56-766A-4DAD-A554-3FD92B4B0E9D}
                	Class:	user
                	
                Attribute:
                	LDAP Display Name:	msExchThrottlingPolicyDN
                	Syntax (OID):	2.5.5.1
                	Value:	CN=LimitMessagesSent1000,CN=Global Settings,CN=roaya,CN=Microsoft 
                Exchange,CN=Services,CN=Configuration,DC=Roaya,DC=loc
                	
                Operation:
                	Type:	Value Added
                	Correlation ID:	{71E772AC-C9DE-4237-AD4F-DC735A7E4746}
                	Application Correlation ID:	-

ComputerName  : FRANK-PDC
EventID       : 5136
Title         : ADObject Modified
TimeGenerated : 8/18/2021 9:20:53 AM
Content       : A directory service object was modified.
                	
                Subject:
                	Security ID:		S-1-5-21-2956518221-444034542-2043350422-97789
                	Account Name:		LPC-SolidAdmin
                	Account Domain:		ROAYA
                	Logon ID:		0xD45F2CB7
                
                Directory Service:
                	Name:	Roaya.loc
                	Type:	Active Directory Domain Services
                	
                Object:
                	DN:	CN=mohamed.s3_cleopatra,OU=cleopatradevelopments.com,OU=Mail,DC=Roaya,DC=loc
                	GUID:	{F2E0AB56-766A-4DAD-A554-3FD92B4B0E9D}
                	Class:	user
                	
                Attribute:
                	LDAP Display Name:	mDBUseDefaults
                	Syntax (OID):	2.5.5.8
                	Value:	FALSE
                	
                Operation:
                	Type:	Value Added
                	Correlation ID:	{1B7BC9E9-B97B-4146-AFBB-63C3FE34B4C2}
                	Application Correlation ID:	-

ComputerName  : FRANK-PDC
EventID       : 5136
Title         : ADObject Modified
TimeGenerated : 8/18/2021 9:20:53 AM
Content       : A directory service object was modified.
                	
                Subject:
                	Security ID:		S-1-5-21-2956518221-444034542-2043350422-97789
                	Account Name:		LPC-SolidAdmin
                	Account Domain:		ROAYA
                	Logon ID:		0xD45F2CB7
                
                Directory Service:
                	Name:	Roaya.loc
                	Type:	Active Directory Domain Services
                	
                Object:
                	DN:	CN=mohamed.s3_cleopatra,OU=cleopatradevelopments.com,OU=Mail,DC=Roaya,DC=loc
                	GUID:	{F2E0AB56-766A-4DAD-A554-3FD92B4B0E9D}
                	Class:	user
                	
                Attribute:
                	LDAP Display Name:	mDBUseDefaults
                	Syntax (OID):	2.5.5.8
                	Value:	TRUE
                	
                Operation:
                	Type:	Value Deleted
                	Correlation ID:	{1B7BC9E9-B97B-4146-AFBB-63C3FE34B4C2}
                	Application Correlation ID:	-

ComputerName  : FRANK-PDC
EventID       : 5136
Title         : ADObject Modified
TimeGenerated : 8/18/2021 9:20:53 AM
Content       : A directory service object was modified.
                	
                Subject:
                	Security ID:		S-1-5-21-2956518221-444034542-2043350422-97789
                	Account Name:		LPC-SolidAdmin
                	Account Domain:		ROAYA
                	Logon ID:		0xD45F2CB7
                
                Directory Service:
                	Name:	Roaya.loc
                	Type:	Active Directory Domain Services
                	
                Object:
                	DN:	CN=mohamed.s3_cleopatra,OU=cleopatradevelopments.com,OU=Mail,DC=Roaya,DC=loc
                	GUID:	{F2E0AB56-766A-4DAD-A554-3FD92B4B0E9D}
                	Class:	user
                	
                Attribute:
                	LDAP Display Name:	mDBOverHardQuotaLimit
                	Syntax (OID):	2.5.5.9
                	Value:	52428800
                	
                Operation:
                	Type:	Value Added
                	Correlation ID:	{1B7BC9E9-B97B-4146-AFBB-63C3FE34B4C2}
                	Application Correlation ID:	-

ComputerName  : FRANK-PDC
EventID       : 5136
Title         : ADObject Modified
TimeGenerated : 8/18/2021 9:20:53 AM
Content       : A directory service object was modified.
                	
                Subject:
                	Security ID:		S-1-5-21-2956518221-444034542-2043350422-97789
                	Account Name:		LPC-SolidAdmin
                	Account Domain:		ROAYA
                	Logon ID:		0xD45F2CB7
                
                Directory Service:
                	Name:	Roaya.loc
                	Type:	Active Directory Domain Services
                	
                Object:
                	DN:	CN=mohamed.s3_cleopatra,OU=cleopatradevelopments.com,OU=Mail,DC=Roaya,DC=loc
                	GUID:	{F2E0AB56-766A-4DAD-A554-3FD92B4B0E9D}
                	Class:	user
                	
                Attribute:
                	LDAP Display Name:	mDBOverQuotaLimit
                	Syntax (OID):	2.5.5.9
                	Value:	52428800
                	
                Operation:
                	Type:	Value Added
                	Correlation ID:	{1B7BC9E9-B97B-4146-AFBB-63C3FE34B4C2}
                	Application Correlation ID:	-

ComputerName  : FRANK-PDC
EventID       : 5136
Title         : ADObject Modified
TimeGenerated : 8/18/2021 9:20:53 AM
Content       : A directory service object was modified.
                	
                Subject:
                	Security ID:		S-1-5-21-2956518221-444034542-2043350422-97789
                	Account Name:		LPC-SolidAdmin
                	Account Domain:		ROAYA
                	Logon ID:		0xD45F2CB7
                
                Directory Service:
                	Name:	Roaya.loc
                	Type:	Active Directory Domain Services
                	
                Object:
                	DN:	CN=mohamed.s3_cleopatra,OU=cleopatradevelopments.com,OU=Mail,DC=Roaya,DC=loc
                	GUID:	{F2E0AB56-766A-4DAD-A554-3FD92B4B0E9D}
                	Class:	user
                	
                Attribute:
                	LDAP Display Name:	msExchUseOAB
                	Syntax (OID):	2.5.5.1
                	Value:	CN=cleopatradevelopments.com Offline Address Book,CN=Offline Address Lists,CN=Address Lists 
                Container,CN=roaya,CN=Microsoft Exchange,CN=Services,CN=Configuration,DC=Roaya,DC=loc
                	
                Operation:
                	Type:	Value Added
                	Correlation ID:	{1B7BC9E9-B97B-4146-AFBB-63C3FE34B4C2}
                	Application Correlation ID:	-

ComputerName  : FRANK-PDC
EventID       : 5136
Title         : ADObject Modified
TimeGenerated : 8/18/2021 9:20:53 AM
Content       : A directory service object was modified.
                	
                Subject:
                	Security ID:		S-1-5-21-2956518221-444034542-2043350422-97789
                	Account Name:		LPC-SolidAdmin
                	Account Domain:		ROAYA
                	Logon ID:		0xD45F2CB7
                
                Directory Service:
                	Name:	Roaya.loc
                	Type:	Active Directory Domain Services
                	
                Object:
                	DN:	CN=mohamed.s3_cleopatra,OU=cleopatradevelopments.com,OU=Mail,DC=Roaya,DC=loc
                	GUID:	{F2E0AB56-766A-4DAD-A554-3FD92B4B0E9D}
                	Class:	user
                	
                Attribute:
                	LDAP Display Name:	mDBStorageQuota
                	Syntax (OID):	2.5.5.9
                	Value:	49807360
                	
                Operation:
                	Type:	Value Added
                	Correlation ID:	{1B7BC9E9-B97B-4146-AFBB-63C3FE34B4C2}
                	Application Correlation ID:	-

ComputerName  : FRANK-PDC
EventID       : 5136
Title         : ADObject Modified
TimeGenerated : 8/18/2021 9:20:53 AM
Content       : A directory service object was modified.
                	
                Subject:
                	Security ID:		S-1-5-21-2956518221-444034542-2043350422-97789
                	Account Name:		LPC-SolidAdmin
                	Account Domain:		ROAYA
                	Logon ID:		0xD45F2CB7
                
                Directory Service:
                	Name:	Roaya.loc
                	Type:	Active Directory Domain Services
                	
                Object:
                	DN:	CN=mohamed.s3_cleopatra,OU=cleopatradevelopments.com,OU=Mail,DC=Roaya,DC=loc
                	GUID:	{F2E0AB56-766A-4DAD-A554-3FD92B4B0E9D}
                	Class:	user
                	
                Attribute:
                	LDAP Display Name:	garbageCollPeriod
                	Syntax (OID):	2.5.5.9
                	Value:	5270400
                	
                Operation:
                	Type:	Value Added
                	Correlation ID:	{1B7BC9E9-B97B-4146-AFBB-63C3FE34B4C2}
                	Application Correlation ID:	-

ComputerName  : FRANK-PDC
EventID       : 5136
Title         : ADObject Modified
TimeGenerated : 8/18/2021 9:20:53 AM
Content       : A directory service object was modified.
                	
                Subject:
                	Security ID:		S-1-5-21-2956518221-444034542-2043350422-97789
                	Account Name:		LPC-SolidAdmin
                	Account Domain:		ROAYA
                	Logon ID:		0xD45F2CB7
                
                Directory Service:
                	Name:	Roaya.loc
                	Type:	Active Directory Domain Services
                	
                Object:
                	DN:	CN=mohamed.s3_cleopatra,OU=cleopatradevelopments.com,OU=Mail,DC=Roaya,DC=loc
                	GUID:	{F2E0AB56-766A-4DAD-A554-3FD92B4B0E9D}
                	Class:	user
                	
                Attribute:
                	LDAP Display Name:	deletedItemFlags
                	Syntax (OID):	2.5.5.9
                	Value:	5
                	
                Operation:
                	Type:	Value Added
                	Correlation ID:	{1B7BC9E9-B97B-4146-AFBB-63C3FE34B4C2}
                	Application Correlation ID:	-

ComputerName  : FRANK-PDC
EventID       : 5136
Title         : ADObject Modified
TimeGenerated : 8/18/2021 9:20:53 AM
Content       : A directory service object was modified.
                	
                Subject:
                	Security ID:		S-1-5-21-2956518221-444034542-2043350422-97789
                	Account Name:		LPC-SolidAdmin
                	Account Domain:		ROAYA
                	Logon ID:		0xD45F2CB7
                
                Directory Service:
                	Name:	Roaya.loc
                	Type:	Active Directory Domain Services
                	
                Object:
                	DN:	CN=mohamed.s3_cleopatra,OU=cleopatradevelopments.com,OU=Mail,DC=Roaya,DC=loc
                	GUID:	{F2E0AB56-766A-4DAD-A554-3FD92B4B0E9D}
                	Class:	user
                	
                Attribute:
                	LDAP Display Name:	msExchPublicFolderMailbox
                	Syntax (OID):	2.5.5.1
                	Value:	CN=cleopatradevelopments.com Public Folder 
                Mailbox,OU=cleopatradevelopments.com,OU=Mail,DC=Roaya,DC=loc
                	
                Operation:
                	Type:	Value Added
                	Correlation ID:	{1B7BC9E9-B97B-4146-AFBB-63C3FE34B4C2}
                	Application Correlation ID:	-

ComputerName  : FRANK-PDC
EventID       : 5136
Title         : ADObject Modified
TimeGenerated : 8/18/2021 9:20:53 AM
Content       : A directory service object was modified.
                	
                Subject:
                	Security ID:		S-1-5-21-2956518221-444034542-2043350422-97789
                	Account Name:		LPC-SolidAdmin
                	Account Domain:		ROAYA
                	Logon ID:		0xD45F2CB7
                
                Directory Service:
                	Name:	Roaya.loc
                	Type:	Active Directory Domain Services
                	
                Object:
                	DN:	CN=mohamed.s3_cleopatra,OU=cleopatradevelopments.com,OU=Mail,DC=Roaya,DC=loc
                	GUID:	{F2E0AB56-766A-4DAD-A554-3FD92B4B0E9D}
                	Class:	user
                	
                Attribute:
                	LDAP Display Name:	delivContLength
                	Syntax (OID):	2.5.5.9
                	Value:	35840
                	
                Operation:
                	Type:	Value Added
                	Correlation ID:	{1B7BC9E9-B97B-4146-AFBB-63C3FE34B4C2}
                	Application Correlation ID:	-

ComputerName  : FRANK-PDC
EventID       : 5136
Title         : ADObject Modified
TimeGenerated : 8/18/2021 9:20:53 AM
Content       : A directory service object was modified.
                	
                Subject:
                	Security ID:		S-1-5-21-2956518221-444034542-2043350422-97789
                	Account Name:		LPC-SolidAdmin
                	Account Domain:		ROAYA
                	Logon ID:		0xD45F2CB7
                
                Directory Service:
                	Name:	Roaya.loc
                	Type:	Active Directory Domain Services
                	
                Object:
                	DN:	CN=mohamed.s3_cleopatra,OU=cleopatradevelopments.com,OU=Mail,DC=Roaya,DC=loc
                	GUID:	{F2E0AB56-766A-4DAD-A554-3FD92B4B0E9D}
                	Class:	user
                	
                Attribute:
                	LDAP Display Name:	submissionContLength
                	Syntax (OID):	2.5.5.9
                	Value:	35840
                	
                Operation:
                	Type:	Value Added
                	Correlation ID:	{1B7BC9E9-B97B-4146-AFBB-63C3FE34B4C2}
                	Application Correlation ID:	-

ComputerName  : FRANK-PDC
EventID       : 5136
Title         : ADObject Modified
TimeGenerated : 8/18/2021 9:20:53 AM
Content       : A directory service object was modified.
                	
                Subject:
                	Security ID:		S-1-5-21-2956518221-444034542-2043350422-97789
                	Account Name:		LPC-SolidAdmin
                	Account Domain:		ROAYA
                	Logon ID:		0xD45F2CB7
                
                Directory Service:
                	Name:	Roaya.loc
                	Type:	Active Directory Domain Services
                	
                Object:
                	DN:	CN=mohamed.s3_cleopatra,OU=cleopatradevelopments.com,OU=Mail,DC=Roaya,DC=loc
                	GUID:	{F2E0AB56-766A-4DAD-A554-3FD92B4B0E9D}
                	Class:	user
                	
                Attribute:
                	LDAP Display Name:	msExchELCMailboxFlags
                	Syntax (OID):	2.5.5.9
                	Value:	146
                	
                Operation:
                	Type:	Value Added
                	Correlation ID:	{1B7BC9E9-B97B-4146-AFBB-63C3FE34B4C2}
                	Application Correlation ID:	-

ComputerName  : FRANK-PDC
EventID       : 5136
Title         : ADObject Modified
TimeGenerated : 8/18/2021 9:20:53 AM
Content       : A directory service object was modified.
                	
                Subject:
                	Security ID:		S-1-5-21-2956518221-444034542-2043350422-97789
                	Account Name:		LPC-SolidAdmin
                	Account Domain:		ROAYA
                	Logon ID:		0xD45F2CB7
                
                Directory Service:
                	Name:	Roaya.loc
                	Type:	Active Directory Domain Services
                	
                Object:
                	DN:	CN=mohamed.s3_cleopatra,OU=cleopatradevelopments.com,OU=Mail,DC=Roaya,DC=loc
                	GUID:	{F2E0AB56-766A-4DAD-A554-3FD92B4B0E9D}
                	Class:	user
                	
                Attribute:
                	LDAP Display Name:	msExchELCMailboxFlags
                	Syntax (OID):	2.5.5.9
                	Value:	130
                	
                Operation:
                	Type:	Value Deleted
                	Correlation ID:	{1B7BC9E9-B97B-4146-AFBB-63C3FE34B4C2}
                	Application Correlation ID:	-

ComputerName  : FRANK-PDC
EventID       : 5136
Title         : ADObject Modified
TimeGenerated : 8/18/2021 9:20:53 AM
Content       : A directory service object was modified.
                	
                Subject:
                	Security ID:		S-1-5-21-2956518221-444034542-2043350422-97789
                	Account Name:		LPC-SolidAdmin
                	Account Domain:		ROAYA
                	Logon ID:		0xD45F2CB7
                
                Directory Service:
                	Name:	Roaya.loc
                	Type:	Active Directory Domain Services
                	
                Object:
                	DN:	CN=mohamed.s3_cleopatra,OU=cleopatradevelopments.com,OU=Mail,DC=Roaya,DC=loc
                	GUID:	{F2E0AB56-766A-4DAD-A554-3FD92B4B0E9D}
                	Class:	user
                	
                Attribute:
                	LDAP Display Name:	mail
                	Syntax (OID):	2.5.5.12
                	Value:	mohamed.salah@Cleopatradevelopments.com
                	
                Operation:
                	Type:	Value Added
                	Correlation ID:	{1B7BC9E9-B97B-4146-AFBB-63C3FE34B4C2}
                	Application Correlation ID:	-

ComputerName  : FRANK-PDC
EventID       : 5136
Title         : ADObject Modified
TimeGenerated : 8/18/2021 9:20:53 AM
Content       : A directory service object was modified.
                	
                Subject:
                	Security ID:		S-1-5-21-2956518221-444034542-2043350422-97789
                	Account Name:		LPC-SolidAdmin
                	Account Domain:		ROAYA
                	Logon ID:		0xD45F2CB7
                
                Directory Service:
                	Name:	Roaya.loc
                	Type:	Active Directory Domain Services
                	
                Object:
                	DN:	CN=mohamed.s3_cleopatra,OU=cleopatradevelopments.com,OU=Mail,DC=Roaya,DC=loc
                	GUID:	{F2E0AB56-766A-4DAD-A554-3FD92B4B0E9D}
                	Class:	user
                	
                Attribute:
                	LDAP Display Name:	mail
                	Syntax (OID):	2.5.5.12
                	Value:	mohamed.s3_cleopatra@worldposta.cloud
                	
                Operation:
                	Type:	Value Deleted
                	Correlation ID:	{1B7BC9E9-B97B-4146-AFBB-63C3FE34B4C2}
                	Application Correlation ID:	-

ComputerName  : FRANK-PDC
EventID       : 5136
Title         : ADObject Modified
TimeGenerated : 8/18/2021 9:20:53 AM
Content       : A directory service object was modified.
                	
                Subject:
                	Security ID:		S-1-5-21-2956518221-444034542-2043350422-97789
                	Account Name:		LPC-SolidAdmin
                	Account Domain:		ROAYA
                	Logon ID:		0xD45F2CB7
                
                Directory Service:
                	Name:	Roaya.loc
                	Type:	Active Directory Domain Services
                	
                Object:
                	DN:	CN=mohamed.s3_cleopatra,OU=cleopatradevelopments.com,OU=Mail,DC=Roaya,DC=loc
                	GUID:	{F2E0AB56-766A-4DAD-A554-3FD92B4B0E9D}
                	Class:	user
                	
                Attribute:
                	LDAP Display Name:	msExchUMDtmfMap
                	Syntax (OID):	2.5.5.12
                	Value:	emailAddress:664263372524
                	
                Operation:
                	Type:	Value Added
                	Correlation ID:	{1B7BC9E9-B97B-4146-AFBB-63C3FE34B4C2}
                	Application Correlation ID:	-

ComputerName  : FRANK-PDC
EventID       : 5136
Title         : ADObject Modified
TimeGenerated : 8/18/2021 9:20:53 AM
Content       : A directory service object was modified.
                	
                Subject:
                	Security ID:		S-1-5-21-2956518221-444034542-2043350422-97789
                	Account Name:		LPC-SolidAdmin
                	Account Domain:		ROAYA
                	Logon ID:		0xD45F2CB7
                
                Directory Service:
                	Name:	Roaya.loc
                	Type:	Active Directory Domain Services
                	
                Object:
                	DN:	CN=mohamed.s3_cleopatra,OU=cleopatradevelopments.com,OU=Mail,DC=Roaya,DC=loc
                	GUID:	{F2E0AB56-766A-4DAD-A554-3FD92B4B0E9D}
                	Class:	user
                	
                Attribute:
                	LDAP Display Name:	msExchUMDtmfMap
                	Syntax (OID):	2.5.5.12
                	Value:	lastNameFirstName:664263372524
                	
                Operation:
                	Type:	Value Added
                	Correlation ID:	{1B7BC9E9-B97B-4146-AFBB-63C3FE34B4C2}
                	Application Correlation ID:	-

ComputerName  : FRANK-PDC
EventID       : 5136
Title         : ADObject Modified
TimeGenerated : 8/18/2021 9:20:53 AM
Content       : A directory service object was modified.
                	
                Subject:
                	Security ID:		S-1-5-21-2956518221-444034542-2043350422-97789
                	Account Name:		LPC-SolidAdmin
                	Account Domain:		ROAYA
                	Logon ID:		0xD45F2CB7
                
                Directory Service:
                	Name:	Roaya.loc
                	Type:	Active Directory Domain Services
                	
                Object:
                	DN:	CN=mohamed.s3_cleopatra,OU=cleopatradevelopments.com,OU=Mail,DC=Roaya,DC=loc
                	GUID:	{F2E0AB56-766A-4DAD-A554-3FD92B4B0E9D}
                	Class:	user
                	
                Attribute:
                	LDAP Display Name:	msExchUMDtmfMap
                	Syntax (OID):	2.5.5.12
                	Value:	firstNameLastName:664263372524
                	
                Operation:
                	Type:	Value Added
                	Correlation ID:	{1B7BC9E9-B97B-4146-AFBB-63C3FE34B4C2}
                	Application Correlation ID:	-

ComputerName  : FRANK-PDC
EventID       : 5136
Title         : ADObject Modified
TimeGenerated : 8/18/2021 9:20:53 AM
Content       : A directory service object was modified.
                	
                Subject:
                	Security ID:		S-1-5-21-2956518221-444034542-2043350422-97789
                	Account Name:		LPC-SolidAdmin
                	Account Domain:		ROAYA
                	Logon ID:		0xD45F2CB7
                
                Directory Service:
                	Name:	Roaya.loc
                	Type:	Active Directory Domain Services
                	
                Object:
                	DN:	CN=mohamed.s3_cleopatra,OU=cleopatradevelopments.com,OU=Mail,DC=Roaya,DC=loc
                	GUID:	{F2E0AB56-766A-4DAD-A554-3FD92B4B0E9D}
                	Class:	user
                	
                Attribute:
                	LDAP Display Name:	msExchUMDtmfMap
                	Syntax (OID):	2.5.5.12
                	Value:	emailAddress:664263373253672872
                	
                Operation:
                	Type:	Value Deleted
                	Correlation ID:	{1B7BC9E9-B97B-4146-AFBB-63C3FE34B4C2}
                	Application Correlation ID:	-

ComputerName  : FRANK-PDC
EventID       : 5136
Title         : ADObject Modified
TimeGenerated : 8/18/2021 9:20:53 AM
Content       : A directory service object was modified.
                	
                Subject:
                	Security ID:		S-1-5-21-2956518221-444034542-2043350422-97789
                	Account Name:		LPC-SolidAdmin
                	Account Domain:		ROAYA
                	Logon ID:		0xD45F2CB7
                
                Directory Service:
                	Name:	Roaya.loc
                	Type:	Active Directory Domain Services
                	
                Object:
                	DN:	CN=mohamed.s3_cleopatra,OU=cleopatradevelopments.com,OU=Mail,DC=Roaya,DC=loc
                	GUID:	{F2E0AB56-766A-4DAD-A554-3FD92B4B0E9D}
                	Class:	user
                	
                Attribute:
                	LDAP Display Name:	msExchUMDtmfMap
                	Syntax (OID):	2.5.5.12
                	Value:	lastNameFirstName:664263372524
                	
                Operation:
                	Type:	Value Deleted
                	Correlation ID:	{1B7BC9E9-B97B-4146-AFBB-63C3FE34B4C2}
                	Application Correlation ID:	-

ComputerName  : FRANK-PDC
EventID       : 5136
Title         : ADObject Modified
TimeGenerated : 8/18/2021 9:20:53 AM
Content       : A directory service object was modified.
                	
                Subject:
                	Security ID:		S-1-5-21-2956518221-444034542-2043350422-97789
                	Account Name:		LPC-SolidAdmin
                	Account Domain:		ROAYA
                	Logon ID:		0xD45F2CB7
                
                Directory Service:
                	Name:	Roaya.loc
                	Type:	Active Directory Domain Services
                	
                Object:
                	DN:	CN=mohamed.s3_cleopatra,OU=cleopatradevelopments.com,OU=Mail,DC=Roaya,DC=loc
                	GUID:	{F2E0AB56-766A-4DAD-A554-3FD92B4B0E9D}
                	Class:	user
                	
                Attribute:
                	LDAP Display Name:	msExchUMDtmfMap
                	Syntax (OID):	2.5.5.12
                	Value:	firstNameLastName:664263372524
                	
                Operation:
                	Type:	Value Deleted
                	Correlation ID:	{1B7BC9E9-B97B-4146-AFBB-63C3FE34B4C2}
                	Application Correlation ID:	-

ComputerName  : FRANK-PDC
EventID       : 5136
Title         : ADObject Modified
TimeGenerated : 8/18/2021 9:20:53 AM
Content       : A directory service object was modified.
                	
                Subject:
                	Security ID:		S-1-5-21-2956518221-444034542-2043350422-97789
                	Account Name:		LPC-SolidAdmin
                	Account Domain:		ROAYA
                	Logon ID:		0xD45F2CB7
                
                Directory Service:
                	Name:	Roaya.loc
                	Type:	Active Directory Domain Services
                	
                Object:
                	DN:	CN=mohamed.s3_cleopatra,OU=cleopatradevelopments.com,OU=Mail,DC=Roaya,DC=loc
                	GUID:	{F2E0AB56-766A-4DAD-A554-3FD92B4B0E9D}
                	Class:	user
                	
                Attribute:
                	LDAP Display Name:	msExchRecipLimit
                	Syntax (OID):	2.5.5.9
                	Value:	150
                	
                Operation:
                	Type:	Value Added
                	Correlation ID:	{1B7BC9E9-B97B-4146-AFBB-63C3FE34B4C2}
                	Application Correlation ID:	-

