ComputerName  : FRANK-PDC
EventID       : 5136
Title         : ADObject Modified
TimeGenerated : 8/5/2021 1:45:34 PM
Content       : A directory service object was modified.
                	
                Subject:
                	Security ID:		S-1-5-21-2956518221-444034542-2043350422-97789
                	Account Name:		LPC-SolidAdmin
                	Account Domain:		ROAYA
                	Logon ID:		0x2CF971FE0
                
                Directory Service:
                	Name:	Roaya.loc
                	Type:	Active Directory Domain Services
                	
                Object:
                	DN:	CN=abanoub.ad_smg.com.e,OU=smg.com.eg,OU=Mail,DC=Roaya,DC=loc
                	GUID:	{48176CA7-CD2C-493D-B4A2-652C2E47BD0E}
                	Class:	user
                	
                Attribute:
                	LDAP Display Name:	userAccountControl
                	Syntax (OID):	2.5.5.9
                	Value:	530
                	
                Operation:
                	Type:	Value Added
                	Correlation ID:	{6D77899F-0685-4BED-9E21-18A5669AB2CB}
                	Application Correlation ID:	-

ComputerName  : FRANK-PDC
EventID       : 5136
Title         : ADObject Modified
TimeGenerated : 8/5/2021 1:45:34 PM
Content       : A directory service object was modified.
                	
                Subject:
                	Security ID:		S-1-5-21-2956518221-444034542-2043350422-97789
                	Account Name:		LPC-SolidAdmin
                	Account Domain:		ROAYA
                	Logon ID:		0x2CF971FE0
                
                Directory Service:
                	Name:	Roaya.loc
                	Type:	Active Directory Domain Services
                	
                Object:
                	DN:	CN=abanoub.ad_smg.com.e,OU=smg.com.eg,OU=Mail,DC=Roaya,DC=loc
                	GUID:	{48176CA7-CD2C-493D-B4A2-652C2E47BD0E}
                	Class:	user
                	
                Attribute:
                	LDAP Display Name:	userAccountControl
                	Syntax (OID):	2.5.5.9
                	Value:	514
                	
                Operation:
                	Type:	Value Deleted
                	Correlation ID:	{6D77899F-0685-4BED-9E21-18A5669AB2CB}
                	Application Correlation ID:	-

ComputerName  : FRANK-PDC
EventID       : 5136
Title         : ADObject Modified
TimeGenerated : 8/5/2021 1:45:24 PM
Content       : A directory service object was modified.
                	
                Subject:
                	Security ID:		S-1-5-21-2956518221-444034542-2043350422-97789
                	Account Name:		LPC-SolidAdmin
                	Account Domain:		ROAYA
                	Logon ID:		0x2CF7DF93A
                
                Directory Service:
                	Name:	Roaya.loc
                	Type:	Active Directory Domain Services
                	
                Object:
                	DN:	CN=abanoub.ad_smg.com.e,OU=smg.com.eg,OU=Mail,DC=Roaya,DC=loc
                	GUID:	{48176CA7-CD2C-493D-B4A2-652C2E47BD0E}
                	Class:	user
                	
                Attribute:
                	LDAP Display Name:	msExchUserAccountControl
                	Syntax (OID):	2.5.5.9
                	Value:	2
                	
                Operation:
                	Type:	Value Added
                	Correlation ID:	{2902C084-0BD2-45EA-B0C0-D9BE56ED6D94}
                	Application Correlation ID:	-

ComputerName  : FRANK-PDC
EventID       : 5136
Title         : ADObject Modified
TimeGenerated : 8/5/2021 1:45:24 PM
Content       : A directory service object was modified.
                	
                Subject:
                	Security ID:		S-1-5-21-2956518221-444034542-2043350422-97789
                	Account Name:		LPC-SolidAdmin
                	Account Domain:		ROAYA
                	Logon ID:		0x2CF7DF93A
                
                Directory Service:
                	Name:	Roaya.loc
                	Type:	Active Directory Domain Services
                	
                Object:
                	DN:	CN=abanoub.ad_smg.com.e,OU=smg.com.eg,OU=Mail,DC=Roaya,DC=loc
                	GUID:	{48176CA7-CD2C-493D-B4A2-652C2E47BD0E}
                	Class:	user
                	
                Attribute:
                	LDAP Display Name:	msExchUserAccountControl
                	Syntax (OID):	2.5.5.9
                	Value:	0
                	
                Operation:
                	Type:	Value Deleted
                	Correlation ID:	{2902C084-0BD2-45EA-B0C0-D9BE56ED6D94}
                	Application Correlation ID:	-

ComputerName  : FRANK-PDC
EventID       : 5136
Title         : ADObject Modified
TimeGenerated : 8/5/2021 1:45:24 PM
Content       : A directory service object was modified.
                	
                Subject:
                	Security ID:		S-1-5-21-2956518221-444034542-2043350422-97789
                	Account Name:		LPC-SolidAdmin
                	Account Domain:		ROAYA
                	Logon ID:		0x2CF7DF93A
                
                Directory Service:
                	Name:	Roaya.loc
                	Type:	Active Directory Domain Services
                	
                Object:
                	DN:	CN=abanoub.ad_smg.com.e,OU=smg.com.eg,OU=Mail,DC=Roaya,DC=loc
                	GUID:	{48176CA7-CD2C-493D-B4A2-652C2E47BD0E}
                	Class:	user
                	
                Attribute:
                	LDAP Display Name:	extensionAttribute2
                	Syntax (OID):	2.5.5.12
                	Value:	disabled
                	
                Operation:
                	Type:	Value Added
                	Correlation ID:	{2902C084-0BD2-45EA-B0C0-D9BE56ED6D94}
                	Application Correlation ID:	-

ComputerName  : FRANK-PDC
EventID       : 5136
Title         : ADObject Modified
TimeGenerated : 8/5/2021 1:45:24 PM
Content       : A directory service object was modified.
                	
                Subject:
                	Security ID:		S-1-5-21-2956518221-444034542-2043350422-87305
                	Account Name:		EU1MB9903$
                	Account Domain:		ROAYA
                	Logon ID:		0x2CF7F215F
                
                Directory Service:
                	Name:	Roaya.loc
                	Type:	Active Directory Domain Services
                	
                Object:
                	DN:	CN=bottomline Offline Address Book,CN=Offline Address Lists,CN=Address Lists 
                Container,CN=roaya,CN=Microsoft Exchange,CN=Services,CN=Configuration,DC=Roaya,DC=loc
                	GUID:	{DBCBA5E2-357C-4FFD-B4FD-93EBD974872B}
                	Class:	msExchOAB
                	
                Attribute:
                	LDAP Display Name:	msExchOABLastTouchedTime
                	Syntax (OID):	2.5.5.11
                	Value:	20210805114528.0Z
                	
                Operation:
                	Type:	Value Added
                	Correlation ID:	{66C76ED9-1D3D-4E37-8C27-9697162EA70A}
                	Application Correlation ID:	-

ComputerName  : FRANK-PDC
EventID       : 5136
Title         : ADObject Modified
TimeGenerated : 8/5/2021 1:45:24 PM
Content       : A directory service object was modified.
                	
                Subject:
                	Security ID:		S-1-5-21-2956518221-444034542-2043350422-87305
                	Account Name:		EU1MB9903$
                	Account Domain:		ROAYA
                	Logon ID:		0x2CF7F215F
                
                Directory Service:
                	Name:	Roaya.loc
                	Type:	Active Directory Domain Services
                	
                Object:
                	DN:	CN=bottomline Offline Address Book,CN=Offline Address Lists,CN=Address Lists 
                Container,CN=roaya,CN=Microsoft Exchange,CN=Services,CN=Configuration,DC=Roaya,DC=loc
                	GUID:	{DBCBA5E2-357C-4FFD-B4FD-93EBD974872B}
                	Class:	msExchOAB
                	
                Attribute:
                	LDAP Display Name:	msExchOABLastTouchedTime
                	Syntax (OID):	2.5.5.11
                	Value:	20210805052317.0Z
                	
                Operation:
                	Type:	Value Deleted
                	Correlation ID:	{66C76ED9-1D3D-4E37-8C27-9697162EA70A}
                	Application Correlation ID:	-

ComputerName  : FRANK-PDC
EventID       : 5136
Title         : ADObject Modified
TimeGenerated : 8/5/2021 1:45:24 PM
Content       : A directory service object was modified.
                	
                Subject:
                	Security ID:		S-1-5-21-2956518221-444034542-2043350422-87305
                	Account Name:		EU1MB9903$
                	Account Domain:		ROAYA
                	Logon ID:		0x2CF7F215F
                
                Directory Service:
                	Name:	Roaya.loc
                	Type:	Active Directory Domain Services
                	
                Object:
                	DN:	CN=git-zone.com Offline Address Book,CN=Offline Address Lists,CN=Address Lists 
                Container,CN=roaya,CN=Microsoft Exchange,CN=Services,CN=Configuration,DC=Roaya,DC=loc
                	GUID:	{5D168D4A-B777-4743-9092-B9F017D7085D}
                	Class:	msExchOAB
                	
                Attribute:
                	LDAP Display Name:	msExchOABLastTouchedTime
                	Syntax (OID):	2.5.5.11
                	Value:	20210805114526.0Z
                	
                Operation:
                	Type:	Value Added
                	Correlation ID:	{D59BBE8C-4C77-4206-A78C-67F42D501B64}
                	Application Correlation ID:	-

ComputerName  : FRANK-PDC
EventID       : 5136
Title         : ADObject Modified
TimeGenerated : 8/5/2021 1:45:24 PM
Content       : A directory service object was modified.
                	
                Subject:
                	Security ID:		S-1-5-21-2956518221-444034542-2043350422-87305
                	Account Name:		EU1MB9903$
                	Account Domain:		ROAYA
                	Logon ID:		0x2CF7F215F
                
                Directory Service:
                	Name:	Roaya.loc
                	Type:	Active Directory Domain Services
                	
                Object:
                	DN:	CN=git-zone.com Offline Address Book,CN=Offline Address Lists,CN=Address Lists 
                Container,CN=roaya,CN=Microsoft Exchange,CN=Services,CN=Configuration,DC=Roaya,DC=loc
                	GUID:	{5D168D4A-B777-4743-9092-B9F017D7085D}
                	Class:	msExchOAB
                	
                Attribute:
                	LDAP Display Name:	msExchOABLastTouchedTime
                	Syntax (OID):	2.5.5.11
                	Value:	20210805052315.0Z
                	
                Operation:
                	Type:	Value Deleted
                	Correlation ID:	{D59BBE8C-4C77-4206-A78C-67F42D501B64}
                	Application Correlation ID:	-

ComputerName  : FRANK-PDC
EventID       : 5136
Title         : ADObject Modified
TimeGenerated : 8/5/2021 1:45:24 PM
Content       : A directory service object was modified.
                	
                Subject:
                	Security ID:		S-1-5-21-2956518221-444034542-2043350422-87305
                	Account Name:		EU1MB9903$
                	Account Domain:		ROAYA
                	Logon ID:		0x2CF7F215F
                
                Directory Service:
                	Name:	Roaya.loc
                	Type:	Active Directory Domain Services
                	
                Object:
                	DN:	CN=ddadad.dadad Offline Address Book,CN=Offline Address Lists,CN=Address Lists 
                Container,CN=roaya,CN=Microsoft Exchange,CN=Services,CN=Configuration,DC=Roaya,DC=loc
                	GUID:	{41D76D93-F6B5-4986-BBE7-BF60F6A16EE7}
                	Class:	msExchOAB
                	
                Attribute:
                	LDAP Display Name:	msExchOABLastTouchedTime
                	Syntax (OID):	2.5.5.11
                	Value:	20210805114523.0Z
                	
                Operation:
                	Type:	Value Added
                	Correlation ID:	{7280843C-F8BA-4378-A119-6208D12470CB}
                	Application Correlation ID:	-

ComputerName  : FRANK-PDC
EventID       : 5136
Title         : ADObject Modified
TimeGenerated : 8/5/2021 1:45:24 PM
Content       : A directory service object was modified.
                	
                Subject:
                	Security ID:		S-1-5-21-2956518221-444034542-2043350422-87305
                	Account Name:		EU1MB9903$
                	Account Domain:		ROAYA
                	Logon ID:		0x2CF7F215F
                
                Directory Service:
                	Name:	Roaya.loc
                	Type:	Active Directory Domain Services
                	
                Object:
                	DN:	CN=ddadad.dadad Offline Address Book,CN=Offline Address Lists,CN=Address Lists 
                Container,CN=roaya,CN=Microsoft Exchange,CN=Services,CN=Configuration,DC=Roaya,DC=loc
                	GUID:	{41D76D93-F6B5-4986-BBE7-BF60F6A16EE7}
                	Class:	msExchOAB
                	
                Attribute:
                	LDAP Display Name:	msExchOABLastTouchedTime
                	Syntax (OID):	2.5.5.11
                	Value:	20210805052313.0Z
                	
                Operation:
                	Type:	Value Deleted
                	Correlation ID:	{7280843C-F8BA-4378-A119-6208D12470CB}
                	Application Correlation ID:	-

ComputerName  : FRANK-PDC
EventID       : 5136
Title         : ADObject Modified
TimeGenerated : 8/5/2021 1:45:14 PM
Content       : A directory service object was modified.
                	
                Subject:
                	Security ID:		S-1-5-21-2956518221-444034542-2043350422-97789
                	Account Name:		LPC-SolidAdmin
                	Account Domain:		ROAYA
                	Logon ID:		0x2CF7DF93A
                
                Directory Service:
                	Name:	Roaya.loc
                	Type:	Active Directory Domain Services
                	
                Object:
                	DN:	CN=john.fawzy_triviumbc,OU=triviumbc.com,OU=Mail,DC=Roaya,DC=loc
                	GUID:	{02AF1AF8-D383-4EDF-983C-7D89E40986AF}
                	Class:	user
                	
                Attribute:
                	LDAP Display Name:	msExchArchiveWarnQuota
                	Syntax (OID):	2.5.5.16
                	Value:	94371840
                	
                Operation:
                	Type:	Value Deleted
                	Correlation ID:	{FBF52E65-F948-44FE-AC17-115C705F643B}
                	Application Correlation ID:	-

ComputerName  : FRANK-PDC
EventID       : 5136
Title         : ADObject Modified
TimeGenerated : 8/5/2021 1:45:14 PM
Content       : A directory service object was modified.
                	
                Subject:
                	Security ID:		S-1-5-21-2956518221-444034542-2043350422-97789
                	Account Name:		LPC-SolidAdmin
                	Account Domain:		ROAYA
                	Logon ID:		0x2CF7DF93A
                
                Directory Service:
                	Name:	Roaya.loc
                	Type:	Active Directory Domain Services
                	
                Object:
                	DN:	CN=john.fawzy_triviumbc,OU=triviumbc.com,OU=Mail,DC=Roaya,DC=loc
                	GUID:	{02AF1AF8-D383-4EDF-983C-7D89E40986AF}
                	Class:	user
                	
                Attribute:
                	LDAP Display Name:	msExchArchiveQuota
                	Syntax (OID):	2.5.5.16
                	Value:	104857600
                	
                Operation:
                	Type:	Value Deleted
                	Correlation ID:	{FBF52E65-F948-44FE-AC17-115C705F643B}
                	Application Correlation ID:	-

ComputerName  : FRANK-PDC
EventID       : 5136
Title         : ADObject Modified
TimeGenerated : 8/5/2021 1:45:14 PM
Content       : A directory service object was modified.
                	
                Subject:
                	Security ID:		S-1-5-21-2956518221-444034542-2043350422-97789
                	Account Name:		LPC-SolidAdmin
                	Account Domain:		ROAYA
                	Logon ID:		0x2CF7DF93A
                
                Directory Service:
                	Name:	Roaya.loc
                	Type:	Active Directory Domain Services
                	
                Object:
                	DN:	CN=john.fawzy_triviumbc,OU=triviumbc.com,OU=Mail,DC=Roaya,DC=loc
                	GUID:	{02AF1AF8-D383-4EDF-983C-7D89E40986AF}
                	Class:	user
                	
                Attribute:
                	LDAP Display Name:	msExchCalendarLoggingQuota
                	Syntax (OID):	2.5.5.9
                	Value:	6291456
                	
                Operation:
                	Type:	Value Deleted
                	Correlation ID:	{FBF52E65-F948-44FE-AC17-115C705F643B}
                	Application Correlation ID:	-

ComputerName  : FRANK-PDC
EventID       : 5136
Title         : ADObject Modified
TimeGenerated : 8/5/2021 1:45:14 PM
Content       : A directory service object was modified.
                	
                Subject:
                	Security ID:		S-1-5-21-2956518221-444034542-2043350422-97789
                	Account Name:		LPC-SolidAdmin
                	Account Domain:		ROAYA
                	Logon ID:		0x2CF7DF93A
                
                Directory Service:
                	Name:	Roaya.loc
                	Type:	Active Directory Domain Services
                	
                Object:
                	DN:	CN=john.fawzy_triviumbc,OU=triviumbc.com,OU=Mail,DC=Roaya,DC=loc
                	GUID:	{02AF1AF8-D383-4EDF-983C-7D89E40986AF}
                	Class:	user
                	
                Attribute:
                	LDAP Display Name:	msExchDumpsterWarningQuota
                	Syntax (OID):	2.5.5.9
                	Value:	20971520
                	
                Operation:
                	Type:	Value Deleted
                	Correlation ID:	{FBF52E65-F948-44FE-AC17-115C705F643B}
                	Application Correlation ID:	-

ComputerName  : FRANK-PDC
EventID       : 5136
Title         : ADObject Modified
TimeGenerated : 8/5/2021 1:45:14 PM
Content       : A directory service object was modified.
                	
                Subject:
                	Security ID:		S-1-5-21-2956518221-444034542-2043350422-97789
                	Account Name:		LPC-SolidAdmin
                	Account Domain:		ROAYA
                	Logon ID:		0x2CF7DF93A
                
                Directory Service:
                	Name:	Roaya.loc
                	Type:	Active Directory Domain Services
                	
                Object:
                	DN:	CN=john.fawzy_triviumbc,OU=triviumbc.com,OU=Mail,DC=Roaya,DC=loc
                	GUID:	{02AF1AF8-D383-4EDF-983C-7D89E40986AF}
                	Class:	user
                	
                Attribute:
                	LDAP Display Name:	msExchDumpsterQuota
                	Syntax (OID):	2.5.5.9
                	Value:	31457280
                	
                Operation:
                	Type:	Value Deleted
                	Correlation ID:	{FBF52E65-F948-44FE-AC17-115C705F643B}
                	Application Correlation ID:	-

ComputerName  : FRANK-PDC
EventID       : 5136
Title         : ADObject Modified
TimeGenerated : 8/5/2021 1:45:14 PM
Content       : A directory service object was modified.
                	
                Subject:
                	Security ID:		S-1-5-21-2956518221-444034542-2043350422-97789
                	Account Name:		LPC-SolidAdmin
                	Account Domain:		ROAYA
                	Logon ID:		0x2CF7DF93A
                
                Directory Service:
                	Name:	Roaya.loc
                	Type:	Active Directory Domain Services
                	
                Object:
                	DN:	CN=john.fawzy_triviumbc,OU=triviumbc.com,OU=Mail,DC=Roaya,DC=loc
                	GUID:	{02AF1AF8-D383-4EDF-983C-7D89E40986AF}
                	Class:	user
                	
                Attribute:
                	LDAP Display Name:	msExchMobileMailboxPolicyLink
                	Syntax (OID):	2.5.5.1
                	Value:	CN=triviumbc.com,CN=Mobile Mailbox Policies,CN=roaya,CN=Microsoft 
                Exchange,CN=Services,CN=Configuration,DC=Roaya,DC=loc
                	
                Operation:
                	Type:	Value Deleted
                	Correlation ID:	{FBF52E65-F948-44FE-AC17-115C705F643B}
                	Application Correlation ID:	-

ComputerName  : FRANK-PDC
EventID       : 5136
Title         : ADObject Modified
TimeGenerated : 8/5/2021 1:45:14 PM
Content       : A directory service object was modified.
                	
                Subject:
                	Security ID:		S-1-5-21-2956518221-444034542-2043350422-97789
                	Account Name:		LPC-SolidAdmin
                	Account Domain:		ROAYA
                	Logon ID:		0x2CF7DF93A
                
                Directory Service:
                	Name:	Roaya.loc
                	Type:	Active Directory Domain Services
                	
                Object:
                	DN:	CN=john.fawzy_triviumbc,OU=triviumbc.com,OU=Mail,DC=Roaya,DC=loc
                	GUID:	{02AF1AF8-D383-4EDF-983C-7D89E40986AF}
                	Class:	user
                	
                Attribute:
                	LDAP Display Name:	msExchMobileMailboxFlags
                	Syntax (OID):	2.5.5.9
                	Value:	2
                	
                Operation:
                	Type:	Value Deleted
                	Correlation ID:	{FBF52E65-F948-44FE-AC17-115C705F643B}
                	Application Correlation ID:	-

ComputerName  : FRANK-PDC
EventID       : 5136
Title         : ADObject Modified
TimeGenerated : 8/5/2021 1:45:14 PM
Content       : A directory service object was modified.
                	
                Subject:
                	Security ID:		S-1-5-21-2956518221-444034542-2043350422-97789
                	Account Name:		LPC-SolidAdmin
                	Account Domain:		ROAYA
                	Logon ID:		0x2CF7DF93A
                
                Directory Service:
                	Name:	Roaya.loc
                	Type:	Active Directory Domain Services
                	
                Object:
                	DN:	CN=john.fawzy_triviumbc,OU=triviumbc.com,OU=Mail,DC=Roaya,DC=loc
                	GUID:	{02AF1AF8-D383-4EDF-983C-7D89E40986AF}
                	Class:	user
                	
                Attribute:
                	LDAP Display Name:	msExchUserAccountControl
                	Syntax (OID):	2.5.5.9
                	Value:	0
                	
                Operation:
                	Type:	Value Deleted
                	Correlation ID:	{FBF52E65-F948-44FE-AC17-115C705F643B}
                	Application Correlation ID:	-

ComputerName  : FRANK-PDC
EventID       : 5136
Title         : ADObject Modified
TimeGenerated : 8/5/2021 1:45:14 PM
Content       : A directory service object was modified.
                	
                Subject:
                	Security ID:		S-1-5-21-2956518221-444034542-2043350422-97789
                	Account Name:		LPC-SolidAdmin
                	Account Domain:		ROAYA
                	Logon ID:		0x2CF7DF93A
                
                Directory Service:
                	Name:	Roaya.loc
                	Type:	Active Directory Domain Services
                	
                Object:
                	DN:	CN=john.fawzy_triviumbc,OU=triviumbc.com,OU=Mail,DC=Roaya,DC=loc
                	GUID:	{02AF1AF8-D383-4EDF-983C-7D89E40986AF}
                	Class:	user
                	
                Attribute:
                	LDAP Display Name:	mDBUseDefaults
                	Syntax (OID):	2.5.5.8
                	Value:	FALSE
                	
                Operation:
                	Type:	Value Deleted
                	Correlation ID:	{FBF52E65-F948-44FE-AC17-115C705F643B}
                	Application Correlation ID:	-

ComputerName  : FRANK-PDC
EventID       : 5136
Title         : ADObject Modified
TimeGenerated : 8/5/2021 1:45:14 PM
Content       : A directory service object was modified.
                	
                Subject:
                	Security ID:		S-1-5-21-2956518221-444034542-2043350422-97789
                	Account Name:		LPC-SolidAdmin
                	Account Domain:		ROAYA
                	Logon ID:		0x2CF7DF93A
                
                Directory Service:
                	Name:	Roaya.loc
                	Type:	Active Directory Domain Services
                	
                Object:
                	DN:	CN=john.fawzy_triviumbc,OU=triviumbc.com,OU=Mail,DC=Roaya,DC=loc
                	GUID:	{02AF1AF8-D383-4EDF-983C-7D89E40986AF}
                	Class:	user
                	
                Attribute:
                	LDAP Display Name:	mDBOverHardQuotaLimit
                	Syntax (OID):	2.5.5.9
                	Value:	52428800
                	
                Operation:
                	Type:	Value Deleted
                	Correlation ID:	{FBF52E65-F948-44FE-AC17-115C705F643B}
                	Application Correlation ID:	-

ComputerName  : FRANK-PDC
EventID       : 5136
Title         : ADObject Modified
TimeGenerated : 8/5/2021 1:45:14 PM
Content       : A directory service object was modified.
                	
                Subject:
                	Security ID:		S-1-5-21-2956518221-444034542-2043350422-97789
                	Account Name:		LPC-SolidAdmin
                	Account Domain:		ROAYA
                	Logon ID:		0x2CF7DF93A
                
                Directory Service:
                	Name:	Roaya.loc
                	Type:	Active Directory Domain Services
                	
                Object:
                	DN:	CN=john.fawzy_triviumbc,OU=triviumbc.com,OU=Mail,DC=Roaya,DC=loc
                	GUID:	{02AF1AF8-D383-4EDF-983C-7D89E40986AF}
                	Class:	user
                	
                Attribute:
                	LDAP Display Name:	mDBOverQuotaLimit
                	Syntax (OID):	2.5.5.9
                	Value:	52428800
                	
                Operation:
                	Type:	Value Deleted
                	Correlation ID:	{FBF52E65-F948-44FE-AC17-115C705F643B}
                	Application Correlation ID:	-

ComputerName  : FRANK-PDC
EventID       : 5136
Title         : ADObject Modified
TimeGenerated : 8/5/2021 1:45:14 PM
Content       : A directory service object was modified.
                	
                Subject:
                	Security ID:		S-1-5-21-2956518221-444034542-2043350422-97789
                	Account Name:		LPC-SolidAdmin
                	Account Domain:		ROAYA
                	Logon ID:		0x2CF7DF93A
                
                Directory Service:
                	Name:	Roaya.loc
                	Type:	Active Directory Domain Services
                	
                Object:
                	DN:	CN=john.fawzy_triviumbc,OU=triviumbc.com,OU=Mail,DC=Roaya,DC=loc
                	GUID:	{02AF1AF8-D383-4EDF-983C-7D89E40986AF}
                	Class:	user
                	
                Attribute:
                	LDAP Display Name:	msExchUseOAB
                	Syntax (OID):	2.5.5.1
                	Value:	CN=triviumbc.com Offline Address Book,CN=Offline Address Lists,CN=Address Lists 
                Container,CN=roaya,CN=Microsoft Exchange,CN=Services,CN=Configuration,DC=Roaya,DC=loc
                	
                Operation:
                	Type:	Value Deleted
                	Correlation ID:	{FBF52E65-F948-44FE-AC17-115C705F643B}
                	Application Correlation ID:	-

ComputerName  : FRANK-PDC
EventID       : 5136
Title         : ADObject Modified
TimeGenerated : 8/5/2021 1:45:14 PM
Content       : A directory service object was modified.
                	
                Subject:
                	Security ID:		S-1-5-21-2956518221-444034542-2043350422-97789
                	Account Name:		LPC-SolidAdmin
                	Account Domain:		ROAYA
                	Logon ID:		0x2CF7DF93A
                
                Directory Service:
                	Name:	Roaya.loc
                	Type:	Active Directory Domain Services
                	
                Object:
                	DN:	CN=john.fawzy_triviumbc,OU=triviumbc.com,OU=Mail,DC=Roaya,DC=loc
                	GUID:	{02AF1AF8-D383-4EDF-983C-7D89E40986AF}
                	Class:	user
                	
                Attribute:
                	LDAP Display Name:	mDBStorageQuota
                	Syntax (OID):	2.5.5.9
                	Value:	49807360
                	
                Operation:
                	Type:	Value Deleted
                	Correlation ID:	{FBF52E65-F948-44FE-AC17-115C705F643B}
                	Application Correlation ID:	-

ComputerName  : FRANK-PDC
EventID       : 5136
Title         : ADObject Modified
TimeGenerated : 8/5/2021 1:45:14 PM
Content       : A directory service object was modified.
                	
                Subject:
                	Security ID:		S-1-5-21-2956518221-444034542-2043350422-97789
                	Account Name:		LPC-SolidAdmin
                	Account Domain:		ROAYA
                	Logon ID:		0x2CF7DF93A
                
                Directory Service:
                	Name:	Roaya.loc
                	Type:	Active Directory Domain Services
                	
                Object:
                	DN:	CN=john.fawzy_triviumbc,OU=triviumbc.com,OU=Mail,DC=Roaya,DC=loc
                	GUID:	{02AF1AF8-D383-4EDF-983C-7D89E40986AF}
                	Class:	user
                	
                Attribute:
                	LDAP Display Name:	garbageCollPeriod
                	Syntax (OID):	2.5.5.9
                	Value:	5270400
                	
                Operation:
                	Type:	Value Deleted
                	Correlation ID:	{FBF52E65-F948-44FE-AC17-115C705F643B}
                	Application Correlation ID:	-

ComputerName  : FRANK-PDC
EventID       : 5136
Title         : ADObject Modified
TimeGenerated : 8/5/2021 1:45:14 PM
Content       : A directory service object was modified.
                	
                Subject:
                	Security ID:		S-1-5-21-2956518221-444034542-2043350422-97789
                	Account Name:		LPC-SolidAdmin
                	Account Domain:		ROAYA
                	Logon ID:		0x2CF7DF93A
                
                Directory Service:
                	Name:	Roaya.loc
                	Type:	Active Directory Domain Services
                	
                Object:
                	DN:	CN=john.fawzy_triviumbc,OU=triviumbc.com,OU=Mail,DC=Roaya,DC=loc
                	GUID:	{02AF1AF8-D383-4EDF-983C-7D89E40986AF}
                	Class:	user
                	
                Attribute:
                	LDAP Display Name:	msExchMailboxSecurityDescriptor
                	Syntax (OID):	2.5.5.15
                	Value:	O:PSG:PSD:(A;CI;CCRC;;;PS)
                	
                Operation:
                	Type:	Value Deleted
                	Correlation ID:	{FBF52E65-F948-44FE-AC17-115C705F643B}
                	Application Correlation ID:	-

ComputerName  : FRANK-PDC
EventID       : 5136
Title         : ADObject Modified
TimeGenerated : 8/5/2021 1:45:14 PM
Content       : A directory service object was modified.
                	
                Subject:
                	Security ID:		S-1-5-21-2956518221-444034542-2043350422-97789
                	Account Name:		LPC-SolidAdmin
                	Account Domain:		ROAYA
                	Logon ID:		0x2CF7DF93A
                
                Directory Service:
                	Name:	Roaya.loc
                	Type:	Active Directory Domain Services
                	
                Object:
                	DN:	CN=john.fawzy_triviumbc,OU=triviumbc.com,OU=Mail,DC=Roaya,DC=loc
                	GUID:	{02AF1AF8-D383-4EDF-983C-7D89E40986AF}
                	Class:	user
                	
                Attribute:
                	LDAP Display Name:	deletedItemFlags
                	Syntax (OID):	2.5.5.9
                	Value:	5
                	
                Operation:
                	Type:	Value Deleted
                	Correlation ID:	{FBF52E65-F948-44FE-AC17-115C705F643B}
                	Application Correlation ID:	-

ComputerName  : FRANK-PDC
EventID       : 5136
Title         : ADObject Modified
TimeGenerated : 8/5/2021 1:45:14 PM
Content       : A directory service object was modified.
                	
                Subject:
                	Security ID:		S-1-5-21-2956518221-444034542-2043350422-97789
                	Account Name:		LPC-SolidAdmin
                	Account Domain:		ROAYA
                	Logon ID:		0x2CF7DF93A
                
                Directory Service:
                	Name:	Roaya.loc
                	Type:	Active Directory Domain Services
                	
                Object:
                	DN:	CN=john.fawzy_triviumbc,OU=triviumbc.com,OU=Mail,DC=Roaya,DC=loc
                	GUID:	{02AF1AF8-D383-4EDF-983C-7D89E40986AF}
                	Class:	user
                	
                Attribute:
                	LDAP Display Name:	msExchVersion
                	Syntax (OID):	2.5.5.16
                	Value:	88218628259840
                	
                Operation:
                	Type:	Value Deleted
                	Correlation ID:	{FBF52E65-F948-44FE-AC17-115C705F643B}
                	Application Correlation ID:	-

ComputerName  : FRANK-PDC
EventID       : 5136
Title         : ADObject Modified
TimeGenerated : 8/5/2021 1:45:14 PM
Content       : A directory service object was modified.
                	
                Subject:
                	Security ID:		S-1-5-21-2956518221-444034542-2043350422-97789
                	Account Name:		LPC-SolidAdmin
                	Account Domain:		ROAYA
                	Logon ID:		0x2CF7DF93A
                
                Directory Service:
                	Name:	Roaya.loc
                	Type:	Active Directory Domain Services
                	
                Object:
                	DN:	CN=john.fawzy_triviumbc,OU=triviumbc.com,OU=Mail,DC=Roaya,DC=loc
                	GUID:	{02AF1AF8-D383-4EDF-983C-7D89E40986AF}
                	Class:	user
                	
                Attribute:
                	LDAP Display Name:	msExchPublicFolderMailbox
                	Syntax (OID):	2.5.5.1
                	Value:	CN=triviumbc.com Public Folder Mailbox,OU=triviumbc.com,OU=Mail,DC=Roaya,DC=loc
                	
                Operation:
                	Type:	Value Deleted
                	Correlation ID:	{FBF52E65-F948-44FE-AC17-115C705F643B}
                	Application Correlation ID:	-

ComputerName  : FRANK-PDC
EventID       : 5136
Title         : ADObject Modified
TimeGenerated : 8/5/2021 1:45:14 PM
Content       : A directory service object was modified.
                	
                Subject:
                	Security ID:		S-1-5-21-2956518221-444034542-2043350422-97789
                	Account Name:		LPC-SolidAdmin
                	Account Domain:		ROAYA
                	Logon ID:		0x2CF7DF93A
                
                Directory Service:
                	Name:	Roaya.loc
                	Type:	Active Directory Domain Services
                	
                Object:
                	DN:	CN=john.fawzy_triviumbc,OU=triviumbc.com,OU=Mail,DC=Roaya,DC=loc
                	GUID:	{02AF1AF8-D383-4EDF-983C-7D89E40986AF}
                	Class:	user
                	
                Attribute:
                	LDAP Display Name:	msExchPreviousRecipientTypeDetails
                	Syntax (OID):	2.5.5.16
                	Value:	1
                	
                Operation:
                	Type:	Value Added
                	Correlation ID:	{FBF52E65-F948-44FE-AC17-115C705F643B}
                	Application Correlation ID:	-

ComputerName  : FRANK-PDC
EventID       : 5136
Title         : ADObject Modified
TimeGenerated : 8/5/2021 1:45:14 PM
Content       : A directory service object was modified.
                	
                Subject:
                	Security ID:		S-1-5-21-2956518221-444034542-2043350422-97789
                	Account Name:		LPC-SolidAdmin
                	Account Domain:		ROAYA
                	Logon ID:		0x2CF7DF93A
                
                Directory Service:
                	Name:	Roaya.loc
                	Type:	Active Directory Domain Services
                	
                Object:
                	DN:	CN=john.fawzy_triviumbc,OU=triviumbc.com,OU=Mail,DC=Roaya,DC=loc
                	GUID:	{02AF1AF8-D383-4EDF-983C-7D89E40986AF}
                	Class:	user
                	
                Attribute:
                	LDAP Display Name:	msExchHomeServerName
                	Syntax (OID):	2.5.5.12
                	Value:	/o=roaya/ou=Exchange Administrative Group 
                (FYDIBOHF23SPDLT)/cn=Configuration/cn=Servers/cn=EU1MB9903
                	
                Operation:
                	Type:	Value Deleted
                	Correlation ID:	{FBF52E65-F948-44FE-AC17-115C705F643B}
                	Application Correlation ID:	-

ComputerName  : FRANK-PDC
EventID       : 5136
Title         : ADObject Modified
TimeGenerated : 8/5/2021 1:45:14 PM
Content       : A directory service object was modified.
                	
                Subject:
                	Security ID:		S-1-5-21-2956518221-444034542-2043350422-97789
                	Account Name:		LPC-SolidAdmin
                	Account Domain:		ROAYA
                	Logon ID:		0x2CF7DF93A
                
                Directory Service:
                	Name:	Roaya.loc
                	Type:	Active Directory Domain Services
                	
                Object:
                	DN:	CN=john.fawzy_triviumbc,OU=triviumbc.com,OU=Mail,DC=Roaya,DC=loc
                	GUID:	{02AF1AF8-D383-4EDF-983C-7D89E40986AF}
                	Class:	user
                	
                Attribute:
                	LDAP Display Name:	msExchMailboxAuditLastAdminAccess
                	Syntax (OID):	2.5.5.11
                	Value:	20210316045130.0Z
                	
                Operation:
                	Type:	Value Deleted
                	Correlation ID:	{FBF52E65-F948-44FE-AC17-115C705F643B}
                	Application Correlation ID:	-

ComputerName  : FRANK-PDC
EventID       : 5136
Title         : ADObject Modified
TimeGenerated : 8/5/2021 1:45:14 PM
Content       : A directory service object was modified.
                	
                Subject:
                	Security ID:		S-1-5-21-2956518221-444034542-2043350422-97789
                	Account Name:		LPC-SolidAdmin
                	Account Domain:		ROAYA
                	Logon ID:		0x2CF7DF93A
                
                Directory Service:
                	Name:	Roaya.loc
                	Type:	Active Directory Domain Services
                	
                Object:
                	DN:	CN=john.fawzy_triviumbc,OU=triviumbc.com,OU=Mail,DC=Roaya,DC=loc
                	GUID:	{02AF1AF8-D383-4EDF-983C-7D89E40986AF}
                	Class:	user
                	
                Attribute:
                	LDAP Display Name:	msExchAuditOwner
                	Syntax (OID):	2.5.5.9
                	Value:	60477
                	
                Operation:
                	Type:	Value Deleted
                	Correlation ID:	{FBF52E65-F948-44FE-AC17-115C705F643B}
                	Application Correlation ID:	-

ComputerName  : FRANK-PDC
EventID       : 5136
Title         : ADObject Modified
TimeGenerated : 8/5/2021 1:45:14 PM
Content       : A directory service object was modified.
                	
                Subject:
                	Security ID:		S-1-5-21-2956518221-444034542-2043350422-97789
                	Account Name:		LPC-SolidAdmin
                	Account Domain:		ROAYA
                	Logon ID:		0x2CF7DF93A
                
                Directory Service:
                	Name:	Roaya.loc
                	Type:	Active Directory Domain Services
                	
                Object:
                	DN:	CN=john.fawzy_triviumbc,OU=triviumbc.com,OU=Mail,DC=Roaya,DC=loc
                	GUID:	{02AF1AF8-D383-4EDF-983C-7D89E40986AF}
                	Class:	user
                	
                Attribute:
                	LDAP Display Name:	msExchAuditDelegateAdmin
                	Syntax (OID):	2.5.5.9
                	Value:	259583
                	
                Operation:
                	Type:	Value Deleted
                	Correlation ID:	{FBF52E65-F948-44FE-AC17-115C705F643B}
                	Application Correlation ID:	-

ComputerName  : FRANK-PDC
EventID       : 5136
Title         : ADObject Modified
TimeGenerated : 8/5/2021 1:45:14 PM
Content       : A directory service object was modified.
                	
                Subject:
                	Security ID:		S-1-5-21-2956518221-444034542-2043350422-97789
                	Account Name:		LPC-SolidAdmin
                	Account Domain:		ROAYA
                	Logon ID:		0x2CF7DF93A
                
                Directory Service:
                	Name:	Roaya.loc
                	Type:	Active Directory Domain Services
                	
                Object:
                	DN:	CN=john.fawzy_triviumbc,OU=triviumbc.com,OU=Mail,DC=Roaya,DC=loc
                	GUID:	{02AF1AF8-D383-4EDF-983C-7D89E40986AF}
                	Class:	user
                	
                Attribute:
                	LDAP Display Name:	msExchAuditDelegate
                	Syntax (OID):	2.5.5.9
                	Value:	128445
                	
                Operation:
                	Type:	Value Deleted
                	Correlation ID:	{FBF52E65-F948-44FE-AC17-115C705F643B}
                	Application Correlation ID:	-

ComputerName  : FRANK-PDC
EventID       : 5136
Title         : ADObject Modified
TimeGenerated : 8/5/2021 1:45:14 PM
Content       : A directory service object was modified.
                	
                Subject:
                	Security ID:		S-1-5-21-2956518221-444034542-2043350422-97789
                	Account Name:		LPC-SolidAdmin
                	Account Domain:		ROAYA
                	Logon ID:		0x2CF7DF93A
                
                Directory Service:
                	Name:	Roaya.loc
                	Type:	Active Directory Domain Services
                	
                Object:
                	DN:	CN=john.fawzy_triviumbc,OU=triviumbc.com,OU=Mail,DC=Roaya,DC=loc
                	GUID:	{02AF1AF8-D383-4EDF-983C-7D89E40986AF}
                	Class:	user
                	
                Attribute:
                	LDAP Display Name:	msExchAuditAdmin
                	Syntax (OID):	2.5.5.9
                	Value:	259583
                	
                Operation:
                	Type:	Value Deleted
                	Correlation ID:	{FBF52E65-F948-44FE-AC17-115C705F643B}
                	Application Correlation ID:	-

ComputerName  : FRANK-PDC
EventID       : 5136
Title         : ADObject Modified
TimeGenerated : 8/5/2021 1:45:14 PM
Content       : A directory service object was modified.
                	
                Subject:
                	Security ID:		S-1-5-21-2956518221-444034542-2043350422-97789
                	Account Name:		LPC-SolidAdmin
                	Account Domain:		ROAYA
                	Logon ID:		0x2CF7DF93A
                
                Directory Service:
                	Name:	Roaya.loc
                	Type:	Active Directory Domain Services
                	
                Object:
                	DN:	CN=john.fawzy_triviumbc,OU=triviumbc.com,OU=Mail,DC=Roaya,DC=loc
                	GUID:	{02AF1AF8-D383-4EDF-983C-7D89E40986AF}
                	Class:	user
                	
                Attribute:
                	LDAP Display Name:	msExchMailboxAuditEnable
                	Syntax (OID):	2.5.5.8
                	Value:	TRUE
                	
                Operation:
                	Type:	Value Deleted
                	Correlation ID:	{FBF52E65-F948-44FE-AC17-115C705F643B}
                	Application Correlation ID:	-

ComputerName  : FRANK-PDC
EventID       : 5136
Title         : ADObject Modified
TimeGenerated : 8/5/2021 1:45:14 PM
Content       : A directory service object was modified.
                	
                Subject:
                	Security ID:		S-1-5-21-2956518221-444034542-2043350422-97789
                	Account Name:		LPC-SolidAdmin
                	Account Domain:		ROAYA
                	Logon ID:		0x2CF7DF93A
                
                Directory Service:
                	Name:	Roaya.loc
                	Type:	Active Directory Domain Services
                	
                Object:
                	DN:	CN=john.fawzy_triviumbc,OU=triviumbc.com,OU=Mail,DC=Roaya,DC=loc
                	GUID:	{02AF1AF8-D383-4EDF-983C-7D89E40986AF}
                	Class:	user
                	
                Attribute:
                	LDAP Display Name:	msExchMailboxAuditLogAgeLimit
                	Syntax (OID):	2.5.5.9
                	Value:	2592000
                	
                Operation:
                	Type:	Value Deleted
                	Correlation ID:	{FBF52E65-F948-44FE-AC17-115C705F643B}
                	Application Correlation ID:	-

ComputerName  : FRANK-PDC
EventID       : 5136
Title         : ADObject Modified
TimeGenerated : 8/5/2021 1:45:14 PM
Content       : A directory service object was modified.
                	
                Subject:
                	Security ID:		S-1-5-21-2956518221-444034542-2043350422-97789
                	Account Name:		LPC-SolidAdmin
                	Account Domain:		ROAYA
                	Logon ID:		0x2CF7DF93A
                
                Directory Service:
                	Name:	Roaya.loc
                	Type:	Active Directory Domain Services
                	
                Object:
                	DN:	CN=john.fawzy_triviumbc,OU=triviumbc.com,OU=Mail,DC=Roaya,DC=loc
                	GUID:	{02AF1AF8-D383-4EDF-983C-7D89E40986AF}
                	Class:	user
                	
                Attribute:
                	LDAP Display Name:	msExchRecipientSoftDeletedStatus
                	Syntax (OID):	2.5.5.9
                	Value:	0
                	
                Operation:
                	Type:	Value Added
                	Correlation ID:	{FBF52E65-F948-44FE-AC17-115C705F643B}
                	Application Correlation ID:	-

ComputerName  : FRANK-PDC
EventID       : 5136
Title         : ADObject Modified
TimeGenerated : 8/5/2021 1:45:14 PM
Content       : A directory service object was modified.
                	
                Subject:
                	Security ID:		S-1-5-21-2956518221-444034542-2043350422-97789
                	Account Name:		LPC-SolidAdmin
                	Account Domain:		ROAYA
                	Logon ID:		0x2CF7DF93A
                
                Directory Service:
                	Name:	Roaya.loc
                	Type:	Active Directory Domain Services
                	
                Object:
                	DN:	CN=john.fawzy_triviumbc,OU=triviumbc.com,OU=Mail,DC=Roaya,DC=loc
                	GUID:	{02AF1AF8-D383-4EDF-983C-7D89E40986AF}
                	Class:	user
                	
                Attribute:
                	LDAP Display Name:	msExchRBACPolicyLink
                	Syntax (OID):	2.5.5.1
                	Value:	CN=Default Role Assignment Policy,CN=Policies,CN=RBAC,CN=roaya,CN=Microsoft 
                Exchange,CN=Services,CN=Configuration,DC=Roaya,DC=loc
                	
                Operation:
                	Type:	Value Deleted
                	Correlation ID:	{FBF52E65-F948-44FE-AC17-115C705F643B}
                	Application Correlation ID:	-

ComputerName  : FRANK-PDC
EventID       : 5136
Title         : ADObject Modified
TimeGenerated : 8/5/2021 1:45:14 PM
Content       : A directory service object was modified.
                	
                Subject:
                	Security ID:		S-1-5-21-2956518221-444034542-2043350422-97789
                	Account Name:		LPC-SolidAdmin
                	Account Domain:		ROAYA
                	Logon ID:		0x2CF7DF93A
                
                Directory Service:
                	Name:	Roaya.loc
                	Type:	Active Directory Domain Services
                	
                Object:
                	DN:	CN=john.fawzy_triviumbc,OU=triviumbc.com,OU=Mail,DC=Roaya,DC=loc
                	GUID:	{02AF1AF8-D383-4EDF-983C-7D89E40986AF}
                	Class:	user
                	
                Attribute:
                	LDAP Display Name:	msExchTextMessagingState
                	Syntax (OID):	2.5.5.9
                	Value:	302120705
                	
                Operation:
                	Type:	Value Deleted
                	Correlation ID:	{FBF52E65-F948-44FE-AC17-115C705F643B}
                	Application Correlation ID:	-

