ComputerName  : FRANK-ADC-01
EventID       : 5136
Title         : ADObject Modified
TimeGenerated : 8/18/2021 9:03:36 AM
Content       : A directory service object was modified.
                	
                Subject:
                	Security ID:		S-1-5-21-2956518221-444034542-2043350422-87305
                	Account Name:		EU1MB9903$
                	Account Domain:		ROAYA
                	Logon ID:		0x71037C76
                
                Directory Service:
                	Name:	Roaya.loc
                	Type:	Active Directory Domain Services
                	
                Object:
                	DN:	CN=M.Metwali_elahlyia.c,OU=elahlyia.com.eg,OU=Mail,DC=Roaya,DC=loc
                	GUID:	{D881F394-B188-4665-9FE2-E239D682124C}
                	Class:	user
                	
                Attribute:
                	LDAP Display Name:	msExchMailboxAuditLastDelegateAccess
                	Syntax (OID):	2.5.5.11
                	Value:	20210816073752.0Z
                	
                Operation:
                	Type:	Value Deleted
                	Correlation ID:	{D91FB64F-29F5-4A27-9393-60E757654DAF}
                	Application Correlation ID:	-

ComputerName  : FRANK-ADC-01
EventID       : 5136
Title         : ADObject Modified
TimeGenerated : 8/18/2021 8:57:15 AM
Content       : A directory service object was modified.
                	
                Subject:
                	Security ID:		S-1-5-21-2956518221-444034542-2043350422-88705
                	Account Name:		EU1MB9901$
                	Account Domain:		ROAYA
                	Logon ID:		0x7105CDE6
                
                Directory Service:
                	Name:	Roaya.loc
                	Type:	Active Directory Domain Services
                	
                Object:
                	DN:	CN=Ahmedshesh_alagzakha,OU=alagzakhana.com,OU=Mail,DC=Roaya,DC=loc
                	GUID:	{8C63D810-2DCF-48E8-9D3A-65BA140C2DF9}
                	Class:	user
                	
                Attribute:
                	LDAP Display Name:	msExchMailboxAuditLastDelegateAccess
                	Syntax (OID):	2.5.5.11
                	Value:	20210818065706.0Z
                	
                Operation:
                	Type:	Value Added
                	Correlation ID:	{EEEC5F4D-DBA4-4C45-85B1-C8C7E715D312}
                	Application Correlation ID:	-

ComputerName  : FRANK-ADC-01
EventID       : 5136
Title         : ADObject Modified
TimeGenerated : 8/18/2021 8:57:15 AM
Content       : A directory service object was modified.
                	
                Subject:
                	Security ID:		S-1-5-21-2956518221-444034542-2043350422-88705
                	Account Name:		EU1MB9901$
                	Account Domain:		ROAYA
                	Logon ID:		0x7105CDE6
                
                Directory Service:
                	Name:	Roaya.loc
                	Type:	Active Directory Domain Services
                	
                Object:
                	DN:	CN=Ahmedshesh_alagzakha,OU=alagzakhana.com,OU=Mail,DC=Roaya,DC=loc
                	GUID:	{8C63D810-2DCF-48E8-9D3A-65BA140C2DF9}
                	Class:	user
                	
                Attribute:
                	LDAP Display Name:	msExchMailboxAuditLastDelegateAccess
                	Syntax (OID):	2.5.5.11
                	Value:	20210816182614.0Z
                	
                Operation:
                	Type:	Value Deleted
                	Correlation ID:	{EEEC5F4D-DBA4-4C45-85B1-C8C7E715D312}
                	Application Correlation ID:	-

ComputerName  : FRANK-ADC-01
EventID       : 5141
Title         : ADObject deleted
TimeGenerated : 8/18/2021 8:53:05 AM
Content       : A directory service object was deleted.
                	
                Subject:
                	Security ID:		S-1-5-21-2956518221-444034542-2043350422-88723
                	Account Name:		EU1MB9902$
                	Account Domain:		ROAYA
                	Logon ID:		0x7150D3A5
                	
                Directory Service:
                	Name:	Roaya.loc
                	Type:	Active Directory Domain Services
                	
                Object:
                	DN:	CN=9b4e89bd7c4e47c987437f614ea4aaf4delrhman_cbnewhome-MailboxExport,CN=MailboxExportRequests,CN=Ma
                ilbox Replication,CN=roaya,CN=Microsoft Exchange,CN=Services,CN=Configuration,DC=Roaya,DC=loc
                	GUID:	{704BCB19-B8B7-45D4-BD88-C67DE38CC581}
                	Class:	msExchMRSRequest
                	
                Operation:
                	Tree Delete:	No
                	Correlation ID:	{95844CED-B3DE-4FFB-AD74-C62EE490A261}
                	Application Correlation ID:	-

ComputerName  : FRANK-ADC-01
EventID       : 5141
Title         : ADObject deleted
TimeGenerated : 8/18/2021 8:38:01 AM
Content       : A directory service object was deleted.
                	
                Subject:
                	Security ID:		S-1-5-21-2956518221-444034542-2043350422-88723
                	Account Name:		EU1MB9902$
                	Account Domain:		ROAYA
                	Logon ID:		0x7150D3A5
                	
                Directory Service:
                	Name:	Roaya.loc
                	Type:	Active Directory Domain Services
                	
                Object:
                	DN:	CN=6033809146a346ae8bb9250449501857r.ahmed_cbnewhome-MailboxExport1,CN=MailboxExportRequests,CN=Ma
                ilbox Replication,CN=roaya,CN=Microsoft Exchange,CN=Services,CN=Configuration,DC=Roaya,DC=loc
                	GUID:	{24DD2B21-DFFB-4EA2-9459-E5E315969E4F}
                	Class:	msExchMRSRequest
                	
                Operation:
                	Tree Delete:	No
                	Correlation ID:	{9A43348D-BC7D-40EE-B860-DBC410A4A6A3}
                	Application Correlation ID:	-

ComputerName  : FRANK-ADC-01
EventID       : 5141
Title         : ADObject deleted
TimeGenerated : 8/18/2021 8:38:01 AM
Content       : A directory service object was deleted.
                	
                Subject:
                	Security ID:		S-1-5-21-2956518221-444034542-2043350422-88723
                	Account Name:		EU1MB9902$
                	Account Domain:		ROAYA
                	Logon ID:		0x7150D3A5
                	
                Directory Service:
                	Name:	Roaya.loc
                	Type:	Active Directory Domain Services
                	
                Object:
                	DN:	CN=4a3fca05e4b9421889d0e260f82d16ccelhafez_mobica.net-MailboxExport,CN=MailboxExportRequests,CN=Ma
                ilbox Replication,CN=roaya,CN=Microsoft Exchange,CN=Services,CN=Configuration,DC=Roaya,DC=loc
                	GUID:	{32DBE451-8AF9-49E3-9205-6FA7C140077C}
                	Class:	msExchMRSRequest
                	
                Operation:
                	Tree Delete:	No
                	Correlation ID:	{E84916F6-9571-4578-9EE8-0B7958F1A715}
                	Application Correlation ID:	-



